[2019-10-12 04:26:20.488] [INFO ] [ScanThreadProc] [MProtocolProxy][unit_EventScanReceived] -BitOffEventReport is false, Trx : L2_Port#1LoadRequestReport
[2019-10-12 04:26:20.503] [INFO ] [ScanThreadProc] [MNet3EScanUnit][ScanBit] -[EVENT] Local Name : L2 , Item Name: Port#1LoadRequestReport, Item Value : 0, index : 16
[2019-10-12 04:28:23.486] [INFO ] [ScanThreadProc] [ControlManager][PLCWriteLog] -{
, ==========================================
, Message Name     : Event 
, Transaction Name : 2019-10-12 04:28-23_38 
, MessageType      : MelsecEthernet 
, MachineName      : L2 
, Event Time       : 20191012042823485 
, Event Name       : L2_Port#1LoadRequestReport 
, Event Value      : 1 
, Return Code      : 0 
, Return Message   :  
}
[2019-10-12 04:28:23.487] [INFO ] [ScanThreadProc] [MNet3EScanUnit][ScanBit] -[EVENT] Local Name : L2 , Item Name: Port#1LoadRequestReport, Item Value : 1, index : 16
[2019-10-12 04:28:23.499] [INFO ] [EventProcessingProc] [ControlManager][EventProcessingProc] -EventQ.Dequeue! As soon as mqProxy will be Sending, Remind EventQ Size : 1
[2019-10-12 08:04:37.890] [INFO ] [ScanThreadProc] [MProtocolProxy][unit_EventScanReceived] -BitOffEventReport is false, Trx : L2_Port#1LoadRequestReport
[2019-10-12 08:04:37.893] [INFO ] [ScanThreadProc] [MNet3EScanUnit][ScanBit] -[EVENT] Local Name : L2 , Item Name: Port#1LoadRequestReport, Item Value : 0, index : 16
[2019-10-12 08:06:40.898] [INFO ] [ScanThreadProc] [ControlManager][PLCWriteLog] -{
, ==========================================
, Message Name     : Event 
, Transaction Name : 2019-10-12 08:06-40_39 
, MessageType      : MelsecEthernet 
, MachineName      : L2 
, Event Time       : 20191012080640897 
, Event Name       : L2_Port#1LoadRequestReport 
, Event Value      : 1 
, Return Code      : 0 
, Return Message   :  
}
[2019-10-12 08:06:40.900] [INFO ] [ScanThreadProc] [MNet3EScanUnit][ScanBit] -[EVENT] Local Name : L2 , Item Name: Port#1LoadRequestReport, Item Value : 1, index : 16
[2019-10-12 08:06:40.899] [INFO ] [EventProcessingProc] [ControlManager][EventProcessingProc] -EventQ.Dequeue! As soon as mqProxy will be Sending, Remind EventQ Size : 1
[2019-10-12 08:26:56.404] [ERROR] [EventProcessingProc] [ControlManager][EventProcessingProc] -EventProcessingProc Error : 正在中止线程。
[2019-10-12 08:26:56.418] [ERROR] [TraceDataProcessingProc] [ControlManager][TraceDataProcessingProc] -TraceDataProcessingProc Error : 正在中止线程。
[2019-10-12 08:26:56.432] [ERROR] [RGADataProcessingProc] [ControlManager][RGADataProcessingProc] -TraceDataProcessingProc Error : 正在中止线程。
[2019-10-12 08:29:13.920] [INFO ] [10] [ControlManager][Init] -Init ControlManager
[2019-10-12 08:29:14.299] [INFO ] [10] [MProtocolProxy][InitXml] -MProtocolProxy : InitXxml
[2019-10-12 08:29:14.306] [INFO ] [10] [MProtocolProxy][InitMEthernet] -MProtocolProxy : InitMEthernet
[2019-10-12 08:29:14.312] [INFO ] [10] [MNet3EUnit][Connect] -[Connection] Melsec Connect Address : 10.116.11.112 , PortNo : 7012
[2019-10-12 08:29:14.315] [INFO ] [10] [MProtocolProxy][Unit_OnConnected] -MelsecEthernet OnConnected : L2 
[2019-10-12 08:29:14.318] [INFO ] [10] [MNet3EScanUnit][Connect] -[Connection] Melsec Connect Address : 10.116.11.112 , PortNo : 7013
[2019-10-12 08:29:14.341] [INFO ] [10] [ControlManager][PLCWriteLog] -{
, ==========================================
, Message Name     : Connection 
, Transaction Name : 2019-10-12 08:29-14_1 
, MessageType      : MelsecEthernet 
, MachineName      : L2 
, Event Time       :  
, Event Name       :  
, Event Value      :  
, Return Code      : 0 
, Return Message   :  
}
[2019-10-12 08:29:14.344] [INFO ] [10] [MProtocolProxy][mPScanUnit_OnConnected] -Scan MelsecEthernet OnConnected : L2 
[2019-10-12 08:29:14.342] [INFO ] [ScanThreadProc] [MNet3EScanUnit][ScanBit] -[L2_B_LTM_H] Block Scan Started...
[2019-10-12 08:29:17.515] [INFO ] [mProtocol_OnEventReceived] [ControlManager][PLCWriteLog] -{
, ==========================================
, Message Name     : ReadRequest 
, Transaction Name : 20191012082917514_Server 
, MessageType      : ETHERNET 
, MachineName      : L2 
, Event Time       :  
, Event Name       : L2_BIT_AllPortState 
, Event Value      :  
, Return Code      : 0 
, Return Message   :  
, Read BlockName : L2_B_LTM_H 
, ==Read Item List== 
, Read ItemName : Port#2LoadRequestReport, Value :  
, Read ItemName : Port#2UnloadRequestReport, Value :  
, Read ItemName : Port#1LoadRequestReport, Value :  
, Read ItemName : Port#1UnloadRequestReport, Value :  
, Read BlockName : L2_W_Port#1UnloadRequestReportBlock 
, ==Read Item List== 
, Read ItemName : CassetteId, Value :  
, Read BlockName : L2_W_Port#2UnloadRequestReportBlock 
, ==Read Item List== 
, Read ItemName : CassetteId, Value :  
}
[2019-10-12 08:29:17.722] [INFO ] [mProtocol_OnEventReceived] [MNet3EUnit][ReadBit] -[ReadBit] Item Name : Port#2LoadRequestReport, Data : 0
[2019-10-12 08:29:17.908] [INFO ] [mProtocol_OnEventReceived] [MNet3EUnit][ReadBit] -[ReadBit] Item Name : Port#2UnloadRequestReport, Data : 1
[2019-10-12 08:29:17.908] [INFO ] [mProtocol_OnEventReceived] [MNet3EUnit][ReadBit] -[ReadBit] Item Name : Port#1LoadRequestReport, Data : 1
[2019-10-12 08:29:17.909] [INFO ] [mProtocol_OnEventReceived] [MNet3EUnit][ReadBit] -[ReadBit] Item Name : Port#1UnloadRequestReport, Data : 0
[2019-10-12 08:29:18.711] [INFO ] [mProtocol_OnEventReceived] [Make3EProtocol][GetItemReadWord] -[ASCII] Item Name : CassetteId, Data : 
[2019-10-12 08:29:19.513] [INFO ] [mProtocol_OnEventReceived] [Make3EProtocol][GetItemReadWord] -[ASCII] Item Name : CassetteId, Data : S517A0556
[2019-10-12 08:29:19.513] [INFO ] [mProtocol_OnEventReceived] [MProtocolProxy][ReadData] -ReadData
[2019-10-12 08:29:19.514] [INFO ] [mProtocol_OnEventReceived] [ControlManager][PLCWriteLog] -{
, ==========================================
, Message Name     : ReadReply 
, Transaction Name : 20191012082917514_Server 
, MessageType      : ETHERNET 
, MachineName      : L2 
, Event Time       :  
, Event Name       : L2_BIT_AllPortState 
, Event Value      :  
, Return Code      : 0 
, Return Message   :  
, Read BlockName : L2_B_LTM_H 
, ==Read Item List== 
, Read ItemName : Port#2LoadRequestReport, Value : 0 
, Read ItemName : Port#2UnloadRequestReport, Value : 1 
, Read ItemName : Port#1LoadRequestReport, Value : 1 
, Read ItemName : Port#1UnloadRequestReport, Value : 0 
, Read BlockName : L2_W_Port#1UnloadRequestReportBlock 
, ==Read Item List== 
, Read ItemName : CassetteId, Value :  
, Read BlockName : L2_W_Port#2UnloadRequestReportBlock 
, ==Read Item List== 
, Read ItemName : CassetteId, Value : S517A0556 
}
[2019-10-12 08:29:19.514] [INFO ] [EventProcessingProc] [ControlManager][EventProcessingProc] -EventQ.Dequeue! As soon as mqProxy will be Sending, Remind EventQ Size : 1
[2019-10-12 09:14:58.212] [INFO ] [ScanThreadProc] [Make3EProtocol][GetItemReadWord] -[ASCII] Item Name : CassetteId, Data : S517A0556
[2019-10-12 09:14:58.218] [INFO ] [ScanThreadProc] [ControlManager][PLCWriteLog] -{
, ==========================================
, Message Name     : Event 
, Transaction Name : 2019-10-12 09:14-58_2 
, MessageType      : MelsecEthernet 
, MachineName      : L2 
, Event Time       : 20191012091457406 
, Event Name       : L2_Port#2UnloadRequestReport 
, Event Value      : 0 
, Return Code      : 0 
, Return Message   :  
, Read BlockName : L2_W_Port#2UnloadRequestReportBlock 
, ==Read Item List== 
, Read ItemName : CassetteId, Value : S517A0556 
}
[2019-10-12 09:14:58.220] [INFO ] [ScanThreadProc] [MNet3EScanUnit][ScanBit] -[EVENT] Local Name : L2 , Item Name: Port#2UnloadRequestReport, Item Value : 0, index : 1
[2019-10-12 09:14:58.221] [INFO ] [EventProcessingProc] [ControlManager][EventProcessingProc] -EventQ.Dequeue! As soon as mqProxy will be Sending, Remind EventQ Size : 1
[2019-10-12 09:18:23.216] [INFO ] [ScanThreadProc] [Make3EProtocol][GetItemReadWord] -[ASCII] Item Name : CassetteId, Data : S517A5151
[2019-10-12 09:18:23.218] [INFO ] [ScanThreadProc] [ControlManager][PLCWriteLog] -{
, ==========================================
, Message Name     : Event 
, Transaction Name : 2019-10-12 09:18-23_3 
, MessageType      : MelsecEthernet 
, MachineName      : L2 
, Event Time       : 20191012091822416 
, Event Name       : L2_Port#2UnloadRequestReport 
, Event Value      : 1 
, Return Code      : 0 
, Return Message   :  
, Read BlockName : L2_W_Port#2UnloadRequestReportBlock 
, ==Read Item List== 
, Read ItemName : CassetteId, Value : S517A5151 
}
[2019-10-12 09:18:23.221] [INFO ] [ScanThreadProc] [MNet3EScanUnit][ScanBit] -[EVENT] Local Name : L2 , Item Name: Port#2UnloadRequestReport, Item Value : 1, index : 1
[2019-10-12 09:18:23.227] [INFO ] [EventProcessingProc] [ControlManager][EventProcessingProc] -EventQ.Dequeue! As soon as mqProxy will be Sending, Remind EventQ Size : 1
[2019-10-12 09:45:26.264] [INFO ] [ScanThreadProc] [Make3EProtocol][GetItemReadWord] -[ASCII] Item Name : CassetteId, Data : S517A5151
[2019-10-12 09:45:26.268] [INFO ] [ScanThreadProc] [ControlManager][PLCWriteLog] -{
, ==========================================
, Message Name     : Event 
, Transaction Name : 2019-10-12 09:45-26_4 
, MessageType      : MelsecEthernet 
, MachineName      : L2 
, Event Time       : 20191012094525464 
, Event Name       : L2_Port#2UnloadRequestReport 
, Event Value      : 0 
, Return Code      : 0 
, Return Message   :  
, Read BlockName : L2_W_Port#2UnloadRequestReportBlock 
, ==Read Item List== 
, Read ItemName : CassetteId, Value : S517A5151 
}
[2019-10-12 09:45:26.269] [INFO ] [ScanThreadProc] [MNet3EScanUnit][ScanBit] -[EVENT] Local Name : L2 , Item Name: Port#2UnloadRequestReport, Item Value : 0, index : 1
[2019-10-12 09:45:26.293] [INFO ] [EventProcessingProc] [ControlManager][EventProcessingProc] -EventQ.Dequeue! As soon as mqProxy will be Sending, Remind EventQ Size : 1
[2019-10-12 09:49:01.299] [INFO ] [ScanThreadProc] [Make3EProtocol][GetItemReadWord] -[ASCII] Item Name : CassetteId, Data : S517A0156
[2019-10-12 09:49:01.302] [INFO ] [ScanThreadProc] [ControlManager][PLCWriteLog] -{
, ==========================================
, Message Name     : Event 
, Transaction Name : 2019-10-12 09:49-01_5 
, MessageType      : MelsecEthernet 
, MachineName      : L2 
, Event Time       : 20191012094900499 
, Event Name       : L2_Port#2UnloadRequestReport 
, Event Value      : 1 
, Return Code      : 0 
, Return Message   :  
, Read BlockName : L2_W_Port#2UnloadRequestReportBlock 
, ==Read Item List== 
, Read ItemName : CassetteId, Value : S517A0156 
}
[2019-10-12 09:49:01.305] [INFO ] [ScanThreadProc] [MNet3EScanUnit][ScanBit] -[EVENT] Local Name : L2 , Item Name: Port#2UnloadRequestReport, Item Value : 1, index : 1
[2019-10-12 09:49:01.324] [INFO ] [EventProcessingProc] [ControlManager][EventProcessingProc] -EventQ.Dequeue! As soon as mqProxy will be Sending, Remind EventQ Size : 1
[2019-10-12 09:53:59.511] [INFO ] [ScanThreadProc] [MProtocolProxy][unit_EventScanReceived] -BitOffEventReport is false, Trx : L2_Port#1LoadRequestReport
[2019-10-12 09:53:59.513] [INFO ] [ScanThreadProc] [MNet3EScanUnit][ScanBit] -[EVENT] Local Name : L2 , Item Name: Port#1LoadRequestReport, Item Value : 0, index : 16
[2019-10-12 09:56:03.528] [INFO ] [ScanThreadProc] [ControlManager][PLCWriteLog] -{
, ==========================================
, Message Name     : Event 
, Transaction Name : 2019-10-12 09:56-03_6 
, MessageType      : MelsecEthernet 
, MachineName      : L2 
, Event Time       : 20191012095603527 
, Event Name       : L2_Port#1LoadRequestReport 
, Event Value      : 1 
, Return Code      : 0 
, Return Message   :  
}
[2019-10-12 09:56:03.530] [INFO ] [ScanThreadProc] [MNet3EScanUnit][ScanBit] -[EVENT] Local Name : L2 , Item Name: Port#1LoadRequestReport, Item Value : 1, index : 16
[2019-10-12 09:56:03.548] [INFO ] [EventProcessingProc] [ControlManager][EventProcessingProc] -EventQ.Dequeue! As soon as mqProxy will be Sending, Remind EventQ Size : 1
[2019-10-12 09:56:58.516] [INFO ] [ScanThreadProc] [MProtocolProxy][unit_EventScanReceived] -BitOffEventReport is false, Trx : L2_Port#1LoadRequestReport
[2019-10-12 09:56:58.518] [INFO ] [ScanThreadProc] [MNet3EScanUnit][ScanBit] -[EVENT] Local Name : L2 , Item Name: Port#1LoadRequestReport, Item Value : 0, index : 16
[2019-10-12 09:58:37.324] [INFO ] [ScanThreadProc] [Make3EProtocol][GetItemReadWord] -[ASCII] Item Name : CassetteId, Data : S517A0156
[2019-10-12 09:58:37.328] [INFO ] [ScanThreadProc] [ControlManager][PLCWriteLog] -{
, ==========================================
, Message Name     : Event 
, Transaction Name : 2019-10-12 09:58-37_7 
, MessageType      : MelsecEthernet 
, MachineName      : L2 
, Event Time       : 20191012095836524 
, Event Name       : L2_Port#2UnloadRequestReport 
, Event Value      : 0 
, Return Code      : 0 
, Return Message   :  
, Read BlockName : L2_W_Port#2UnloadRequestReportBlock 
, ==Read Item List== 
, Read ItemName : CassetteId, Value : S517A0156 
}
[2019-10-12 09:58:37.330] [INFO ] [ScanThreadProc] [MNet3EScanUnit][ScanBit] -[EVENT] Local Name : L2 , Item Name: Port#2UnloadRequestReport, Item Value : 0, index : 1
[2019-10-12 09:58:37.350] [INFO ] [EventProcessingProc] [ControlManager][EventProcessingProc] -EventQ.Dequeue! As soon as mqProxy will be Sending, Remind EventQ Size : 1
[2019-10-12 09:59:52.542] [INFO ] [ScanThreadProc] [ControlManager][PLCWriteLog] -{
, ==========================================
, Message Name     : Event 
, Transaction Name : 2019-10-12 09:59-52_8 
, MessageType      : MelsecEthernet 
, MachineName      : L2 
, Event Time       : 20191012095952542 
, Event Name       : L2_Port#1LoadRequestReport 
, Event Value      : 1 
, Return Code      : 0 
, Return Message   :  
}
[2019-10-12 09:59:52.543] [INFO ] [ScanThreadProc] [MNet3EScanUnit][ScanBit] -[EVENT] Local Name : L2 , Item Name: Port#1LoadRequestReport, Item Value : 1, index : 16
[2019-10-12 09:59:52.551] [INFO ] [EventProcessingProc] [ControlManager][EventProcessingProc] -EventQ.Dequeue! As soon as mqProxy will be Sending, Remind EventQ Size : 1
[2019-10-12 10:13:09.351] [INFO ] [ScanThreadProc] [Make3EProtocol][GetItemReadWord] -[ASCII] Item Name : CassetteId, Data : S517A5406
[2019-10-12 10:13:09.354] [INFO ] [ScanThreadProc] [ControlManager][PLCWriteLog] -{
, ==========================================
, Message Name     : Event 
, Transaction Name : 2019-10-12 10:13-09_9 
, MessageType      : MelsecEthernet 
, MachineName      : L2 
, Event Time       : 20191012101308551 
, Event Name       : L2_Port#2UnloadRequestReport 
, Event Value      : 1 
, Return Code      : 0 
, Return Message   :  
, Read BlockName : L2_W_Port#2UnloadRequestReportBlock 
, ==Read Item List== 
, Read ItemName : CassetteId, Value : S517A5406 
}
[2019-10-12 10:13:09.355] [INFO ] [ScanThreadProc] [MNet3EScanUnit][ScanBit] -[EVENT] Local Name : L2 , Item Name: Port#2UnloadRequestReport, Item Value : 1, index : 1
[2019-10-12 10:13:09.361] [INFO ] [EventProcessingProc] [ControlManager][EventProcessingProc] -EventQ.Dequeue! As soon as mqProxy will be Sending, Remind EventQ Size : 1
[2019-10-12 10:13:47.350] [INFO ] [ScanThreadProc] [Make3EProtocol][GetItemReadWord] -[ASCII] Item Name : CassetteId, Data : S517A5406
[2019-10-12 10:13:47.352] [INFO ] [ScanThreadProc] [ControlManager][PLCWriteLog] -{
, ==========================================
, Message Name     : Event 
, Transaction Name : 2019-10-12 10:13-47_10 
, MessageType      : MelsecEthernet 
, MachineName      : L2 
, Event Time       : 20191012101346550 
, Event Name       : L2_Port#2UnloadRequestReport 
, Event Value      : 0 
, Return Code      : 0 
, Return Message   :  
, Read BlockName : L2_W_Port#2UnloadRequestReportBlock 
, ==Read Item List== 
, Read ItemName : CassetteId, Value : S517A5406 
}
[2019-10-12 10:13:47.354] [INFO ] [ScanThreadProc] [MNet3EScanUnit][ScanBit] -[EVENT] Local Name : L2 , Item Name: Port#2UnloadRequestReport, Item Value : 0, index : 1
[2019-10-12 10:13:47.362] [INFO ] [EventProcessingProc] [ControlManager][EventProcessingProc] -EventQ.Dequeue! As soon as mqProxy will be Sending, Remind EventQ Size : 1
[2019-10-12 10:19:34.361] [INFO ] [ScanThreadProc] [Make3EProtocol][GetItemReadWord] -[ASCII] Item Name : CassetteId, Data : S517A1348
[2019-10-12 10:19:34.364] [INFO ] [ScanThreadProc] [ControlManager][PLCWriteLog] -{
, ==========================================
, Message Name     : Event 
, Transaction Name : 2019-10-12 10:19-34_11 
, MessageType      : MelsecEthernet 
, MachineName      : L2 
, Event Time       : 20191012101933561 
, Event Name       : L2_Port#2UnloadRequestReport 
, Event Value      : 1 
, Return Code      : 0 
, Return Message   :  
, Read BlockName : L2_W_Port#2UnloadRequestReportBlock 
, ==Read Item List== 
, Read ItemName : CassetteId, Value : S517A1348 
}
[2019-10-12 10:19:34.367] [INFO ] [ScanThreadProc] [MNet3EScanUnit][ScanBit] -[EVENT] Local Name : L2 , Item Name: Port#2UnloadRequestReport, Item Value : 1, index : 1
[2019-10-12 10:19:34.371] [INFO ] [EventProcessingProc] [ControlManager][EventProcessingProc] -EventQ.Dequeue! As soon as mqProxy will be Sending, Remind EventQ Size : 1
[2019-10-12 10:21:07.369] [INFO ] [ScanThreadProc] [Make3EProtocol][GetItemReadWord] -[ASCII] Item Name : CassetteId, Data : S517A1348
[2019-10-12 10:21:07.373] [INFO ] [ScanThreadProc] [ControlManager][PLCWriteLog] -{
, ==========================================
, Message Name     : Event 
, Transaction Name : 2019-10-12 10:21-07_12 
, MessageType      : MelsecEthernet 
, MachineName      : L2 
, Event Time       : 20191012102106569 
, Event Name       : L2_Port#2UnloadRequestReport 
, Event Value      : 0 
, Return Code      : 0 
, Return Message   :  
, Read BlockName : L2_W_Port#2UnloadRequestReportBlock 
, ==Read Item List== 
, Read ItemName : CassetteId, Value : S517A1348 
}
[2019-10-12 10:21:07.376] [INFO ] [ScanThreadProc] [MNet3EScanUnit][ScanBit] -[EVENT] Local Name : L2 , Item Name: Port#2UnloadRequestReport, Item Value : 0, index : 1
[2019-10-12 10:21:07.380] [INFO ] [EventProcessingProc] [ControlManager][EventProcessingProc] -EventQ.Dequeue! As soon as mqProxy will be Sending, Remind EventQ Size : 1
[2019-10-12 11:16:29.633] [INFO ] [ScanThreadProc] [MProtocolProxy][unit_EventScanReceived] -BitOffEventReport is false, Trx : L2_Port#1LoadRequestReport
[2019-10-12 11:16:29.635] [INFO ] [ScanThreadProc] [MNet3EScanUnit][ScanBit] -[EVENT] Local Name : L2 , Item Name: Port#1LoadRequestReport, Item Value : 0, index : 16
[2019-10-12 11:18:30.640] [INFO ] [ScanThreadProc] [ControlManager][PLCWriteLog] -{
, ==========================================
, Message Name     : Event 
, Transaction Name : 2019-10-12 11:18-30_13 
, MessageType      : MelsecEthernet 
, MachineName      : L2 
, Event Time       : 20191012111830640 
, Event Name       : L2_Port#1LoadRequestReport 
, Event Value      : 1 
, Return Code      : 0 
, Return Message   :  
}
[2019-10-12 11:18:30.643] [INFO ] [ScanThreadProc] [MNet3EScanUnit][ScanBit] -[EVENT] Local Name : L2 , Item Name: Port#1LoadRequestReport, Item Value : 1, index : 16
[2019-10-12 11:18:30.663] [INFO ] [EventProcessingProc] [ControlManager][EventProcessingProc] -EventQ.Dequeue! As soon as mqProxy will be Sending, Remind EventQ Size : 1
[2019-10-12 11:35:39.099] [ERROR] [ScanThreadProc] [Make3EProtocol][Reader] -[isCacheFun] [Error] IOException Error : 无法从传输连接中读取数据: 由于连接方在一段时间后没有正确答复或连接的主机没有反应，连接尝试失败。。
[2019-10-12 11:35:39.101] [INFO ] [ScanThreadProc] [ControlManager][PLCWriteLog] -{
, ==========================================
, Message Name     : Event 
, Transaction Name : 2019-10-12 11:35-39_14 
, MessageType      : MelsecEthernet 
, MachineName      : L2 
, Event Time       : 20191012113529654 
, Event Name       : L2_Port#2UnloadRequestReport 
, Event Value      : 1 
, Return Code      : 0 
, Return Message   :  
, Read BlockName : L2_W_Port#2UnloadRequestReportBlock 
, ==Read Item List== 
}
[2019-10-12 11:35:39.102] [INFO ] [ScanThreadProc] [MNet3EScanUnit][ScanBit] -[EVENT] Local Name : L2 , Item Name: Port#2UnloadRequestReport, Item Value : 1, index : 1
[2019-10-12 11:35:39.109] [INFO ] [EventProcessingProc] [ControlManager][EventProcessingProc] -EventQ.Dequeue! As soon as mqProxy will be Sending, Remind EventQ Size : 1
[2019-10-12 12:38:26.227] [INFO ] [ScanThreadProc] [MProtocolProxy][unit_EventScanReceived] -BitOffEventReport is false, Trx : L2_Port#1LoadRequestReport
[2019-10-12 12:38:26.230] [INFO ] [ScanThreadProc] [MNet3EScanUnit][ScanBit] -[EVENT] Local Name : L2 , Item Name: Port#1LoadRequestReport, Item Value : 0, index : 16
[2019-10-12 12:40:29.233] [INFO ] [ScanThreadProc] [ControlManager][PLCWriteLog] -{
, ==========================================
, Message Name     : Event 
, Transaction Name : 2019-10-12 12:40-29_15 
, MessageType      : MelsecEthernet 
, MachineName      : L2 
, Event Time       : 20191012124029233 
, Event Name       : L2_Port#1LoadRequestReport 
, Event Value      : 1 
, Return Code      : 0 
, Return Message   :  
}
[2019-10-12 12:40:29.236] [INFO ] [ScanThreadProc] [MNet3EScanUnit][ScanBit] -[EVENT] Local Name : L2 , Item Name: Port#1LoadRequestReport, Item Value : 1, index : 16
[2019-10-12 12:40:29.237] [INFO ] [EventProcessingProc] [ControlManager][EventProcessingProc] -EventQ.Dequeue! As soon as mqProxy will be Sending, Remind EventQ Size : 1
[2019-10-12 13:25:11.284] [INFO ] [ScanThreadProc] [MProtocolProxy][unit_EventScanReceived] -BitOffEventReport is false, Trx : L2_Port#1LoadRequestReport
[2019-10-12 13:25:11.287] [INFO ] [ScanThreadProc] [MNet3EScanUnit][ScanBit] -[EVENT] Local Name : L2 , Item Name: Port#1LoadRequestReport, Item Value : 0, index : 16
[2019-10-12 13:25:16.360] [INFO ] [ScanThreadProc] [ControlManager][PLCWriteLog] -{
, ==========================================
, Message Name     : Event 
, Transaction Name : 2019-10-12 13:25-16_16 
, MessageType      : MelsecEthernet 
, MachineName      : L2 
, Event Time       : 20191012132516294 
, Event Name       : L2_Port#1UnloadRequestReport 
, Event Value      : 1 
, Return Code      : 0 
, Return Message   :  
, Read BlockName : L2_W_Port#1UnloadRequestReportBlock 
, ==Read Item List== 
}
[2019-10-12 13:25:16.361] [INFO ] [ScanThreadProc] [MNet3EScanUnit][ScanBit] -[EVENT] Local Name : L2 , Item Name: Port#1UnloadRequestReport, Item Value : 1, index : 17
[2019-10-12 13:25:16.366] [INFO ] [EventProcessingProc] [ControlManager][EventProcessingProc] -EventQ.Dequeue! As soon as mqProxy will be Sending, Remind EventQ Size : 1
