[2019-09-30 09:10:48.606] [INFO ] [10] [ControlManager][Init] -Init ControlManager
[2019-09-30 09:10:48.967] [INFO ] [10] [MProtocolProxy][InitXml] -MProtocolProxy : InitXxml
[2019-09-30 09:10:48.973] [INFO ] [10] [MProtocolProxy][InitMEthernet] -MProtocolProxy : InitMEthernet
[2019-09-30 09:10:48.978] [INFO ] [10] [MNet3EUnit][Connect] -[Connection] Melsec Connect Address : 10.116.11.112 , PortNo : 7006
[2019-09-30 09:10:48.980] [INFO ] [10] [MProtocolProxy][Unit_OnConnected] -MelsecEthernet OnConnected : L2 
[2019-09-30 09:10:48.983] [INFO ] [10] [MNet3EScanUnit][Connect] -[Connection] Melsec Connect Address : 10.116.11.112 , PortNo : 7007
[2019-09-30 09:10:49.007] [INFO ] [10] [ControlManager][PLCWriteLog] -{
, ==========================================
, Message Name     : Connection 
, Transaction Name : 2019-09-30 09:10-48_1 
, MessageType      : MelsecEthernet 
, MachineName      : L2 
, Event Time       :  
, Event Name       :  
, Event Value      :  
, Return Code      : 0 
, Return Message   :  
}
[2019-09-30 09:10:49.010] [INFO ] [10] [MProtocolProxy][mPScanUnit_OnConnected] -Scan MelsecEthernet OnConnected : L2 
[2019-09-30 09:10:49.122] [INFO ] [ScanThreadProc] [MNet3EScanUnit][ScanBit] -[L2_B_LTM_H] Block Scan Started...
[2019-09-30 09:10:52.006] [INFO ] [mProtocol_OnEventReceived] [ControlManager][PLCWriteLog] -{
, ==========================================
, Message Name     : ReadRequest 
, Transaction Name : 20190930091052005_Server 
, MessageType      : ETHERNET 
, MachineName      : L2 
, Event Time       :  
, Event Name       : L2_BIT_AllPortState 
, Event Value      :  
, Return Code      : 0 
, Return Message   :  
, Read BlockName : L2_B_LTM_H 
, ==Read Item List== 
, Read ItemName : Port#2LoadRequestReport, Value :  
, Read ItemName : Port#2UnloadRequestReport, Value :  
, Read ItemName : Port#1LoadRequestReport, Value :  
, Read ItemName : Port#1UnloadRequestReport, Value :  
, Read BlockName : L2_W_Port#1UnloadRequestReportBlock 
, ==Read Item List== 
, Read ItemName : CassetteId, Value :  
, Read BlockName : L2_W_Port#2UnloadRequestReportBlock 
, ==Read Item List== 
, Read ItemName : CassetteId, Value :  
}
[2019-09-30 09:10:52.222] [INFO ] [mProtocol_OnEventReceived] [MNet3EUnit][ReadBit] -[ReadBit] Item Name : Port#2LoadRequestReport, Data : 0
[2019-09-30 09:10:52.398] [INFO ] [mProtocol_OnEventReceived] [MNet3EUnit][ReadBit] -[ReadBit] Item Name : Port#2UnloadRequestReport, Data : 0
[2019-09-30 09:10:52.399] [INFO ] [mProtocol_OnEventReceived] [MNet3EUnit][ReadBit] -[ReadBit] Item Name : Port#1LoadRequestReport, Data : 1
[2019-09-30 09:10:52.399] [INFO ] [mProtocol_OnEventReceived] [MNet3EUnit][ReadBit] -[ReadBit] Item Name : Port#1UnloadRequestReport, Data : 0
[2019-09-30 09:10:52.423] [INFO ] [mProtocol_OnEventReceived] [Make3EProtocol][GetItemReadWord] -[ASCII] Item Name : CassetteId, Data : 
[2019-09-30 09:10:52.626] [INFO ] [mProtocol_OnEventReceived] [Make3EProtocol][GetItemReadWord] -[ASCII] Item Name : CassetteId, Data : 
[2019-09-30 09:10:52.626] [INFO ] [mProtocol_OnEventReceived] [MProtocolProxy][ReadData] -ReadData
[2019-09-30 09:10:52.798] [INFO ] [mProtocol_OnEventReceived] [ControlManager][PLCWriteLog] -{
, ==========================================
, Message Name     : ReadReply 
, Transaction Name : 20190930091052005_Server 
, MessageType      : ETHERNET 
, MachineName      : L2 
, Event Time       :  
, Event Name       : L2_BIT_AllPortState 
, Event Value      :  
, Return Code      : 0 
, Return Message   :  
, Read BlockName : L2_B_LTM_H 
, ==Read Item List== 
, Read ItemName : Port#2LoadRequestReport, Value : 0 
, Read ItemName : Port#2UnloadRequestReport, Value : 0 
, Read ItemName : Port#1LoadRequestReport, Value : 1 
, Read ItemName : Port#1UnloadRequestReport, Value : 0 
, Read BlockName : L2_W_Port#1UnloadRequestReportBlock 
, ==Read Item List== 
, Read ItemName : CassetteId, Value :  
, Read BlockName : L2_W_Port#2UnloadRequestReportBlock 
, ==Read Item List== 
, Read ItemName : CassetteId, Value :  
}
[2019-09-30 09:10:52.803] [INFO ] [EventProcessingProc] [ControlManager][EventProcessingProc] -EventQ.Dequeue! As soon as mqProxy will be Sending, Remind EventQ Size : 1
[2019-09-30 09:37:02.650] [INFO ] [ScanThreadProc] [MProtocolProxy][unit_EventScanReceived] -BitOffEventReport is false, Trx : L2_Port#1LoadRequestReport
[2019-09-30 09:37:02.653] [INFO ] [ScanThreadProc] [MNet3EScanUnit][ScanBit] -[EVENT] Local Name : L2 , Item Name: Port#1LoadRequestReport, Item Value : 0, index : 16
[2019-09-30 09:37:05.061] [INFO ] [ScanThreadProc] [Make3EProtocol][GetItemReadWord] -[ASCII] Item Name : CassetteId, Data : S517A0719
[2019-09-30 09:37:05.062] [INFO ] [ScanThreadProc] [ControlManager][PLCWriteLog] -{
, ==========================================
, Message Name     : Event 
, Transaction Name : 2019-09-30 09:37-05_2 
, MessageType      : MelsecEthernet 
, MachineName      : L2 
, Event Time       : 20190930093705042 
, Event Name       : L2_Port#1UnloadRequestReport 
, Event Value      : 1 
, Return Code      : 0 
, Return Message   :  
, Read BlockName : L2_W_Port#1UnloadRequestReportBlock 
, ==Read Item List== 
, Read ItemName : CassetteId, Value : S517A0719 
}
[2019-09-30 09:37:05.063] [INFO ] [ScanThreadProc] [MNet3EScanUnit][ScanBit] -[EVENT] Local Name : L2 , Item Name: Port#1UnloadRequestReport, Item Value : 1, index : 17
[2019-09-30 09:37:05.064] [INFO ] [EventProcessingProc] [ControlManager][EventProcessingProc] -EventQ.Dequeue! As soon as mqProxy will be Sending, Remind EventQ Size : 1
[2019-09-30 09:38:53.859] [INFO ] [ScanThreadProc] [Make3EProtocol][GetItemReadWord] -[ASCII] Item Name : CassetteId, Data : S517A0719
[2019-09-30 09:38:53.861] [INFO ] [ScanThreadProc] [ControlManager][PLCWriteLog] -{
, ==========================================
, Message Name     : Event 
, Transaction Name : 2019-09-30 09:38-53_3 
, MessageType      : MelsecEthernet 
, MachineName      : L2 
, Event Time       : 20190930093853839 
, Event Name       : L2_Port#1UnloadRequestReport 
, Event Value      : 0 
, Return Code      : 0 
, Return Message   :  
, Read BlockName : L2_W_Port#1UnloadRequestReportBlock 
, ==Read Item List== 
, Read ItemName : CassetteId, Value : S517A0719 
}
[2019-09-30 09:38:53.863] [INFO ] [ScanThreadProc] [MNet3EScanUnit][ScanBit] -[EVENT] Local Name : L2 , Item Name: Port#1UnloadRequestReport, Item Value : 0, index : 17
[2019-09-30 09:38:53.866] [INFO ] [EventProcessingProc] [ControlManager][EventProcessingProc] -EventQ.Dequeue! As soon as mqProxy will be Sending, Remind EventQ Size : 1
[2019-09-30 09:39:05.038] [INFO ] [ScanThreadProc] [ControlManager][PLCWriteLog] -{
, ==========================================
, Message Name     : Event 
, Transaction Name : 2019-09-30 09:39-05_4 
, MessageType      : MelsecEthernet 
, MachineName      : L2 
, Event Time       : 20190930093905038 
, Event Name       : L2_Port#1LoadRequestReport 
, Event Value      : 1 
, Return Code      : 0 
, Return Message   :  
}
[2019-09-30 09:39:05.039] [INFO ] [ScanThreadProc] [MNet3EScanUnit][ScanBit] -[EVENT] Local Name : L2 , Item Name: Port#1LoadRequestReport, Item Value : 1, index : 16
[2019-09-30 09:39:05.047] [INFO ] [EventProcessingProc] [ControlManager][EventProcessingProc] -EventQ.Dequeue! As soon as mqProxy will be Sending, Remind EventQ Size : 1
[2019-09-30 09:56:09.842] [INFO ] [ScanThreadProc] [MProtocolProxy][unit_EventScanReceived] -BitOffEventReport is false, Trx : L2_Port#1LoadRequestReport
[2019-09-30 09:56:09.845] [INFO ] [ScanThreadProc] [MNet3EScanUnit][ScanBit] -[EVENT] Local Name : L2 , Item Name: Port#1LoadRequestReport, Item Value : 0, index : 16
[2019-09-30 09:56:09.882] [INFO ] [ScanThreadProc] [Make3EProtocol][GetItemReadWord] -[ASCII] Item Name : CassetteId, Data : S517A0489
[2019-09-30 09:56:09.883] [INFO ] [ScanThreadProc] [ControlManager][PLCWriteLog] -{
, ==========================================
, Message Name     : Event 
, Transaction Name : 2019-09-30 09:56-09_5 
, MessageType      : MelsecEthernet 
, MachineName      : L2 
, Event Time       : 20190930095609863 
, Event Name       : L2_Port#1UnloadRequestReport 
, Event Value      : 1 
, Return Code      : 0 
, Return Message   :  
, Read BlockName : L2_W_Port#1UnloadRequestReportBlock 
, ==Read Item List== 
, Read ItemName : CassetteId, Value : S517A0489 
}
[2019-09-30 09:56:09.883] [INFO ] [ScanThreadProc] [MNet3EScanUnit][ScanBit] -[EVENT] Local Name : L2 , Item Name: Port#1UnloadRequestReport, Item Value : 1, index : 17
[2019-09-30 09:56:09.892] [INFO ] [EventProcessingProc] [ControlManager][EventProcessingProc] -EventQ.Dequeue! As soon as mqProxy will be Sending, Remind EventQ Size : 1
[2019-09-30 09:56:34.661] [INFO ] [ScanThreadProc] [Make3EProtocol][GetItemReadWord] -[ASCII] Item Name : CassetteId, Data : 
[2019-09-30 09:56:34.665] [INFO ] [ScanThreadProc] [ControlManager][PLCWriteLog] -{
, ==========================================
, Message Name     : Event 
, Transaction Name : 2019-09-30 09:56-34_6 
, MessageType      : MelsecEthernet 
, MachineName      : L2 
, Event Time       : 20190930095634641 
, Event Name       : L2_Port#1UnloadRequestReport 
, Event Value      : 0 
, Return Code      : 0 
, Return Message   :  
, Read BlockName : L2_W_Port#1UnloadRequestReportBlock 
, ==Read Item List== 
, Read ItemName : CassetteId, Value :  
}
[2019-09-30 09:56:34.667] [INFO ] [ScanThreadProc] [MNet3EScanUnit][ScanBit] -[EVENT] Local Name : L2 , Item Name: Port#1UnloadRequestReport, Item Value : 0, index : 17
[2019-09-30 09:56:34.684] [INFO ] [EventProcessingProc] [ControlManager][EventProcessingProc] -EventQ.Dequeue! As soon as mqProxy will be Sending, Remind EventQ Size : 1
[2019-09-30 09:56:44.241] [INFO ] [ScanThreadProc] [ControlManager][PLCWriteLog] -{
, ==========================================
, Message Name     : Event 
, Transaction Name : 2019-09-30 09:56-44_7 
, MessageType      : MelsecEthernet 
, MachineName      : L2 
, Event Time       : 20190930095644241 
, Event Name       : L2_Port#1LoadRequestReport 
, Event Value      : 1 
, Return Code      : 0 
, Return Message   :  
}
[2019-09-30 09:56:44.242] [INFO ] [ScanThreadProc] [MNet3EScanUnit][ScanBit] -[EVENT] Local Name : L2 , Item Name: Port#1LoadRequestReport, Item Value : 1, index : 16
[2019-09-30 09:56:44.242] [INFO ] [EventProcessingProc] [ControlManager][EventProcessingProc] -EventQ.Dequeue! As soon as mqProxy will be Sending, Remind EventQ Size : 1
[2019-09-30 09:57:53.849] [INFO ] [ScanThreadProc] [MProtocolProxy][unit_EventScanReceived] -BitOffEventReport is false, Trx : L2_Port#1LoadRequestReport
[2019-09-30 09:57:53.851] [INFO ] [ScanThreadProc] [MNet3EScanUnit][ScanBit] -[EVENT] Local Name : L2 , Item Name: Port#1LoadRequestReport, Item Value : 0, index : 16
[2019-09-30 09:57:53.869] [INFO ] [ScanThreadProc] [Make3EProtocol][GetItemReadWord] -[ASCII] Item Name : CassetteId, Data : 
[2019-09-30 09:57:53.871] [INFO ] [ScanThreadProc] [ControlManager][PLCWriteLog] -{
, ==========================================
, Message Name     : Event 
, Transaction Name : 2019-09-30 09:57-53_8 
, MessageType      : MelsecEthernet 
, MachineName      : L2 
, Event Time       : 20190930095753853 
, Event Name       : L2_Port#1UnloadRequestReport 
, Event Value      : 1 
, Return Code      : 0 
, Return Message   :  
, Read BlockName : L2_W_Port#1UnloadRequestReportBlock 
, ==Read Item List== 
, Read ItemName : CassetteId, Value :  
}
[2019-09-30 09:57:53.872] [INFO ] [ScanThreadProc] [MNet3EScanUnit][ScanBit] -[EVENT] Local Name : L2 , Item Name: Port#1UnloadRequestReport, Item Value : 1, index : 17
[2019-09-30 09:57:53.886] [INFO ] [EventProcessingProc] [ControlManager][EventProcessingProc] -EventQ.Dequeue! As soon as mqProxy will be Sending, Remind EventQ Size : 1
[2019-09-30 09:57:54.669] [INFO ] [ScanThreadProc] [Make3EProtocol][GetItemReadWord] -[ASCII] Item Name : CassetteId, Data : 
[2019-09-30 09:57:54.864] [INFO ] [ScanThreadProc] [ControlManager][PLCWriteLog] -{
, ==========================================
, Message Name     : Event 
, Transaction Name : 2019-09-30 09:57-54_9 
, MessageType      : MelsecEthernet 
, MachineName      : L2 
, Event Time       : 20190930095754649 
, Event Name       : L2_Port#1UnloadRequestReport 
, Event Value      : 0 
, Return Code      : 0 
, Return Message   :  
, Read BlockName : L2_W_Port#1UnloadRequestReportBlock 
, ==Read Item List== 
, Read ItemName : CassetteId, Value :  
}
[2019-09-30 09:57:54.865] [INFO ] [ScanThreadProc] [MNet3EScanUnit][ScanBit] -[EVENT] Local Name : L2 , Item Name: Port#1UnloadRequestReport, Item Value : 0, index : 17
[2019-09-30 09:57:54.872] [INFO ] [EventProcessingProc] [ControlManager][EventProcessingProc] -EventQ.Dequeue! As soon as mqProxy will be Sending, Remind EventQ Size : 1
[2019-09-30 09:57:55.469] [INFO ] [ScanThreadProc] [Make3EProtocol][GetItemReadWord] -[ASCII] Item Name : CassetteId, Data : S517A8361
[2019-09-30 09:57:55.470] [INFO ] [ScanThreadProc] [ControlManager][PLCWriteLog] -{
, ==========================================
, Message Name     : Event 
, Transaction Name : 2019-09-30 09:57-55_10 
, MessageType      : MelsecEthernet 
, MachineName      : L2 
, Event Time       : 20190930095755449 
, Event Name       : L2_Port#1UnloadRequestReport 
, Event Value      : 1 
, Return Code      : 0 
, Return Message   :  
, Read BlockName : L2_W_Port#1UnloadRequestReportBlock 
, ==Read Item List== 
, Read ItemName : CassetteId, Value : S517A8361 
}
[2019-09-30 09:57:55.470] [INFO ] [ScanThreadProc] [MNet3EScanUnit][ScanBit] -[EVENT] Local Name : L2 , Item Name: Port#1UnloadRequestReport, Item Value : 1, index : 17
[2019-09-30 09:57:55.477] [INFO ] [EventProcessingProc] [ControlManager][EventProcessingProc] -EventQ.Dequeue! As soon as mqProxy will be Sending, Remind EventQ Size : 1
[2019-09-30 09:58:17.869] [INFO ] [ScanThreadProc] [Make3EProtocol][GetItemReadWord] -[ASCII] Item Name : CassetteId, Data : 
[2019-09-30 09:58:17.871] [INFO ] [ScanThreadProc] [ControlManager][PLCWriteLog] -{
, ==========================================
, Message Name     : Event 
, Transaction Name : 2019-09-30 09:58-17_11 
, MessageType      : MelsecEthernet 
, MachineName      : L2 
, Event Time       : 20190930095817849 
, Event Name       : L2_Port#1UnloadRequestReport 
, Event Value      : 0 
, Return Code      : 0 
, Return Message   :  
, Read BlockName : L2_W_Port#1UnloadRequestReportBlock 
, ==Read Item List== 
, Read ItemName : CassetteId, Value :  
}
[2019-09-30 09:58:17.872] [INFO ] [ScanThreadProc] [MNet3EScanUnit][ScanBit] -[EVENT] Local Name : L2 , Item Name: Port#1UnloadRequestReport, Item Value : 0, index : 17
[2019-09-30 09:58:17.875] [INFO ] [EventProcessingProc] [ControlManager][EventProcessingProc] -EventQ.Dequeue! As soon as mqProxy will be Sending, Remind EventQ Size : 1
[2019-09-30 09:58:18.668] [INFO ] [ScanThreadProc] [Make3EProtocol][GetItemReadWord] -[ASCII] Item Name : CassetteId, Data : 
[2019-09-30 09:58:18.681] [INFO ] [ScanThreadProc] [ControlManager][PLCWriteLog] -{
, ==========================================
, Message Name     : Event 
, Transaction Name : 2019-09-30 09:58-18_12 
, MessageType      : MelsecEthernet 
, MachineName      : L2 
, Event Time       : 20190930095818648 
, Event Name       : L2_Port#1UnloadRequestReport 
, Event Value      : 1 
, Return Code      : 0 
, Return Message   :  
, Read BlockName : L2_W_Port#1UnloadRequestReportBlock 
, ==Read Item List== 
, Read ItemName : CassetteId, Value :  
}
[2019-09-30 09:58:18.879] [INFO ] [ScanThreadProc] [MNet3EScanUnit][ScanBit] -[EVENT] Local Name : L2 , Item Name: Port#1UnloadRequestReport, Item Value : 1, index : 17
[2019-09-30 09:58:18.685] [INFO ] [EventProcessingProc] [ControlManager][EventProcessingProc] -EventQ.Dequeue! As soon as mqProxy will be Sending, Remind EventQ Size : 1
[2019-09-30 09:58:19.468] [INFO ] [ScanThreadProc] [Make3EProtocol][GetItemReadWord] -[ASCII] Item Name : CassetteId, Data : 
[2019-09-30 09:58:19.469] [INFO ] [ScanThreadProc] [ControlManager][PLCWriteLog] -{
, ==========================================
, Message Name     : Event 
, Transaction Name : 2019-09-30 09:58-19_13 
, MessageType      : MelsecEthernet 
, MachineName      : L2 
, Event Time       : 20190930095819448 
, Event Name       : L2_Port#1UnloadRequestReport 
, Event Value      : 0 
, Return Code      : 0 
, Return Message   :  
, Read BlockName : L2_W_Port#1UnloadRequestReportBlock 
, ==Read Item List== 
, Read ItemName : CassetteId, Value :  
}
[2019-09-30 09:58:19.479] [INFO ] [ScanThreadProc] [MNet3EScanUnit][ScanBit] -[EVENT] Local Name : L2 , Item Name: Port#1UnloadRequestReport, Item Value : 0, index : 17
[2019-09-30 09:58:19.473] [INFO ] [EventProcessingProc] [ControlManager][EventProcessingProc] -EventQ.Dequeue! As soon as mqProxy will be Sending, Remind EventQ Size : 1
[2019-09-30 09:58:28.248] [INFO ] [ScanThreadProc] [ControlManager][PLCWriteLog] -{
, ==========================================
, Message Name     : Event 
, Transaction Name : 2019-09-30 09:58-28_14 
, MessageType      : MelsecEthernet 
, MachineName      : L2 
, Event Time       : 20190930095828248 
, Event Name       : L2_Port#1LoadRequestReport 
, Event Value      : 1 
, Return Code      : 0 
, Return Message   :  
}
[2019-09-30 09:58:28.250] [INFO ] [ScanThreadProc] [MNet3EScanUnit][ScanBit] -[EVENT] Local Name : L2 , Item Name: Port#1LoadRequestReport, Item Value : 1, index : 16
[2019-09-30 09:58:28.253] [INFO ] [EventProcessingProc] [ControlManager][EventProcessingProc] -EventQ.Dequeue! As soon as mqProxy will be Sending, Remind EventQ Size : 1
[2019-09-30 10:16:52.260] [INFO ] [ScanThreadProc] [MProtocolProxy][unit_EventScanReceived] -BitOffEventReport is false, Trx : L2_Port#1LoadRequestReport
[2019-09-30 10:16:52.262] [INFO ] [ScanThreadProc] [MNet3EScanUnit][ScanBit] -[EVENT] Local Name : L2 , Item Name: Port#1LoadRequestReport, Item Value : 0, index : 16
[2019-09-30 10:19:17.876] [INFO ] [ScanThreadProc] [ControlManager][PLCWriteLog] -{
, ==========================================
, Message Name     : Event 
, Transaction Name : 2019-09-30 10:19-17_15 
, MessageType      : MelsecEthernet 
, MachineName      : L2 
, Event Time       : 20190930101917876 
, Event Name       : L2_Port#1LoadRequestReport 
, Event Value      : 1 
, Return Code      : 0 
, Return Message   :  
}
[2019-09-30 10:19:17.878] [INFO ] [ScanThreadProc] [MNet3EScanUnit][ScanBit] -[EVENT] Local Name : L2 , Item Name: Port#1LoadRequestReport, Item Value : 1, index : 16
[2019-09-30 10:19:17.898] [INFO ] [EventProcessingProc] [ControlManager][EventProcessingProc] -EventQ.Dequeue! As soon as mqProxy will be Sending, Remind EventQ Size : 1
[2019-09-30 10:31:16.288] [INFO ] [ScanThreadProc] [MProtocolProxy][unit_EventScanReceived] -BitOffEventReport is false, Trx : L2_Port#1LoadRequestReport
[2019-09-30 10:31:16.290] [INFO ] [ScanThreadProc] [MNet3EScanUnit][ScanBit] -[EVENT] Local Name : L2 , Item Name: Port#1LoadRequestReport, Item Value : 0, index : 16
[2019-09-30 10:31:16.307] [INFO ] [ScanThreadProc] [Make3EProtocol][GetItemReadWord] -[ASCII] Item Name : CassetteId, Data : S517A8347
[2019-09-30 10:31:16.309] [INFO ] [ScanThreadProc] [ControlManager][PLCWriteLog] -{
, ==========================================
, Message Name     : Event 
, Transaction Name : 2019-09-30 10:31-16_16 
, MessageType      : MelsecEthernet 
, MachineName      : L2 
, Event Time       : 20190930103116291 
, Event Name       : L2_Port#1UnloadRequestReport 
, Event Value      : 1 
, Return Code      : 0 
, Return Message   :  
, Read BlockName : L2_W_Port#1UnloadRequestReportBlock 
, ==Read Item List== 
, Read ItemName : CassetteId, Value : S517A8347 
}
[2019-09-30 10:31:16.310] [INFO ] [ScanThreadProc] [MNet3EScanUnit][ScanBit] -[EVENT] Local Name : L2 , Item Name: Port#1UnloadRequestReport, Item Value : 1, index : 17
[2019-09-30 10:31:16.322] [INFO ] [EventProcessingProc] [ControlManager][EventProcessingProc] -EventQ.Dequeue! As soon as mqProxy will be Sending, Remind EventQ Size : 1
[2019-09-30 10:31:17.107] [INFO ] [ScanThreadProc] [Make3EProtocol][GetItemReadWord] -[ASCII] Item Name : CassetteId, Data : S517A8347
[2019-09-30 10:31:17.132] [INFO ] [ScanThreadProc] [ControlManager][PLCWriteLog] -{
, ==========================================
, Message Name     : Event 
, Transaction Name : 2019-09-30 10:31-17_17 
, MessageType      : MelsecEthernet 
, MachineName      : L2 
, Event Time       : 20190930103117089 
, Event Name       : L2_Port#1UnloadRequestReport 
, Event Value      : 0 
, Return Code      : 0 
, Return Message   :  
, Read BlockName : L2_W_Port#1UnloadRequestReportBlock 
, ==Read Item List== 
, Read ItemName : CassetteId, Value : S517A8347 
}
[2019-09-30 10:31:17.133] [INFO ] [ScanThreadProc] [MNet3EScanUnit][ScanBit] -[EVENT] Local Name : L2 , Item Name: Port#1UnloadRequestReport, Item Value : 0, index : 17
[2019-09-30 10:31:17.137] [INFO ] [EventProcessingProc] [ControlManager][EventProcessingProc] -EventQ.Dequeue! As soon as mqProxy will be Sending, Remind EventQ Size : 1
[2019-09-30 10:33:19.495] [INFO ] [ScanThreadProc] [ControlManager][PLCWriteLog] -{
, ==========================================
, Message Name     : Event 
, Transaction Name : 2019-09-30 10:33-19_18 
, MessageType      : MelsecEthernet 
, MachineName      : L2 
, Event Time       : 20190930103319495 
, Event Name       : L2_Port#1LoadRequestReport 
, Event Value      : 1 
, Return Code      : 0 
, Return Message   :  
}
[2019-09-30 10:33:19.497] [INFO ] [ScanThreadProc] [MNet3EScanUnit][ScanBit] -[EVENT] Local Name : L2 , Item Name: Port#1LoadRequestReport, Item Value : 1, index : 16
[2019-09-30 10:33:19.533] [INFO ] [EventProcessingProc] [ControlManager][EventProcessingProc] -EventQ.Dequeue! As soon as mqProxy will be Sending, Remind EventQ Size : 1
[2019-09-30 10:35:22.711] [INFO ] [ScanThreadProc] [Make3EProtocol][GetItemReadWord] -[ASCII] Item Name : CassetteId, Data : S517A0576
[2019-09-30 10:35:22.714] [INFO ] [ScanThreadProc] [ControlManager][PLCWriteLog] -{
, ==========================================
, Message Name     : Event 
, Transaction Name : 2019-09-30 10:35-22_19 
, MessageType      : MelsecEthernet 
, MachineName      : L2 
, Event Time       : 20190930103522691 
, Event Name       : L2_Port#2UnloadRequestReport 
, Event Value      : 1 
, Return Code      : 0 
, Return Message   :  
, Read BlockName : L2_W_Port#2UnloadRequestReportBlock 
, ==Read Item List== 
, Read ItemName : CassetteId, Value : S517A0576 
}
[2019-09-30 10:35:22.715] [INFO ] [ScanThreadProc] [MNet3EScanUnit][ScanBit] -[EVENT] Local Name : L2 , Item Name: Port#2UnloadRequestReport, Item Value : 1, index : 1
[2019-09-30 10:35:22.731] [INFO ] [EventProcessingProc] [ControlManager][EventProcessingProc] -EventQ.Dequeue! As soon as mqProxy will be Sending, Remind EventQ Size : 1
[2019-09-30 10:36:00.310] [INFO ] [ScanThreadProc] [Make3EProtocol][GetItemReadWord] -[ASCII] Item Name : CassetteId, Data : S517A0576
[2019-09-30 10:36:00.312] [INFO ] [ScanThreadProc] [ControlManager][PLCWriteLog] -{
, ==========================================
, Message Name     : Event 
, Transaction Name : 2019-09-30 10:36-00_20 
, MessageType      : MelsecEthernet 
, MachineName      : L2 
, Event Time       : 20190930103600290 
, Event Name       : L2_Port#2UnloadRequestReport 
, Event Value      : 0 
, Return Code      : 0 
, Return Message   :  
, Read BlockName : L2_W_Port#2UnloadRequestReportBlock 
, ==Read Item List== 
, Read ItemName : CassetteId, Value : S517A0576 
}
[2019-09-30 10:36:00.314] [INFO ] [ScanThreadProc] [MNet3EScanUnit][ScanBit] -[EVENT] Local Name : L2 , Item Name: Port#2UnloadRequestReport, Item Value : 0, index : 1
[2019-09-30 10:36:00.341] [INFO ] [EventProcessingProc] [ControlManager][EventProcessingProc] -EventQ.Dequeue! As soon as mqProxy will be Sending, Remind EventQ Size : 1
[2019-09-30 10:41:01.102] [INFO ] [ScanThreadProc] [MProtocolProxy][unit_EventScanReceived] -BitOffEventReport is false, Trx : L2_Port#1LoadRequestReport
[2019-09-30 10:41:01.105] [INFO ] [ScanThreadProc] [MNet3EScanUnit][ScanBit] -[EVENT] Local Name : L2 , Item Name: Port#1LoadRequestReport, Item Value : 0, index : 16
[2019-09-30 10:41:01.922] [INFO ] [ScanThreadProc] [Make3EProtocol][GetItemReadWord] -[ASCII] Item Name : CassetteId, Data : S517A0576
[2019-09-30 10:41:01.923] [INFO ] [ScanThreadProc] [ControlManager][PLCWriteLog] -{
, ==========================================
, Message Name     : Event 
, Transaction Name : 2019-09-30 10:41-01_21 
, MessageType      : MelsecEthernet 
, MachineName      : L2 
, Event Time       : 20190930104101902 
, Event Name       : L2_Port#1UnloadRequestReport 
, Event Value      : 1 
, Return Code      : 0 
, Return Message   :  
, Read BlockName : L2_W_Port#1UnloadRequestReportBlock 
, ==Read Item List== 
, Read ItemName : CassetteId, Value : S517A0576 
}
[2019-09-30 10:41:01.923] [INFO ] [ScanThreadProc] [MNet3EScanUnit][ScanBit] -[EVENT] Local Name : L2 , Item Name: Port#1UnloadRequestReport, Item Value : 1, index : 17
[2019-09-30 10:41:01.929] [INFO ] [EventProcessingProc] [ControlManager][EventProcessingProc] -EventQ.Dequeue! As soon as mqProxy will be Sending, Remind EventQ Size : 1
[2019-09-30 10:41:03.522] [INFO ] [ScanThreadProc] [Make3EProtocol][GetItemReadWord] -[ASCII] Item Name : CassetteId, Data : S517A0576
[2019-09-30 10:41:03.523] [INFO ] [ScanThreadProc] [ControlManager][PLCWriteLog] -{
, ==========================================
, Message Name     : Event 
, Transaction Name : 2019-09-30 10:41-03_22 
, MessageType      : MelsecEthernet 
, MachineName      : L2 
, Event Time       : 20190930104103502 
, Event Name       : L2_Port#1UnloadRequestReport 
, Event Value      : 0 
, Return Code      : 0 
, Return Message   :  
, Read BlockName : L2_W_Port#1UnloadRequestReportBlock 
, ==Read Item List== 
, Read ItemName : CassetteId, Value : S517A0576 
}
[2019-09-30 10:41:03.523] [INFO ] [ScanThreadProc] [MNet3EScanUnit][ScanBit] -[EVENT] Local Name : L2 , Item Name: Port#1UnloadRequestReport, Item Value : 0, index : 17
[2019-09-30 10:41:03.526] [INFO ] [EventProcessingProc] [ControlManager][EventProcessingProc] -EventQ.Dequeue! As soon as mqProxy will be Sending, Remind EventQ Size : 1
[2019-09-30 10:43:05.130] [INFO ] [ScanThreadProc] [ControlManager][PLCWriteLog] -{
, ==========================================
, Message Name     : Event 
, Transaction Name : 2019-09-30 10:43-05_23 
, MessageType      : MelsecEthernet 
, MachineName      : L2 
, Event Time       : 20190930104305130 
, Event Name       : L2_Port#1LoadRequestReport 
, Event Value      : 1 
, Return Code      : 0 
, Return Message   :  
}
[2019-09-30 10:43:05.133] [INFO ] [ScanThreadProc] [MNet3EScanUnit][ScanBit] -[EVENT] Local Name : L2 , Item Name: Port#1LoadRequestReport, Item Value : 1, index : 16
[2019-09-30 10:43:05.164] [INFO ] [EventProcessingProc] [ControlManager][EventProcessingProc] -EventQ.Dequeue! As soon as mqProxy will be Sending, Remind EventQ Size : 1
[2019-09-30 10:50:45.159] [INFO ] [ScanThreadProc] [Make3EProtocol][GetItemReadWord] -[ASCII] Item Name : CassetteId, Data : S517A8347
[2019-09-30 10:50:45.162] [INFO ] [ScanThreadProc] [ControlManager][PLCWriteLog] -{
, ==========================================
, Message Name     : Event 
, Transaction Name : 2019-09-30 10:50-45_24 
, MessageType      : MelsecEthernet 
, MachineName      : L2 
, Event Time       : 20190930105045137 
, Event Name       : L2_Port#2UnloadRequestReport 
, Event Value      : 1 
, Return Code      : 0 
, Return Message   :  
, Read BlockName : L2_W_Port#2UnloadRequestReportBlock 
, ==Read Item List== 
, Read ItemName : CassetteId, Value : S517A8347 
}
[2019-09-30 10:50:45.164] [INFO ] [ScanThreadProc] [MNet3EScanUnit][ScanBit] -[EVENT] Local Name : L2 , Item Name: Port#2UnloadRequestReport, Item Value : 1, index : 1
[2019-09-30 10:50:45.194] [INFO ] [EventProcessingProc] [ControlManager][EventProcessingProc] -EventQ.Dequeue! As soon as mqProxy will be Sending, Remind EventQ Size : 1
[2019-09-30 10:51:17.987] [INFO ] [ScanThreadProc] [Make3EProtocol][GetItemReadWord] -[ASCII] Item Name : CassetteId, Data : S517A8347
[2019-09-30 10:51:17.989] [INFO ] [ScanThreadProc] [ControlManager][PLCWriteLog] -{
, ==========================================
, Message Name     : Event 
, Transaction Name : 2019-09-30 10:51-17_25 
, MessageType      : MelsecEthernet 
, MachineName      : L2 
, Event Time       : 20190930105117967 
, Event Name       : L2_Port#2UnloadRequestReport 
, Event Value      : 0 
, Return Code      : 0 
, Return Message   :  
, Read BlockName : L2_W_Port#2UnloadRequestReportBlock 
, ==Read Item List== 
, Read ItemName : CassetteId, Value : S517A8347 
}
[2019-09-30 10:51:17.991] [INFO ] [ScanThreadProc] [MNet3EScanUnit][ScanBit] -[EVENT] Local Name : L2 , Item Name: Port#2UnloadRequestReport, Item Value : 0, index : 1
[2019-09-30 10:51:17.994] [INFO ] [EventProcessingProc] [ControlManager][EventProcessingProc] -EventQ.Dequeue! As soon as mqProxy will be Sending, Remind EventQ Size : 1
[2019-09-30 10:55:46.809] [INFO ] [ScanThreadProc] [Make3EProtocol][GetItemReadWord] -[ASCII] Item Name : CassetteId, Data : S517A0576
[2019-09-30 10:55:46.812] [INFO ] [ScanThreadProc] [ControlManager][PLCWriteLog] -{
, ==========================================
, Message Name     : Event 
, Transaction Name : 2019-09-30 10:55-46_26 
, MessageType      : MelsecEthernet 
, MachineName      : L2 
, Event Time       : 20190930105546780 
, Event Name       : L2_Port#2UnloadRequestReport 
, Event Value      : 1 
, Return Code      : 0 
, Return Message   :  
, Read BlockName : L2_W_Port#2UnloadRequestReportBlock 
, ==Read Item List== 
, Read ItemName : CassetteId, Value : S517A0576 
}
[2019-09-30 10:55:46.814] [INFO ] [ScanThreadProc] [MNet3EScanUnit][ScanBit] -[EVENT] Local Name : L2 , Item Name: Port#2UnloadRequestReport, Item Value : 1, index : 1
[2019-09-30 10:55:46.842] [INFO ] [EventProcessingProc] [ControlManager][EventProcessingProc] -EventQ.Dequeue! As soon as mqProxy will be Sending, Remind EventQ Size : 1
[2019-09-30 10:56:26.798] [INFO ] [ScanThreadProc] [Make3EProtocol][GetItemReadWord] -[ASCII] Item Name : CassetteId, Data : S517A0576
[2019-09-30 10:56:26.801] [INFO ] [ScanThreadProc] [ControlManager][PLCWriteLog] -{
, ==========================================
, Message Name     : Event 
, Transaction Name : 2019-09-30 10:56-26_27 
, MessageType      : MelsecEthernet 
, MachineName      : L2 
, Event Time       : 20190930105626779 
, Event Name       : L2_Port#2UnloadRequestReport 
, Event Value      : 0 
, Return Code      : 0 
, Return Message   :  
, Read BlockName : L2_W_Port#2UnloadRequestReportBlock 
, ==Read Item List== 
, Read ItemName : CassetteId, Value : S517A0576 
}
[2019-09-30 10:56:26.803] [INFO ] [ScanThreadProc] [MNet3EScanUnit][ScanBit] -[EVENT] Local Name : L2 , Item Name: Port#2UnloadRequestReport, Item Value : 0, index : 1
[2019-09-30 10:56:26.801] [INFO ] [EventProcessingProc] [ControlManager][EventProcessingProc] -EventQ.Dequeue! As soon as mqProxy will be Sending, Remind EventQ Size : 1
[2019-09-30 10:58:35.575] [INFO ] [ScanThreadProc] [MProtocolProxy][unit_EventScanReceived] -BitOffEventReport is false, Trx : L2_Port#1LoadRequestReport
[2019-09-30 10:58:35.577] [INFO ] [ScanThreadProc] [MNet3EScanUnit][ScanBit] -[EVENT] Local Name : L2 , Item Name: Port#1LoadRequestReport, Item Value : 0, index : 16
[2019-09-30 11:00:39.582] [INFO ] [ScanThreadProc] [ControlManager][PLCWriteLog] -{
, ==========================================
, Message Name     : Event 
, Transaction Name : 2019-09-30 11:00-39_28 
, MessageType      : MelsecEthernet 
, MachineName      : L2 
, Event Time       : 20190930110039582 
, Event Name       : L2_Port#1LoadRequestReport 
, Event Value      : 1 
, Return Code      : 0 
, Return Message   :  
}
[2019-09-30 11:00:39.584] [INFO ] [ScanThreadProc] [MNet3EScanUnit][ScanBit] -[EVENT] Local Name : L2 , Item Name: Port#1LoadRequestReport, Item Value : 1, index : 16
[2019-09-30 11:00:39.600] [INFO ] [EventProcessingProc] [ControlManager][EventProcessingProc] -EventQ.Dequeue! As soon as mqProxy will be Sending, Remind EventQ Size : 1
[2019-09-30 11:04:29.986] [INFO ] [ScanThreadProc] [MProtocolProxy][unit_EventScanReceived] -BitOffEventReport is false, Trx : L2_Port#1LoadRequestReport
[2019-09-30 11:04:29.989] [INFO ] [ScanThreadProc] [MNet3EScanUnit][ScanBit] -[EVENT] Local Name : L2 , Item Name: Port#1LoadRequestReport, Item Value : 0, index : 16
[2019-09-30 11:06:33.983] [INFO ] [ScanThreadProc] [ControlManager][PLCWriteLog] -{
, ==========================================
, Message Name     : Event 
, Transaction Name : 2019-09-30 11:06-33_29 
, MessageType      : MelsecEthernet 
, MachineName      : L2 
, Event Time       : 20190930110633983 
, Event Name       : L2_Port#1LoadRequestReport 
, Event Value      : 1 
, Return Code      : 0 
, Return Message   :  
}
[2019-09-30 11:06:33.985] [INFO ] [ScanThreadProc] [MNet3EScanUnit][ScanBit] -[EVENT] Local Name : L2 , Item Name: Port#1LoadRequestReport, Item Value : 1, index : 16
[2019-09-30 11:06:34.006] [INFO ] [EventProcessingProc] [ControlManager][EventProcessingProc] -EventQ.Dequeue! As soon as mqProxy will be Sending, Remind EventQ Size : 1
[2019-09-30 11:10:01.188] [INFO ] [ScanThreadProc] [MProtocolProxy][unit_EventScanReceived] -BitOffEventReport is false, Trx : L2_Port#1LoadRequestReport
[2019-09-30 11:10:01.190] [INFO ] [ScanThreadProc] [MNet3EScanUnit][ScanBit] -[EVENT] Local Name : L2 , Item Name: Port#1LoadRequestReport, Item Value : 0, index : 16
[2019-09-30 11:10:02.007] [INFO ] [ScanThreadProc] [Make3EProtocol][GetItemReadWord] -[ASCII] Item Name : CassetteId, Data : S517A0164
[2019-09-30 11:10:02.008] [INFO ] [ScanThreadProc] [ControlManager][PLCWriteLog] -{
, ==========================================
, Message Name     : Event 
, Transaction Name : 2019-09-30 11:10-02_30 
, MessageType      : MelsecEthernet 
, MachineName      : L2 
, Event Time       : 20190930111001987 
, Event Name       : L2_Port#1UnloadRequestReport 
, Event Value      : 1 
, Return Code      : 0 
, Return Message   :  
, Read BlockName : L2_W_Port#1UnloadRequestReportBlock 
, ==Read Item List== 
, Read ItemName : CassetteId, Value : S517A0164 
}
[2019-09-30 11:10:02.008] [INFO ] [ScanThreadProc] [MNet3EScanUnit][ScanBit] -[EVENT] Local Name : L2 , Item Name: Port#1UnloadRequestReport, Item Value : 1, index : 17
[2019-09-30 11:10:02.010] [INFO ] [EventProcessingProc] [ControlManager][EventProcessingProc] -EventQ.Dequeue! As soon as mqProxy will be Sending, Remind EventQ Size : 1
[2019-09-30 11:10:03.607] [INFO ] [ScanThreadProc] [Make3EProtocol][GetItemReadWord] -[ASCII] Item Name : CassetteId, Data : S517A0164
[2019-09-30 11:10:03.608] [INFO ] [ScanThreadProc] [ControlManager][PLCWriteLog] -{
, ==========================================
, Message Name     : Event 
, Transaction Name : 2019-09-30 11:10-03_31 
, MessageType      : MelsecEthernet 
, MachineName      : L2 
, Event Time       : 20190930111003587 
, Event Name       : L2_Port#1UnloadRequestReport 
, Event Value      : 0 
, Return Code      : 0 
, Return Message   :  
, Read BlockName : L2_W_Port#1UnloadRequestReportBlock 
, ==Read Item List== 
, Read ItemName : CassetteId, Value : S517A0164 
}
[2019-09-30 11:10:03.608] [INFO ] [ScanThreadProc] [MNet3EScanUnit][ScanBit] -[EVENT] Local Name : L2 , Item Name: Port#1UnloadRequestReport, Item Value : 0, index : 17
[2019-09-30 11:10:03.616] [INFO ] [EventProcessingProc] [ControlManager][EventProcessingProc] -EventQ.Dequeue! As soon as mqProxy will be Sending, Remind EventQ Size : 1
[2019-09-30 11:12:04.384] [INFO ] [ScanThreadProc] [ControlManager][PLCWriteLog] -{
, ==========================================
, Message Name     : Event 
, Transaction Name : 2019-09-30 11:12-04_32 
, MessageType      : MelsecEthernet 
, MachineName      : L2 
, Event Time       : 20190930111204384 
, Event Name       : L2_Port#1LoadRequestReport 
, Event Value      : 1 
, Return Code      : 0 
, Return Message   :  
}
[2019-09-30 11:12:04.387] [INFO ] [ScanThreadProc] [MNet3EScanUnit][ScanBit] -[EVENT] Local Name : L2 , Item Name: Port#1LoadRequestReport, Item Value : 1, index : 16
[2019-09-30 11:12:04.406] [INFO ] [EventProcessingProc] [ControlManager][EventProcessingProc] -EventQ.Dequeue! As soon as mqProxy will be Sending, Remind EventQ Size : 1
[2019-09-30 14:30:01.955] [ERROR] [ScanThreadProc] [Make3EProtocol][Reader] -[Error] IOException Error : 无法从传输连接中读取数据: 由于连接方在一段时间后没有正确答复或连接的主机没有反应，连接尝试失败。。
[2019-09-30 14:30:01.956] [INFO ] [ScanThreadProc] [ControlManager][PLCWriteLog] -{
, ==========================================
, Message Name     : Event 
, Transaction Name : 2019-09-30 14:30-01_33 
, MessageType      : MelsecEthernet 
, MachineName      : L2 
, Event Time       : 20190930142953309 
, Event Name       : L2_Port#2UnloadRequestReport 
, Event Value      : 1 
, Return Code      : 0 
, Return Message   :  
, Read BlockName : L2_W_Port#2UnloadRequestReportBlock 
, ==Read Item List== 
}
[2019-09-30 14:30:01.957] [INFO ] [ScanThreadProc] [MNet3EScanUnit][ScanBit] -[EVENT] Local Name : L2 , Item Name: Port#2UnloadRequestReport, Item Value : 1, index : 1
[2019-09-30 14:30:01.978] [INFO ] [EventProcessingProc] [ControlManager][EventProcessingProc] -EventQ.Dequeue! As soon as mqProxy will be Sending, Remind EventQ Size : 1
[2019-09-30 14:52:02.053] [INFO ] [ScanThreadProc] [ControlManager][PLCWriteLog] -{
, ==========================================
, Message Name     : Event 
, Transaction Name : 2019-09-30 14:52-02_34 
, MessageType      : MelsecEthernet 
, MachineName      : L2 
, Event Time       : 20190930145202006 
, Event Name       : L2_Port#2UnloadRequestReport 
, Event Value      : 0 
, Return Code      : 0 
, Return Message   :  
, Read BlockName : L2_W_Port#2UnloadRequestReportBlock 
, ==Read Item List== 
}
[2019-09-30 14:52:02.054] [INFO ] [ScanThreadProc] [MNet3EScanUnit][ScanBit] -[EVENT] Local Name : L2 , Item Name: Port#2UnloadRequestReport, Item Value : 0, index : 1
[2019-09-30 14:52:02.054] [INFO ] [EventProcessingProc] [ControlManager][EventProcessingProc] -EventQ.Dequeue! As soon as mqProxy will be Sending, Remind EventQ Size : 1
[2019-09-30 14:52:07.612] [INFO ] [ScanThreadProc] [ControlManager][PLCWriteLog] -{
, ==========================================
, Message Name     : Event 
, Transaction Name : 2019-09-30 14:52-07_35 
, MessageType      : MelsecEthernet 
, MachineName      : L2 
, Event Time       : 20190930145207596 
, Event Name       : L2_Port#2UnloadRequestReport 
, Event Value      : 1 
, Return Code      : 0 
, Return Message   :  
, Read BlockName : L2_W_Port#2UnloadRequestReportBlock 
, ==Read Item List== 
}
[2019-09-30 14:52:07.612] [INFO ] [ScanThreadProc] [MNet3EScanUnit][ScanBit] -[EVENT] Local Name : L2 , Item Name: Port#2UnloadRequestReport, Item Value : 1, index : 1
[2019-09-30 14:52:07.613] [INFO ] [EventProcessingProc] [ControlManager][EventProcessingProc] -EventQ.Dequeue! As soon as mqProxy will be Sending, Remind EventQ Size : 1
[2019-09-30 14:56:53.251] [ERROR] [EventProcessingProc] [ControlManager][EventProcessingProc] -EventProcessingProc Error : 正在中止线程。
[2019-09-30 14:56:53.322] [ERROR] [TraceDataProcessingProc] [ControlManager][TraceDataProcessingProc] -TraceDataProcessingProc Error : 正在中止线程。
[2019-09-30 14:56:53.353] [ERROR] [RGADataProcessingProc] [ControlManager][RGADataProcessingProc] -TraceDataProcessingProc Error : 正在中止线程。
[2019-09-30 14:57:47.105] [INFO ] [9] [ControlManager][Init] -Init ControlManager
[2019-09-30 14:57:47.477] [INFO ] [9] [MProtocolProxy][InitXml] -MProtocolProxy : InitXxml
[2019-09-30 14:57:47.483] [INFO ] [9] [MProtocolProxy][InitMEthernet] -MProtocolProxy : InitMEthernet
[2019-09-30 14:57:48.581] [ERROR] [9] [MNet3EUnit][Connect] -[Connection] Ethernet SocketException : 由于目标计算机积极拒绝，无法连接。 10.116.11.112:7006
[2019-09-30 14:57:48.588] [INFO ] [9] [MNet3EScanUnit][Connect] -[Connection] Melsec Connect Address : 10.116.11.112 , PortNo : 7007
[2019-09-30 14:57:48.591] [INFO ] [9] [MProtocolProxy][mPScanUnit_OnConnected] -Scan MelsecEthernet OnConnected : L2 
[2019-09-30 14:57:48.616] [INFO ] [ScanThreadProc] [MNet3EScanUnit][ScanBit] -[L2_B_LTM_H] Block Scan Started...
[2019-09-30 14:57:49.604] [ERROR] [17] [MNet3EUnit][Connect] -[Connection] Ethernet SocketException : 由于目标计算机积极拒绝，无法连接。 10.116.11.112:7006
[2019-09-30 14:57:51.628] [ERROR] [17] [MNet3EUnit][Connect] -[Connection] Ethernet SocketException : 由于目标计算机积极拒绝，无法连接。 10.116.11.112:7006
[2019-09-30 14:57:53.641] [ERROR] [17] [MNet3EUnit][Connect] -[Connection] Ethernet SocketException : 由于目标计算机积极拒绝，无法连接。 10.116.11.112:7006
[2019-09-30 14:57:55.660] [ERROR] [17] [MNet3EUnit][Connect] -[Connection] Ethernet SocketException : 由于目标计算机积极拒绝，无法连接。 10.116.11.112:7006
[2019-09-30 14:57:57.676] [ERROR] [17] [MNet3EUnit][Connect] -[Connection] Ethernet SocketException : 由于目标计算机积极拒绝，无法连接。 10.116.11.112:7006
[2019-09-30 14:57:58.570] [ERROR] [EventProcessingProc] [ControlManager][EventProcessingProc] -EventProcessingProc Error : 正在中止线程。
[2019-09-30 14:57:58.591] [ERROR] [TraceDataProcessingProc] [ControlManager][TraceDataProcessingProc] -TraceDataProcessingProc Error : 正在中止线程。
[2019-09-30 14:57:58.600] [ERROR] [RGADataProcessingProc] [ControlManager][RGADataProcessingProc] -TraceDataProcessingProc Error : 正在中止线程。
[2019-09-30 15:03:46.783] [INFO ] [8] [ControlManager][Init] -Init ControlManager
[2019-09-30 15:03:47.158] [INFO ] [8] [MProtocolProxy][InitXml] -MProtocolProxy : InitXxml
[2019-09-30 15:03:47.163] [INFO ] [8] [MProtocolProxy][InitMEthernet] -MProtocolProxy : InitMEthernet
[2019-09-30 15:03:47.168] [INFO ] [8] [MNet3EUnit][Connect] -[Connection] Melsec Connect Address : 10.116.11.112 , PortNo : 7006
[2019-09-30 15:03:47.171] [INFO ] [8] [MProtocolProxy][Unit_OnConnected] -MelsecEthernet OnConnected : L2 
[2019-09-30 15:03:47.174] [INFO ] [8] [MNet3EScanUnit][Connect] -[Connection] Melsec Connect Address : 10.116.11.112 , PortNo : 7007
[2019-09-30 15:03:47.195] [INFO ] [8] [ControlManager][PLCWriteLog] -{
, ==========================================
, Message Name     : Connection 
, Transaction Name : 2019-09-30 15:03-47_1 
, MessageType      : MelsecEthernet 
, MachineName      : L2 
, Event Time       :  
, Event Name       :  
, Event Value      :  
, Return Code      : 0 
, Return Message   :  
}
[2019-09-30 15:03:47.198] [INFO ] [8] [MProtocolProxy][mPScanUnit_OnConnected] -Scan MelsecEthernet OnConnected : L2 
[2019-09-30 15:03:47.321] [INFO ] [ScanThreadProc] [MNet3EScanUnit][ScanBit] -[L2_B_LTM_H] Block Scan Started...
[2019-09-30 15:03:50.207] [INFO ] [mProtocol_OnEventReceived] [ControlManager][PLCWriteLog] -{
, ==========================================
, Message Name     : ReadRequest 
, Transaction Name : 20190930150350205_Server 
, MessageType      : ETHERNET 
, MachineName      : L2 
, Event Time       :  
, Event Name       : L2_BIT_AllPortState 
, Event Value      :  
, Return Code      : 0 
, Return Message   :  
, Read BlockName : L2_B_LTM_H 
, ==Read Item List== 
, Read ItemName : Port#2LoadRequestReport, Value :  
, Read ItemName : Port#2UnloadRequestReport, Value :  
, Read ItemName : Port#1LoadRequestReport, Value :  
, Read ItemName : Port#1UnloadRequestReport, Value :  
, Read BlockName : L2_W_Port#1UnloadRequestReportBlock 
, ==Read Item List== 
, Read ItemName : CassetteId, Value :  
, Read BlockName : L2_W_Port#2UnloadRequestReportBlock 
, ==Read Item List== 
, Read ItemName : CassetteId, Value :  
}
[2019-09-30 15:03:50.402] [INFO ] [mProtocol_OnEventReceived] [MNet3EUnit][ReadBit] -[ReadBit] Item Name : Port#2LoadRequestReport, Data : 0
[2019-09-30 15:03:50.578] [INFO ] [mProtocol_OnEventReceived] [MNet3EUnit][ReadBit] -[ReadBit] Item Name : Port#2UnloadRequestReport, Data : 1
[2019-09-30 15:03:50.578] [INFO ] [mProtocol_OnEventReceived] [MNet3EUnit][ReadBit] -[ReadBit] Item Name : Port#1LoadRequestReport, Data : 1
[2019-09-30 15:03:50.579] [INFO ] [mProtocol_OnEventReceived] [MNet3EUnit][ReadBit] -[ReadBit] Item Name : Port#1UnloadRequestReport, Data : 0
[2019-09-30 15:03:50.602] [INFO ] [mProtocol_OnEventReceived] [Make3EProtocol][GetItemReadWord] -[ASCII] Item Name : CassetteId, Data : 
[2019-09-30 15:03:50.792] [INFO ] [mProtocol_OnEventReceived] [Make3EProtocol][GetItemReadWord] -[ASCII] Item Name : CassetteId, Data : S517A0513
[2019-09-30 15:03:50.993] [INFO ] [mProtocol_OnEventReceived] [MProtocolProxy][ReadData] -ReadData
[2019-09-30 15:03:50.995] [INFO ] [mProtocol_OnEventReceived] [ControlManager][PLCWriteLog] -{
, ==========================================
, Message Name     : ReadReply 
, Transaction Name : 20190930150350205_Server 
, MessageType      : ETHERNET 
, MachineName      : L2 
, Event Time       :  
, Event Name       : L2_BIT_AllPortState 
, Event Value      :  
, Return Code      : 0 
, Return Message   :  
, Read BlockName : L2_B_LTM_H 
, ==Read Item List== 
, Read ItemName : Port#2LoadRequestReport, Value : 0 
, Read ItemName : Port#2UnloadRequestReport, Value : 1 
, Read ItemName : Port#1LoadRequestReport, Value : 1 
, Read ItemName : Port#1UnloadRequestReport, Value : 0 
, Read BlockName : L2_W_Port#1UnloadRequestReportBlock 
, ==Read Item List== 
, Read ItemName : CassetteId, Value :  
, Read BlockName : L2_W_Port#2UnloadRequestReportBlock 
, ==Read Item List== 
, Read ItemName : CassetteId, Value : S517A0513 
}
[2019-09-30 15:03:51.006] [INFO ] [EventProcessingProc] [ControlManager][EventProcessingProc] -EventQ.Dequeue! As soon as mqProxy will be Sending, Remind EventQ Size : 1
[2019-09-30 15:23:14.461] [INFO ] [ScanThreadProc] [Make3EProtocol][GetItemReadWord] -[ASCII] Item Name : CassetteId, Data : S517A0513
[2019-09-30 15:23:14.471] [INFO ] [ScanThreadProc] [ControlManager][PLCWriteLog] -{
, ==========================================
, Message Name     : Event 
, Transaction Name : 2019-09-30 15:23-14_2 
, MessageType      : MelsecEthernet 
, MachineName      : L2 
, Event Time       : 20190930152314436 
, Event Name       : L2_Port#2UnloadRequestReport 
, Event Value      : 0 
, Return Code      : 0 
, Return Message   :  
, Read BlockName : L2_W_Port#2UnloadRequestReportBlock 
, ==Read Item List== 
, Read ItemName : CassetteId, Value : S517A0513 
}
[2019-09-30 15:23:14.473] [INFO ] [ScanThreadProc] [MNet3EScanUnit][ScanBit] -[EVENT] Local Name : L2 , Item Name: Port#2UnloadRequestReport, Item Value : 0, index : 1
[2019-09-30 15:23:14.480] [INFO ] [EventProcessingProc] [ControlManager][EventProcessingProc] -EventQ.Dequeue! As soon as mqProxy will be Sending, Remind EventQ Size : 1
[2019-09-30 15:26:36.857] [INFO ] [ScanThreadProc] [Make3EProtocol][GetItemReadWord] -[ASCII] Item Name : CassetteId, Data : S5
[2019-09-30 15:26:36.859] [INFO ] [ScanThreadProc] [ControlManager][PLCWriteLog] -{
, ==========================================
, Message Name     : Event 
, Transaction Name : 2019-09-30 15:26-36_3 
, MessageType      : MelsecEthernet 
, MachineName      : L2 
, Event Time       : 20190930152636836 
, Event Name       : L2_Port#2UnloadRequestReport 
, Event Value      : 1 
, Return Code      : 0 
, Return Message   :  
, Read BlockName : L2_W_Port#2UnloadRequestReportBlock 
, ==Read Item List== 
, Read ItemName : CassetteId, Value : S5 
}
[2019-09-30 15:26:36.860] [INFO ] [ScanThreadProc] [MNet3EScanUnit][ScanBit] -[EVENT] Local Name : L2 , Item Name: Port#2UnloadRequestReport, Item Value : 1, index : 1
[2019-09-30 15:26:36.864] [INFO ] [EventProcessingProc] [ControlManager][EventProcessingProc] -EventQ.Dequeue! As soon as mqProxy will be Sending, Remind EventQ Size : 1
[2019-09-30 15:26:53.636] [INFO ] [ScanThreadProc] [MProtocolProxy][unit_EventScanReceived] -BitOffEventReport is false, Trx : L2_Port#1LoadRequestReport
[2019-09-30 15:26:53.637] [INFO ] [ScanThreadProc] [MNet3EScanUnit][ScanBit] -[EVENT] Local Name : L2 , Item Name: Port#1LoadRequestReport, Item Value : 0, index : 16
[2019-09-30 15:28:56.843] [INFO ] [ScanThreadProc] [ControlManager][PLCWriteLog] -{
, ==========================================
, Message Name     : Event 
, Transaction Name : 2019-09-30 15:28-56_4 
, MessageType      : MelsecEthernet 
, MachineName      : L2 
, Event Time       : 20190930152856843 
, Event Name       : L2_Port#1LoadRequestReport 
, Event Value      : 1 
, Return Code      : 0 
, Return Message   :  
}
[2019-09-30 15:28:56.846] [INFO ] [ScanThreadProc] [MNet3EScanUnit][ScanBit] -[EVENT] Local Name : L2 , Item Name: Port#1LoadRequestReport, Item Value : 1, index : 16
[2019-09-30 15:28:56.864] [INFO ] [EventProcessingProc] [ControlManager][EventProcessingProc] -EventQ.Dequeue! As soon as mqProxy will be Sending, Remind EventQ Size : 1
[2019-09-30 15:49:57.750] [INFO ] [ScanThreadProc] [Make3EProtocol][GetItemReadWord] -[ASCII] Item Name : CassetteId, Data : S5
[2019-09-30 15:49:57.753] [INFO ] [ScanThreadProc] [ControlManager][PLCWriteLog] -{
, ==========================================
, Message Name     : Event 
, Transaction Name : 2019-09-30 15:49-57_5 
, MessageType      : MelsecEthernet 
, MachineName      : L2 
, Event Time       : 20190930154957730 
, Event Name       : L2_Port#2UnloadRequestReport 
, Event Value      : 0 
, Return Code      : 0 
, Return Message   :  
, Read BlockName : L2_W_Port#2UnloadRequestReportBlock 
, ==Read Item List== 
, Read ItemName : CassetteId, Value : S5 
}
[2019-09-30 15:49:57.754] [INFO ] [ScanThreadProc] [MNet3EScanUnit][ScanBit] -[EVENT] Local Name : L2 , Item Name: Port#2UnloadRequestReport, Item Value : 0, index : 1
[2019-09-30 15:49:57.780] [INFO ] [EventProcessingProc] [ControlManager][EventProcessingProc] -EventQ.Dequeue! As soon as mqProxy will be Sending, Remind EventQ Size : 1
[2019-09-30 15:53:18.575] [INFO ] [ScanThreadProc] [Make3EProtocol][GetItemReadWord] -[ASCII] Item Name : CassetteId, Data : S517A0513
[2019-09-30 15:53:18.578] [INFO ] [ScanThreadProc] [ControlManager][PLCWriteLog] -{
, ==========================================
, Message Name     : Event 
, Transaction Name : 2019-09-30 15:53-18_6 
, MessageType      : MelsecEthernet 
, MachineName      : L2 
, Event Time       : 20190930155318545 
, Event Name       : L2_Port#2UnloadRequestReport 
, Event Value      : 1 
, Return Code      : 0 
, Return Message   :  
, Read BlockName : L2_W_Port#2UnloadRequestReportBlock 
, ==Read Item List== 
, Read ItemName : CassetteId, Value : S517A0513 
}
[2019-09-30 15:53:18.579] [INFO ] [ScanThreadProc] [MNet3EScanUnit][ScanBit] -[EVENT] Local Name : L2 , Item Name: Port#2UnloadRequestReport, Item Value : 1, index : 1
[2019-09-30 15:53:18.584] [INFO ] [EventProcessingProc] [ControlManager][EventProcessingProc] -EventQ.Dequeue! As soon as mqProxy will be Sending, Remind EventQ Size : 1
[2019-09-30 15:53:55.374] [INFO ] [ScanThreadProc] [Make3EProtocol][GetItemReadWord] -[ASCII] Item Name : CassetteId, Data : S517A0513
[2019-09-30 15:53:55.376] [INFO ] [ScanThreadProc] [ControlManager][PLCWriteLog] -{
, ==========================================
, Message Name     : Event 
, Transaction Name : 2019-09-30 15:53-55_7 
, MessageType      : MelsecEthernet 
, MachineName      : L2 
, Event Time       : 20190930155355354 
, Event Name       : L2_Port#2UnloadRequestReport 
, Event Value      : 0 
, Return Code      : 0 
, Return Message   :  
, Read BlockName : L2_W_Port#2UnloadRequestReportBlock 
, ==Read Item List== 
, Read ItemName : CassetteId, Value : S517A0513 
}
[2019-09-30 15:53:55.378] [INFO ] [ScanThreadProc] [MNet3EScanUnit][ScanBit] -[EVENT] Local Name : L2 , Item Name: Port#2UnloadRequestReport, Item Value : 0, index : 1
[2019-09-30 15:53:55.383] [INFO ] [EventProcessingProc] [ControlManager][EventProcessingProc] -EventQ.Dequeue! As soon as mqProxy will be Sending, Remind EventQ Size : 1
[2019-09-30 15:58:19.367] [INFO ] [ScanThreadProc] [Make3EProtocol][GetItemReadWord] -[ASCII] Item Name : CassetteId, Data : S5
[2019-09-30 15:58:19.370] [INFO ] [ScanThreadProc] [ControlManager][PLCWriteLog] -{
, ==========================================
, Message Name     : Event 
, Transaction Name : 2019-09-30 15:58-19_8 
, MessageType      : MelsecEthernet 
, MachineName      : L2 
, Event Time       : 20190930155819337 
, Event Name       : L2_Port#2UnloadRequestReport 
, Event Value      : 1 
, Return Code      : 0 
, Return Message   :  
, Read BlockName : L2_W_Port#2UnloadRequestReportBlock 
, ==Read Item List== 
, Read ItemName : CassetteId, Value : S5 
}
[2019-09-30 15:58:19.372] [INFO ] [ScanThreadProc] [MNet3EScanUnit][ScanBit] -[EVENT] Local Name : L2 , Item Name: Port#2UnloadRequestReport, Item Value : 1, index : 1
[2019-09-30 15:58:19.407] [INFO ] [EventProcessingProc] [ControlManager][EventProcessingProc] -EventQ.Dequeue! As soon as mqProxy will be Sending, Remind EventQ Size : 1
[2019-09-30 16:17:31.407] [INFO ] [ScanThreadProc] [Make3EProtocol][GetItemReadWord] -[ASCII] Item Name : CassetteId, Data : S5
[2019-09-30 16:17:31.411] [INFO ] [ScanThreadProc] [ControlManager][PLCWriteLog] -{
, ==========================================
, Message Name     : Event 
, Transaction Name : 2019-09-30 16:17-31_9 
, MessageType      : MelsecEthernet 
, MachineName      : L2 
, Event Time       : 20190930161731388 
, Event Name       : L2_Port#2UnloadRequestReport 
, Event Value      : 0 
, Return Code      : 0 
, Return Message   :  
, Read BlockName : L2_W_Port#2UnloadRequestReportBlock 
, ==Read Item List== 
, Read ItemName : CassetteId, Value : S5 
}
[2019-09-30 16:17:31.413] [INFO ] [ScanThreadProc] [MNet3EScanUnit][ScanBit] -[EVENT] Local Name : L2 , Item Name: Port#2UnloadRequestReport, Item Value : 0, index : 1
[2019-09-30 16:17:31.415] [INFO ] [EventProcessingProc] [ControlManager][EventProcessingProc] -EventQ.Dequeue! As soon as mqProxy will be Sending, Remind EventQ Size : 1
[2019-09-30 16:20:52.202] [INFO ] [ScanThreadProc] [MProtocolProxy][unit_EventScanReceived] -BitOffEventReport is false, Trx : L2_Port#1LoadRequestReport
[2019-09-30 16:20:52.205] [INFO ] [ScanThreadProc] [MNet3EScanUnit][ScanBit] -[EVENT] Local Name : L2 , Item Name: Port#1LoadRequestReport, Item Value : 0, index : 16
[2019-09-30 16:20:52.222] [INFO ] [ScanThreadProc] [Make3EProtocol][GetItemReadWord] -[ASCII] Item Name : CassetteId, Data : S517A0513
[2019-09-30 16:20:52.224] [INFO ] [ScanThreadProc] [ControlManager][PLCWriteLog] -{
, ==========================================
, Message Name     : Event 
, Transaction Name : 2019-09-30 16:20-52_10 
, MessageType      : MelsecEthernet 
, MachineName      : L2 
, Event Time       : 20190930162052207 
, Event Name       : L2_Port#1UnloadRequestReport 
, Event Value      : 1 
, Return Code      : 0 
, Return Message   :  
, Read BlockName : L2_W_Port#1UnloadRequestReportBlock 
, ==Read Item List== 
, Read ItemName : CassetteId, Value : S517A0513 
}
[2019-09-30 16:20:52.226] [INFO ] [ScanThreadProc] [MNet3EScanUnit][ScanBit] -[EVENT] Local Name : L2 , Item Name: Port#1UnloadRequestReport, Item Value : 1, index : 17
[2019-09-30 16:20:52.235] [INFO ] [EventProcessingProc] [ControlManager][EventProcessingProc] -EventQ.Dequeue! As soon as mqProxy will be Sending, Remind EventQ Size : 1
[2019-09-30 16:20:53.832] [INFO ] [ScanThreadProc] [Make3EProtocol][GetItemReadWord] -[ASCII] Item Name : CassetteId, Data : S517A0513
[2019-09-30 16:20:53.833] [INFO ] [ScanThreadProc] [ControlManager][PLCWriteLog] -{
, ==========================================
, Message Name     : Event 
, Transaction Name : 2019-09-30 16:20-53_11 
, MessageType      : MelsecEthernet 
, MachineName      : L2 
, Event Time       : 20190930162053802 
, Event Name       : L2_Port#1UnloadRequestReport 
, Event Value      : 0 
, Return Code      : 0 
, Return Message   :  
, Read BlockName : L2_W_Port#1UnloadRequestReportBlock 
, ==Read Item List== 
, Read ItemName : CassetteId, Value : S517A0513 
}
[2019-09-30 16:20:53.833] [INFO ] [ScanThreadProc] [MNet3EScanUnit][ScanBit] -[EVENT] Local Name : L2 , Item Name: Port#1UnloadRequestReport, Item Value : 0, index : 17
[2019-09-30 16:20:53.835] [INFO ] [EventProcessingProc] [ControlManager][EventProcessingProc] -EventQ.Dequeue! As soon as mqProxy will be Sending, Remind EventQ Size : 1
[2019-09-30 16:22:56.219] [INFO ] [ScanThreadProc] [ControlManager][PLCWriteLog] -{
, ==========================================
, Message Name     : Event 
, Transaction Name : 2019-09-30 16:22-56_12 
, MessageType      : MelsecEthernet 
, MachineName      : L2 
, Event Time       : 20190930162256219 
, Event Name       : L2_Port#1LoadRequestReport 
, Event Value      : 1 
, Return Code      : 0 
, Return Message   :  
}
[2019-09-30 16:22:56.222] [INFO ] [ScanThreadProc] [MNet3EScanUnit][ScanBit] -[EVENT] Local Name : L2 , Item Name: Port#1LoadRequestReport, Item Value : 1, index : 16
[2019-09-30 16:22:56.224] [INFO ] [EventProcessingProc] [ControlManager][EventProcessingProc] -EventQ.Dequeue! As soon as mqProxy will be Sending, Remind EventQ Size : 1
[2019-09-30 16:26:13.804] [INFO ] [ScanThreadProc] [MProtocolProxy][unit_EventScanReceived] -BitOffEventReport is false, Trx : L2_Port#1LoadRequestReport
[2019-09-30 16:26:13.806] [INFO ] [ScanThreadProc] [MNet3EScanUnit][ScanBit] -[EVENT] Local Name : L2 , Item Name: Port#1LoadRequestReport, Item Value : 0, index : 16
[2019-09-30 16:28:17.001] [INFO ] [ScanThreadProc] [ControlManager][PLCWriteLog] -{
, ==========================================
, Message Name     : Event 
, Transaction Name : 2019-09-30 16:28-17_13 
, MessageType      : MelsecEthernet 
, MachineName      : L2 
, Event Time       : 20190930162817001 
, Event Name       : L2_Port#1LoadRequestReport 
, Event Value      : 1 
, Return Code      : 0 
, Return Message   :  
}
[2019-09-30 16:28:17.003] [INFO ] [ScanThreadProc] [MNet3EScanUnit][ScanBit] -[EVENT] Local Name : L2 , Item Name: Port#1LoadRequestReport, Item Value : 1, index : 16
[2019-09-30 16:28:17.009] [INFO ] [EventProcessingProc] [ControlManager][EventProcessingProc] -EventQ.Dequeue! As soon as mqProxy will be Sending, Remind EventQ Size : 1
[2019-09-30 16:34:14.632] [INFO ] [ScanThreadProc] [Make3EProtocol][GetItemReadWord] -[ASCII] Item Name : CassetteId, Data : S517A0513
[2019-09-30 16:34:14.634] [INFO ] [ScanThreadProc] [ControlManager][PLCWriteLog] -{
, ==========================================
, Message Name     : Event 
, Transaction Name : 2019-09-30 16:34-14_14 
, MessageType      : MelsecEthernet 
, MachineName      : L2 
, Event Time       : 20190930163414612 
, Event Name       : L2_Port#2UnloadRequestReport 
, Event Value      : 1 
, Return Code      : 0 
, Return Message   :  
, Read BlockName : L2_W_Port#2UnloadRequestReportBlock 
, ==Read Item List== 
, Read ItemName : CassetteId, Value : S517A0513 
}
[2019-09-30 16:34:14.636] [INFO ] [ScanThreadProc] [MNet3EScanUnit][ScanBit] -[EVENT] Local Name : L2 , Item Name: Port#2UnloadRequestReport, Item Value : 1, index : 1
[2019-09-30 16:34:14.644] [INFO ] [EventProcessingProc] [ControlManager][EventProcessingProc] -EventQ.Dequeue! As soon as mqProxy will be Sending, Remind EventQ Size : 1
[2019-09-30 16:35:37.049] [INFO ] [ScanThreadProc] [Make3EProtocol][GetItemReadWord] -[ASCII] Item Name : CassetteId, Data : S517A0513
[2019-09-30 16:35:37.052] [INFO ] [ScanThreadProc] [ControlManager][PLCWriteLog] -{
, ==========================================
, Message Name     : Event 
, Transaction Name : 2019-09-30 16:35-37_15 
, MessageType      : MelsecEthernet 
, MachineName      : L2 
, Event Time       : 20190930163537030 
, Event Name       : L2_Port#2UnloadRequestReport 
, Event Value      : 0 
, Return Code      : 0 
, Return Message   :  
, Read BlockName : L2_W_Port#2UnloadRequestReportBlock 
, ==Read Item List== 
, Read ItemName : CassetteId, Value : S517A0513 
}
[2019-09-30 16:35:37.055] [INFO ] [ScanThreadProc] [MNet3EScanUnit][ScanBit] -[EVENT] Local Name : L2 , Item Name: Port#2UnloadRequestReport, Item Value : 0, index : 1
[2019-09-30 16:35:37.074] [INFO ] [EventProcessingProc] [ControlManager][EventProcessingProc] -EventQ.Dequeue! As soon as mqProxy will be Sending, Remind EventQ Size : 1
[2019-09-30 16:44:55.485] [INFO ] [ScanThreadProc] [Make3EProtocol][GetItemReadWord] -[ASCII] Item Name : CassetteId, Data : S517A0576
[2019-09-30 16:44:55.488] [INFO ] [ScanThreadProc] [ControlManager][PLCWriteLog] -{
, ==========================================
, Message Name     : Event 
, Transaction Name : 2019-09-30 16:44-55_16 
, MessageType      : MelsecEthernet 
, MachineName      : L2 
, Event Time       : 20190930164455437 
, Event Name       : L2_Port#2UnloadRequestReport 
, Event Value      : 1 
, Return Code      : 0 
, Return Message   :  
, Read BlockName : L2_W_Port#2UnloadRequestReportBlock 
, ==Read Item List== 
, Read ItemName : CassetteId, Value : S517A0576 
}
[2019-09-30 16:44:55.490] [INFO ] [ScanThreadProc] [MNet3EScanUnit][ScanBit] -[EVENT] Local Name : L2 , Item Name: Port#2UnloadRequestReport, Item Value : 1, index : 1
[2019-09-30 16:44:55.491] [INFO ] [EventProcessingProc] [ControlManager][EventProcessingProc] -EventQ.Dequeue! As soon as mqProxy will be Sending, Remind EventQ Size : 1
[2019-09-30 16:50:09.068] [INFO ] [ScanThreadProc] [MProtocolProxy][unit_EventScanReceived] -BitOffEventReport is false, Trx : L2_Port#1LoadRequestReport
[2019-09-30 16:50:09.071] [INFO ] [ScanThreadProc] [MNet3EScanUnit][ScanBit] -[EVENT] Local Name : L2 , Item Name: Port#1LoadRequestReport, Item Value : 0, index : 16
[2019-09-30 16:52:13.075] [INFO ] [ScanThreadProc] [ControlManager][PLCWriteLog] -{
, ==========================================
, Message Name     : Event 
, Transaction Name : 2019-09-30 16:52-13_17 
, MessageType      : MelsecEthernet 
, MachineName      : L2 
, Event Time       : 20190930165213075 
, Event Name       : L2_Port#1LoadRequestReport 
, Event Value      : 1 
, Return Code      : 0 
, Return Message   :  
}
[2019-09-30 16:52:13.078] [INFO ] [ScanThreadProc] [MNet3EScanUnit][ScanBit] -[EVENT] Local Name : L2 , Item Name: Port#1LoadRequestReport, Item Value : 1, index : 16
[2019-09-30 16:52:13.111] [INFO ] [EventProcessingProc] [ControlManager][EventProcessingProc] -EventQ.Dequeue! As soon as mqProxy will be Sending, Remind EventQ Size : 1
[2019-09-30 16:52:37.883] [INFO ] [ScanThreadProc] [Make3EProtocol][GetItemReadWord] -[ASCII] Item Name : CassetteId, Data : S517A0576
[2019-09-30 16:52:37.886] [INFO ] [ScanThreadProc] [ControlManager][PLCWriteLog] -{
, ==========================================
, Message Name     : Event 
, Transaction Name : 2019-09-30 16:52-37_18 
, MessageType      : MelsecEthernet 
, MachineName      : L2 
, Event Time       : 20190930165237863 
, Event Name       : L2_Port#2UnloadRequestReport 
, Event Value      : 0 
, Return Code      : 0 
, Return Message   :  
, Read BlockName : L2_W_Port#2UnloadRequestReportBlock 
, ==Read Item List== 
, Read ItemName : CassetteId, Value : S517A0576 
}
[2019-09-30 16:52:37.888] [INFO ] [ScanThreadProc] [MNet3EScanUnit][ScanBit] -[EVENT] Local Name : L2 , Item Name: Port#2UnloadRequestReport, Item Value : 0, index : 1
[2019-09-30 16:52:37.890] [INFO ] [EventProcessingProc] [ControlManager][EventProcessingProc] -EventQ.Dequeue! As soon as mqProxy will be Sending, Remind EventQ Size : 1
[2019-09-30 16:55:56.279] [INFO ] [ScanThreadProc] [MProtocolProxy][unit_EventScanReceived] -BitOffEventReport is false, Trx : L2_Port#1LoadRequestReport
[2019-09-30 16:55:56.282] [INFO ] [ScanThreadProc] [MNet3EScanUnit][ScanBit] -[EVENT] Local Name : L2 , Item Name: Port#1LoadRequestReport, Item Value : 0, index : 16
[2019-09-30 16:58:00.265] [INFO ] [ScanThreadProc] [ControlManager][PLCWriteLog] -{
, ==========================================
, Message Name     : Event 
, Transaction Name : 2019-09-30 16:58-00_19 
, MessageType      : MelsecEthernet 
, MachineName      : L2 
, Event Time       : 20190930165800265 
, Event Name       : L2_Port#1LoadRequestReport 
, Event Value      : 1 
, Return Code      : 0 
, Return Message   :  
}
[2019-09-30 16:58:00.268] [INFO ] [ScanThreadProc] [MNet3EScanUnit][ScanBit] -[EVENT] Local Name : L2 , Item Name: Port#1LoadRequestReport, Item Value : 1, index : 16
[2019-09-30 16:58:00.277] [INFO ] [EventProcessingProc] [ControlManager][EventProcessingProc] -EventQ.Dequeue! As soon as mqProxy will be Sending, Remind EventQ Size : 1
[2019-09-30 17:03:57.896] [INFO ] [ScanThreadProc] [Make3EProtocol][GetItemReadWord] -[ASCII] Item Name : CassetteId, Data : S517A0513
[2019-09-30 17:03:57.901] [INFO ] [ScanThreadProc] [ControlManager][PLCWriteLog] -{
, ==========================================
, Message Name     : Event 
, Transaction Name : 2019-09-30 17:03-57_20 
, MessageType      : MelsecEthernet 
, MachineName      : L2 
, Event Time       : 20190930170357866 
, Event Name       : L2_Port#2UnloadRequestReport 
, Event Value      : 1 
, Return Code      : 0 
, Return Message   :  
, Read BlockName : L2_W_Port#2UnloadRequestReportBlock 
, ==Read Item List== 
, Read ItemName : CassetteId, Value : S517A0513 
}
[2019-09-30 17:03:57.903] [INFO ] [ScanThreadProc] [MNet3EScanUnit][ScanBit] -[EVENT] Local Name : L2 , Item Name: Port#2UnloadRequestReport, Item Value : 1, index : 1
[2019-09-30 17:03:57.905] [INFO ] [EventProcessingProc] [ControlManager][EventProcessingProc] -EventQ.Dequeue! As soon as mqProxy will be Sending, Remind EventQ Size : 1
[2019-09-30 17:15:13.930] [INFO ] [ScanThreadProc] [Make3EProtocol][GetItemReadWord] -[ASCII] Item Name : CassetteId, Data : S517A0513
[2019-09-30 17:15:13.933] [INFO ] [ScanThreadProc] [ControlManager][PLCWriteLog] -{
, ==========================================
, Message Name     : Event 
, Transaction Name : 2019-09-30 17:15-13_21 
, MessageType      : MelsecEthernet 
, MachineName      : L2 
, Event Time       : 20190930171513899 
, Event Name       : L2_Port#2UnloadRequestReport 
, Event Value      : 0 
, Return Code      : 0 
, Return Message   :  
, Read BlockName : L2_W_Port#2UnloadRequestReportBlock 
, ==Read Item List== 
, Read ItemName : CassetteId, Value : S517A0513 
}
[2019-09-30 17:15:13.935] [INFO ] [ScanThreadProc] [MNet3EScanUnit][ScanBit] -[EVENT] Local Name : L2 , Item Name: Port#2UnloadRequestReport, Item Value : 0, index : 1
[2019-09-30 17:15:13.964] [INFO ] [EventProcessingProc] [ControlManager][EventProcessingProc] -EventQ.Dequeue! As soon as mqProxy will be Sending, Remind EventQ Size : 1
[2019-09-30 17:18:37.913] [INFO ] [ScanThreadProc] [MProtocolProxy][unit_EventScanReceived] -BitOffEventReport is false, Trx : L2_Port#1LoadRequestReport
[2019-09-30 17:18:37.916] [INFO ] [ScanThreadProc] [MNet3EScanUnit][ScanBit] -[EVENT] Local Name : L2 , Item Name: Port#1LoadRequestReport, Item Value : 0, index : 16
[2019-09-30 17:18:49.133] [INFO ] [ScanThreadProc] [Make3EProtocol][GetItemReadWord] -[ASCII] Item Name : CassetteId, Data : S517A0576
[2019-09-30 17:18:49.134] [INFO ] [ScanThreadProc] [ControlManager][PLCWriteLog] -{
, ==========================================
, Message Name     : Event 
, Transaction Name : 2019-09-30 17:18-49_22 
, MessageType      : MelsecEthernet 
, MachineName      : L2 
, Event Time       : 20190930171849113 
, Event Name       : L2_Port#2UnloadRequestReport 
, Event Value      : 1 
, Return Code      : 0 
, Return Message   :  
, Read BlockName : L2_W_Port#2UnloadRequestReportBlock 
, ==Read Item List== 
, Read ItemName : CassetteId, Value : S517A0576 
}
[2019-09-30 17:18:49.134] [INFO ] [ScanThreadProc] [MNet3EScanUnit][ScanBit] -[EVENT] Local Name : L2 , Item Name: Port#2UnloadRequestReport, Item Value : 1, index : 1
[2019-09-30 17:18:49.143] [INFO ] [EventProcessingProc] [ControlManager][EventProcessingProc] -EventQ.Dequeue! As soon as mqProxy will be Sending, Remind EventQ Size : 1
[2019-09-30 17:19:23.542] [INFO ] [ScanThreadProc] [Make3EProtocol][GetItemReadWord] -[ASCII] Item Name : CassetteId, Data : S517A0576
[2019-09-30 17:19:23.544] [INFO ] [ScanThreadProc] [ControlManager][PLCWriteLog] -{
, ==========================================
, Message Name     : Event 
, Transaction Name : 2019-09-30 17:19-23_23 
, MessageType      : MelsecEthernet 
, MachineName      : L2 
, Event Time       : 20190930171923522 
, Event Name       : L2_Port#2UnloadRequestReport 
, Event Value      : 0 
, Return Code      : 0 
, Return Message   :  
, Read BlockName : L2_W_Port#2UnloadRequestReportBlock 
, ==Read Item List== 
, Read ItemName : CassetteId, Value : S517A0576 
}
[2019-09-30 17:19:23.546] [INFO ] [ScanThreadProc] [MNet3EScanUnit][ScanBit] -[EVENT] Local Name : L2 , Item Name: Port#2UnloadRequestReport, Item Value : 0, index : 1
[2019-09-30 17:19:23.558] [INFO ] [EventProcessingProc] [ControlManager][EventProcessingProc] -EventQ.Dequeue! As soon as mqProxy will be Sending, Remind EventQ Size : 1
[2019-09-30 17:20:41.920] [INFO ] [ScanThreadProc] [ControlManager][PLCWriteLog] -{
, ==========================================
, Message Name     : Event 
, Transaction Name : 2019-09-30 17:20-41_24 
, MessageType      : MelsecEthernet 
, MachineName      : L2 
, Event Time       : 20190930172041920 
, Event Name       : L2_Port#1LoadRequestReport 
, Event Value      : 1 
, Return Code      : 0 
, Return Message   :  
}
[2019-09-30 17:20:41.922] [INFO ] [ScanThreadProc] [MNet3EScanUnit][ScanBit] -[EVENT] Local Name : L2 , Item Name: Port#1LoadRequestReport, Item Value : 1, index : 16
[2019-09-30 17:20:41.933] [INFO ] [EventProcessingProc] [ControlManager][EventProcessingProc] -EventQ.Dequeue! As soon as mqProxy will be Sending, Remind EventQ Size : 1
[2019-09-30 17:23:48.335] [INFO ] [ScanThreadProc] [MProtocolProxy][unit_EventScanReceived] -BitOffEventReport is false, Trx : L2_Port#1LoadRequestReport
[2019-09-30 17:23:48.338] [INFO ] [ScanThreadProc] [MNet3EScanUnit][ScanBit] -[EVENT] Local Name : L2 , Item Name: Port#1LoadRequestReport, Item Value : 0, index : 16
[2019-09-30 17:25:51.532] [INFO ] [ScanThreadProc] [ControlManager][PLCWriteLog] -{
, ==========================================
, Message Name     : Event 
, Transaction Name : 2019-09-30 17:25-51_25 
, MessageType      : MelsecEthernet 
, MachineName      : L2 
, Event Time       : 20190930172551532 
, Event Name       : L2_Port#1LoadRequestReport 
, Event Value      : 1 
, Return Code      : 0 
, Return Message   :  
}
[2019-09-30 17:25:51.534] [INFO ] [ScanThreadProc] [MNet3EScanUnit][ScanBit] -[EVENT] Local Name : L2 , Item Name: Port#1LoadRequestReport, Item Value : 1, index : 16
[2019-09-30 17:25:51.567] [INFO ] [EventProcessingProc] [ControlManager][EventProcessingProc] -EventQ.Dequeue! As soon as mqProxy will be Sending, Remind EventQ Size : 1
[2019-09-30 17:29:16.367] [INFO ] [ScanThreadProc] [MProtocolProxy][unit_EventScanReceived] -BitOffEventReport is false, Trx : L2_Port#1LoadRequestReport
[2019-09-30 17:29:16.370] [INFO ] [ScanThreadProc] [MNet3EScanUnit][ScanBit] -[EVENT] Local Name : L2 , Item Name: Port#1LoadRequestReport, Item Value : 0, index : 16
[2019-09-30 17:31:19.564] [INFO ] [ScanThreadProc] [ControlManager][PLCWriteLog] -{
, ==========================================
, Message Name     : Event 
, Transaction Name : 2019-09-30 17:31-19_26 
, MessageType      : MelsecEthernet 
, MachineName      : L2 
, Event Time       : 20190930173119564 
, Event Name       : L2_Port#1LoadRequestReport 
, Event Value      : 1 
, Return Code      : 0 
, Return Message   :  
}
[2019-09-30 17:31:19.565] [INFO ] [ScanThreadProc] [MNet3EScanUnit][ScanBit] -[EVENT] Local Name : L2 , Item Name: Port#1LoadRequestReport, Item Value : 1, index : 16
[2019-09-30 17:31:19.569] [INFO ] [EventProcessingProc] [ControlManager][EventProcessingProc] -EventQ.Dequeue! As soon as mqProxy will be Sending, Remind EventQ Size : 1
[2019-09-30 17:31:49.193] [INFO ] [ScanThreadProc] [Make3EProtocol][GetItemReadWord] -[ASCII] Item Name : CassetteId, Data : S517A5223
[2019-09-30 17:31:49.195] [INFO ] [ScanThreadProc] [ControlManager][PLCWriteLog] -{
, ==========================================
, Message Name     : Event 
, Transaction Name : 2019-09-30 17:31-49_27 
, MessageType      : MelsecEthernet 
, MachineName      : L2 
, Event Time       : 20190930173149173 
, Event Name       : L2_Port#2UnloadRequestReport 
, Event Value      : 1 
, Return Code      : 0 
, Return Message   :  
, Read BlockName : L2_W_Port#2UnloadRequestReportBlock 
, ==Read Item List== 
, Read ItemName : CassetteId, Value : S517A5223 
}
[2019-09-30 17:31:49.198] [INFO ] [ScanThreadProc] [MNet3EScanUnit][ScanBit] -[EVENT] Local Name : L2 , Item Name: Port#2UnloadRequestReport, Item Value : 1, index : 1
[2019-09-30 17:31:49.199] [INFO ] [EventProcessingProc] [ControlManager][EventProcessingProc] -EventQ.Dequeue! As soon as mqProxy will be Sending, Remind EventQ Size : 1
[2019-09-30 17:32:21.192] [INFO ] [ScanThreadProc] [Make3EProtocol][GetItemReadWord] -[ASCII] Item Name : CassetteId, Data : S517A5223
[2019-09-30 17:32:21.194] [INFO ] [ScanThreadProc] [ControlManager][PLCWriteLog] -{
, ==========================================
, Message Name     : Event 
, Transaction Name : 2019-09-30 17:32-21_28 
, MessageType      : MelsecEthernet 
, MachineName      : L2 
, Event Time       : 20190930173221172 
, Event Name       : L2_Port#2UnloadRequestReport 
, Event Value      : 0 
, Return Code      : 0 
, Return Message   :  
, Read BlockName : L2_W_Port#2UnloadRequestReportBlock 
, ==Read Item List== 
, Read ItemName : CassetteId, Value : S517A5223 
}
[2019-09-30 17:32:21.196] [INFO ] [ScanThreadProc] [MNet3EScanUnit][ScanBit] -[EVENT] Local Name : L2 , Item Name: Port#2UnloadRequestReport, Item Value : 0, index : 1
[2019-09-30 17:32:21.199] [INFO ] [EventProcessingProc] [ControlManager][EventProcessingProc] -EventQ.Dequeue! As soon as mqProxy will be Sending, Remind EventQ Size : 1
[2019-09-30 17:34:45.989] [INFO ] [ScanThreadProc] [MProtocolProxy][unit_EventScanReceived] -BitOffEventReport is false, Trx : L2_Port#1LoadRequestReport
[2019-09-30 17:34:45.991] [INFO ] [ScanThreadProc] [MNet3EScanUnit][ScanBit] -[EVENT] Local Name : L2 , Item Name: Port#1LoadRequestReport, Item Value : 0, index : 16
[2019-09-30 17:36:49.995] [INFO ] [ScanThreadProc] [ControlManager][PLCWriteLog] -{
, ==========================================
, Message Name     : Event 
, Transaction Name : 2019-09-30 17:36-49_29 
, MessageType      : MelsecEthernet 
, MachineName      : L2 
, Event Time       : 20190930173649995 
, Event Name       : L2_Port#1LoadRequestReport 
, Event Value      : 1 
, Return Code      : 0 
, Return Message   :  
}
[2019-09-30 17:36:49.998] [INFO ] [ScanThreadProc] [MNet3EScanUnit][ScanBit] -[EVENT] Local Name : L2 , Item Name: Port#1LoadRequestReport, Item Value : 1, index : 16
[2019-09-30 17:36:50.030] [INFO ] [EventProcessingProc] [ControlManager][EventProcessingProc] -EventQ.Dequeue! As soon as mqProxy will be Sending, Remind EventQ Size : 1
[2019-09-30 17:39:26.001] [INFO ] [ScanThreadProc] [MProtocolProxy][unit_EventScanReceived] -BitOffEventReport is false, Trx : L2_Port#1LoadRequestReport
[2019-09-30 17:39:26.004] [INFO ] [ScanThreadProc] [MNet3EScanUnit][ScanBit] -[EVENT] Local Name : L2 , Item Name: Port#1LoadRequestReport, Item Value : 0, index : 16
[2019-09-30 17:41:29.208] [INFO ] [ScanThreadProc] [ControlManager][PLCWriteLog] -{
, ==========================================
, Message Name     : Event 
, Transaction Name : 2019-09-30 17:41-29_30 
, MessageType      : MelsecEthernet 
, MachineName      : L2 
, Event Time       : 20190930174129208 
, Event Name       : L2_Port#1LoadRequestReport 
, Event Value      : 1 
, Return Code      : 0 
, Return Message   :  
}
[2019-09-30 17:41:29.211] [INFO ] [ScanThreadProc] [MNet3EScanUnit][ScanBit] -[EVENT] Local Name : L2 , Item Name: Port#1LoadRequestReport, Item Value : 1, index : 16
[2019-09-30 17:41:29.228] [INFO ] [EventProcessingProc] [ControlManager][EventProcessingProc] -EventQ.Dequeue! As soon as mqProxy will be Sending, Remind EventQ Size : 1
[2019-09-30 17:42:46.826] [INFO ] [ScanThreadProc] [Make3EProtocol][GetItemReadWord] -[ASCII] Item Name : CassetteId, Data : S517A0513
[2019-09-30 17:42:46.829] [INFO ] [ScanThreadProc] [ControlManager][PLCWriteLog] -{
, ==========================================
, Message Name     : Event 
, Transaction Name : 2019-09-30 17:42-46_31 
, MessageType      : MelsecEthernet 
, MachineName      : L2 
, Event Time       : 20190930174246806 
, Event Name       : L2_Port#2UnloadRequestReport 
, Event Value      : 1 
, Return Code      : 0 
, Return Message   :  
, Read BlockName : L2_W_Port#2UnloadRequestReportBlock 
, ==Read Item List== 
, Read ItemName : CassetteId, Value : S517A0513 
}
[2019-09-30 17:42:46.830] [INFO ] [ScanThreadProc] [MNet3EScanUnit][ScanBit] -[EVENT] Local Name : L2 , Item Name: Port#2UnloadRequestReport, Item Value : 1, index : 1
[2019-09-30 17:42:46.838] [INFO ] [EventProcessingProc] [ControlManager][EventProcessingProc] -EventQ.Dequeue! As soon as mqProxy will be Sending, Remind EventQ Size : 1
[2019-09-30 17:43:07.606] [INFO ] [ScanThreadProc] [MProtocolProxy][unit_EventScanReceived] -BitOffEventReport is false, Trx : L2_Port#1LoadRequestReport
[2019-09-30 17:43:07.608] [INFO ] [ScanThreadProc] [MNet3EScanUnit][ScanBit] -[EVENT] Local Name : L2 , Item Name: Port#1LoadRequestReport, Item Value : 0, index : 16
[2019-09-30 17:43:38.836] [INFO ] [ScanThreadProc] [Make3EProtocol][GetItemReadWord] -[ASCII] Item Name : CassetteId, Data : S517A0513
[2019-09-30 17:43:38.838] [INFO ] [ScanThreadProc] [ControlManager][PLCWriteLog] -{
, ==========================================
, Message Name     : Event 
, Transaction Name : 2019-09-30 17:43-38_32 
, MessageType      : MelsecEthernet 
, MachineName      : L2 
, Event Time       : 20190930174338815 
, Event Name       : L2_Port#2UnloadRequestReport 
, Event Value      : 0 
, Return Code      : 0 
, Return Message   :  
, Read BlockName : L2_W_Port#2UnloadRequestReportBlock 
, ==Read Item List== 
, Read ItemName : CassetteId, Value : S517A0513 
}
[2019-09-30 17:43:38.840] [INFO ] [ScanThreadProc] [MNet3EScanUnit][ScanBit] -[EVENT] Local Name : L2 , Item Name: Port#2UnloadRequestReport, Item Value : 0, index : 1
[2019-09-30 17:43:38.842] [INFO ] [EventProcessingProc] [ControlManager][EventProcessingProc] -EventQ.Dequeue! As soon as mqProxy will be Sending, Remind EventQ Size : 1
[2019-09-30 17:45:54.811] [INFO ] [ScanThreadProc] [ControlManager][PLCWriteLog] -{
, ==========================================
, Message Name     : Event 
, Transaction Name : 2019-09-30 17:45-54_33 
, MessageType      : MelsecEthernet 
, MachineName      : L2 
, Event Time       : 20190930174554811 
, Event Name       : L2_Port#1LoadRequestReport 
, Event Value      : 1 
, Return Code      : 0 
, Return Message   :  
}
[2019-09-30 17:45:54.817] [INFO ] [EventProcessingProc] [ControlManager][EventProcessingProc] -EventQ.Dequeue! As soon as mqProxy will be Sending, Remind EventQ Size : 1
[2019-09-30 17:45:54.817] [INFO ] [ScanThreadProc] [MNet3EScanUnit][ScanBit] -[EVENT] Local Name : L2 , Item Name: Port#1LoadRequestReport, Item Value : 1, index : 16
[2019-09-30 17:47:42.828] [INFO ] [ScanThreadProc] [Make3EProtocol][GetItemReadWord] -[ASCII] Item Name : CassetteId, Data : S517A0352
[2019-09-30 17:47:42.831] [INFO ] [ScanThreadProc] [ControlManager][PLCWriteLog] -{
, ==========================================
, Message Name     : Event 
, Transaction Name : 2019-09-30 17:47-42_34 
, MessageType      : MelsecEthernet 
, MachineName      : L2 
, Event Time       : 20190930174742808 
, Event Name       : L2_Port#2UnloadRequestReport 
, Event Value      : 1 
, Return Code      : 0 
, Return Message   :  
, Read BlockName : L2_W_Port#2UnloadRequestReportBlock 
, ==Read Item List== 
, Read ItemName : CassetteId, Value : S517A0352 
}
[2019-09-30 17:47:42.833] [INFO ] [ScanThreadProc] [MNet3EScanUnit][ScanBit] -[EVENT] Local Name : L2 , Item Name: Port#2UnloadRequestReport, Item Value : 1, index : 1
[2019-09-30 17:47:42.831] [INFO ] [EventProcessingProc] [ControlManager][EventProcessingProc] -EventQ.Dequeue! As soon as mqProxy will be Sending, Remind EventQ Size : 1
[2019-09-30 17:49:39.645] [INFO ] [ScanThreadProc] [Make3EProtocol][GetItemReadWord] -[ASCII] Item Name : CassetteId, Data : S517A0352
[2019-09-30 17:49:39.648] [INFO ] [ScanThreadProc] [ControlManager][PLCWriteLog] -{
, ==========================================
, Message Name     : Event 
, Transaction Name : 2019-09-30 17:49-39_35 
, MessageType      : MelsecEthernet 
, MachineName      : L2 
, Event Time       : 20190930174939625 
, Event Name       : L2_Port#2UnloadRequestReport 
, Event Value      : 0 
, Return Code      : 0 
, Return Message   :  
, Read BlockName : L2_W_Port#2UnloadRequestReportBlock 
, ==Read Item List== 
, Read ItemName : CassetteId, Value : S517A0352 
}
[2019-09-30 17:49:39.650] [INFO ] [ScanThreadProc] [MNet3EScanUnit][ScanBit] -[EVENT] Local Name : L2 , Item Name: Port#2UnloadRequestReport, Item Value : 0, index : 1
[2019-09-30 17:49:39.671] [INFO ] [EventProcessingProc] [ControlManager][EventProcessingProc] -EventQ.Dequeue! As soon as mqProxy will be Sending, Remind EventQ Size : 1
[2019-09-30 17:53:02.061] [INFO ] [ScanThreadProc] [Make3EProtocol][GetItemReadWord] -[ASCII] Item Name : CassetteId, Data : S517A8211
[2019-09-30 17:53:02.064] [INFO ] [ScanThreadProc] [ControlManager][PLCWriteLog] -{
, ==========================================
, Message Name     : Event 
, Transaction Name : 2019-09-30 17:53-02_36 
, MessageType      : MelsecEthernet 
, MachineName      : L2 
, Event Time       : 20190930175302031 
, Event Name       : L2_Port#2UnloadRequestReport 
, Event Value      : 1 
, Return Code      : 0 
, Return Message   :  
, Read BlockName : L2_W_Port#2UnloadRequestReportBlock 
, ==Read Item List== 
, Read ItemName : CassetteId, Value : S517A8211 
}
[2019-09-30 17:53:02.066] [INFO ] [ScanThreadProc] [MNet3EScanUnit][ScanBit] -[EVENT] Local Name : L2 , Item Name: Port#2UnloadRequestReport, Item Value : 1, index : 1
[2019-09-30 17:53:02.097] [INFO ] [EventProcessingProc] [ControlManager][EventProcessingProc] -EventQ.Dequeue! As soon as mqProxy will be Sending, Remind EventQ Size : 1
[2019-09-30 17:54:49.227] [INFO ] [ScanThreadProc] [MProtocolProxy][unit_EventScanReceived] -BitOffEventReport is false, Trx : L2_Port#1LoadRequestReport
[2019-09-30 17:54:49.229] [INFO ] [ScanThreadProc] [MNet3EScanUnit][ScanBit] -[EVENT] Local Name : L2 , Item Name: Port#1LoadRequestReport, Item Value : 0, index : 16
[2019-09-30 17:56:52.434] [INFO ] [ScanThreadProc] [ControlManager][PLCWriteLog] -{
, ==========================================
, Message Name     : Event 
, Transaction Name : 2019-09-30 17:56-52_37 
, MessageType      : MelsecEthernet 
, MachineName      : L2 
, Event Time       : 20190930175652434 
, Event Name       : L2_Port#1LoadRequestReport 
, Event Value      : 1 
, Return Code      : 0 
, Return Message   :  
}
[2019-09-30 17:56:52.437] [INFO ] [ScanThreadProc] [MNet3EScanUnit][ScanBit] -[EVENT] Local Name : L2 , Item Name: Port#1LoadRequestReport, Item Value : 1, index : 16
[2019-09-30 17:56:52.443] [INFO ] [EventProcessingProc] [ControlManager][EventProcessingProc] -EventQ.Dequeue! As soon as mqProxy will be Sending, Remind EventQ Size : 1
[2019-09-30 17:58:08.472] [INFO ] [ScanThreadProc] [Make3EProtocol][GetItemReadWord] -[ASCII] Item Name : CassetteId, Data : S517A8211
[2019-09-30 17:58:08.475] [INFO ] [ScanThreadProc] [ControlManager][PLCWriteLog] -{
, ==========================================
, Message Name     : Event 
, Transaction Name : 2019-09-30 17:58-08_38 
, MessageType      : MelsecEthernet 
, MachineName      : L2 
, Event Time       : 20190930175808443 
, Event Name       : L2_Port#2UnloadRequestReport 
, Event Value      : 0 
, Return Code      : 0 
, Return Message   :  
, Read BlockName : L2_W_Port#2UnloadRequestReportBlock 
, ==Read Item List== 
, Read ItemName : CassetteId, Value : S517A8211 
}
[2019-09-30 17:58:08.477] [INFO ] [ScanThreadProc] [MNet3EScanUnit][ScanBit] -[EVENT] Local Name : L2 , Item Name: Port#2UnloadRequestReport, Item Value : 0, index : 1
[2019-09-30 17:58:08.496] [INFO ] [EventProcessingProc] [ControlManager][EventProcessingProc] -EventQ.Dequeue! As soon as mqProxy will be Sending, Remind EventQ Size : 1
[2019-09-30 18:01:02.048] [INFO ] [ScanThreadProc] [MProtocolProxy][unit_EventScanReceived] -BitOffEventReport is false, Trx : L2_Port#1LoadRequestReport
[2019-09-30 18:01:02.051] [INFO ] [ScanThreadProc] [MNet3EScanUnit][ScanBit] -[EVENT] Local Name : L2 , Item Name: Port#1LoadRequestReport, Item Value : 0, index : 16
[2019-09-30 18:02:01.266] [INFO ] [ScanThreadProc] [Make3EProtocol][GetItemReadWord] -[ASCII] Item Name : CassetteId, Data : S517A0612
[2019-09-30 18:02:01.269] [INFO ] [ScanThreadProc] [ControlManager][PLCWriteLog] -{
, ==========================================
, Message Name     : Event 
, Transaction Name : 2019-09-30 18:02-01_39 
, MessageType      : MelsecEthernet 
, MachineName      : L2 
, Event Time       : 20190930180201246 
, Event Name       : L2_Port#2UnloadRequestReport 
, Event Value      : 1 
, Return Code      : 0 
, Return Message   :  
, Read BlockName : L2_W_Port#2UnloadRequestReportBlock 
, ==Read Item List== 
, Read ItemName : CassetteId, Value : S517A0612 
}
[2019-09-30 18:02:01.270] [INFO ] [ScanThreadProc] [MNet3EScanUnit][ScanBit] -[EVENT] Local Name : L2 , Item Name: Port#2UnloadRequestReport, Item Value : 1, index : 1
[2019-09-30 18:02:01.304] [INFO ] [EventProcessingProc] [ControlManager][EventProcessingProc] -EventQ.Dequeue! As soon as mqProxy will be Sending, Remind EventQ Size : 1
[2019-09-30 18:04:17.263] [INFO ] [ScanThreadProc] [ControlManager][PLCWriteLog] -{
, ==========================================
, Message Name     : Event 
, Transaction Name : 2019-09-30 18:04-17_40 
, MessageType      : MelsecEthernet 
, MachineName      : L2 
, Event Time       : 20190930180417263 
, Event Name       : L2_Port#1LoadRequestReport 
, Event Value      : 1 
, Return Code      : 0 
, Return Message   :  
}
[2019-09-30 18:04:17.266] [INFO ] [ScanThreadProc] [MNet3EScanUnit][ScanBit] -[EVENT] Local Name : L2 , Item Name: Port#1LoadRequestReport, Item Value : 1, index : 16
[2019-09-30 18:04:17.267] [INFO ] [EventProcessingProc] [ControlManager][EventProcessingProc] -EventQ.Dequeue! As soon as mqProxy will be Sending, Remind EventQ Size : 1
[2019-09-30 18:04:40.502] [INFO ] [ScanThreadProc] [Make3EProtocol][GetItemReadWord] -[ASCII] Item Name : CassetteId, Data : S517A0612
[2019-09-30 18:04:40.504] [INFO ] [ScanThreadProc] [ControlManager][PLCWriteLog] -{
, ==========================================
, Message Name     : Event 
, Transaction Name : 2019-09-30 18:04-40_41 
, MessageType      : MelsecEthernet 
, MachineName      : L2 
, Event Time       : 20190930180440482 
, Event Name       : L2_Port#2UnloadRequestReport 
, Event Value      : 0 
, Return Code      : 0 
, Return Message   :  
, Read BlockName : L2_W_Port#2UnloadRequestReportBlock 
, ==Read Item List== 
, Read ItemName : CassetteId, Value : S517A0612 
}
[2019-09-30 18:04:40.506] [INFO ] [ScanThreadProc] [MNet3EScanUnit][ScanBit] -[EVENT] Local Name : L2 , Item Name: Port#2UnloadRequestReport, Item Value : 0, index : 1
[2019-09-30 18:04:40.521] [INFO ] [EventProcessingProc] [ControlManager][EventProcessingProc] -EventQ.Dequeue! As soon as mqProxy will be Sending, Remind EventQ Size : 1
[2019-09-30 18:07:54.897] [INFO ] [ScanThreadProc] [MProtocolProxy][unit_EventScanReceived] -BitOffEventReport is false, Trx : L2_Port#1LoadRequestReport
[2019-09-30 18:07:54.900] [INFO ] [ScanThreadProc] [MNet3EScanUnit][ScanBit] -[EVENT] Local Name : L2 , Item Name: Port#1LoadRequestReport, Item Value : 0, index : 16
[2019-09-30 18:09:58.104] [INFO ] [ScanThreadProc] [ControlManager][PLCWriteLog] -{
, ==========================================
, Message Name     : Event 
, Transaction Name : 2019-09-30 18:09-58_42 
, MessageType      : MelsecEthernet 
, MachineName      : L2 
, Event Time       : 20190930180958104 
, Event Name       : L2_Port#1LoadRequestReport 
, Event Value      : 1 
, Return Code      : 0 
, Return Message   :  
}
[2019-09-30 18:09:58.107] [INFO ] [ScanThreadProc] [MNet3EScanUnit][ScanBit] -[EVENT] Local Name : L2 , Item Name: Port#1LoadRequestReport, Item Value : 1, index : 16
[2019-09-30 18:09:58.128] [INFO ] [EventProcessingProc] [ControlManager][EventProcessingProc] -EventQ.Dequeue! As soon as mqProxy will be Sending, Remind EventQ Size : 1
[2019-09-30 18:10:07.723] [INFO ] [ScanThreadProc] [Make3EProtocol][GetItemReadWord] -[ASCII] Item Name : CassetteId, Data : S517A8400
[2019-09-30 18:10:07.724] [INFO ] [ScanThreadProc] [ControlManager][PLCWriteLog] -{
, ==========================================
, Message Name     : Event 
, Transaction Name : 2019-09-30 18:10-07_43 
, MessageType      : MelsecEthernet 
, MachineName      : L2 
, Event Time       : 20190930181007705 
, Event Name       : L2_Port#2UnloadRequestReport 
, Event Value      : 1 
, Return Code      : 0 
, Return Message   :  
, Read BlockName : L2_W_Port#2UnloadRequestReportBlock 
, ==Read Item List== 
, Read ItemName : CassetteId, Value : S517A8400 
}
[2019-09-30 18:10:07.725] [INFO ] [ScanThreadProc] [MNet3EScanUnit][ScanBit] -[EVENT] Local Name : L2 , Item Name: Port#2UnloadRequestReport, Item Value : 1, index : 1
[2019-09-30 18:10:07.734] [INFO ] [EventProcessingProc] [ControlManager][EventProcessingProc] -EventQ.Dequeue! As soon as mqProxy will be Sending, Remind EventQ Size : 1
[2019-09-30 18:10:38.924] [INFO ] [ScanThreadProc] [Make3EProtocol][GetItemReadWord] -[ASCII] Item Name : CassetteId, Data : S517A8400
[2019-09-30 18:10:38.926] [INFO ] [ScanThreadProc] [ControlManager][PLCWriteLog] -{
, ==========================================
, Message Name     : Event 
, Transaction Name : 2019-09-30 18:10-38_44 
, MessageType      : MelsecEthernet 
, MachineName      : L2 
, Event Time       : 20190930181038903 
, Event Name       : L2_Port#2UnloadRequestReport 
, Event Value      : 0 
, Return Code      : 0 
, Return Message   :  
, Read BlockName : L2_W_Port#2UnloadRequestReportBlock 
, ==Read Item List== 
, Read ItemName : CassetteId, Value : S517A8400 
}
[2019-09-30 18:10:38.928] [INFO ] [ScanThreadProc] [MNet3EScanUnit][ScanBit] -[EVENT] Local Name : L2 , Item Name: Port#2UnloadRequestReport, Item Value : 0, index : 1
[2019-09-30 18:10:38.930] [INFO ] [EventProcessingProc] [ControlManager][EventProcessingProc] -EventQ.Dequeue! As soon as mqProxy will be Sending, Remind EventQ Size : 1
[2019-09-30 18:13:02.900] [INFO ] [ScanThreadProc] [MProtocolProxy][unit_EventScanReceived] -BitOffEventReport is false, Trx : L2_Port#1LoadRequestReport
[2019-09-30 18:13:02.902] [INFO ] [ScanThreadProc] [MNet3EScanUnit][ScanBit] -[EVENT] Local Name : L2 , Item Name: Port#1LoadRequestReport, Item Value : 0, index : 16
[2019-09-30 18:15:06.926] [INFO ] [ScanThreadProc] [ControlManager][PLCWriteLog] -{
, ==========================================
, Message Name     : Event 
, Transaction Name : 2019-09-30 18:15-06_45 
, MessageType      : MelsecEthernet 
, MachineName      : L2 
, Event Time       : 20190930181506926 
, Event Name       : L2_Port#1LoadRequestReport 
, Event Value      : 1 
, Return Code      : 0 
, Return Message   :  
}
[2019-09-30 18:15:06.929] [INFO ] [ScanThreadProc] [MNet3EScanUnit][ScanBit] -[EVENT] Local Name : L2 , Item Name: Port#1LoadRequestReport, Item Value : 1, index : 16
[2019-09-30 18:15:06.927] [INFO ] [EventProcessingProc] [ControlManager][EventProcessingProc] -EventQ.Dequeue! As soon as mqProxy will be Sending, Remind EventQ Size : 1
[2019-09-30 18:16:30.964] [INFO ] [ScanThreadProc] [Make3EProtocol][GetItemReadWord] -[ASCII] Item Name : CassetteId, Data : S517A0680
[2019-09-30 18:16:30.966] [INFO ] [ScanThreadProc] [ControlManager][PLCWriteLog] -{
, ==========================================
, Message Name     : Event 
, Transaction Name : 2019-09-30 18:16-30_46 
, MessageType      : MelsecEthernet 
, MachineName      : L2 
, Event Time       : 20190930181630944 
, Event Name       : L2_Port#2UnloadRequestReport 
, Event Value      : 1 
, Return Code      : 0 
, Return Message   :  
, Read BlockName : L2_W_Port#2UnloadRequestReportBlock 
, ==Read Item List== 
, Read ItemName : CassetteId, Value : S517A0680 
}
[2019-09-30 18:16:30.968] [INFO ] [ScanThreadProc] [MNet3EScanUnit][ScanBit] -[EVENT] Local Name : L2 , Item Name: Port#2UnloadRequestReport, Item Value : 1, index : 1
[2019-09-30 18:16:30.983] [INFO ] [EventProcessingProc] [ControlManager][EventProcessingProc] -EventQ.Dequeue! As soon as mqProxy will be Sending, Remind EventQ Size : 1
[2019-09-30 18:17:02.163] [INFO ] [ScanThreadProc] [Make3EProtocol][GetItemReadWord] -[ASCII] Item Name : CassetteId, Data : S517A0680
[2019-09-30 18:17:02.166] [INFO ] [ScanThreadProc] [ControlManager][PLCWriteLog] -{
, ==========================================
, Message Name     : Event 
, Transaction Name : 2019-09-30 18:17-02_47 
, MessageType      : MelsecEthernet 
, MachineName      : L2 
, Event Time       : 20190930181702143 
, Event Name       : L2_Port#2UnloadRequestReport 
, Event Value      : 0 
, Return Code      : 0 
, Return Message   :  
, Read BlockName : L2_W_Port#2UnloadRequestReportBlock 
, ==Read Item List== 
, Read ItemName : CassetteId, Value : S517A0680 
}
[2019-09-30 18:17:02.167] [INFO ] [ScanThreadProc] [MNet3EScanUnit][ScanBit] -[EVENT] Local Name : L2 , Item Name: Port#2UnloadRequestReport, Item Value : 0, index : 1
[2019-09-30 18:17:02.170] [INFO ] [EventProcessingProc] [ControlManager][EventProcessingProc] -EventQ.Dequeue! As soon as mqProxy will be Sending, Remind EventQ Size : 1
[2019-09-30 18:21:31.786] [INFO ] [ScanThreadProc] [Make3EProtocol][GetItemReadWord] -[ASCII] Item Name : CassetteId, Data : S517A0513
[2019-09-30 18:21:31.789] [INFO ] [ScanThreadProc] [ControlManager][PLCWriteLog] -{
, ==========================================
, Message Name     : Event 
, Transaction Name : 2019-09-30 18:21-31_48 
, MessageType      : MelsecEthernet 
, MachineName      : L2 
, Event Time       : 20190930182131766 
, Event Name       : L2_Port#2UnloadRequestReport 
, Event Value      : 1 
, Return Code      : 0 
, Return Message   :  
, Read BlockName : L2_W_Port#2UnloadRequestReportBlock 
, ==Read Item List== 
, Read ItemName : CassetteId, Value : S517A0513 
}
[2019-09-30 18:21:31.791] [INFO ] [ScanThreadProc] [MNet3EScanUnit][ScanBit] -[EVENT] Local Name : L2 , Item Name: Port#2UnloadRequestReport, Item Value : 1, index : 1
[2019-09-30 18:21:31.826] [INFO ] [EventProcessingProc] [ControlManager][EventProcessingProc] -EventQ.Dequeue! As soon as mqProxy will be Sending, Remind EventQ Size : 1
[2019-09-30 18:23:25.403] [INFO ] [ScanThreadProc] [Make3EProtocol][GetItemReadWord] -[ASCII] Item Name : CassetteId, Data : S517A0513
[2019-09-30 18:23:25.407] [INFO ] [ScanThreadProc] [ControlManager][PLCWriteLog] -{
, ==========================================
, Message Name     : Event 
, Transaction Name : 2019-09-30 18:23-25_49 
, MessageType      : MelsecEthernet 
, MachineName      : L2 
, Event Time       : 20190930182325385 
, Event Name       : L2_Port#2UnloadRequestReport 
, Event Value      : 0 
, Return Code      : 0 
, Return Message   :  
, Read BlockName : L2_W_Port#2UnloadRequestReportBlock 
, ==Read Item List== 
, Read ItemName : CassetteId, Value : S517A0513 
}
[2019-09-30 18:23:25.409] [INFO ] [ScanThreadProc] [MNet3EScanUnit][ScanBit] -[EVENT] Local Name : L2 , Item Name: Port#2UnloadRequestReport, Item Value : 0, index : 1
[2019-09-30 18:23:25.426] [INFO ] [EventProcessingProc] [ControlManager][EventProcessingProc] -EventQ.Dequeue! As soon as mqProxy will be Sending, Remind EventQ Size : 1
[2019-09-30 18:26:51.008] [INFO ] [ScanThreadProc] [Make3EProtocol][GetItemReadWord] -[ASCII] Item Name : CassetteId, Data : S517A0352
[2019-09-30 18:26:51.011] [INFO ] [ScanThreadProc] [ControlManager][PLCWriteLog] -{
, ==========================================
, Message Name     : Event 
, Transaction Name : 2019-09-30 18:26-51_50 
, MessageType      : MelsecEthernet 
, MachineName      : L2 
, Event Time       : 20190930182650988 
, Event Name       : L2_Port#2UnloadRequestReport 
, Event Value      : 1 
, Return Code      : 0 
, Return Message   :  
, Read BlockName : L2_W_Port#2UnloadRequestReportBlock 
, ==Read Item List== 
, Read ItemName : CassetteId, Value : S517A0352 
}
[2019-09-30 18:26:51.013] [INFO ] [ScanThreadProc] [MNet3EScanUnit][ScanBit] -[EVENT] Local Name : L2 , Item Name: Port#2UnloadRequestReport, Item Value : 1, index : 1
[2019-09-30 18:26:51.014] [INFO ] [EventProcessingProc] [ControlManager][EventProcessingProc] -EventQ.Dequeue! As soon as mqProxy will be Sending, Remind EventQ Size : 1
[2019-09-30 18:28:13.406] [INFO ] [ScanThreadProc] [Make3EProtocol][GetItemReadWord] -[ASCII] Item Name : CassetteId, Data : S517A0352
[2019-09-30 18:28:13.409] [INFO ] [ScanThreadProc] [ControlManager][PLCWriteLog] -{
, ==========================================
, Message Name     : Event 
, Transaction Name : 2019-09-30 18:28-13_51 
, MessageType      : MelsecEthernet 
, MachineName      : L2 
, Event Time       : 20190930182813386 
, Event Name       : L2_Port#2UnloadRequestReport 
, Event Value      : 0 
, Return Code      : 0 
, Return Message   :  
, Read BlockName : L2_W_Port#2UnloadRequestReportBlock 
, ==Read Item List== 
, Read ItemName : CassetteId, Value : S517A0352 
}
[2019-09-30 18:28:13.410] [INFO ] [ScanThreadProc] [MNet3EScanUnit][ScanBit] -[EVENT] Local Name : L2 , Item Name: Port#2UnloadRequestReport, Item Value : 0, index : 1
[2019-09-30 18:28:13.410] [INFO ] [EventProcessingProc] [ControlManager][EventProcessingProc] -EventQ.Dequeue! As soon as mqProxy will be Sending, Remind EventQ Size : 1
[2019-09-30 18:36:03.014] [INFO ] [ScanThreadProc] [Make3EProtocol][GetItemReadWord] -[ASCII] Item Name : CassetteId, Data : S517A1005
[2019-09-30 18:36:03.017] [INFO ] [ScanThreadProc] [ControlManager][PLCWriteLog] -{
, ==========================================
, Message Name     : Event 
, Transaction Name : 2019-09-30 18:36-03_52 
, MessageType      : MelsecEthernet 
, MachineName      : L2 
, Event Time       : 20190930183602994 
, Event Name       : L2_Port#2UnloadRequestReport 
, Event Value      : 1 
, Return Code      : 0 
, Return Message   :  
, Read BlockName : L2_W_Port#2UnloadRequestReportBlock 
, ==Read Item List== 
, Read ItemName : CassetteId, Value : S517A1005 
}
[2019-09-30 18:36:03.019] [INFO ] [ScanThreadProc] [MNet3EScanUnit][ScanBit] -[EVENT] Local Name : L2 , Item Name: Port#2UnloadRequestReport, Item Value : 1, index : 1
[2019-09-30 18:36:03.033] [INFO ] [EventProcessingProc] [ControlManager][EventProcessingProc] -EventQ.Dequeue! As soon as mqProxy will be Sending, Remind EventQ Size : 1
[2019-09-30 18:38:23.030] [INFO ] [ScanThreadProc] [Make3EProtocol][GetItemReadWord] -[ASCII] Item Name : CassetteId, Data : S517A1005
[2019-09-30 18:38:23.033] [INFO ] [ScanThreadProc] [ControlManager][PLCWriteLog] -{
, ==========================================
, Message Name     : Event 
, Transaction Name : 2019-09-30 18:38-23_53 
, MessageType      : MelsecEthernet 
, MachineName      : L2 
, Event Time       : 20190930183823011 
, Event Name       : L2_Port#2UnloadRequestReport 
, Event Value      : 0 
, Return Code      : 0 
, Return Message   :  
, Read BlockName : L2_W_Port#2UnloadRequestReportBlock 
, ==Read Item List== 
, Read ItemName : CassetteId, Value : S517A1005 
}
[2019-09-30 18:38:23.036] [INFO ] [ScanThreadProc] [MNet3EScanUnit][ScanBit] -[EVENT] Local Name : L2 , Item Name: Port#2UnloadRequestReport, Item Value : 0, index : 1
[2019-09-30 18:38:23.038] [INFO ] [EventProcessingProc] [ControlManager][EventProcessingProc] -EventQ.Dequeue! As soon as mqProxy will be Sending, Remind EventQ Size : 1
