[2019-10-10 09:08:59.742] [INFO ] [ScanThreadProc] [MProtocolProxy][unit_EventScanReceived] -BitOffEventReport is false, Trx : L2_Port#1LoadRequestReport
[2019-10-10 09:08:59.757] [INFO ] [ScanThreadProc] [MNet3EScanUnit][ScanBit] -[EVENT] Local Name : L2 , Item Name: Port#1LoadRequestReport, Item Value : 0, index : 16
[2019-10-10 09:11:03.749] [INFO ] [ScanThreadProc] [ControlManager][PLCWriteLog] -{
, ==========================================
, Message Name     : Event 
, Transaction Name : 2019-10-10 09:11-03_54 
, MessageType      : MelsecEthernet 
, MachineName      : L2 
, Event Time       : 20191010091103749 
, Event Name       : L2_Port#1LoadRequestReport 
, Event Value      : 1 
, Return Code      : 0 
, Return Message   :  
}
[2019-10-10 09:11:03.751] [INFO ] [ScanThreadProc] [MNet3EScanUnit][ScanBit] -[EVENT] Local Name : L2 , Item Name: Port#1LoadRequestReport, Item Value : 1, index : 16
[2019-10-10 09:11:03.782] [INFO ] [EventProcessingProc] [ControlManager][EventProcessingProc] -EventQ.Dequeue! As soon as mqProxy will be Sending, Remind EventQ Size : 1
[2019-10-10 09:28:11.611] [ERROR] [ScanThreadProc] [Make3EProtocol][Reader] -[Error] IOException Error : 无法从传输连接中读取数据: 由于连接方在一段时间后没有正确答复或连接的主机没有反应，连接尝试失败。。
[2019-10-10 09:28:11.612] [INFO ] [ScanThreadProc] [ControlManager][PLCWriteLog] -{
, ==========================================
, Message Name     : Event 
, Transaction Name : 2019-10-10 09:28-11_55 
, MessageType      : MelsecEthernet 
, MachineName      : L2 
, Event Time       : 20191010092802982 
, Event Name       : L2_Port#2UnloadRequestReport 
, Event Value      : 1 
, Return Code      : 0 
, Return Message   :  
, Read BlockName : L2_W_Port#2UnloadRequestReportBlock 
, ==Read Item List== 
}
[2019-10-10 09:28:11.613] [INFO ] [ScanThreadProc] [MNet3EScanUnit][ScanBit] -[EVENT] Local Name : L2 , Item Name: Port#2UnloadRequestReport, Item Value : 1, index : 1
[2019-10-10 09:28:11.628] [INFO ] [EventProcessingProc] [ControlManager][EventProcessingProc] -EventQ.Dequeue! As soon as mqProxy will be Sending, Remind EventQ Size : 1
[2019-10-10 09:32:40.015] [INFO ] [10] [ControlManager][Init] -Init ControlManager
[2019-10-10 09:32:40.380] [INFO ] [10] [MProtocolProxy][InitXml] -MProtocolProxy : InitXxml
[2019-10-10 09:32:40.386] [INFO ] [10] [MProtocolProxy][InitMEthernet] -MProtocolProxy : InitMEthernet
[2019-10-10 09:32:41.525] [ERROR] [10] [MNet3EUnit][Connect] -[Connection] Ethernet SocketException : 由于目标计算机积极拒绝，无法连接。 10.116.11.112:7006
[2019-10-10 09:32:41.532] [INFO ] [10] [MNet3EScanUnit][Connect] -[Connection] Melsec Connect Address : 10.116.11.112 , PortNo : 7007
[2019-10-10 09:32:41.535] [INFO ] [10] [MProtocolProxy][mPScanUnit_OnConnected] -Scan MelsecEthernet OnConnected : L2 
[2019-10-10 09:32:41.565] [INFO ] [ScanThreadProc] [MNet3EScanUnit][ScanBit] -[L2_B_LTM_H] Block Scan Started...
[2019-10-10 09:32:42.551] [ERROR] [17] [MNet3EUnit][Connect] -[Connection] Ethernet SocketException : 由于目标计算机积极拒绝，无法连接。 10.116.11.112:7006
[2019-10-10 09:32:44.596] [ERROR] [17] [MNet3EUnit][Connect] -[Connection] Ethernet SocketException : 由于目标计算机积极拒绝，无法连接。 10.116.11.112:7006
[2019-10-10 09:32:46.626] [ERROR] [17] [MNet3EUnit][Connect] -[Connection] Ethernet SocketException : 由于目标计算机积极拒绝，无法连接。 10.116.11.112:7006
[2019-10-10 09:32:48.647] [ERROR] [17] [MNet3EUnit][Connect] -[Connection] Ethernet SocketException : 由于目标计算机积极拒绝，无法连接。 10.116.11.112:7006
[2019-10-10 09:32:50.666] [ERROR] [17] [MNet3EUnit][Connect] -[Connection] Ethernet SocketException : 由于目标计算机积极拒绝，无法连接。 10.116.11.112:7006
[2019-10-10 09:32:51.993] [ERROR] [EventProcessingProc] [ControlManager][EventProcessingProc] -EventProcessingProc Error : 正在中止线程。
[2019-10-10 09:32:52.147] [ERROR] [TraceDataProcessingProc] [ControlManager][TraceDataProcessingProc] -TraceDataProcessingProc Error : 正在中止线程。
[2019-10-10 09:32:52.147] [ERROR] [RGADataProcessingProc] [ControlManager][RGADataProcessingProc] -TraceDataProcessingProc Error : 正在中止线程。
[2019-10-10 09:38:12.222] [INFO ] [8] [ControlManager][Init] -Init ControlManager
[2019-10-10 09:38:12.580] [INFO ] [8] [MProtocolProxy][InitXml] -MProtocolProxy : InitXxml
[2019-10-10 09:38:12.586] [INFO ] [8] [MProtocolProxy][InitMEthernet] -MProtocolProxy : InitMEthernet
[2019-10-10 09:38:12.590] [INFO ] [8] [MNet3EUnit][Connect] -[Connection] Melsec Connect Address : 10.116.11.112 , PortNo : 7007
[2019-10-10 09:38:12.593] [INFO ] [8] [MProtocolProxy][Unit_OnConnected] -MelsecEthernet OnConnected : L2 
[2019-10-10 09:38:13.673] [ERROR] [8] [MNet3EScanUnit][Connect] -[Connection] Ethernet SocketException : 由于目标计算机积极拒绝，无法连接。 10.116.11.112:7008
[2019-10-10 09:38:14.716] [ERROR] [ReConnectThreadProc] [MNet3EScanUnit][Connect] -[Connection] Ethernet SocketException : 由于目标计算机积极拒绝，无法连接。 10.116.11.112:7008
[2019-10-10 09:38:16.890] [ERROR] [ReConnectThreadProc] [MNet3EScanUnit][Connect] -[Connection] Ethernet SocketException : 由于目标计算机积极拒绝，无法连接。 10.116.11.112:7008
[2019-10-10 09:38:18.909] [ERROR] [ReConnectThreadProc] [MNet3EScanUnit][Connect] -[Connection] Ethernet SocketException : 由于目标计算机积极拒绝，无法连接。 10.116.11.112:7008
[2019-10-10 09:38:20.933] [ERROR] [ReConnectThreadProc] [MNet3EScanUnit][Connect] -[Connection] Ethernet SocketException : 由于目标计算机积极拒绝，无法连接。 10.116.11.112:7008
[2019-10-10 09:38:23.049] [ERROR] [ReConnectThreadProc] [MNet3EScanUnit][Connect] -[Connection] Ethernet SocketException : 由于目标计算机积极拒绝，无法连接。 10.116.11.112:7008
[2019-10-10 09:38:25.075] [ERROR] [ReConnectThreadProc] [MNet3EScanUnit][Connect] -[Connection] Ethernet SocketException : 由于目标计算机积极拒绝，无法连接。 10.116.11.112:7008
[2019-10-10 09:38:26.749] [ERROR] [8] [MNet3EScanUnit][Close] -System.NullReferenceException: 未将对象引用设置到对象的实例。
   在 EQPIO.MNetProtocol.MNet3EScanUnit.Close() 位置 d:\develop\CommonDll\EQPIO\EQPIO.MNetProtocol\MNet3EScanUnit.cs:行号 144
[2019-10-10 09:38:26.761] [ERROR] [EventProcessingProc] [ControlManager][EventProcessingProc] -EventProcessingProc Error : 正在中止线程。
[2019-10-10 09:38:26.773] [ERROR] [TraceDataProcessingProc] [ControlManager][TraceDataProcessingProc] -TraceDataProcessingProc Error : 正在中止线程。
[2019-10-10 09:38:26.786] [ERROR] [RGADataProcessingProc] [ControlManager][RGADataProcessingProc] -TraceDataProcessingProc Error : 正在中止线程。
[2019-10-10 09:44:41.845] [INFO ] [9] [ControlManager][Init] -Init ControlManager
[2019-10-10 09:44:42.188] [INFO ] [9] [MProtocolProxy][InitXml] -MProtocolProxy : InitXxml
[2019-10-10 09:44:42.195] [INFO ] [9] [MProtocolProxy][InitMEthernet] -MProtocolProxy : InitMEthernet
[2019-10-10 09:44:42.199] [INFO ] [9] [MNet3EUnit][Connect] -[Connection] Melsec Connect Address : 10.116.11.112 , PortNo : 7007
[2019-10-10 09:44:42.202] [INFO ] [9] [MProtocolProxy][Unit_OnConnected] -MelsecEthernet OnConnected : L2 
[2019-10-10 09:44:42.206] [INFO ] [9] [MNet3EScanUnit][Connect] -[Connection] Melsec Connect Address : 10.116.11.112 , PortNo : 7008
[2019-10-10 09:44:42.231] [INFO ] [9] [ControlManager][PLCWriteLog] -{
, ==========================================
, Message Name     : Connection 
, Transaction Name : 2019-10-10 09:44-42_1 
, MessageType      : MelsecEthernet 
, MachineName      : L2 
, Event Time       :  
, Event Name       :  
, Event Value      :  
, Return Code      : 0 
, Return Message   :  
}
[2019-10-10 09:44:42.233] [INFO ] [9] [MProtocolProxy][mPScanUnit_OnConnected] -Scan MelsecEthernet OnConnected : L2 
[2019-10-10 09:44:42.236] [INFO ] [ScanThreadProc] [MNet3EScanUnit][ScanBit] -[L2_B_LTM_H] Block Scan Started...
[2019-10-10 09:44:45.405] [INFO ] [mProtocol_OnEventReceived] [ControlManager][PLCWriteLog] -{
, ==========================================
, Message Name     : ReadRequest 
, Transaction Name : 20191010094445402_Server 
, MessageType      : ETHERNET 
, MachineName      : L2 
, Event Time       :  
, Event Name       : L2_BIT_AllPortState 
, Event Value      :  
, Return Code      : 0 
, Return Message   :  
, Read BlockName : L2_B_LTM_H 
, ==Read Item List== 
, Read ItemName : Port#2LoadRequestReport, Value :  
, Read ItemName : Port#2UnloadRequestReport, Value :  
, Read ItemName : Port#1LoadRequestReport, Value :  
, Read ItemName : Port#1UnloadRequestReport, Value :  
, Read BlockName : L2_W_Port#1UnloadRequestReportBlock 
, ==Read Item List== 
, Read ItemName : CassetteId, Value :  
, Read BlockName : L2_W_Port#2UnloadRequestReportBlock 
, ==Read Item List== 
, Read ItemName : CassetteId, Value :  
}
[2019-10-10 09:44:45.616] [INFO ] [mProtocol_OnEventReceived] [MNet3EUnit][ReadBit] -[ReadBit] Item Name : Port#2LoadRequestReport, Data : 0
[2019-10-10 09:44:45.798] [INFO ] [mProtocol_OnEventReceived] [MNet3EUnit][ReadBit] -[ReadBit] Item Name : Port#2UnloadRequestReport, Data : 1
[2019-10-10 09:44:45.798] [INFO ] [mProtocol_OnEventReceived] [MNet3EUnit][ReadBit] -[ReadBit] Item Name : Port#1LoadRequestReport, Data : 1
[2019-10-10 09:44:45.799] [INFO ] [mProtocol_OnEventReceived] [MNet3EUnit][ReadBit] -[ReadBit] Item Name : Port#1UnloadRequestReport, Data : 0
[2019-10-10 09:44:45.817] [INFO ] [mProtocol_OnEventReceived] [Make3EProtocol][GetItemReadWord] -[ASCII] Item Name : CassetteId, Data : 
[2019-10-10 09:44:46.016] [INFO ] [mProtocol_OnEventReceived] [Make3EProtocol][GetItemReadWord] -[ASCII] Item Name : CassetteId, Data : S517A0029
[2019-10-10 09:44:46.017] [INFO ] [mProtocol_OnEventReceived] [MProtocolProxy][ReadData] -ReadData
[2019-10-10 09:44:46.018] [INFO ] [mProtocol_OnEventReceived] [ControlManager][PLCWriteLog] -{
, ==========================================
, Message Name     : ReadReply 
, Transaction Name : 20191010094445402_Server 
, MessageType      : ETHERNET 
, MachineName      : L2 
, Event Time       :  
, Event Name       : L2_BIT_AllPortState 
, Event Value      :  
, Return Code      : 0 
, Return Message   :  
, Read BlockName : L2_B_LTM_H 
, ==Read Item List== 
, Read ItemName : Port#2LoadRequestReport, Value : 0 
, Read ItemName : Port#2UnloadRequestReport, Value : 1 
, Read ItemName : Port#1LoadRequestReport, Value : 1 
, Read ItemName : Port#1UnloadRequestReport, Value : 0 
, Read BlockName : L2_W_Port#1UnloadRequestReportBlock 
, ==Read Item List== 
, Read ItemName : CassetteId, Value :  
, Read BlockName : L2_W_Port#2UnloadRequestReportBlock 
, ==Read Item List== 
, Read ItemName : CassetteId, Value : S517A0029 
}
[2019-10-10 09:44:46.024] [INFO ] [EventProcessingProc] [ControlManager][EventProcessingProc] -EventQ.Dequeue! As soon as mqProxy will be Sending, Remind EventQ Size : 1
[2019-10-10 09:49:31.269] [INFO ] [ScanThreadProc] [Make3EProtocol][GetItemReadWord] -[ASCII] Item Name : CassetteId, Data : S517A0029
[2019-10-10 09:49:31.274] [INFO ] [ScanThreadProc] [ControlManager][PLCWriteLog] -{
, ==========================================
, Message Name     : Event 
, Transaction Name : 2019-10-10 09:49-31_2 
, MessageType      : MelsecEthernet 
, MachineName      : L2 
, Event Time       : 20191010094931243 
, Event Name       : L2_Port#2UnloadRequestReport 
, Event Value      : 0 
, Return Code      : 0 
, Return Message   :  
, Read BlockName : L2_W_Port#2UnloadRequestReportBlock 
, ==Read Item List== 
, Read ItemName : CassetteId, Value : S517A0029 
}
[2019-10-10 09:49:31.276] [INFO ] [ScanThreadProc] [MNet3EScanUnit][ScanBit] -[EVENT] Local Name : L2 , Item Name: Port#2UnloadRequestReport, Item Value : 0, index : 1
[2019-10-10 09:49:31.291] [INFO ] [EventProcessingProc] [ControlManager][EventProcessingProc] -EventQ.Dequeue! As soon as mqProxy will be Sending, Remind EventQ Size : 1
[2019-10-10 09:55:50.249] [INFO ] [ScanThreadProc] [MProtocolProxy][unit_EventScanReceived] -BitOffEventReport is false, Trx : L2_Port#1LoadRequestReport
[2019-10-10 09:55:50.251] [INFO ] [ScanThreadProc] [MNet3EScanUnit][ScanBit] -[EVENT] Local Name : L2 , Item Name: Port#1LoadRequestReport, Item Value : 0, index : 16
[2019-10-10 09:56:59.267] [INFO ] [ScanThreadProc] [Make3EProtocol][GetItemReadWord] -[ASCII] Item Name : CassetteId, Data : S517A0304
[2019-10-10 09:56:59.270] [INFO ] [ScanThreadProc] [ControlManager][PLCWriteLog] -{
, ==========================================
, Message Name     : Event 
, Transaction Name : 2019-10-10 09:56-59_3 
, MessageType      : MelsecEthernet 
, MachineName      : L2 
, Event Time       : 20191010095659247 
, Event Name       : L2_Port#2UnloadRequestReport 
, Event Value      : 1 
, Return Code      : 0 
, Return Message   :  
, Read BlockName : L2_W_Port#2UnloadRequestReportBlock 
, ==Read Item List== 
, Read ItemName : CassetteId, Value : S517A0304 
}
[2019-10-10 09:56:59.271] [INFO ] [ScanThreadProc] [MNet3EScanUnit][ScanBit] -[EVENT] Local Name : L2 , Item Name: Port#2UnloadRequestReport, Item Value : 1, index : 1
[2019-10-10 09:56:59.274] [INFO ] [EventProcessingProc] [ControlManager][EventProcessingProc] -EventQ.Dequeue! As soon as mqProxy will be Sending, Remind EventQ Size : 1
[2019-10-10 09:57:54.256] [INFO ] [ScanThreadProc] [ControlManager][PLCWriteLog] -{
, ==========================================
, Message Name     : Event 
, Transaction Name : 2019-10-10 09:57-54_4 
, MessageType      : MelsecEthernet 
, MachineName      : L2 
, Event Time       : 20191010095754256 
, Event Name       : L2_Port#1LoadRequestReport 
, Event Value      : 1 
, Return Code      : 0 
, Return Message   :  
}
[2019-10-10 09:57:54.258] [INFO ] [ScanThreadProc] [MNet3EScanUnit][ScanBit] -[EVENT] Local Name : L2 , Item Name: Port#1LoadRequestReport, Item Value : 1, index : 16
[2019-10-10 09:57:54.296] [INFO ] [EventProcessingProc] [ControlManager][EventProcessingProc] -EventQ.Dequeue! As soon as mqProxy will be Sending, Remind EventQ Size : 1
[2019-10-10 09:59:24.273] [INFO ] [ScanThreadProc] [Make3EProtocol][GetItemReadWord] -[ASCII] Item Name : CassetteId, Data : S517A0304
[2019-10-10 09:59:24.276] [INFO ] [ScanThreadProc] [ControlManager][PLCWriteLog] -{
, ==========================================
, Message Name     : Event 
, Transaction Name : 2019-10-10 09:59-24_5 
, MessageType      : MelsecEthernet 
, MachineName      : L2 
, Event Time       : 20191010095924253 
, Event Name       : L2_Port#2UnloadRequestReport 
, Event Value      : 0 
, Return Code      : 0 
, Return Message   :  
, Read BlockName : L2_W_Port#2UnloadRequestReportBlock 
, ==Read Item List== 
, Read ItemName : CassetteId, Value : S517A0304 
}
[2019-10-10 09:59:24.278] [INFO ] [ScanThreadProc] [MNet3EScanUnit][ScanBit] -[EVENT] Local Name : L2 , Item Name: Port#2UnloadRequestReport, Item Value : 0, index : 1
[2019-10-10 09:59:24.280] [INFO ] [EventProcessingProc] [ControlManager][EventProcessingProc] -EventQ.Dequeue! As soon as mqProxy will be Sending, Remind EventQ Size : 1
[2019-10-10 10:14:52.290] [INFO ] [ScanThreadProc] [Make3EProtocol][GetItemReadWord] -[ASCII] Item Name : CassetteId, Data : S517A0197
[2019-10-10 10:14:52.292] [INFO ] [ScanThreadProc] [ControlManager][PLCWriteLog] -{
, ==========================================
, Message Name     : Event 
, Transaction Name : 2019-10-10 10:14-52_6 
, MessageType      : MelsecEthernet 
, MachineName      : L2 
, Event Time       : 20191010101452269 
, Event Name       : L2_Port#2UnloadRequestReport 
, Event Value      : 1 
, Return Code      : 0 
, Return Message   :  
, Read BlockName : L2_W_Port#2UnloadRequestReportBlock 
, ==Read Item List== 
, Read ItemName : CassetteId, Value : S517A0197 
}
[2019-10-10 10:14:52.294] [INFO ] [ScanThreadProc] [MNet3EScanUnit][ScanBit] -[EVENT] Local Name : L2 , Item Name: Port#2UnloadRequestReport, Item Value : 1, index : 1
[2019-10-10 10:14:52.322] [INFO ] [EventProcessingProc] [ControlManager][EventProcessingProc] -EventQ.Dequeue! As soon as mqProxy will be Sending, Remind EventQ Size : 1
[2019-10-10 10:16:08.287] [INFO ] [ScanThreadProc] [Make3EProtocol][GetItemReadWord] -[ASCII] Item Name : CassetteId, Data : S517A0197
[2019-10-10 10:16:08.290] [INFO ] [ScanThreadProc] [ControlManager][PLCWriteLog] -{
, ==========================================
, Message Name     : Event 
, Transaction Name : 2019-10-10 10:16-08_7 
, MessageType      : MelsecEthernet 
, MachineName      : L2 
, Event Time       : 20191010101608267 
, Event Name       : L2_Port#2UnloadRequestReport 
, Event Value      : 0 
, Return Code      : 0 
, Return Message   :  
, Read BlockName : L2_W_Port#2UnloadRequestReportBlock 
, ==Read Item List== 
, Read ItemName : CassetteId, Value : S517A0197 
}
[2019-10-10 10:16:08.292] [INFO ] [ScanThreadProc] [MNet3EScanUnit][ScanBit] -[EVENT] Local Name : L2 , Item Name: Port#2UnloadRequestReport, Item Value : 0, index : 1
[2019-10-10 10:16:08.300] [INFO ] [EventProcessingProc] [ControlManager][EventProcessingProc] -EventQ.Dequeue! As soon as mqProxy will be Sending, Remind EventQ Size : 1
[2019-10-10 10:25:24.283] [INFO ] [ScanThreadProc] [MProtocolProxy][unit_EventScanReceived] -BitOffEventReport is false, Trx : L2_Port#1LoadRequestReport
[2019-10-10 10:25:24.286] [INFO ] [ScanThreadProc] [MNet3EScanUnit][ScanBit] -[EVENT] Local Name : L2 , Item Name: Port#1LoadRequestReport, Item Value : 0, index : 16
[2019-10-10 10:27:28.330] [INFO ] [ScanThreadProc] [ControlManager][PLCWriteLog] -{
, ==========================================
, Message Name     : Event 
, Transaction Name : 2019-10-10 10:27-28_8 
, MessageType      : MelsecEthernet 
, MachineName      : L2 
, Event Time       : 20191010102728330 
, Event Name       : L2_Port#1LoadRequestReport 
, Event Value      : 1 
, Return Code      : 0 
, Return Message   :  
}
[2019-10-10 10:27:28.333] [INFO ] [ScanThreadProc] [MNet3EScanUnit][ScanBit] -[EVENT] Local Name : L2 , Item Name: Port#1LoadRequestReport, Item Value : 1, index : 16
[2019-10-10 10:27:28.361] [INFO ] [EventProcessingProc] [ControlManager][EventProcessingProc] -EventQ.Dequeue! As soon as mqProxy will be Sending, Remind EventQ Size : 1
[2019-10-10 10:44:26.354] [INFO ] [ScanThreadProc] [Make3EProtocol][GetItemReadWord] -[ASCII] Item Name : CassetteId, Data : S517A8009
[2019-10-10 10:44:26.356] [INFO ] [ScanThreadProc] [ControlManager][PLCWriteLog] -{
, ==========================================
, Message Name     : Event 
, Transaction Name : 2019-10-10 10:44-26_9 
, MessageType      : MelsecEthernet 
, MachineName      : L2 
, Event Time       : 20191010104426334 
, Event Name       : L2_Port#2UnloadRequestReport 
, Event Value      : 1 
, Return Code      : 0 
, Return Message   :  
, Read BlockName : L2_W_Port#2UnloadRequestReportBlock 
, ==Read Item List== 
, Read ItemName : CassetteId, Value : S517A8009 
}
[2019-10-10 10:44:26.358] [INFO ] [ScanThreadProc] [MNet3EScanUnit][ScanBit] -[EVENT] Local Name : L2 , Item Name: Port#2UnloadRequestReport, Item Value : 1, index : 1
[2019-10-10 10:44:26.387] [INFO ] [EventProcessingProc] [ControlManager][EventProcessingProc] -EventQ.Dequeue! As soon as mqProxy will be Sending, Remind EventQ Size : 1
[2019-10-10 10:45:00.363] [INFO ] [ScanThreadProc] [Make3EProtocol][GetItemReadWord] -[ASCII] Item Name : CassetteId, Data : S517A8009
[2019-10-10 10:45:00.365] [INFO ] [ScanThreadProc] [ControlManager][PLCWriteLog] -{
, ==========================================
, Message Name     : Event 
, Transaction Name : 2019-10-10 10:45-00_10 
, MessageType      : MelsecEthernet 
, MachineName      : L2 
, Event Time       : 20191010104500343 
, Event Name       : L2_Port#2UnloadRequestReport 
, Event Value      : 0 
, Return Code      : 0 
, Return Message   :  
, Read BlockName : L2_W_Port#2UnloadRequestReportBlock 
, ==Read Item List== 
, Read ItemName : CassetteId, Value : S517A8009 
}
[2019-10-10 10:45:00.367] [INFO ] [ScanThreadProc] [MNet3EScanUnit][ScanBit] -[EVENT] Local Name : L2 , Item Name: Port#2UnloadRequestReport, Item Value : 0, index : 1
[2019-10-10 10:45:00.375] [INFO ] [EventProcessingProc] [ControlManager][EventProcessingProc] -EventQ.Dequeue! As soon as mqProxy will be Sending, Remind EventQ Size : 1
[2019-10-10 11:06:39.359] [INFO ] [ScanThreadProc] [MProtocolProxy][unit_EventScanReceived] -BitOffEventReport is false, Trx : L2_Port#1LoadRequestReport
[2019-10-10 11:06:39.362] [INFO ] [ScanThreadProc] [MNet3EScanUnit][ScanBit] -[EVENT] Local Name : L2 , Item Name: Port#1LoadRequestReport, Item Value : 0, index : 16
[2019-10-10 11:08:43.366] [INFO ] [ScanThreadProc] [ControlManager][PLCWriteLog] -{
, ==========================================
, Message Name     : Event 
, Transaction Name : 2019-10-10 11:08-43_11 
, MessageType      : MelsecEthernet 
, MachineName      : L2 
, Event Time       : 20191010110843366 
, Event Name       : L2_Port#1LoadRequestReport 
, Event Value      : 1 
, Return Code      : 0 
, Return Message   :  
}
[2019-10-10 11:08:43.369] [INFO ] [ScanThreadProc] [MNet3EScanUnit][ScanBit] -[EVENT] Local Name : L2 , Item Name: Port#1LoadRequestReport, Item Value : 1, index : 16
[2019-10-10 11:08:43.395] [INFO ] [EventProcessingProc] [ControlManager][EventProcessingProc] -EventQ.Dequeue! As soon as mqProxy will be Sending, Remind EventQ Size : 1
[2019-10-10 11:25:41.470] [INFO ] [ScanThreadProc] [Make3EProtocol][GetItemReadWord] -[ASCII] Item Name : CassetteId, Data : S517A8485
[2019-10-10 11:25:41.473] [INFO ] [ScanThreadProc] [ControlManager][PLCWriteLog] -{
, ==========================================
, Message Name     : Event 
, Transaction Name : 2019-10-10 11:25-41_12 
, MessageType      : MelsecEthernet 
, MachineName      : L2 
, Event Time       : 20191010112541450 
, Event Name       : L2_Port#2UnloadRequestReport 
, Event Value      : 1 
, Return Code      : 0 
, Return Message   :  
, Read BlockName : L2_W_Port#2UnloadRequestReportBlock 
, ==Read Item List== 
, Read ItemName : CassetteId, Value : S517A8485 
}
[2019-10-10 11:25:41.474] [INFO ] [ScanThreadProc] [MNet3EScanUnit][ScanBit] -[EVENT] Local Name : L2 , Item Name: Port#2UnloadRequestReport, Item Value : 1, index : 1
[2019-10-10 11:25:41.503] [INFO ] [EventProcessingProc] [ControlManager][EventProcessingProc] -EventQ.Dequeue! As soon as mqProxy will be Sending, Remind EventQ Size : 1
[2019-10-10 11:26:17.459] [INFO ] [ScanThreadProc] [Make3EProtocol][GetItemReadWord] -[ASCII] Item Name : CassetteId, Data : S517A8485
[2019-10-10 11:26:17.461] [INFO ] [ScanThreadProc] [ControlManager][PLCWriteLog] -{
, ==========================================
, Message Name     : Event 
, Transaction Name : 2019-10-10 11:26-17_13 
, MessageType      : MelsecEthernet 
, MachineName      : L2 
, Event Time       : 20191010112617439 
, Event Name       : L2_Port#2UnloadRequestReport 
, Event Value      : 0 
, Return Code      : 0 
, Return Message   :  
, Read BlockName : L2_W_Port#2UnloadRequestReportBlock 
, ==Read Item List== 
, Read ItemName : CassetteId, Value : S517A8485 
}
[2019-10-10 11:26:17.463] [INFO ] [ScanThreadProc] [MNet3EScanUnit][ScanBit] -[EVENT] Local Name : L2 , Item Name: Port#2UnloadRequestReport, Item Value : 0, index : 1
[2019-10-10 11:26:17.466] [INFO ] [EventProcessingProc] [ControlManager][EventProcessingProc] -EventQ.Dequeue! As soon as mqProxy will be Sending, Remind EventQ Size : 1
[2019-10-10 14:14:27.581] [INFO ] [ScanThreadProc] [MProtocolProxy][unit_EventScanReceived] -BitOffEventReport is false, Trx : L2_Port#1LoadRequestReport
[2019-10-10 14:14:27.584] [INFO ] [ScanThreadProc] [MNet3EScanUnit][ScanBit] -[EVENT] Local Name : L2 , Item Name: Port#1LoadRequestReport, Item Value : 0, index : 16
[2019-10-10 14:16:30.586] [INFO ] [ScanThreadProc] [ControlManager][PLCWriteLog] -{
, ==========================================
, Message Name     : Event 
, Transaction Name : 2019-10-10 14:16-30_14 
, MessageType      : MelsecEthernet 
, MachineName      : L2 
, Event Time       : 20191010141630586 
, Event Name       : L2_Port#1LoadRequestReport 
, Event Value      : 1 
, Return Code      : 0 
, Return Message   :  
}
[2019-10-10 14:16:30.589] [INFO ] [ScanThreadProc] [MNet3EScanUnit][ScanBit] -[EVENT] Local Name : L2 , Item Name: Port#1LoadRequestReport, Item Value : 1, index : 16
[2019-10-10 14:16:30.589] [INFO ] [EventProcessingProc] [ControlManager][EventProcessingProc] -EventQ.Dequeue! As soon as mqProxy will be Sending, Remind EventQ Size : 1
[2019-10-10 14:24:02.626] [INFO ] [ScanThreadProc] [MProtocolProxy][unit_EventScanReceived] -BitOffEventReport is false, Trx : L2_Port#1LoadRequestReport
[2019-10-10 14:24:02.628] [INFO ] [ScanThreadProc] [MNet3EScanUnit][ScanBit] -[EVENT] Local Name : L2 , Item Name: Port#1LoadRequestReport, Item Value : 0, index : 16
[2019-10-10 14:27:05.630] [INFO ] [ScanThreadProc] [ControlManager][PLCWriteLog] -{
, ==========================================
, Message Name     : Event 
, Transaction Name : 2019-10-10 14:27-05_15 
, MessageType      : MelsecEthernet 
, MachineName      : L2 
, Event Time       : 20191010142705630 
, Event Name       : L2_Port#1LoadRequestReport 
, Event Value      : 1 
, Return Code      : 0 
, Return Message   :  
}
[2019-10-10 14:27:05.632] [INFO ] [ScanThreadProc] [MNet3EScanUnit][ScanBit] -[EVENT] Local Name : L2 , Item Name: Port#1LoadRequestReport, Item Value : 1, index : 16
[2019-10-10 14:27:05.667] [INFO ] [EventProcessingProc] [ControlManager][EventProcessingProc] -EventQ.Dequeue! As soon as mqProxy will be Sending, Remind EventQ Size : 1
[2019-10-10 14:33:44.229] [ERROR] [ScanThreadProc] [Make3EProtocol][Reader] -[Error] IOException Error : 无法从传输连接中读取数据: 由于连接方在一段时间后没有正确答复或连接的主机没有反应，连接尝试失败。。
[2019-10-10 14:33:44.230] [INFO ] [ScanThreadProc] [ControlManager][PLCWriteLog] -{
, ==========================================
, Message Name     : Event 
, Transaction Name : 2019-10-10 14:33-44_16 
, MessageType      : MelsecEthernet 
, MachineName      : L2 
, Event Time       : 20191010143335670 
, Event Name       : L2_Port#2UnloadRequestReport 
, Event Value      : 1 
, Return Code      : 0 
, Return Message   :  
, Read BlockName : L2_W_Port#2UnloadRequestReportBlock 
, ==Read Item List== 
}
[2019-10-10 14:33:44.231] [INFO ] [ScanThreadProc] [MNet3EScanUnit][ScanBit] -[EVENT] Local Name : L2 , Item Name: Port#2UnloadRequestReport, Item Value : 1, index : 1
[2019-10-10 14:33:44.240] [INFO ] [EventProcessingProc] [ControlManager][EventProcessingProc] -EventQ.Dequeue! As soon as mqProxy will be Sending, Remind EventQ Size : 1
[2019-10-10 15:02:35.308] [ERROR] [EventProcessingProc] [ControlManager][EventProcessingProc] -EventProcessingProc Error : 正在中止线程。
[2019-10-10 15:02:35.321] [ERROR] [TraceDataProcessingProc] [ControlManager][TraceDataProcessingProc] -TraceDataProcessingProc Error : 正在中止线程。
[2019-10-10 15:02:35.332] [ERROR] [RGADataProcessingProc] [ControlManager][RGADataProcessingProc] -TraceDataProcessingProc Error : 正在中止线程。
[2019-10-10 15:11:44.165] [INFO ] [1] [ControlManager][Init] -Init ControlManager
[2019-10-10 15:11:44.242] [INFO ] [1] [MProtocolProxy][InitXml] -MProtocolProxy : InitXxml
[2019-10-10 15:11:44.248] [INFO ] [1] [MProtocolProxy][InitMEthernet] -MProtocolProxy : InitMEthernet
[2019-10-10 15:11:44.253] [INFO ] [1] [MNet3EUnit][Connect] -[Connection] Melsec Connect Address : 10.116.11.112 , PortNo : 7008
[2019-10-10 15:11:44.256] [INFO ] [1] [MProtocolProxy][Unit_OnConnected] -MelsecEthernet OnConnected : L2 
[2019-10-10 15:11:44.259] [INFO ] [1] [MNet3EScanUnit][Connect] -[Connection] Melsec Connect Address : 10.116.11.112 , PortNo : 7009
[2019-10-10 15:11:44.277] [INFO ] [1] [ControlManager][PLCWriteLog] -{
, ==========================================
, Message Name     : Connection 
, Transaction Name : 2019-10-10 15:11-44_1 
, MessageType      : MelsecEthernet 
, MachineName      : L2 
, Event Time       :  
, Event Name       :  
, Event Value      :  
, Return Code      : 0 
, Return Message   :  
}
[2019-10-10 15:11:44.280] [INFO ] [1] [MProtocolProxy][mPScanUnit_OnConnected] -Scan MelsecEthernet OnConnected : L2 
[2019-10-10 15:11:44.290] [INFO ] [ScanThreadProc] [MNet3EScanUnit][ScanBit] -[L2_B_LTM_H] Block Scan Started...
[2019-10-10 15:11:44.563] [INFO ] [mProtocol_OnEventReceived] [ControlManager][PLCWriteLog] -{
, ==========================================
, Message Name     : ReadRequest 
, Transaction Name : 20191010151144561_Server 
, MessageType      : ETHERNET 
, MachineName      : L2 
, Event Time       :  
, Event Name       : L2_BIT_AllPortState 
, Event Value      :  
, Return Code      : 0 
, Return Message   :  
, Read BlockName : L2_B_LTM_H 
, ==Read Item List== 
, Read ItemName : Port#2LoadRequestReport, Value :  
, Read ItemName : Port#2UnloadRequestReport, Value :  
, Read ItemName : Port#1LoadRequestReport, Value :  
, Read ItemName : Port#1UnloadRequestReport, Value :  
, Read BlockName : L2_W_Port#1UnloadRequestReportBlock 
, ==Read Item List== 
, Read ItemName : CassetteId, Value :  
, Read BlockName : L2_W_Port#2UnloadRequestReportBlock 
, ==Read Item List== 
, Read ItemName : CassetteId, Value :  
}
[2019-10-10 15:11:44.581] [INFO ] [mProtocol_OnEventReceived] [MNet3EUnit][ReadBit] -[ReadBit] Item Name : Port#2LoadRequestReport, Data : 0
[2019-10-10 15:11:44.583] [INFO ] [mProtocol_OnEventReceived] [MNet3EUnit][ReadBit] -[ReadBit] Item Name : Port#2UnloadRequestReport, Data : 1
[2019-10-10 15:11:44.583] [INFO ] [mProtocol_OnEventReceived] [MNet3EUnit][ReadBit] -[ReadBit] Item Name : Port#1LoadRequestReport, Data : 1
[2019-10-10 15:11:44.584] [INFO ] [mProtocol_OnEventReceived] [MNet3EUnit][ReadBit] -[ReadBit] Item Name : Port#1UnloadRequestReport, Data : 0
[2019-10-10 15:11:44.612] [INFO ] [mProtocol_OnEventReceived] [Make3EProtocol][GetItemReadWord] -[ASCII] Item Name : CassetteId, Data : 
[2019-10-10 15:11:44.630] [INFO ] [mProtocol_OnEventReceived] [Make3EProtocol][GetItemReadWord] -[ASCII] Item Name : CassetteId, Data : S517A8012
[2019-10-10 15:11:44.631] [INFO ] [mProtocol_OnEventReceived] [MProtocolProxy][ReadData] -ReadData
[2019-10-10 15:11:44.632] [INFO ] [mProtocol_OnEventReceived] [ControlManager][PLCWriteLog] -{
, ==========================================
, Message Name     : ReadReply 
, Transaction Name : 20191010151144561_Server 
, MessageType      : ETHERNET 
, MachineName      : L2 
, Event Time       :  
, Event Name       : L2_BIT_AllPortState 
, Event Value      :  
, Return Code      : 0 
, Return Message   :  
, Read BlockName : L2_B_LTM_H 
, ==Read Item List== 
, Read ItemName : Port#2LoadRequestReport, Value : 0 
, Read ItemName : Port#2UnloadRequestReport, Value : 1 
, Read ItemName : Port#1LoadRequestReport, Value : 1 
, Read ItemName : Port#1UnloadRequestReport, Value : 0 
, Read BlockName : L2_W_Port#1UnloadRequestReportBlock 
, ==Read Item List== 
, Read ItemName : CassetteId, Value :  
, Read BlockName : L2_W_Port#2UnloadRequestReportBlock 
, ==Read Item List== 
, Read ItemName : CassetteId, Value : S517A8012 
}
[2019-10-10 15:11:44.633] [INFO ] [EventProcessingProc] [ControlManager][EventProcessingProc] -EventQ.Dequeue! As soon as mqProxy will be Sending, Remind EventQ Size : 1
[2019-10-10 15:13:55.307] [INFO ] [ScanThreadProc] [Make3EProtocol][GetItemReadWord] -[ASCII] Item Name : CassetteId, Data : S517A8012
[2019-10-10 15:13:55.312] [INFO ] [ScanThreadProc] [ControlManager][PLCWriteLog] -{
, ==========================================
, Message Name     : Event 
, Transaction Name : 2019-10-10 15:13-55_2 
, MessageType      : MelsecEthernet 
, MachineName      : L2 
, Event Time       : 20191010151355283 
, Event Name       : L2_Port#2UnloadRequestReport 
, Event Value      : 0 
, Return Code      : 0 
, Return Message   :  
, Read BlockName : L2_W_Port#2UnloadRequestReportBlock 
, ==Read Item List== 
, Read ItemName : CassetteId, Value : S517A8012 
}
[2019-10-10 15:13:55.314] [INFO ] [ScanThreadProc] [MNet3EScanUnit][ScanBit] -[EVENT] Local Name : L2 , Item Name: Port#2UnloadRequestReport, Item Value : 0, index : 1
[2019-10-10 15:13:55.317] [INFO ] [EventProcessingProc] [ControlManager][EventProcessingProc] -EventQ.Dequeue! As soon as mqProxy will be Sending, Remind EventQ Size : 1
[2019-10-10 15:17:48.301] [INFO ] [ScanThreadProc] [Make3EProtocol][GetItemReadWord] -[ASCII] Item Name : CassetteId, Data : S517A8246
[2019-10-10 15:17:48.304] [INFO ] [ScanThreadProc] [ControlManager][PLCWriteLog] -{
, ==========================================
, Message Name     : Event 
, Transaction Name : 2019-10-10 15:17-48_3 
, MessageType      : MelsecEthernet 
, MachineName      : L2 
, Event Time       : 20191010151748281 
, Event Name       : L2_Port#2UnloadRequestReport 
, Event Value      : 1 
, Return Code      : 0 
, Return Message   :  
, Read BlockName : L2_W_Port#2UnloadRequestReportBlock 
, ==Read Item List== 
, Read ItemName : CassetteId, Value : S517A8246 
}
[2019-10-10 15:17:48.306] [INFO ] [ScanThreadProc] [MNet3EScanUnit][ScanBit] -[EVENT] Local Name : L2 , Item Name: Port#2UnloadRequestReport, Item Value : 1, index : 1
[2019-10-10 15:17:48.333] [INFO ] [EventProcessingProc] [ControlManager][EventProcessingProc] -EventQ.Dequeue! As soon as mqProxy will be Sending, Remind EventQ Size : 1
[2019-10-10 15:18:46.310] [INFO ] [ScanThreadProc] [Make3EProtocol][GetItemReadWord] -[ASCII] Item Name : CassetteId, Data : S517A8246
[2019-10-10 15:18:46.312] [INFO ] [ScanThreadProc] [ControlManager][PLCWriteLog] -{
, ==========================================
, Message Name     : Event 
, Transaction Name : 2019-10-10 15:18-46_4 
, MessageType      : MelsecEthernet 
, MachineName      : L2 
, Event Time       : 20191010151846290 
, Event Name       : L2_Port#2UnloadRequestReport 
, Event Value      : 0 
, Return Code      : 0 
, Return Message   :  
, Read BlockName : L2_W_Port#2UnloadRequestReportBlock 
, ==Read Item List== 
, Read ItemName : CassetteId, Value : S517A8246 
}
[2019-10-10 15:18:46.314] [INFO ] [ScanThreadProc] [MNet3EScanUnit][ScanBit] -[EVENT] Local Name : L2 , Item Name: Port#2UnloadRequestReport, Item Value : 0, index : 1
[2019-10-10 15:18:46.317] [INFO ] [EventProcessingProc] [ControlManager][EventProcessingProc] -EventQ.Dequeue! As soon as mqProxy will be Sending, Remind EventQ Size : 1
[2019-10-10 15:29:12.323] [INFO ] [ScanThreadProc] [Make3EProtocol][GetItemReadWord] -[ASCII] Item Name : CassetteId, Data : S517A8247
[2019-10-10 15:29:12.326] [INFO ] [ScanThreadProc] [ControlManager][PLCWriteLog] -{
, ==========================================
, Message Name     : Event 
, Transaction Name : 2019-10-10 15:29-12_5 
, MessageType      : MelsecEthernet 
, MachineName      : L2 
, Event Time       : 20191010152912304 
, Event Name       : L2_Port#2UnloadRequestReport 
, Event Value      : 1 
, Return Code      : 0 
, Return Message   :  
, Read BlockName : L2_W_Port#2UnloadRequestReportBlock 
, ==Read Item List== 
, Read ItemName : CassetteId, Value : S517A8247 
}
[2019-10-10 15:29:12.328] [INFO ] [ScanThreadProc] [MNet3EScanUnit][ScanBit] -[EVENT] Local Name : L2 , Item Name: Port#2UnloadRequestReport, Item Value : 1, index : 1
[2019-10-10 15:29:12.327] [INFO ] [EventProcessingProc] [ControlManager][EventProcessingProc] -EventQ.Dequeue! As soon as mqProxy will be Sending, Remind EventQ Size : 1
[2019-10-10 15:30:00.323] [INFO ] [ScanThreadProc] [Make3EProtocol][GetItemReadWord] -[ASCII] Item Name : CassetteId, Data : S517A8247
[2019-10-10 15:30:00.325] [INFO ] [ScanThreadProc] [ControlManager][PLCWriteLog] -{
, ==========================================
, Message Name     : Event 
, Transaction Name : 2019-10-10 15:30-00_6 
, MessageType      : MelsecEthernet 
, MachineName      : L2 
, Event Time       : 20191010153000303 
, Event Name       : L2_Port#2UnloadRequestReport 
, Event Value      : 0 
, Return Code      : 0 
, Return Message   :  
, Read BlockName : L2_W_Port#2UnloadRequestReportBlock 
, ==Read Item List== 
, Read ItemName : CassetteId, Value : S517A8247 
}
[2019-10-10 15:30:00.328] [INFO ] [ScanThreadProc] [MNet3EScanUnit][ScanBit] -[EVENT] Local Name : L2 , Item Name: Port#2UnloadRequestReport, Item Value : 0, index : 1
[2019-10-10 15:30:00.330] [INFO ] [EventProcessingProc] [ControlManager][EventProcessingProc] -EventQ.Dequeue! As soon as mqProxy will be Sending, Remind EventQ Size : 1
[2019-10-10 16:25:58.386] [INFO ] [ScanThreadProc] [MProtocolProxy][unit_EventScanReceived] -BitOffEventReport is false, Trx : L2_Port#1LoadRequestReport
[2019-10-10 16:25:58.388] [INFO ] [ScanThreadProc] [MNet3EScanUnit][ScanBit] -[EVENT] Local Name : L2 , Item Name: Port#1LoadRequestReport, Item Value : 0, index : 16
[2019-10-10 16:28:02.393] [INFO ] [ScanThreadProc] [ControlManager][PLCWriteLog] -{
, ==========================================
, Message Name     : Event 
, Transaction Name : 2019-10-10 16:28-02_7 
, MessageType      : MelsecEthernet 
, MachineName      : L2 
, Event Time       : 20191010162802393 
, Event Name       : L2_Port#1LoadRequestReport 
, Event Value      : 1 
, Return Code      : 0 
, Return Message   :  
}
[2019-10-10 16:28:02.396] [INFO ] [ScanThreadProc] [MNet3EScanUnit][ScanBit] -[EVENT] Local Name : L2 , Item Name: Port#1LoadRequestReport, Item Value : 1, index : 16
[2019-10-10 16:28:02.429] [INFO ] [EventProcessingProc] [ControlManager][EventProcessingProc] -EventQ.Dequeue! As soon as mqProxy will be Sending, Remind EventQ Size : 1
[2019-10-10 16:33:57.264] [INFO ] [ScanThreadProc] [MProtocolProxy][unit_EventScanReceived] -BitOffEventReport is false, Trx : L2_Port#1LoadRequestReport
[2019-10-10 16:33:57.266] [INFO ] [ScanThreadProc] [MNet3EScanUnit][ScanBit] -[EVENT] Local Name : L2 , Item Name: Port#1LoadRequestReport, Item Value : 0, index : 16
[2019-10-10 16:38:36.266] [INFO ] [ScanThreadProc] [ControlManager][PLCWriteLog] -{
, ==========================================
, Message Name     : Event 
, Transaction Name : 2019-10-10 16:38-36_8 
, MessageType      : MelsecEthernet 
, MachineName      : L2 
, Event Time       : 20191010163836266 
, Event Name       : L2_Port#1LoadRequestReport 
, Event Value      : 1 
, Return Code      : 0 
, Return Message   :  
}
[2019-10-10 16:38:36.269] [INFO ] [ScanThreadProc] [MNet3EScanUnit][ScanBit] -[EVENT] Local Name : L2 , Item Name: Port#1LoadRequestReport, Item Value : 1, index : 16
[2019-10-10 16:38:36.288] [INFO ] [EventProcessingProc] [ControlManager][EventProcessingProc] -EventQ.Dequeue! As soon as mqProxy will be Sending, Remind EventQ Size : 1
[2019-10-10 16:45:14.811] [ERROR] [ScanThreadProc] [Make3EProtocol][Reader] -[Error] IOException Error : 无法从传输连接中读取数据: 由于连接方在一段时间后没有正确答复或连接的主机没有反应，连接尝试失败。。
[2019-10-10 16:45:14.814] [INFO ] [ScanThreadProc] [ControlManager][PLCWriteLog] -{
, ==========================================
, Message Name     : Event 
, Transaction Name : 2019-10-10 16:45-14_9 
, MessageType      : MelsecEthernet 
, MachineName      : L2 
, Event Time       : 20191010164506296 
, Event Name       : L2_Port#2UnloadRequestReport 
, Event Value      : 1 
, Return Code      : 0 
, Return Message   :  
, Read BlockName : L2_W_Port#2UnloadRequestReportBlock 
, ==Read Item List== 
}
[2019-10-10 16:45:14.827] [INFO ] [EventProcessingProc] [ControlManager][EventProcessingProc] -EventQ.Dequeue! As soon as mqProxy will be Sending, Remind EventQ Size : 1
[2019-10-10 16:45:14.849] [INFO ] [ScanThreadProc] [MNet3EScanUnit][ScanBit] -[EVENT] Local Name : L2 , Item Name: Port#2UnloadRequestReport, Item Value : 1, index : 1
[2019-10-10 17:08:49.602] [ERROR] [EventProcessingProc] [ControlManager][EventProcessingProc] -EventProcessingProc Error : 正在中止线程。
[2019-10-10 17:08:49.614] [ERROR] [TraceDataProcessingProc] [ControlManager][TraceDataProcessingProc] -TraceDataProcessingProc Error : 正在中止线程。
[2019-10-10 17:08:49.634] [ERROR] [RGADataProcessingProc] [ControlManager][RGADataProcessingProc] -TraceDataProcessingProc Error : 正在中止线程。
[2019-10-10 17:26:13.576] [INFO ] [9] [ControlManager][Init] -Init ControlManager
[2019-10-10 17:26:13.922] [INFO ] [9] [MProtocolProxy][InitXml] -MProtocolProxy : InitXxml
[2019-10-10 17:26:13.928] [INFO ] [9] [MProtocolProxy][InitMEthernet] -MProtocolProxy : InitMEthernet
[2019-10-10 17:26:13.932] [INFO ] [9] [MNet3EUnit][Connect] -[Connection] Melsec Connect Address : 10.116.11.112 , PortNo : 7009
[2019-10-10 17:26:13.935] [INFO ] [9] [MProtocolProxy][Unit_OnConnected] -MelsecEthernet OnConnected : L2 
[2019-10-10 17:26:13.938] [INFO ] [9] [MNet3EScanUnit][Connect] -[Connection] Melsec Connect Address : 10.116.11.112 , PortNo : 7010
[2019-10-10 17:26:13.960] [INFO ] [9] [ControlManager][PLCWriteLog] -{
, ==========================================
, Message Name     : Connection 
, Transaction Name : 2019-10-10 17:26-13_1 
, MessageType      : MelsecEthernet 
, MachineName      : L2 
, Event Time       :  
, Event Name       :  
, Event Value      :  
, Return Code      : 0 
, Return Message   :  
}
[2019-10-10 17:26:13.963] [INFO ] [9] [MProtocolProxy][mPScanUnit_OnConnected] -Scan MelsecEthernet OnConnected : L2 
[2019-10-10 17:26:13.973] [INFO ] [ScanThreadProc] [MNet3EScanUnit][ScanBit] -[L2_B_LTM_H] Block Scan Started...
[2019-10-10 17:26:15.965] [INFO ] [ScanThreadProc] [ControlManager][PLCWriteLog] -{
, ==========================================
, Message Name     : Event 
, Transaction Name : 2019-10-10 17:26-15_2 
, MessageType      : MelsecEthernet 
, MachineName      : L2 
, Event Time       : 20191010172615964 
, Event Name       : L2_Port#1LoadRequestReport 
, Event Value      : 1 
, Return Code      : 0 
, Return Message   :  
}
[2019-10-10 17:26:16.149] [INFO ] [ScanThreadProc] [MNet3EScanUnit][ScanBit] -[EVENT] Local Name : L2 , Item Name: Port#1LoadRequestReport, Item Value : 1, index : 16
[2019-10-10 17:26:15.969] [INFO ] [EventProcessingProc] [ControlManager][EventProcessingProc] -EventQ.Dequeue! As soon as mqProxy will be Sending, Remind EventQ Size : 1
[2019-10-10 17:26:17.834] [INFO ] [mProtocol_OnEventReceived] [ControlManager][PLCWriteLog] -{
, ==========================================
, Message Name     : ReadRequest 
, Transaction Name : 20191010172617833_Server 
, MessageType      : ETHERNET 
, MachineName      : L2 
, Event Time       :  
, Event Name       : L2_BIT_AllPortState 
, Event Value      :  
, Return Code      : 0 
, Return Message   :  
, Read BlockName : L2_B_LTM_H 
, ==Read Item List== 
, Read ItemName : Port#2LoadRequestReport, Value :  
, Read ItemName : Port#2UnloadRequestReport, Value :  
, Read ItemName : Port#1LoadRequestReport, Value :  
, Read ItemName : Port#1UnloadRequestReport, Value :  
, Read BlockName : L2_W_Port#1UnloadRequestReportBlock 
, ==Read Item List== 
, Read ItemName : CassetteId, Value :  
, Read BlockName : L2_W_Port#2UnloadRequestReportBlock 
, ==Read Item List== 
, Read ItemName : CassetteId, Value :  
}
[2019-10-10 17:26:17.976] [INFO ] [mProtocol_OnEventReceived] [MNet3EUnit][ReadBit] -[ReadBit] Item Name : Port#2LoadRequestReport, Data : 0
[2019-10-10 17:26:18.350] [INFO ] [mProtocol_OnEventReceived] [MNet3EUnit][ReadBit] -[ReadBit] Item Name : Port#2UnloadRequestReport, Data : 1
[2019-10-10 17:26:18.355] [INFO ] [mProtocol_OnEventReceived] [MNet3EUnit][ReadBit] -[ReadBit] Item Name : Port#1LoadRequestReport, Data : 1
[2019-10-10 17:26:18.356] [INFO ] [mProtocol_OnEventReceived] [MNet3EUnit][ReadBit] -[ReadBit] Item Name : Port#1UnloadRequestReport, Data : 0
[2019-10-10 17:26:18.374] [INFO ] [mProtocol_OnEventReceived] [Make3EProtocol][GetItemReadWord] -[ASCII] Item Name : CassetteId, Data : 
[2019-10-10 17:26:18.573] [INFO ] [mProtocol_OnEventReceived] [Make3EProtocol][GetItemReadWord] -[ASCII] Item Name : CassetteId, Data : S517A0241
[2019-10-10 17:26:18.753] [INFO ] [mProtocol_OnEventReceived] [MProtocolProxy][ReadData] -ReadData
[2019-10-10 17:26:18.754] [INFO ] [mProtocol_OnEventReceived] [ControlManager][PLCWriteLog] -{
, ==========================================
, Message Name     : ReadReply 
, Transaction Name : 20191010172617833_Server 
, MessageType      : ETHERNET 
, MachineName      : L2 
, Event Time       :  
, Event Name       : L2_BIT_AllPortState 
, Event Value      :  
, Return Code      : 0 
, Return Message   :  
, Read BlockName : L2_B_LTM_H 
, ==Read Item List== 
, Read ItemName : Port#2LoadRequestReport, Value : 0 
, Read ItemName : Port#2UnloadRequestReport, Value : 1 
, Read ItemName : Port#1LoadRequestReport, Value : 1 
, Read ItemName : Port#1UnloadRequestReport, Value : 0 
, Read BlockName : L2_W_Port#1UnloadRequestReportBlock 
, ==Read Item List== 
, Read ItemName : CassetteId, Value :  
, Read BlockName : L2_W_Port#2UnloadRequestReportBlock 
, ==Read Item List== 
, Read ItemName : CassetteId, Value : S517A0241 
}
[2019-10-10 17:26:18.756] [INFO ] [EventProcessingProc] [ControlManager][EventProcessingProc] -EventQ.Dequeue! As soon as mqProxy will be Sending, Remind EventQ Size : 1
[2019-10-10 17:26:51.992] [INFO ] [ScanThreadProc] [Make3EProtocol][GetItemReadWord] -[ASCII] Item Name : CassetteId, Data : S517A0241
[2019-10-10 17:26:51.995] [INFO ] [ScanThreadProc] [ControlManager][PLCWriteLog] -{
, ==========================================
, Message Name     : Event 
, Transaction Name : 2019-10-10 17:26-51_3 
, MessageType      : MelsecEthernet 
, MachineName      : L2 
, Event Time       : 20191010172651972 
, Event Name       : L2_Port#2UnloadRequestReport 
, Event Value      : 0 
, Return Code      : 0 
, Return Message   :  
, Read BlockName : L2_W_Port#2UnloadRequestReportBlock 
, ==Read Item List== 
, Read ItemName : CassetteId, Value : S517A0241 
}
[2019-10-10 17:26:51.997] [INFO ] [ScanThreadProc] [MNet3EScanUnit][ScanBit] -[EVENT] Local Name : L2 , Item Name: Port#2UnloadRequestReport, Item Value : 0, index : 1
[2019-10-10 17:26:52.015] [INFO ] [EventProcessingProc] [ControlManager][EventProcessingProc] -EventQ.Dequeue! As soon as mqProxy will be Sending, Remind EventQ Size : 1
[2019-10-10 17:32:31.003] [INFO ] [ScanThreadProc] [Make3EProtocol][GetItemReadWord] -[ASCII] Item Name : CassetteId, Data : S517A5273
[2019-10-10 17:32:31.006] [INFO ] [ScanThreadProc] [ControlManager][PLCWriteLog] -{
, ==========================================
, Message Name     : Event 
, Transaction Name : 2019-10-10 17:32-31_4 
, MessageType      : MelsecEthernet 
, MachineName      : L2 
, Event Time       : 20191010173230983 
, Event Name       : L2_Port#2UnloadRequestReport 
, Event Value      : 1 
, Return Code      : 0 
, Return Message   :  
, Read BlockName : L2_W_Port#2UnloadRequestReportBlock 
, ==Read Item List== 
, Read ItemName : CassetteId, Value : S517A5273 
}
[2019-10-10 17:32:31.008] [INFO ] [ScanThreadProc] [MNet3EScanUnit][ScanBit] -[EVENT] Local Name : L2 , Item Name: Port#2UnloadRequestReport, Item Value : 1, index : 1
[2019-10-10 17:32:31.037] [INFO ] [EventProcessingProc] [ControlManager][EventProcessingProc] -EventQ.Dequeue! As soon as mqProxy will be Sending, Remind EventQ Size : 1
[2019-10-10 17:33:04.014] [INFO ] [ScanThreadProc] [Make3EProtocol][GetItemReadWord] -[ASCII] Item Name : CassetteId, Data : S517A5273
[2019-10-10 17:33:04.016] [INFO ] [ScanThreadProc] [ControlManager][PLCWriteLog] -{
, ==========================================
, Message Name     : Event 
, Transaction Name : 2019-10-10 17:33-04_5 
, MessageType      : MelsecEthernet 
, MachineName      : L2 
, Event Time       : 20191010173303992 
, Event Name       : L2_Port#2UnloadRequestReport 
, Event Value      : 0 
, Return Code      : 0 
, Return Message   :  
, Read BlockName : L2_W_Port#2UnloadRequestReportBlock 
, ==Read Item List== 
, Read ItemName : CassetteId, Value : S517A5273 
}
[2019-10-10 17:33:04.019] [INFO ] [ScanThreadProc] [MNet3EScanUnit][ScanBit] -[EVENT] Local Name : L2 , Item Name: Port#2UnloadRequestReport, Item Value : 0, index : 1
[2019-10-10 17:33:04.024] [INFO ] [EventProcessingProc] [ControlManager][EventProcessingProc] -EventQ.Dequeue! As soon as mqProxy will be Sending, Remind EventQ Size : 1
[2019-10-10 17:43:54.025] [INFO ] [ScanThreadProc] [Make3EProtocol][GetItemReadWord] -[ASCII] Item Name : CassetteId, Data : S517A5420
[2019-10-10 17:43:54.028] [INFO ] [ScanThreadProc] [ControlManager][PLCWriteLog] -{
, ==========================================
, Message Name     : Event 
, Transaction Name : 2019-10-10 17:43-54_6 
, MessageType      : MelsecEthernet 
, MachineName      : L2 
, Event Time       : 20191010174354005 
, Event Name       : L2_Port#2UnloadRequestReport 
, Event Value      : 1 
, Return Code      : 0 
, Return Message   :  
, Read BlockName : L2_W_Port#2UnloadRequestReportBlock 
, ==Read Item List== 
, Read ItemName : CassetteId, Value : S517A5420 
}
[2019-10-10 17:43:54.030] [INFO ] [ScanThreadProc] [MNet3EScanUnit][ScanBit] -[EVENT] Local Name : L2 , Item Name: Port#2UnloadRequestReport, Item Value : 1, index : 1
[2019-10-10 17:43:54.036] [INFO ] [EventProcessingProc] [ControlManager][EventProcessingProc] -EventQ.Dequeue! As soon as mqProxy will be Sending, Remind EventQ Size : 1
[2019-10-10 17:43:55.005] [INFO ] [ScanThreadProc] [MProtocolProxy][unit_EventScanReceived] -BitOffEventReport is false, Trx : L2_Port#1LoadRequestReport
[2019-10-10 17:43:55.006] [INFO ] [ScanThreadProc] [MNet3EScanUnit][ScanBit] -[EVENT] Local Name : L2 , Item Name: Port#1LoadRequestReport, Item Value : 0, index : 16
[2019-10-10 17:44:27.024] [INFO ] [ScanThreadProc] [Make3EProtocol][GetItemReadWord] -[ASCII] Item Name : CassetteId, Data : S517A5420
[2019-10-10 17:44:27.027] [INFO ] [ScanThreadProc] [ControlManager][PLCWriteLog] -{
, ==========================================
, Message Name     : Event 
, Transaction Name : 2019-10-10 17:44-27_7 
, MessageType      : MelsecEthernet 
, MachineName      : L2 
, Event Time       : 20191010174427004 
, Event Name       : L2_Port#2UnloadRequestReport 
, Event Value      : 0 
, Return Code      : 0 
, Return Message   :  
, Read BlockName : L2_W_Port#2UnloadRequestReportBlock 
, ==Read Item List== 
, Read ItemName : CassetteId, Value : S517A5420 
}
[2019-10-10 17:44:27.029] [INFO ] [ScanThreadProc] [MNet3EScanUnit][ScanBit] -[EVENT] Local Name : L2 , Item Name: Port#2UnloadRequestReport, Item Value : 0, index : 1
[2019-10-10 17:44:27.048] [INFO ] [EventProcessingProc] [ControlManager][EventProcessingProc] -EventQ.Dequeue! As soon as mqProxy will be Sending, Remind EventQ Size : 1
[2019-10-10 17:45:59.023] [INFO ] [ScanThreadProc] [ControlManager][PLCWriteLog] -{
, ==========================================
, Message Name     : Event 
, Transaction Name : 2019-10-10 17:45-59_8 
, MessageType      : MelsecEthernet 
, MachineName      : L2 
, Event Time       : 20191010174559023 
, Event Name       : L2_Port#1LoadRequestReport 
, Event Value      : 1 
, Return Code      : 0 
, Return Message   :  
}
[2019-10-10 17:45:59.026] [INFO ] [ScanThreadProc] [MNet3EScanUnit][ScanBit] -[EVENT] Local Name : L2 , Item Name: Port#1LoadRequestReport, Item Value : 1, index : 16
[2019-10-10 17:45:59.043] [INFO ] [EventProcessingProc] [ControlManager][EventProcessingProc] -EventQ.Dequeue! As soon as mqProxy will be Sending, Remind EventQ Size : 1
[2019-10-10 18:02:57.056] [INFO ] [ScanThreadProc] [Make3EProtocol][GetItemReadWord] -[ASCII] Item Name : CassetteId, Data : S517A5431
[2019-10-10 18:02:57.059] [INFO ] [ScanThreadProc] [ControlManager][PLCWriteLog] -{
, ==========================================
, Message Name     : Event 
, Transaction Name : 2019-10-10 18:02-57_9 
, MessageType      : MelsecEthernet 
, MachineName      : L2 
, Event Time       : 20191010180257036 
, Event Name       : L2_Port#2UnloadRequestReport 
, Event Value      : 1 
, Return Code      : 0 
, Return Message   :  
, Read BlockName : L2_W_Port#2UnloadRequestReportBlock 
, ==Read Item List== 
, Read ItemName : CassetteId, Value : S517A5431 
}
[2019-10-10 18:02:57.060] [INFO ] [ScanThreadProc] [MNet3EScanUnit][ScanBit] -[EVENT] Local Name : L2 , Item Name: Port#2UnloadRequestReport, Item Value : 1, index : 1
[2019-10-10 18:02:57.062] [INFO ] [EventProcessingProc] [ControlManager][EventProcessingProc] -EventQ.Dequeue! As soon as mqProxy will be Sending, Remind EventQ Size : 1
[2019-10-10 18:03:34.055] [INFO ] [ScanThreadProc] [Make3EProtocol][GetItemReadWord] -[ASCII] Item Name : CassetteId, Data : S517A5431
[2019-10-10 18:03:34.058] [INFO ] [ScanThreadProc] [ControlManager][PLCWriteLog] -{
, ==========================================
, Message Name     : Event 
, Transaction Name : 2019-10-10 18:03-34_10 
, MessageType      : MelsecEthernet 
, MachineName      : L2 
, Event Time       : 20191010180334035 
, Event Name       : L2_Port#2UnloadRequestReport 
, Event Value      : 0 
, Return Code      : 0 
, Return Message   :  
, Read BlockName : L2_W_Port#2UnloadRequestReportBlock 
, ==Read Item List== 
, Read ItemName : CassetteId, Value : S517A5431 
}
[2019-10-10 18:03:34.059] [INFO ] [ScanThreadProc] [MNet3EScanUnit][ScanBit] -[EVENT] Local Name : L2 , Item Name: Port#2UnloadRequestReport, Item Value : 0, index : 1
[2019-10-10 18:03:34.060] [INFO ] [EventProcessingProc] [ControlManager][EventProcessingProc] -EventQ.Dequeue! As soon as mqProxy will be Sending, Remind EventQ Size : 1
[2019-10-10 18:04:33.043] [INFO ] [ScanThreadProc] [MProtocolProxy][unit_EventScanReceived] -BitOffEventReport is false, Trx : L2_Port#1LoadRequestReport
[2019-10-10 18:04:33.045] [INFO ] [ScanThreadProc] [MNet3EScanUnit][ScanBit] -[EVENT] Local Name : L2 , Item Name: Port#1LoadRequestReport, Item Value : 0, index : 16
[2019-10-10 18:06:37.040] [INFO ] [ScanThreadProc] [ControlManager][PLCWriteLog] -{
, ==========================================
, Message Name     : Event 
, Transaction Name : 2019-10-10 18:06-37_11 
, MessageType      : MelsecEthernet 
, MachineName      : L2 
, Event Time       : 20191010180637040 
, Event Name       : L2_Port#1LoadRequestReport 
, Event Value      : 1 
, Return Code      : 0 
, Return Message   :  
}
[2019-10-10 18:06:37.043] [INFO ] [ScanThreadProc] [MNet3EScanUnit][ScanBit] -[EVENT] Local Name : L2 , Item Name: Port#1LoadRequestReport, Item Value : 1, index : 16
[2019-10-10 18:06:37.048] [INFO ] [EventProcessingProc] [ControlManager][EventProcessingProc] -EventQ.Dequeue! As soon as mqProxy will be Sending, Remind EventQ Size : 1
[2019-10-10 18:23:35.114] [INFO ] [ScanThreadProc] [Make3EProtocol][GetItemReadWord] -[ASCII] Item Name : CassetteId, Data : S517A0436
[2019-10-10 18:23:35.116] [INFO ] [ScanThreadProc] [ControlManager][PLCWriteLog] -{
, ==========================================
, Message Name     : Event 
, Transaction Name : 2019-10-10 18:23-35_12 
, MessageType      : MelsecEthernet 
, MachineName      : L2 
, Event Time       : 20191010182335086 
, Event Name       : L2_Port#2UnloadRequestReport 
, Event Value      : 1 
, Return Code      : 0 
, Return Message   :  
, Read BlockName : L2_W_Port#2UnloadRequestReportBlock 
, ==Read Item List== 
, Read ItemName : CassetteId, Value : S517A0436 
}
[2019-10-10 18:23:35.118] [INFO ] [ScanThreadProc] [MNet3EScanUnit][ScanBit] -[EVENT] Local Name : L2 , Item Name: Port#2UnloadRequestReport, Item Value : 1, index : 1
[2019-10-10 18:23:35.134] [INFO ] [EventProcessingProc] [ControlManager][EventProcessingProc] -EventQ.Dequeue! As soon as mqProxy will be Sending, Remind EventQ Size : 1
[2019-10-10 18:24:10.103] [INFO ] [ScanThreadProc] [Make3EProtocol][GetItemReadWord] -[ASCII] Item Name : CassetteId, Data : S517A0436
[2019-10-10 18:24:10.105] [INFO ] [ScanThreadProc] [ControlManager][PLCWriteLog] -{
, ==========================================
, Message Name     : Event 
, Transaction Name : 2019-10-10 18:24-10_13 
, MessageType      : MelsecEthernet 
, MachineName      : L2 
, Event Time       : 20191010182410083 
, Event Name       : L2_Port#2UnloadRequestReport 
, Event Value      : 0 
, Return Code      : 0 
, Return Message   :  
, Read BlockName : L2_W_Port#2UnloadRequestReportBlock 
, ==Read Item List== 
, Read ItemName : CassetteId, Value : S517A0436 
}
[2019-10-10 18:24:10.107] [INFO ] [ScanThreadProc] [MNet3EScanUnit][ScanBit] -[EVENT] Local Name : L2 , Item Name: Port#2UnloadRequestReport, Item Value : 0, index : 1
[2019-10-10 18:24:10.109] [INFO ] [EventProcessingProc] [ControlManager][EventProcessingProc] -EventQ.Dequeue! As soon as mqProxy will be Sending, Remind EventQ Size : 1
[2019-10-10 19:03:55.162] [INFO ] [ScanThreadProc] [MProtocolProxy][unit_EventScanReceived] -BitOffEventReport is false, Trx : L2_Port#1LoadRequestReport
[2019-10-10 19:03:55.164] [INFO ] [ScanThreadProc] [MNet3EScanUnit][ScanBit] -[EVENT] Local Name : L2 , Item Name: Port#1LoadRequestReport, Item Value : 0, index : 16
[2019-10-10 19:05:59.169] [INFO ] [ScanThreadProc] [ControlManager][PLCWriteLog] -{
, ==========================================
, Message Name     : Event 
, Transaction Name : 2019-10-10 19:05-59_14 
, MessageType      : MelsecEthernet 
, MachineName      : L2 
, Event Time       : 20191010190559169 
, Event Name       : L2_Port#1LoadRequestReport 
, Event Value      : 1 
, Return Code      : 0 
, Return Message   :  
}
[2019-10-10 19:05:59.172] [INFO ] [ScanThreadProc] [MNet3EScanUnit][ScanBit] -[EVENT] Local Name : L2 , Item Name: Port#1LoadRequestReport, Item Value : 1, index : 16
[2019-10-10 19:05:59.172] [INFO ] [EventProcessingProc] [ControlManager][EventProcessingProc] -EventQ.Dequeue! As soon as mqProxy will be Sending, Remind EventQ Size : 1
[2019-10-10 19:22:57.222] [INFO ] [ScanThreadProc] [Make3EProtocol][GetItemReadWord] -[ASCII] Item Name : CassetteId, Data : S517A0666
[2019-10-10 19:22:57.225] [INFO ] [ScanThreadProc] [ControlManager][PLCWriteLog] -{
, ==========================================
, Message Name     : Event 
, Transaction Name : 2019-10-10 19:22-57_15 
, MessageType      : MelsecEthernet 
, MachineName      : L2 
, Event Time       : 20191010192257202 
, Event Name       : L2_Port#2UnloadRequestReport 
, Event Value      : 1 
, Return Code      : 0 
, Return Message   :  
, Read BlockName : L2_W_Port#2UnloadRequestReportBlock 
, ==Read Item List== 
, Read ItemName : CassetteId, Value : S517A0666 
}
[2019-10-10 19:22:57.227] [INFO ] [ScanThreadProc] [MNet3EScanUnit][ScanBit] -[EVENT] Local Name : L2 , Item Name: Port#2UnloadRequestReport, Item Value : 1, index : 1
[2019-10-10 19:22:57.243] [INFO ] [EventProcessingProc] [ControlManager][EventProcessingProc] -EventQ.Dequeue! As soon as mqProxy will be Sending, Remind EventQ Size : 1
[2019-10-10 19:26:07.227] [INFO ] [ScanThreadProc] [Make3EProtocol][GetItemReadWord] -[ASCII] Item Name : CassetteId, Data : S517A0666
[2019-10-10 19:26:07.230] [INFO ] [ScanThreadProc] [ControlManager][PLCWriteLog] -{
, ==========================================
, Message Name     : Event 
, Transaction Name : 2019-10-10 19:26-07_16 
, MessageType      : MelsecEthernet 
, MachineName      : L2 
, Event Time       : 20191010192607207 
, Event Name       : L2_Port#2UnloadRequestReport 
, Event Value      : 0 
, Return Code      : 0 
, Return Message   :  
, Read BlockName : L2_W_Port#2UnloadRequestReportBlock 
, ==Read Item List== 
, Read ItemName : CassetteId, Value : S517A0666 
}
[2019-10-10 19:26:07.232] [INFO ] [ScanThreadProc] [MNet3EScanUnit][ScanBit] -[EVENT] Local Name : L2 , Item Name: Port#2UnloadRequestReport, Item Value : 0, index : 1
[2019-10-10 19:26:07.235] [INFO ] [EventProcessingProc] [ControlManager][EventProcessingProc] -EventQ.Dequeue! As soon as mqProxy will be Sending, Remind EventQ Size : 1
[2019-10-10 19:43:55.252] [INFO ] [ScanThreadProc] [MProtocolProxy][unit_EventScanReceived] -BitOffEventReport is false, Trx : L2_Port#1LoadRequestReport
[2019-10-10 19:43:55.254] [INFO ] [ScanThreadProc] [MNet3EScanUnit][ScanBit] -[EVENT] Local Name : L2 , Item Name: Port#1LoadRequestReport, Item Value : 0, index : 16
[2019-10-10 19:45:58.247] [INFO ] [ScanThreadProc] [ControlManager][PLCWriteLog] -{
, ==========================================
, Message Name     : Event 
, Transaction Name : 2019-10-10 19:45-58_17 
, MessageType      : MelsecEthernet 
, MachineName      : L2 
, Event Time       : 20191010194558247 
, Event Name       : L2_Port#1LoadRequestReport 
, Event Value      : 1 
, Return Code      : 0 
, Return Message   :  
}
[2019-10-10 19:45:58.250] [INFO ] [ScanThreadProc] [MNet3EScanUnit][ScanBit] -[EVENT] Local Name : L2 , Item Name: Port#1LoadRequestReport, Item Value : 1, index : 16
[2019-10-10 19:45:58.252] [INFO ] [EventProcessingProc] [ControlManager][EventProcessingProc] -EventQ.Dequeue! As soon as mqProxy will be Sending, Remind EventQ Size : 1
[2019-10-10 20:02:57.280] [INFO ] [ScanThreadProc] [Make3EProtocol][GetItemReadWord] -[ASCII] Item Name : CassetteId, Data : S517A1172
[2019-10-10 20:02:57.284] [INFO ] [ScanThreadProc] [ControlManager][PLCWriteLog] -{
, ==========================================
, Message Name     : Event 
, Transaction Name : 2019-10-10 20:02-57_18 
, MessageType      : MelsecEthernet 
, MachineName      : L2 
, Event Time       : 20191010200257260 
, Event Name       : L2_Port#2UnloadRequestReport 
, Event Value      : 1 
, Return Code      : 0 
, Return Message   :  
, Read BlockName : L2_W_Port#2UnloadRequestReportBlock 
, ==Read Item List== 
, Read ItemName : CassetteId, Value : S517A1172 
}
[2019-10-10 20:02:57.286] [INFO ] [ScanThreadProc] [MNet3EScanUnit][ScanBit] -[EVENT] Local Name : L2 , Item Name: Port#2UnloadRequestReport, Item Value : 1, index : 1
[2019-10-10 20:02:57.300] [INFO ] [EventProcessingProc] [ControlManager][EventProcessingProc] -EventQ.Dequeue! As soon as mqProxy will be Sending, Remind EventQ Size : 1
[2019-10-10 20:03:30.280] [INFO ] [ScanThreadProc] [Make3EProtocol][GetItemReadWord] -[ASCII] Item Name : CassetteId, Data : S517A1172
[2019-10-10 20:03:30.282] [INFO ] [ScanThreadProc] [ControlManager][PLCWriteLog] -{
, ==========================================
, Message Name     : Event 
, Transaction Name : 2019-10-10 20:03-30_19 
, MessageType      : MelsecEthernet 
, MachineName      : L2 
, Event Time       : 20191010200330259 
, Event Name       : L2_Port#2UnloadRequestReport 
, Event Value      : 0 
, Return Code      : 0 
, Return Message   :  
, Read BlockName : L2_W_Port#2UnloadRequestReportBlock 
, ==Read Item List== 
, Read ItemName : CassetteId, Value : S517A1172 
}
[2019-10-10 20:03:30.284] [INFO ] [ScanThreadProc] [MNet3EScanUnit][ScanBit] -[EVENT] Local Name : L2 , Item Name: Port#2UnloadRequestReport, Item Value : 0, index : 1
[2019-10-10 20:03:30.303] [INFO ] [EventProcessingProc] [ControlManager][EventProcessingProc] -EventQ.Dequeue! As soon as mqProxy will be Sending, Remind EventQ Size : 1
[2019-10-10 20:17:00.289] [INFO ] [ScanThreadProc] [MProtocolProxy][unit_EventScanReceived] -BitOffEventReport is false, Trx : L2_Port#1LoadRequestReport
[2019-10-10 20:17:00.290] [INFO ] [ScanThreadProc] [MNet3EScanUnit][ScanBit] -[EVENT] Local Name : L2 , Item Name: Port#1LoadRequestReport, Item Value : 0, index : 16
[2019-10-10 20:19:03.296] [INFO ] [ScanThreadProc] [ControlManager][PLCWriteLog] -{
, ==========================================
, Message Name     : Event 
, Transaction Name : 2019-10-10 20:19-03_20 
, MessageType      : MelsecEthernet 
, MachineName      : L2 
, Event Time       : 20191010201903296 
, Event Name       : L2_Port#1LoadRequestReport 
, Event Value      : 1 
, Return Code      : 0 
, Return Message   :  
}
[2019-10-10 20:19:03.298] [INFO ] [ScanThreadProc] [MNet3EScanUnit][ScanBit] -[EVENT] Local Name : L2 , Item Name: Port#1LoadRequestReport, Item Value : 1, index : 16
[2019-10-10 20:19:03.296] [INFO ] [EventProcessingProc] [ControlManager][EventProcessingProc] -EventQ.Dequeue! As soon as mqProxy will be Sending, Remind EventQ Size : 1
[2019-10-10 20:36:02.389] [INFO ] [ScanThreadProc] [Make3EProtocol][GetItemReadWord] -[ASCII] Item Name : CassetteId, Data : S517A0211
[2019-10-10 20:36:02.393] [INFO ] [ScanThreadProc] [ControlManager][PLCWriteLog] -{
, ==========================================
, Message Name     : Event 
, Transaction Name : 2019-10-10 20:36-02_21 
, MessageType      : MelsecEthernet 
, MachineName      : L2 
, Event Time       : 20191010203602369 
, Event Name       : L2_Port#2UnloadRequestReport 
, Event Value      : 1 
, Return Code      : 0 
, Return Message   :  
, Read BlockName : L2_W_Port#2UnloadRequestReportBlock 
, ==Read Item List== 
, Read ItemName : CassetteId, Value : S517A0211 
}
[2019-10-10 20:36:02.395] [INFO ] [ScanThreadProc] [MNet3EScanUnit][ScanBit] -[EVENT] Local Name : L2 , Item Name: Port#2UnloadRequestReport, Item Value : 1, index : 1
[2019-10-10 20:36:02.407] [INFO ] [EventProcessingProc] [ControlManager][EventProcessingProc] -EventQ.Dequeue! As soon as mqProxy will be Sending, Remind EventQ Size : 1
[2019-10-10 20:36:40.418] [INFO ] [ScanThreadProc] [Make3EProtocol][GetItemReadWord] -[ASCII] Item Name : CassetteId, Data : S517A0211
[2019-10-10 20:36:40.421] [INFO ] [ScanThreadProc] [ControlManager][PLCWriteLog] -{
, ==========================================
, Message Name     : Event 
, Transaction Name : 2019-10-10 20:36-40_22 
, MessageType      : MelsecEthernet 
, MachineName      : L2 
, Event Time       : 20191010203640398 
, Event Name       : L2_Port#2UnloadRequestReport 
, Event Value      : 0 
, Return Code      : 0 
, Return Message   :  
, Read BlockName : L2_W_Port#2UnloadRequestReportBlock 
, ==Read Item List== 
, Read ItemName : CassetteId, Value : S517A0211 
}
[2019-10-10 20:36:40.423] [INFO ] [ScanThreadProc] [MNet3EScanUnit][ScanBit] -[EVENT] Local Name : L2 , Item Name: Port#2UnloadRequestReport, Item Value : 0, index : 1
[2019-10-10 20:36:40.426] [INFO ] [EventProcessingProc] [ControlManager][EventProcessingProc] -EventQ.Dequeue! As soon as mqProxy will be Sending, Remind EventQ Size : 1
[2019-10-10 21:40:45.529] [INFO ] [ScanThreadProc] [MProtocolProxy][unit_EventScanReceived] -BitOffEventReport is false, Trx : L2_Port#1LoadRequestReport
[2019-10-10 21:40:45.532] [INFO ] [ScanThreadProc] [MNet3EScanUnit][ScanBit] -[EVENT] Local Name : L2 , Item Name: Port#1LoadRequestReport, Item Value : 0, index : 16
[2019-10-10 21:42:49.526] [INFO ] [ScanThreadProc] [ControlManager][PLCWriteLog] -{
, ==========================================
, Message Name     : Event 
, Transaction Name : 2019-10-10 21:42-49_23 
, MessageType      : MelsecEthernet 
, MachineName      : L2 
, Event Time       : 20191010214249526 
, Event Name       : L2_Port#1LoadRequestReport 
, Event Value      : 1 
, Return Code      : 0 
, Return Message   :  
}
[2019-10-10 21:42:49.531] [INFO ] [EventProcessingProc] [ControlManager][EventProcessingProc] -EventQ.Dequeue! As soon as mqProxy will be Sending, Remind EventQ Size : 1
[2019-10-10 21:42:49.542] [INFO ] [ScanThreadProc] [MNet3EScanUnit][ScanBit] -[EVENT] Local Name : L2 , Item Name: Port#1LoadRequestReport, Item Value : 1, index : 16
[2019-10-10 21:54:50.548] [INFO ] [ScanThreadProc] [MProtocolProxy][unit_EventScanReceived] -BitOffEventReport is false, Trx : L2_Port#1LoadRequestReport
[2019-10-10 21:54:50.551] [INFO ] [ScanThreadProc] [MNet3EScanUnit][ScanBit] -[EVENT] Local Name : L2 , Item Name: Port#1LoadRequestReport, Item Value : 0, index : 16
[2019-10-10 21:56:53.555] [INFO ] [ScanThreadProc] [ControlManager][PLCWriteLog] -{
, ==========================================
, Message Name     : Event 
, Transaction Name : 2019-10-10 21:56-53_24 
, MessageType      : MelsecEthernet 
, MachineName      : L2 
, Event Time       : 20191010215653555 
, Event Name       : L2_Port#1LoadRequestReport 
, Event Value      : 1 
, Return Code      : 0 
, Return Message   :  
}
[2019-10-10 21:56:53.557] [INFO ] [ScanThreadProc] [MNet3EScanUnit][ScanBit] -[EVENT] Local Name : L2 , Item Name: Port#1LoadRequestReport, Item Value : 1, index : 16
[2019-10-10 21:56:53.573] [INFO ] [EventProcessingProc] [ControlManager][EventProcessingProc] -EventQ.Dequeue! As soon as mqProxy will be Sending, Remind EventQ Size : 1
[2019-10-10 21:59:57.193] [ERROR] [ScanThreadProc] [Make3EProtocol][Reader] -[Error] IOException Error : 无法从传输连接中读取数据: 由于连接方在一段时间后没有正确答复或连接的主机没有反应，连接尝试失败。。
[2019-10-10 21:59:57.195] [INFO ] [ScanThreadProc] [ControlManager][PLCWriteLog] -{
, ==========================================
, Message Name     : Event 
, Transaction Name : 2019-10-10 21:59-57_25 
, MessageType      : MelsecEthernet 
, MachineName      : L2 
, Event Time       : 20191010215948561 
, Event Name       : L2_Port#2UnloadRequestReport 
, Event Value      : 1 
, Return Code      : 0 
, Return Message   :  
, Read BlockName : L2_W_Port#2UnloadRequestReportBlock 
, ==Read Item List== 
}
[2019-10-10 21:59:57.196] [INFO ] [ScanThreadProc] [MNet3EScanUnit][ScanBit] -[EVENT] Local Name : L2 , Item Name: Port#2UnloadRequestReport, Item Value : 1, index : 1
[2019-10-10 21:59:57.215] [INFO ] [EventProcessingProc] [ControlManager][EventProcessingProc] -EventQ.Dequeue! As soon as mqProxy will be Sending, Remind EventQ Size : 1
[2019-10-10 22:47:22.327] [INFO ] [ScanThreadProc] [MProtocolProxy][unit_EventScanReceived] -BitOffEventReport is false, Trx : L2_Port#1LoadRequestReport
[2019-10-10 22:47:22.329] [INFO ] [ScanThreadProc] [MNet3EScanUnit][ScanBit] -[EVENT] Local Name : L2 , Item Name: Port#1LoadRequestReport, Item Value : 0, index : 16
[2019-10-10 22:49:25.364] [INFO ] [ScanThreadProc] [ControlManager][PLCWriteLog] -{
, ==========================================
, Message Name     : Event 
, Transaction Name : 2019-10-10 22:49-25_26 
, MessageType      : MelsecEthernet 
, MachineName      : L2 
, Event Time       : 20191010224925363 
, Event Name       : L2_Port#1LoadRequestReport 
, Event Value      : 1 
, Return Code      : 0 
, Return Message   :  
}
[2019-10-10 22:49:25.366] [INFO ] [ScanThreadProc] [MNet3EScanUnit][ScanBit] -[EVENT] Local Name : L2 , Item Name: Port#1LoadRequestReport, Item Value : 1, index : 16
[2019-10-10 22:49:25.369] [INFO ] [EventProcessingProc] [ControlManager][EventProcessingProc] -EventQ.Dequeue! As soon as mqProxy will be Sending, Remind EventQ Size : 1
