2020-04-01 08:42:53,160 [Thread: 10      ] [DEBUG] -- ApplicationContext Refresh: Refreshing object factory 
2020-04-01 08:42:54,771 [Thread: 10      ] [DEBUG] -- Loading XML object definitions from file [D:\DevRepository\2DReader\MPC\MPC\bin\Debug\spring-objects.xml]
2020-04-01 08:42:55,037 [Thread: 10      ] [DEBUG] -- Using the following XmlReader implementation : System.Xml.XsdValidatingReader
2020-04-01 08:42:55,069 [Thread: 10      ] [DEBUG] -- Loading object definitions.
2020-04-01 08:42:55,072 [Thread: 10      ] [DEBUG] -- Loading object definitions...
2020-04-01 08:42:55,075 [Thread: 10      ] [DEBUG] -- Default lazy init 'false'.
2020-04-01 08:42:55,077 [Thread: 10      ] [DEBUG] -- Default dependency check 'none'.
2020-04-01 08:42:55,078 [Thread: 10      ] [DEBUG] -- Default autowire 'no'.
2020-04-01 08:42:55,080 [Thread: 10      ] [DEBUG] -- Default merge 'false'.
2020-04-01 08:42:55,081 [Thread: 10      ] [DEBUG] -- Default init method ''.
2020-04-01 08:42:55,083 [Thread: 10      ] [DEBUG] -- Default destroy method ''.
2020-04-01 08:42:55,084 [Thread: 10      ] [DEBUG] -- Default autowire candidates ''.
2020-04-01 08:42:55,085 [Thread: 10      ] [DEBUG] -- Default init method ''.
2020-04-01 08:42:55,086 [Thread: 10      ] [DEBUG] -- Default destroy method ''.
2020-04-01 08:42:55,186 [Thread: 10      ] [DEBUG] -- Registering object definition with id 'reader'.
2020-04-01 08:42:55,218 [Thread: 10      ] [DEBUG] -- Registering object definition with id 'defects'.
2020-04-01 08:42:55,248 [Thread: 10      ] [DEBUG] -- Found 2 <object> elements defining objects.
2020-04-01 08:42:55,250 [Thread: 10      ] [DEBUG] -- Loaded 2 object definitions from location [spring-objects.xml]
2020-04-01 08:42:55,251 [Thread: 10      ] [DEBUG] -- Refreshed ObjectFactory for application context 'spring.root'.
2020-04-01 08:42:55,253 [Thread: 10      ] [DEBUG] -- ApplicationContext Refresh: Registering well-known processors and objects
2020-04-01 08:42:55,255 [Thread: 10      ] [DEBUG] -- ApplicationContext Refresh: Custom post processing object factory
2020-04-01 08:42:55,256 [Thread: 10      ] [DEBUG] -- ApplicationContext Refresh: Post processing object factory using pre-registered processors
2020-04-01 08:42:55,258 [Thread: 10      ] [DEBUG] -- 2 objects defined in application context [spring.root].
2020-04-01 08:42:55,260 [Thread: 10      ] [DEBUG] -- ApplicationContext Refresh: Post processing object factory using defined processors
2020-04-01 08:42:55,521 [Thread: 10      ] [DEBUG] -- processed 0 IFactoryObjectPostProcessors defined in application context [spring.root].
2020-04-01 08:42:55,552 [Thread: 10      ] [DEBUG] -- processed 0 IObjectPostProcessors defined in application context [spring.root].
2020-04-01 08:42:55,554 [Thread: 10      ] [DEBUG] -- No IEventRegistry found with name 'eventRegistry' : using default 'Spring.Objects.Events.Support.EventRegistry'.
2020-04-01 08:42:55,566 [Thread: 10      ] [DEBUG] -- No IMessageSource found with name 'messageSource' : using default 'StaticMessageSource : '.
2020-04-01 08:42:55,568 [Thread: 10      ] [DEBUG] -- ApplicationContext Refresh: Preinstantiating singletons
2020-04-01 08:42:55,569 [Thread: 10      ] [DEBUG] -- Pre-instantiating singletons in factory [Spring.Objects.Factory.Support.DefaultListableObjectFactory]
2020-04-01 08:42:55,597 [Thread: 10      ] [DEBUG] --    GetObjectInternal: obtaining instance for name reader => canonical name reader
2020-04-01 08:42:55,809 [Thread: 10      ] [DEBUG] -- Creating shared instance of singleton object 'reader'
2020-04-01 08:42:55,812 [Thread: 10      ] [DEBUG] -- Creating instance of Object 'reader' with merged definition [RootObjectDefinition : Class [TCPSrv.Reader.VCReaderTCP]; Abstract = False; Parent = ; Scope = singleton; Singleton = True; LazyInit = False; Autowire = No; Autowire-Candidate = True; Primary = False; DependencyCheck = None; InitMethodName = ; DestroyMethodName = ; FactoryMethodName = ; FactoryObjectName = ; defined in = file [D:\DevRepository\2DReader\MPC\MPC\bin\Debug\spring-objects.xml] line 26].
2020-04-01 08:42:55,907 [Thread: 10      ] [DEBUG] -- Invoking IInstantiationAwareObjectPostProcessors before the instantiation of 'reader'.
2020-04-01 08:42:56,791 [Thread: 10      ] [DEBUG] -- Eagerly caching object 'reader' to allow for resolving potential circular references
2020-04-01 08:42:56,793 [Thread: 10      ] [DEBUG] -- Configuring object using definition 'reader'
2020-04-01 08:42:56,796 [Thread: 10      ] [DEBUG] -- Invoking IObjectPostProcessors before initialization of object 'reader'
2020-04-01 08:42:56,799 [Thread: 10      ] [DEBUG] -- Invoking IObjectPostProcessors after initialization of object 'reader'
2020-04-01 08:42:56,844 [Thread: 10      ] [DEBUG] -- Cached shared instance of singleton object 'reader'
2020-04-01 08:42:56,847 [Thread: 10      ] [DEBUG] -- Calling code asked for normal instance for name 'reader'.
2020-04-01 08:42:56,850 [Thread: 10      ] [DEBUG] -- GetObjectInternal: returning instance for objectname reader
2020-04-01 08:42:56,851 [Thread: 10      ] [DEBUG] --    GetObjectInternal: obtaining instance for name defects => canonical name defects
2020-04-01 08:42:56,852 [Thread: 10      ] [DEBUG] -- Creating shared instance of singleton object 'defects'
2020-04-01 08:42:56,854 [Thread: 10      ] [DEBUG] -- Creating instance of Object 'defects' with merged definition [RootObjectDefinition : Class [MPC.DefectCollection]; Abstract = False; Parent = ; Scope = singleton; Singleton = True; LazyInit = False; Autowire = No; Autowire-Candidate = True; Primary = False; DependencyCheck = None; InitMethodName = ; DestroyMethodName = ; FactoryMethodName = ; FactoryObjectName = ; defined in = file [D:\DevRepository\2DReader\MPC\MPC\bin\Debug\spring-objects.xml] line 27].
2020-04-01 08:42:57,018 [Thread: 10      ] [DEBUG] -- Invoking IInstantiationAwareObjectPostProcessors before the instantiation of 'defects'.
2020-04-01 08:42:57,492 [Thread: 10      ] [DEBUG] -- Object 'defects' instantiated via constructor [Void .ctor(System.String)].
2020-04-01 08:42:57,494 [Thread: 10      ] [DEBUG] -- Eagerly caching object 'defects' to allow for resolving potential circular references
2020-04-01 08:42:57,495 [Thread: 10      ] [DEBUG] -- Configuring object using definition 'defects'
2020-04-01 08:42:57,497 [Thread: 10      ] [DEBUG] -- Invoking IObjectPostProcessors before initialization of object 'defects'
2020-04-01 08:42:57,498 [Thread: 10      ] [DEBUG] -- Invoking IObjectPostProcessors after initialization of object 'defects'
2020-04-01 08:42:57,499 [Thread: 10      ] [DEBUG] -- Cached shared instance of singleton object 'defects'
2020-04-01 08:42:57,501 [Thread: 10      ] [DEBUG] -- Calling code asked for normal instance for name 'defects'.
2020-04-01 08:42:57,502 [Thread: 10      ] [DEBUG] -- GetObjectInternal: returning instance for objectname defects
2020-04-01 08:42:57,504 [Thread: 10      ] [DEBUG] -- Publishing event in context [spring.root] : ContextRefreshedEventArgs [Refreshed]
2020-04-01 08:42:57,509 [Thread: 10      ] [INFO ] -- ApplicationContext Refresh: Completed
2020-04-01 08:42:57,511 [Thread: 10      ] [DEBUG] --    GetObjectInternal: obtaining instance for name reader => canonical name reader
2020-04-01 08:42:57,512 [Thread: 10      ] [DEBUG] -- Returning cached instance of singleton object 'reader'.
2020-04-01 08:42:57,513 [Thread: 10      ] [DEBUG] -- Calling code asked for normal instance for name 'reader'.
2020-04-01 08:42:57,514 [Thread: 10      ] [DEBUG] -- GetObjectInternal: returning instance for objectname reader
2020-04-01 08:43:00,160 [Thread: 10      ] [DEBUG] --    GetObjectInternal: obtaining instance for name defects => canonical name defects
2020-04-01 08:43:00,258 [Thread: 10      ] [DEBUG] -- Returning cached instance of singleton object 'defects'.
2020-04-01 08:43:00,259 [Thread: 10      ] [DEBUG] -- Calling code asked for normal instance for name 'defects'.
2020-04-01 08:43:00,260 [Thread: 10      ] [DEBUG] -- GetObjectInternal: returning instance for objectname defects
2020-04-01 08:53:20,588 [Thread: 8       ] [DEBUG] -- ApplicationContext Refresh: Refreshing object factory 
2020-04-01 08:53:21,233 [Thread: 8       ] [DEBUG] -- Loading XML object definitions from file [D:\DevRepository\2DReader\MPC\MPC\bin\Debug\spring-objects.xml]
2020-04-01 08:53:21,515 [Thread: 8       ] [DEBUG] -- Using the following XmlReader implementation : System.Xml.XsdValidatingReader
2020-04-01 08:53:21,664 [Thread: 8       ] [DEBUG] -- Loading object definitions.
2020-04-01 08:53:21,669 [Thread: 8       ] [DEBUG] -- Loading object definitions...
2020-04-01 08:53:21,670 [Thread: 8       ] [DEBUG] -- Default lazy init 'false'.
2020-04-01 08:53:21,671 [Thread: 8       ] [DEBUG] -- Default dependency check 'none'.
2020-04-01 08:53:21,672 [Thread: 8       ] [DEBUG] -- Default autowire 'no'.
2020-04-01 08:53:21,674 [Thread: 8       ] [DEBUG] -- Default merge 'false'.
2020-04-01 08:53:21,675 [Thread: 8       ] [DEBUG] -- Default init method ''.
2020-04-01 08:53:21,676 [Thread: 8       ] [DEBUG] -- Default destroy method ''.
2020-04-01 08:53:21,678 [Thread: 8       ] [DEBUG] -- Default autowire candidates ''.
2020-04-01 08:53:21,679 [Thread: 8       ] [DEBUG] -- Default init method ''.
2020-04-01 08:53:21,680 [Thread: 8       ] [DEBUG] -- Default destroy method ''.
2020-04-01 08:53:21,807 [Thread: 8       ] [DEBUG] -- Registering object definition with id 'reader'.
2020-04-01 08:53:21,825 [Thread: 8       ] [DEBUG] -- Registering object definition with id 'defects'.
2020-04-01 08:53:21,826 [Thread: 8       ] [DEBUG] -- Found 2 <object> elements defining objects.
2020-04-01 08:53:21,827 [Thread: 8       ] [DEBUG] -- Loaded 2 object definitions from location [spring-objects.xml]
2020-04-01 08:53:21,829 [Thread: 8       ] [DEBUG] -- Refreshed ObjectFactory for application context 'spring.root'.
2020-04-01 08:53:21,830 [Thread: 8       ] [DEBUG] -- ApplicationContext Refresh: Registering well-known processors and objects
2020-04-01 08:53:21,833 [Thread: 8       ] [DEBUG] -- ApplicationContext Refresh: Custom post processing object factory
2020-04-01 08:53:21,834 [Thread: 8       ] [DEBUG] -- ApplicationContext Refresh: Post processing object factory using pre-registered processors
2020-04-01 08:53:21,836 [Thread: 8       ] [DEBUG] -- 2 objects defined in application context [spring.root].
2020-04-01 08:53:21,937 [Thread: 8       ] [DEBUG] -- ApplicationContext Refresh: Post processing object factory using defined processors
2020-04-01 08:53:22,092 [Thread: 8       ] [DEBUG] -- processed 0 IFactoryObjectPostProcessors defined in application context [spring.root].
2020-04-01 08:53:22,094 [Thread: 8       ] [DEBUG] -- processed 0 IObjectPostProcessors defined in application context [spring.root].
2020-04-01 08:53:22,098 [Thread: 8       ] [DEBUG] -- No IEventRegistry found with name 'eventRegistry' : using default 'Spring.Objects.Events.Support.EventRegistry'.
2020-04-01 08:53:22,101 [Thread: 8       ] [DEBUG] -- No IMessageSource found with name 'messageSource' : using default 'StaticMessageSource : '.
2020-04-01 08:53:22,104 [Thread: 8       ] [DEBUG] -- ApplicationContext Refresh: Preinstantiating singletons
2020-04-01 08:53:22,105 [Thread: 8       ] [DEBUG] -- Pre-instantiating singletons in factory [Spring.Objects.Factory.Support.DefaultListableObjectFactory]
2020-04-01 08:53:22,139 [Thread: 8       ] [DEBUG] --    GetObjectInternal: obtaining instance for name reader => canonical name reader
2020-04-01 08:53:22,142 [Thread: 8       ] [DEBUG] -- Creating shared instance of singleton object 'reader'
2020-04-01 08:53:22,145 [Thread: 8       ] [DEBUG] -- Creating instance of Object 'reader' with merged definition [RootObjectDefinition : Class [TCPSrv.Reader.VCReaderTCP]; Abstract = False; Parent = ; Scope = singleton; Singleton = True; LazyInit = False; Autowire = No; Autowire-Candidate = True; Primary = False; DependencyCheck = None; InitMethodName = ; DestroyMethodName = ; FactoryMethodName = ; FactoryObjectName = ; defined in = file [D:\DevRepository\2DReader\MPC\MPC\bin\Debug\spring-objects.xml] line 26].
2020-04-01 08:53:22,147 [Thread: 8       ] [DEBUG] -- Invoking IInstantiationAwareObjectPostProcessors before the instantiation of 'reader'.
2020-04-01 08:53:23,026 [Thread: 8       ] [DEBUG] -- Eagerly caching object 'reader' to allow for resolving potential circular references
2020-04-01 08:53:23,027 [Thread: 8       ] [DEBUG] -- Configuring object using definition 'reader'
2020-04-01 08:53:23,031 [Thread: 8       ] [DEBUG] -- Invoking IObjectPostProcessors before initialization of object 'reader'
2020-04-01 08:53:23,035 [Thread: 8       ] [DEBUG] -- Invoking IObjectPostProcessors after initialization of object 'reader'
2020-04-01 08:53:23,064 [Thread: 8       ] [DEBUG] -- Cached shared instance of singleton object 'reader'
2020-04-01 08:53:23,066 [Thread: 8       ] [DEBUG] -- Calling code asked for normal instance for name 'reader'.
2020-04-01 08:53:23,068 [Thread: 8       ] [DEBUG] -- GetObjectInternal: returning instance for objectname reader
2020-04-01 08:53:23,069 [Thread: 8       ] [DEBUG] --    GetObjectInternal: obtaining instance for name defects => canonical name defects
2020-04-01 08:53:23,070 [Thread: 8       ] [DEBUG] -- Creating shared instance of singleton object 'defects'
2020-04-01 08:53:23,071 [Thread: 8       ] [DEBUG] -- Creating instance of Object 'defects' with merged definition [RootObjectDefinition : Class [MPC.DefectCollection]; Abstract = False; Parent = ; Scope = singleton; Singleton = True; LazyInit = False; Autowire = No; Autowire-Candidate = True; Primary = False; DependencyCheck = None; InitMethodName = ; DestroyMethodName = ; FactoryMethodName = ; FactoryObjectName = ; defined in = file [D:\DevRepository\2DReader\MPC\MPC\bin\Debug\spring-objects.xml] line 27].
2020-04-01 08:53:23,247 [Thread: 8       ] [DEBUG] -- Invoking IInstantiationAwareObjectPostProcessors before the instantiation of 'defects'.
2020-04-01 08:53:23,641 [Thread: 8       ] [DEBUG] -- Object 'defects' instantiated via constructor [Void .ctor(System.String)].
2020-04-01 08:53:23,643 [Thread: 8       ] [DEBUG] -- Eagerly caching object 'defects' to allow for resolving potential circular references
2020-04-01 08:53:23,644 [Thread: 8       ] [DEBUG] -- Configuring object using definition 'defects'
2020-04-01 08:53:23,646 [Thread: 8       ] [DEBUG] -- Invoking IObjectPostProcessors before initialization of object 'defects'
2020-04-01 08:53:23,647 [Thread: 8       ] [DEBUG] -- Invoking IObjectPostProcessors after initialization of object 'defects'
2020-04-01 08:53:23,648 [Thread: 8       ] [DEBUG] -- Cached shared instance of singleton object 'defects'
2020-04-01 08:53:23,650 [Thread: 8       ] [DEBUG] -- Calling code asked for normal instance for name 'defects'.
2020-04-01 08:53:23,651 [Thread: 8       ] [DEBUG] -- GetObjectInternal: returning instance for objectname defects
2020-04-01 08:53:23,653 [Thread: 8       ] [DEBUG] -- Publishing event in context [spring.root] : ContextRefreshedEventArgs [Refreshed]
2020-04-01 08:53:23,655 [Thread: 8       ] [INFO ] -- ApplicationContext Refresh: Completed
2020-04-01 08:53:23,657 [Thread: 8       ] [DEBUG] --    GetObjectInternal: obtaining instance for name reader => canonical name reader
2020-04-01 08:53:23,658 [Thread: 8       ] [DEBUG] -- Returning cached instance of singleton object 'reader'.
2020-04-01 08:53:23,659 [Thread: 8       ] [DEBUG] -- Calling code asked for normal instance for name 'reader'.
2020-04-01 08:53:23,847 [Thread: 8       ] [DEBUG] -- GetObjectInternal: returning instance for objectname reader
2020-04-01 08:53:25,679 [Thread: 8       ] [DEBUG] --    GetObjectInternal: obtaining instance for name defects => canonical name defects
2020-04-01 08:53:25,801 [Thread: 8       ] [DEBUG] -- Returning cached instance of singleton object 'defects'.
2020-04-01 08:53:25,802 [Thread: 8       ] [DEBUG] -- Calling code asked for normal instance for name 'defects'.
2020-04-01 08:53:25,803 [Thread: 8       ] [DEBUG] -- GetObjectInternal: returning instance for objectname defects
2020-04-01 18:10:45,757 [Thread: 10      ] [DEBUG] -- ApplicationContext Refresh: Refreshing object factory 
2020-04-01 18:10:46,056 [Thread: 10      ] [DEBUG] -- Loading XML object definitions from file [D:\DevRepository\2DReader\MPC\MPC\bin\Debug\spring-objects.xml]
2020-04-01 18:10:46,122 [Thread: 10      ] [DEBUG] -- Using the following XmlReader implementation : System.Xml.XsdValidatingReader
2020-04-01 18:10:46,149 [Thread: 10      ] [DEBUG] -- Loading object definitions.
2020-04-01 18:10:46,151 [Thread: 10      ] [DEBUG] -- Loading object definitions...
2020-04-01 18:10:46,175 [Thread: 10      ] [DEBUG] -- Default lazy init 'false'.
2020-04-01 18:10:46,176 [Thread: 10      ] [DEBUG] -- Default dependency check 'none'.
2020-04-01 18:10:46,177 [Thread: 10      ] [DEBUG] -- Default autowire 'no'.
2020-04-01 18:10:46,178 [Thread: 10      ] [DEBUG] -- Default merge 'false'.
2020-04-01 18:10:46,179 [Thread: 10      ] [DEBUG] -- Default init method ''.
2020-04-01 18:10:46,180 [Thread: 10      ] [DEBUG] -- Default destroy method ''.
2020-04-01 18:10:46,181 [Thread: 10      ] [DEBUG] -- Default autowire candidates ''.
2020-04-01 18:10:46,182 [Thread: 10      ] [DEBUG] -- Default init method ''.
2020-04-01 18:10:46,183 [Thread: 10      ] [DEBUG] -- Default destroy method ''.
2020-04-01 18:10:46,303 [Thread: 10      ] [DEBUG] -- Registering object definition with id 'reader'.
2020-04-01 18:10:46,307 [Thread: 10      ] [DEBUG] -- Registering object definition with id 'defects'.
2020-04-01 18:10:46,312 [Thread: 10      ] [DEBUG] -- Registering object definition with id 'csvwriter'.
2020-04-01 18:10:46,316 [Thread: 10      ] [DEBUG] -- Found 3 <object> elements defining objects.
2020-04-01 18:10:46,317 [Thread: 10      ] [DEBUG] -- Loaded 3 object definitions from location [spring-objects.xml]
2020-04-01 18:10:46,318 [Thread: 10      ] [DEBUG] -- Refreshed ObjectFactory for application context 'spring.root'.
2020-04-01 18:10:46,319 [Thread: 10      ] [DEBUG] -- ApplicationContext Refresh: Registering well-known processors and objects
2020-04-01 18:10:46,321 [Thread: 10      ] [DEBUG] -- ApplicationContext Refresh: Custom post processing object factory
2020-04-01 18:10:46,321 [Thread: 10      ] [DEBUG] -- ApplicationContext Refresh: Post processing object factory using pre-registered processors
2020-04-01 18:10:46,479 [Thread: 10      ] [DEBUG] -- 3 objects defined in application context [spring.root].
2020-04-01 18:10:46,480 [Thread: 10      ] [DEBUG] -- ApplicationContext Refresh: Post processing object factory using defined processors
2020-04-01 18:10:46,582 [Thread: 10      ] [DEBUG] -- processed 0 IFactoryObjectPostProcessors defined in application context [spring.root].
2020-04-01 18:10:46,585 [Thread: 10      ] [DEBUG] -- processed 0 IObjectPostProcessors defined in application context [spring.root].
2020-04-01 18:10:46,588 [Thread: 10      ] [DEBUG] -- No IEventRegistry found with name 'eventRegistry' : using default 'Spring.Objects.Events.Support.EventRegistry'.
2020-04-01 18:10:46,592 [Thread: 10      ] [DEBUG] -- No IMessageSource found with name 'messageSource' : using default 'StaticMessageSource : '.
2020-04-01 18:10:46,594 [Thread: 10      ] [DEBUG] -- ApplicationContext Refresh: Preinstantiating singletons
2020-04-01 18:10:46,596 [Thread: 10      ] [DEBUG] -- Pre-instantiating singletons in factory [Spring.Objects.Factory.Support.DefaultListableObjectFactory]
2020-04-01 18:10:46,704 [Thread: 10      ] [DEBUG] --    GetObjectInternal: obtaining instance for name reader => canonical name reader
2020-04-01 18:10:46,735 [Thread: 10      ] [DEBUG] -- Creating shared instance of singleton object 'reader'
2020-04-01 18:10:46,737 [Thread: 10      ] [DEBUG] -- Creating instance of Object 'reader' with merged definition [RootObjectDefinition : Class [TCPSrv.Reader.VCReaderTCP]; Abstract = False; Parent = ; Scope = singleton; Singleton = True; LazyInit = False; Autowire = No; Autowire-Candidate = True; Primary = False; DependencyCheck = None; InitMethodName = ; DestroyMethodName = ; FactoryMethodName = ; FactoryObjectName = ; defined in = file [D:\DevRepository\2DReader\MPC\MPC\bin\Debug\spring-objects.xml] line 26].
2020-04-01 18:10:46,767 [Thread: 10      ] [DEBUG] -- Invoking IInstantiationAwareObjectPostProcessors before the instantiation of 'reader'.
2020-04-01 18:10:47,466 [Thread: 10      ] [DEBUG] -- Eagerly caching object 'reader' to allow for resolving potential circular references
2020-04-01 18:10:47,467 [Thread: 10      ] [DEBUG] -- Configuring object using definition 'reader'
2020-04-01 18:10:47,470 [Thread: 10      ] [DEBUG] -- Invoking IObjectPostProcessors before initialization of object 'reader'
2020-04-01 18:10:47,473 [Thread: 10      ] [DEBUG] -- Invoking IObjectPostProcessors after initialization of object 'reader'
2020-04-01 18:10:47,479 [Thread: 10      ] [DEBUG] -- Cached shared instance of singleton object 'reader'
2020-04-01 18:10:47,481 [Thread: 10      ] [DEBUG] -- Calling code asked for normal instance for name 'reader'.
2020-04-01 18:10:47,483 [Thread: 10      ] [DEBUG] -- GetObjectInternal: returning instance for objectname reader
2020-04-01 18:10:47,484 [Thread: 10      ] [DEBUG] --    GetObjectInternal: obtaining instance for name defects => canonical name defects
2020-04-01 18:10:47,485 [Thread: 10      ] [DEBUG] -- Creating shared instance of singleton object 'defects'
2020-04-01 18:10:47,488 [Thread: 10      ] [DEBUG] -- Creating instance of Object 'defects' with merged definition [RootObjectDefinition : Class [MPC.DefectCollection]; Abstract = False; Parent = ; Scope = singleton; Singleton = True; LazyInit = False; Autowire = No; Autowire-Candidate = True; Primary = False; DependencyCheck = None; InitMethodName = ; DestroyMethodName = ; FactoryMethodName = ; FactoryObjectName = ; defined in = file [D:\DevRepository\2DReader\MPC\MPC\bin\Debug\spring-objects.xml] line 27].
2020-04-01 18:10:47,489 [Thread: 10      ] [DEBUG] -- Invoking IInstantiationAwareObjectPostProcessors before the instantiation of 'defects'.
2020-04-01 18:10:47,625 [Thread: 10      ] [DEBUG] -- Object 'defects' instantiated via constructor [Void .ctor(System.String)].
2020-04-01 18:10:47,627 [Thread: 10      ] [DEBUG] -- Eagerly caching object 'defects' to allow for resolving potential circular references
2020-04-01 18:10:47,628 [Thread: 10      ] [DEBUG] -- Configuring object using definition 'defects'
2020-04-01 18:10:47,688 [Thread: 10      ] [DEBUG] -- Invoking IObjectPostProcessors before initialization of object 'defects'
2020-04-01 18:10:47,689 [Thread: 10      ] [DEBUG] -- Invoking IObjectPostProcessors after initialization of object 'defects'
2020-04-01 18:10:47,690 [Thread: 10      ] [DEBUG] -- Cached shared instance of singleton object 'defects'
2020-04-01 18:10:47,691 [Thread: 10      ] [DEBUG] -- Calling code asked for normal instance for name 'defects'.
2020-04-01 18:10:47,692 [Thread: 10      ] [DEBUG] -- GetObjectInternal: returning instance for objectname defects
2020-04-01 18:10:47,693 [Thread: 10      ] [DEBUG] --    GetObjectInternal: obtaining instance for name csvwriter => canonical name csvwriter
2020-04-01 18:10:47,694 [Thread: 10      ] [DEBUG] -- Creating shared instance of singleton object 'csvwriter'
2020-04-01 18:10:47,695 [Thread: 10      ] [DEBUG] -- Creating instance of Object 'csvwriter' with merged definition [RootObjectDefinition : Class [FileSrv.csv.CSVWriter]; Abstract = False; Parent = ; Scope = singleton; Singleton = True; LazyInit = False; Autowire = No; Autowire-Candidate = True; Primary = False; DependencyCheck = None; InitMethodName = ; DestroyMethodName = ; FactoryMethodName = ; FactoryObjectName = ; defined in = file [D:\DevRepository\2DReader\MPC\MPC\bin\Debug\spring-objects.xml] line 31].
2020-04-01 18:10:47,888 [Thread: 10      ] [DEBUG] -- Invoking IInstantiationAwareObjectPostProcessors before the instantiation of 'csvwriter'.
2020-04-01 18:10:47,890 [Thread: 10      ] [DEBUG] -- Object 'csvwriter' instantiated via constructor [Void .ctor(System.String)].
2020-04-01 18:10:47,891 [Thread: 10      ] [DEBUG] -- Eagerly caching object 'csvwriter' to allow for resolving potential circular references
2020-04-01 18:10:47,892 [Thread: 10      ] [DEBUG] -- Configuring object using definition 'csvwriter'
2020-04-01 18:10:47,893 [Thread: 10      ] [DEBUG] -- Invoking IObjectPostProcessors before initialization of object 'csvwriter'
2020-04-01 18:10:48,088 [Thread: 10      ] [DEBUG] -- Invoking IObjectPostProcessors after initialization of object 'csvwriter'
2020-04-01 18:10:48,089 [Thread: 10      ] [DEBUG] -- Cached shared instance of singleton object 'csvwriter'
2020-04-01 18:10:48,090 [Thread: 10      ] [DEBUG] -- Calling code asked for normal instance for name 'csvwriter'.
2020-04-01 18:10:48,091 [Thread: 10      ] [DEBUG] -- GetObjectInternal: returning instance for objectname csvwriter
2020-04-01 18:10:48,093 [Thread: 10      ] [DEBUG] -- Publishing event in context [spring.root] : ContextRefreshedEventArgs [Refreshed]
2020-04-01 18:10:48,095 [Thread: 10      ] [INFO ] -- ApplicationContext Refresh: Completed
2020-04-01 18:10:48,096 [Thread: 10      ] [DEBUG] --    GetObjectInternal: obtaining instance for name reader => canonical name reader
2020-04-01 18:10:48,097 [Thread: 10      ] [DEBUG] -- Returning cached instance of singleton object 'reader'.
2020-04-01 18:10:48,098 [Thread: 10      ] [DEBUG] -- Calling code asked for normal instance for name 'reader'.
2020-04-01 18:10:48,289 [Thread: 10      ] [DEBUG] -- GetObjectInternal: returning instance for objectname reader
2020-04-01 18:11:35,107 [Thread: 9       ] [DEBUG] -- ApplicationContext Refresh: Refreshing object factory 
2020-04-01 18:11:35,183 [Thread: 9       ] [DEBUG] -- Loading XML object definitions from file [D:\DevRepository\2DReader\MPC\MPC\bin\Debug\spring-objects.xml]
2020-04-01 18:11:35,237 [Thread: 9       ] [DEBUG] -- Using the following XmlReader implementation : System.Xml.XsdValidatingReader
2020-04-01 18:11:35,242 [Thread: 9       ] [DEBUG] -- Loading object definitions.
2020-04-01 18:11:35,244 [Thread: 9       ] [DEBUG] -- Loading object definitions...
2020-04-01 18:11:35,246 [Thread: 9       ] [DEBUG] -- Default lazy init 'false'.
2020-04-01 18:11:35,247 [Thread: 9       ] [DEBUG] -- Default dependency check 'none'.
2020-04-01 18:11:35,248 [Thread: 9       ] [DEBUG] -- Default autowire 'no'.
2020-04-01 18:11:35,249 [Thread: 9       ] [DEBUG] -- Default merge 'false'.
2020-04-01 18:11:35,250 [Thread: 9       ] [DEBUG] -- Default init method ''.
2020-04-01 18:11:35,251 [Thread: 9       ] [DEBUG] -- Default destroy method ''.
2020-04-01 18:11:35,252 [Thread: 9       ] [DEBUG] -- Default autowire candidates ''.
2020-04-01 18:11:35,324 [Thread: 9       ] [DEBUG] -- Default init method ''.
2020-04-01 18:11:35,325 [Thread: 9       ] [DEBUG] -- Default destroy method ''.
2020-04-01 18:11:35,340 [Thread: 9       ] [DEBUG] -- Registering object definition with id 'reader'.
2020-04-01 18:11:35,343 [Thread: 9       ] [DEBUG] -- Registering object definition with id 'defects'.
2020-04-01 18:11:35,361 [Thread: 9       ] [DEBUG] -- Registering object definition with id 'csvwriter'.
2020-04-01 18:11:35,363 [Thread: 9       ] [DEBUG] -- Found 3 <object> elements defining objects.
2020-04-01 18:11:35,364 [Thread: 9       ] [DEBUG] -- Loaded 3 object definitions from location [spring-objects.xml]
2020-04-01 18:11:35,366 [Thread: 9       ] [DEBUG] -- Refreshed ObjectFactory for application context 'spring.root'.
2020-04-01 18:11:35,367 [Thread: 9       ] [DEBUG] -- ApplicationContext Refresh: Registering well-known processors and objects
2020-04-01 18:11:35,369 [Thread: 9       ] [DEBUG] -- ApplicationContext Refresh: Custom post processing object factory
2020-04-01 18:11:35,524 [Thread: 9       ] [DEBUG] -- ApplicationContext Refresh: Post processing object factory using pre-registered processors
2020-04-01 18:11:35,525 [Thread: 9       ] [DEBUG] -- 3 objects defined in application context [spring.root].
2020-04-01 18:11:35,526 [Thread: 9       ] [DEBUG] -- ApplicationContext Refresh: Post processing object factory using defined processors
2020-04-01 18:11:35,547 [Thread: 9       ] [DEBUG] -- processed 0 IFactoryObjectPostProcessors defined in application context [spring.root].
2020-04-01 18:11:35,549 [Thread: 9       ] [DEBUG] -- processed 0 IObjectPostProcessors defined in application context [spring.root].
2020-04-01 18:11:35,551 [Thread: 9       ] [DEBUG] -- No IEventRegistry found with name 'eventRegistry' : using default 'Spring.Objects.Events.Support.EventRegistry'.
2020-04-01 18:11:35,554 [Thread: 9       ] [DEBUG] -- No IMessageSource found with name 'messageSource' : using default 'StaticMessageSource : '.
2020-04-01 18:11:35,725 [Thread: 9       ] [DEBUG] -- ApplicationContext Refresh: Preinstantiating singletons
2020-04-01 18:11:35,726 [Thread: 9       ] [DEBUG] -- Pre-instantiating singletons in factory [Spring.Objects.Factory.Support.DefaultListableObjectFactory]
2020-04-01 18:11:35,728 [Thread: 9       ] [DEBUG] --    GetObjectInternal: obtaining instance for name reader => canonical name reader
2020-04-01 18:11:35,731 [Thread: 9       ] [DEBUG] -- Creating shared instance of singleton object 'reader'
2020-04-01 18:11:35,733 [Thread: 9       ] [DEBUG] -- Creating instance of Object 'reader' with merged definition [RootObjectDefinition : Class [TCPSrv.Reader.VCReaderTCP]; Abstract = False; Parent = ; Scope = singleton; Singleton = True; LazyInit = False; Autowire = No; Autowire-Candidate = True; Primary = False; DependencyCheck = None; InitMethodName = ; DestroyMethodName = ; FactoryMethodName = ; FactoryObjectName = ; defined in = file [D:\DevRepository\2DReader\MPC\MPC\bin\Debug\spring-objects.xml] line 26].
2020-04-01 18:11:35,925 [Thread: 9       ] [DEBUG] -- Invoking IInstantiationAwareObjectPostProcessors before the instantiation of 'reader'.
2020-04-01 18:11:36,064 [Thread: 9       ] [DEBUG] -- Eagerly caching object 'reader' to allow for resolving potential circular references
2020-04-01 18:11:36,066 [Thread: 9       ] [DEBUG] -- Configuring object using definition 'reader'
2020-04-01 18:11:36,068 [Thread: 9       ] [DEBUG] -- Invoking IObjectPostProcessors before initialization of object 'reader'
2020-04-01 18:11:36,070 [Thread: 9       ] [DEBUG] -- Invoking IObjectPostProcessors after initialization of object 'reader'
2020-04-01 18:11:36,086 [Thread: 9       ] [DEBUG] -- Cached shared instance of singleton object 'reader'
2020-04-01 18:11:36,088 [Thread: 9       ] [DEBUG] -- Calling code asked for normal instance for name 'reader'.
2020-04-01 18:11:36,090 [Thread: 9       ] [DEBUG] -- GetObjectInternal: returning instance for objectname reader
2020-04-01 18:11:36,124 [Thread: 9       ] [DEBUG] --    GetObjectInternal: obtaining instance for name defects => canonical name defects
2020-04-01 18:11:36,125 [Thread: 9       ] [DEBUG] -- Creating shared instance of singleton object 'defects'
2020-04-01 18:11:36,126 [Thread: 9       ] [DEBUG] -- Creating instance of Object 'defects' with merged definition [RootObjectDefinition : Class [MPC.DefectCollection]; Abstract = False; Parent = ; Scope = singleton; Singleton = True; LazyInit = False; Autowire = No; Autowire-Candidate = True; Primary = False; DependencyCheck = None; InitMethodName = ; DestroyMethodName = ; FactoryMethodName = ; FactoryObjectName = ; defined in = file [D:\DevRepository\2DReader\MPC\MPC\bin\Debug\spring-objects.xml] line 27].
2020-04-01 18:11:36,127 [Thread: 9       ] [DEBUG] -- Invoking IInstantiationAwareObjectPostProcessors before the instantiation of 'defects'.
2020-04-01 18:11:36,280 [Thread: 9       ] [DEBUG] -- Object 'defects' instantiated via constructor [Void .ctor(System.String)].
2020-04-01 18:11:36,324 [Thread: 9       ] [DEBUG] -- Eagerly caching object 'defects' to allow for resolving potential circular references
2020-04-01 18:11:36,325 [Thread: 9       ] [DEBUG] -- Configuring object using definition 'defects'
2020-04-01 18:11:36,326 [Thread: 9       ] [DEBUG] -- Invoking IObjectPostProcessors before initialization of object 'defects'
2020-04-01 18:11:36,327 [Thread: 9       ] [DEBUG] -- Invoking IObjectPostProcessors after initialization of object 'defects'
2020-04-01 18:11:36,328 [Thread: 9       ] [DEBUG] -- Cached shared instance of singleton object 'defects'
2020-04-01 18:11:36,329 [Thread: 9       ] [DEBUG] -- Calling code asked for normal instance for name 'defects'.
2020-04-01 18:11:36,330 [Thread: 9       ] [DEBUG] -- GetObjectInternal: returning instance for objectname defects
2020-04-01 18:11:36,331 [Thread: 9       ] [DEBUG] --    GetObjectInternal: obtaining instance for name csvwriter => canonical name csvwriter
2020-04-01 18:11:36,332 [Thread: 9       ] [DEBUG] -- Creating shared instance of singleton object 'csvwriter'
2020-04-01 18:11:36,524 [Thread: 9       ] [DEBUG] -- Creating instance of Object 'csvwriter' with merged definition [RootObjectDefinition : Class [FileSrv.csv.CSVWriter]; Abstract = False; Parent = ; Scope = singleton; Singleton = True; LazyInit = False; Autowire = No; Autowire-Candidate = True; Primary = False; DependencyCheck = None; InitMethodName = ; DestroyMethodName = ; FactoryMethodName = ; FactoryObjectName = ; defined in = file [D:\DevRepository\2DReader\MPC\MPC\bin\Debug\spring-objects.xml] line 31].
2020-04-01 18:11:36,525 [Thread: 9       ] [DEBUG] -- Invoking IInstantiationAwareObjectPostProcessors before the instantiation of 'csvwriter'.
2020-04-01 18:11:36,527 [Thread: 9       ] [DEBUG] -- Object 'csvwriter' instantiated via constructor [Void .ctor(System.String)].
2020-04-01 18:11:36,529 [Thread: 9       ] [DEBUG] -- Eagerly caching object 'csvwriter' to allow for resolving potential circular references
2020-04-01 18:11:36,728 [Thread: 9       ] [DEBUG] -- Configuring object using definition 'csvwriter'
2020-04-01 18:11:36,730 [Thread: 9       ] [DEBUG] -- Invoking IObjectPostProcessors before initialization of object 'csvwriter'
2020-04-01 18:11:36,731 [Thread: 9       ] [DEBUG] -- Invoking IObjectPostProcessors after initialization of object 'csvwriter'
2020-04-01 18:11:36,732 [Thread: 9       ] [DEBUG] -- Cached shared instance of singleton object 'csvwriter'
2020-04-01 18:11:36,733 [Thread: 9       ] [DEBUG] -- Calling code asked for normal instance for name 'csvwriter'.
2020-04-01 18:11:36,734 [Thread: 9       ] [DEBUG] -- GetObjectInternal: returning instance for objectname csvwriter
2020-04-01 18:11:36,735 [Thread: 9       ] [DEBUG] -- Publishing event in context [spring.root] : ContextRefreshedEventArgs [Refreshed]
2020-04-01 18:11:36,737 [Thread: 9       ] [INFO ] -- ApplicationContext Refresh: Completed
2020-04-01 18:11:36,739 [Thread: 9       ] [DEBUG] --    GetObjectInternal: obtaining instance for name reader => canonical name reader
2020-04-01 18:11:36,924 [Thread: 9       ] [DEBUG] -- Returning cached instance of singleton object 'reader'.
2020-04-01 18:11:36,926 [Thread: 9       ] [DEBUG] -- Calling code asked for normal instance for name 'reader'.
2020-04-01 18:11:36,928 [Thread: 9       ] [DEBUG] -- GetObjectInternal: returning instance for objectname reader
2020-04-01 18:11:39,697 [Thread: 9       ] [DEBUG] --    GetObjectInternal: obtaining instance for name csvwriter => canonical name csvwriter
2020-04-01 18:11:39,717 [Thread: 9       ] [DEBUG] -- Returning cached instance of singleton object 'csvwriter'.
2020-04-01 18:11:39,719 [Thread: 9       ] [DEBUG] -- Calling code asked for normal instance for name 'csvwriter'.
2020-04-01 18:11:39,720 [Thread: 9       ] [DEBUG] -- GetObjectInternal: returning instance for objectname csvwriter
