2020-03-09 17:12:14,464 [Thread: 9       ] [DEBUG] -- ApplicationContext Refresh: Refreshing object factory 
2020-03-09 17:12:16,056 [Thread: 9       ] [DEBUG] -- Loading XML object definitions from file [D:\DevRepository\2DReader\MPC\MPC\bin\Debug\spring-objects.xml]
2020-03-09 17:12:16,271 [Thread: 9       ] [DEBUG] -- Using the following XmlReader implementation : System.Xml.XsdValidatingReader
2020-03-09 17:12:16,410 [Thread: 9       ] [DEBUG] -- Loading object definitions.
2020-03-09 17:12:16,420 [Thread: 9       ] [DEBUG] -- Loading object definitions...
2020-03-09 17:12:16,425 [Thread: 9       ] [DEBUG] -- Default lazy init 'false'.
2020-03-09 17:12:16,428 [Thread: 9       ] [DEBUG] -- Default dependency check 'none'.
2020-03-09 17:12:16,431 [Thread: 9       ] [DEBUG] -- Default autowire 'no'.
2020-03-09 17:12:16,433 [Thread: 9       ] [DEBUG] -- Default merge 'false'.
2020-03-09 17:12:16,434 [Thread: 9       ] [DEBUG] -- Default init method ''.
2020-03-09 17:12:16,436 [Thread: 9       ] [DEBUG] -- Default destroy method ''.
2020-03-09 17:12:16,438 [Thread: 9       ] [DEBUG] -- Default autowire candidates ''.
2020-03-09 17:12:16,440 [Thread: 9       ] [DEBUG] -- Default init method ''.
2020-03-09 17:12:16,449 [Thread: 9       ] [DEBUG] -- Default destroy method ''.
2020-03-09 17:12:16,613 [Thread: 9       ] [DEBUG] -- Registering object definition with id 'reader'.
2020-03-09 17:12:16,617 [Thread: 9       ] [DEBUG] -- Found 1 <object> elements defining objects.
2020-03-09 17:12:16,619 [Thread: 9       ] [DEBUG] -- Loaded 1 object definitions from location [spring-objects.xml]
2020-03-09 17:12:16,621 [Thread: 9       ] [DEBUG] -- Refreshed ObjectFactory for application context 'spring.root'.
2020-03-09 17:12:16,622 [Thread: 9       ] [DEBUG] -- ApplicationContext Refresh: Registering well-known processors and objects
2020-03-09 17:12:16,626 [Thread: 9       ] [DEBUG] -- ApplicationContext Refresh: Custom post processing object factory
2020-03-09 17:12:16,627 [Thread: 9       ] [DEBUG] -- ApplicationContext Refresh: Post processing object factory using pre-registered processors
2020-03-09 17:12:16,629 [Thread: 9       ] [DEBUG] -- 1 objects defined in application context [spring.root].
2020-03-09 17:12:16,630 [Thread: 9       ] [DEBUG] -- ApplicationContext Refresh: Post processing object factory using defined processors
2020-03-09 17:12:16,780 [Thread: 9       ] [DEBUG] -- processed 0 IFactoryObjectPostProcessors defined in application context [spring.root].
2020-03-09 17:12:16,784 [Thread: 9       ] [DEBUG] -- processed 0 IObjectPostProcessors defined in application context [spring.root].
2020-03-09 17:12:16,787 [Thread: 9       ] [DEBUG] -- No IEventRegistry found with name 'eventRegistry' : using default 'Spring.Objects.Events.Support.EventRegistry'.
2020-03-09 17:12:16,791 [Thread: 9       ] [DEBUG] -- No IMessageSource found with name 'messageSource' : using default 'StaticMessageSource : '.
2020-03-09 17:12:16,793 [Thread: 9       ] [DEBUG] -- ApplicationContext Refresh: Preinstantiating singletons
2020-03-09 17:12:16,794 [Thread: 9       ] [DEBUG] -- Pre-instantiating singletons in factory [Spring.Objects.Factory.Support.DefaultListableObjectFactory]
2020-03-09 17:12:16,796 [Thread: 9       ] [DEBUG] --    GetObjectInternal: obtaining instance for name reader => canonical name reader
2020-03-09 17:12:16,877 [Thread: 9       ] [DEBUG] -- Creating shared instance of singleton object 'reader'
2020-03-09 17:12:16,880 [Thread: 9       ] [DEBUG] -- Creating instance of Object 'reader' with merged definition [RootObjectDefinition : Class [MPC.LAN.ReaderTCP]; Abstract = False; Parent = ; Scope = singleton; Singleton = True; LazyInit = False; Autowire = No; Autowire-Candidate = True; Primary = False; DependencyCheck = None; InitMethodName = ; DestroyMethodName = ; FactoryMethodName = ; FactoryObjectName = ; defined in = file [D:\DevRepository\2DReader\MPC\MPC\bin\Debug\spring-objects.xml] line 24].
2020-03-09 17:12:16,881 [Thread: 9       ] [DEBUG] -- Invoking IInstantiationAwareObjectPostProcessors before the instantiation of 'reader'.
2020-03-09 17:12:16,885 [Thread: 9       ] [DEBUG] -- Eagerly caching object 'reader' to allow for resolving potential circular references
2020-03-09 17:12:16,886 [Thread: 9       ] [DEBUG] -- Configuring object using definition 'reader'
2020-03-09 17:12:17,080 [Thread: 9       ] [DEBUG] -- Invoking IObjectPostProcessors before initialization of object 'reader'
2020-03-09 17:12:17,084 [Thread: 9       ] [DEBUG] -- Invoking IObjectPostProcessors after initialization of object 'reader'
2020-03-09 17:12:17,111 [Thread: 9       ] [DEBUG] -- Cached shared instance of singleton object 'reader'
2020-03-09 17:12:17,114 [Thread: 9       ] [DEBUG] -- Calling code asked for normal instance for name 'reader'.
2020-03-09 17:12:17,119 [Thread: 9       ] [DEBUG] -- GetObjectInternal: returning instance for objectname reader
2020-03-09 17:12:17,121 [Thread: 9       ] [DEBUG] -- Publishing event in context [spring.root] : ContextRefreshedEventArgs [Refreshed]
2020-03-09 17:12:17,124 [Thread: 9       ] [INFO ] -- ApplicationContext Refresh: Completed
2020-03-09 17:12:17,125 [Thread: 9       ] [DEBUG] --    GetObjectInternal: obtaining instance for name reader => canonical name reader
2020-03-09 17:12:17,134 [Thread: 9       ] [DEBUG] -- Returning cached instance of singleton object 'reader'.
2020-03-09 17:12:17,276 [Thread: 9       ] [DEBUG] -- Calling code asked for normal instance for name 'reader'.
2020-03-09 17:12:17,278 [Thread: 9       ] [DEBUG] -- GetObjectInternal: returning instance for objectname reader
2020-03-09 17:12:17,279 [Thread: 9       ] [DEBUG] -- Reader Start Connect
2020-03-09 17:12:26,858 [Thread: 10      ] [INFO ] -- Reader TCP Connect Successs!
2020-03-09 17:15:35,361 [Thread: 8       ] [DEBUG] -- ApplicationContext Refresh: Refreshing object factory 
2020-03-09 17:15:36,468 [Thread: 8       ] [DEBUG] -- Loading XML object definitions from file [D:\DevRepository\2DReader\MPC\MPC\bin\Debug\spring-objects.xml]
2020-03-09 17:15:36,985 [Thread: 8       ] [DEBUG] -- Using the following XmlReader implementation : System.Xml.XsdValidatingReader
2020-03-09 17:15:37,202 [Thread: 8       ] [DEBUG] -- Loading object definitions.
2020-03-09 17:15:37,208 [Thread: 8       ] [DEBUG] -- Loading object definitions...
2020-03-09 17:15:37,211 [Thread: 8       ] [DEBUG] -- Default lazy init 'false'.
2020-03-09 17:15:37,214 [Thread: 8       ] [DEBUG] -- Default dependency check 'none'.
2020-03-09 17:15:37,217 [Thread: 8       ] [DEBUG] -- Default autowire 'no'.
2020-03-09 17:15:37,220 [Thread: 8       ] [DEBUG] -- Default merge 'false'.
2020-03-09 17:15:37,223 [Thread: 8       ] [DEBUG] -- Default init method ''.
2020-03-09 17:15:37,226 [Thread: 8       ] [DEBUG] -- Default destroy method ''.
2020-03-09 17:15:37,229 [Thread: 8       ] [DEBUG] -- Default autowire candidates ''.
2020-03-09 17:15:37,231 [Thread: 8       ] [DEBUG] -- Default init method ''.
2020-03-09 17:15:37,234 [Thread: 8       ] [DEBUG] -- Default destroy method ''.
2020-03-09 17:15:37,332 [Thread: 8       ] [DEBUG] -- Registering object definition with id 'reader'.
2020-03-09 17:15:37,337 [Thread: 8       ] [DEBUG] -- Found 1 <object> elements defining objects.
2020-03-09 17:15:37,343 [Thread: 8       ] [DEBUG] -- Loaded 1 object definitions from location [spring-objects.xml]
2020-03-09 17:15:37,412 [Thread: 8       ] [DEBUG] -- Refreshed ObjectFactory for application context 'spring.root'.
2020-03-09 17:15:37,414 [Thread: 8       ] [DEBUG] -- ApplicationContext Refresh: Registering well-known processors and objects
2020-03-09 17:15:37,419 [Thread: 8       ] [DEBUG] -- ApplicationContext Refresh: Custom post processing object factory
2020-03-09 17:15:37,421 [Thread: 8       ] [DEBUG] -- ApplicationContext Refresh: Post processing object factory using pre-registered processors
2020-03-09 17:15:37,423 [Thread: 8       ] [DEBUG] -- 1 objects defined in application context [spring.root].
2020-03-09 17:15:37,424 [Thread: 8       ] [DEBUG] -- ApplicationContext Refresh: Post processing object factory using defined processors
2020-03-09 17:15:37,573 [Thread: 8       ] [DEBUG] -- processed 0 IFactoryObjectPostProcessors defined in application context [spring.root].
2020-03-09 17:15:37,580 [Thread: 8       ] [DEBUG] -- processed 0 IObjectPostProcessors defined in application context [spring.root].
2020-03-09 17:15:37,615 [Thread: 8       ] [DEBUG] -- No IEventRegistry found with name 'eventRegistry' : using default 'Spring.Objects.Events.Support.EventRegistry'.
2020-03-09 17:15:37,624 [Thread: 8       ] [DEBUG] -- No IMessageSource found with name 'messageSource' : using default 'StaticMessageSource : '.
2020-03-09 17:15:37,630 [Thread: 8       ] [DEBUG] -- ApplicationContext Refresh: Preinstantiating singletons
2020-03-09 17:15:37,633 [Thread: 8       ] [DEBUG] -- Pre-instantiating singletons in factory [Spring.Objects.Factory.Support.DefaultListableObjectFactory]
2020-03-09 17:15:37,639 [Thread: 8       ] [DEBUG] --    GetObjectInternal: obtaining instance for name reader => canonical name reader
2020-03-09 17:15:37,644 [Thread: 8       ] [DEBUG] -- Creating shared instance of singleton object 'reader'
2020-03-09 17:15:37,648 [Thread: 8       ] [DEBUG] -- Creating instance of Object 'reader' with merged definition [RootObjectDefinition : Class [MPC.LAN.ReaderTCP]; Abstract = False; Parent = ; Scope = singleton; Singleton = True; LazyInit = False; Autowire = No; Autowire-Candidate = True; Primary = False; DependencyCheck = None; InitMethodName = ; DestroyMethodName = ; FactoryMethodName = ; FactoryObjectName = ; defined in = file [D:\DevRepository\2DReader\MPC\MPC\bin\Debug\spring-objects.xml] line 24].
2020-03-09 17:15:37,813 [Thread: 8       ] [DEBUG] -- Invoking IInstantiationAwareObjectPostProcessors before the instantiation of 'reader'.
2020-03-09 17:15:37,820 [Thread: 8       ] [DEBUG] -- Eagerly caching object 'reader' to allow for resolving potential circular references
2020-03-09 17:15:37,822 [Thread: 8       ] [DEBUG] -- Configuring object using definition 'reader'
2020-03-09 17:15:37,826 [Thread: 8       ] [DEBUG] -- Invoking IObjectPostProcessors before initialization of object 'reader'
2020-03-09 17:15:37,829 [Thread: 8       ] [DEBUG] -- Invoking IObjectPostProcessors after initialization of object 'reader'
2020-03-09 17:15:38,013 [Thread: 8       ] [DEBUG] -- Cached shared instance of singleton object 'reader'
2020-03-09 17:15:38,016 [Thread: 8       ] [DEBUG] -- Calling code asked for normal instance for name 'reader'.
2020-03-09 17:15:38,020 [Thread: 8       ] [DEBUG] -- GetObjectInternal: returning instance for objectname reader
2020-03-09 17:15:38,045 [Thread: 8       ] [DEBUG] -- Publishing event in context [spring.root] : ContextRefreshedEventArgs [Refreshed]
2020-03-09 17:15:38,047 [Thread: 8       ] [INFO ] -- ApplicationContext Refresh: Completed
2020-03-09 17:15:38,048 [Thread: 8       ] [DEBUG] --    GetObjectInternal: obtaining instance for name reader => canonical name reader
2020-03-09 17:15:38,049 [Thread: 8       ] [DEBUG] -- Returning cached instance of singleton object 'reader'.
2020-03-09 17:15:38,050 [Thread: 8       ] [DEBUG] -- Calling code asked for normal instance for name 'reader'.
2020-03-09 17:15:38,051 [Thread: 8       ] [DEBUG] -- GetObjectInternal: returning instance for objectname reader
2020-03-09 17:15:38,213 [Thread: 8       ] [DEBUG] -- Reader Start Connect
2020-03-09 17:15:41,619 [Thread: 10      ] [INFO ] -- Reader TCP Connect Successs!
2020-03-09 17:15:52,576 [Thread: 8       ] [DEBUG] --    GetObjectInternal: obtaining instance for name reader => canonical name reader
2020-03-09 17:15:52,578 [Thread: 8       ] [DEBUG] -- Returning cached instance of singleton object 'reader'.
2020-03-09 17:15:52,580 [Thread: 8       ] [DEBUG] -- Calling code asked for normal instance for name 'reader'.
2020-03-09 17:15:52,581 [Thread: 8       ] [DEBUG] -- GetObjectInternal: returning instance for objectname reader
2020-03-09 17:17:19,909 [Thread: 8       ] [DEBUG] --    GetObjectInternal: obtaining instance for name reader => canonical name reader
2020-03-09 17:17:19,911 [Thread: 8       ] [DEBUG] -- Returning cached instance of singleton object 'reader'.
2020-03-09 17:17:19,912 [Thread: 8       ] [DEBUG] -- Calling code asked for normal instance for name 'reader'.
2020-03-09 17:17:19,913 [Thread: 8       ] [DEBUG] -- GetObjectInternal: returning instance for objectname reader
2020-03-09 17:18:38,462 [Thread: 9       ] [DEBUG] -- ApplicationContext Refresh: Refreshing object factory 
2020-03-09 17:18:39,129 [Thread: 9       ] [DEBUG] -- Loading XML object definitions from file [D:\DevRepository\2DReader\MPC\MPC\bin\Debug\spring-objects.xml]
2020-03-09 17:18:39,190 [Thread: 9       ] [DEBUG] -- Using the following XmlReader implementation : System.Xml.XsdValidatingReader
2020-03-09 17:18:39,199 [Thread: 9       ] [DEBUG] -- Loading object definitions.
2020-03-09 17:18:39,202 [Thread: 9       ] [DEBUG] -- Loading object definitions...
2020-03-09 17:18:39,204 [Thread: 9       ] [DEBUG] -- Default lazy init 'false'.
2020-03-09 17:18:39,206 [Thread: 9       ] [DEBUG] -- Default dependency check 'none'.
2020-03-09 17:18:39,207 [Thread: 9       ] [DEBUG] -- Default autowire 'no'.
2020-03-09 17:18:39,209 [Thread: 9       ] [DEBUG] -- Default merge 'false'.
2020-03-09 17:18:39,211 [Thread: 9       ] [DEBUG] -- Default init method ''.
2020-03-09 17:18:39,212 [Thread: 9       ] [DEBUG] -- Default destroy method ''.
2020-03-09 17:18:39,214 [Thread: 9       ] [DEBUG] -- Default autowire candidates ''.
2020-03-09 17:18:39,215 [Thread: 9       ] [DEBUG] -- Default init method ''.
2020-03-09 17:18:39,216 [Thread: 9       ] [DEBUG] -- Default destroy method ''.
2020-03-09 17:18:39,388 [Thread: 9       ] [DEBUG] -- Registering object definition with id 'reader'.
2020-03-09 17:18:39,391 [Thread: 9       ] [DEBUG] -- Found 1 <object> elements defining objects.
2020-03-09 17:18:39,392 [Thread: 9       ] [DEBUG] -- Loaded 1 object definitions from location [spring-objects.xml]
2020-03-09 17:18:39,394 [Thread: 9       ] [DEBUG] -- Refreshed ObjectFactory for application context 'spring.root'.
2020-03-09 17:18:39,395 [Thread: 9       ] [DEBUG] -- ApplicationContext Refresh: Registering well-known processors and objects
2020-03-09 17:18:39,397 [Thread: 9       ] [DEBUG] -- ApplicationContext Refresh: Custom post processing object factory
2020-03-09 17:18:39,398 [Thread: 9       ] [DEBUG] -- ApplicationContext Refresh: Post processing object factory using pre-registered processors
2020-03-09 17:18:39,399 [Thread: 9       ] [DEBUG] -- 1 objects defined in application context [spring.root].
2020-03-09 17:18:39,400 [Thread: 9       ] [DEBUG] -- ApplicationContext Refresh: Post processing object factory using defined processors
2020-03-09 17:18:39,589 [Thread: 9       ] [DEBUG] -- processed 0 IFactoryObjectPostProcessors defined in application context [spring.root].
2020-03-09 17:18:39,592 [Thread: 9       ] [DEBUG] -- processed 0 IObjectPostProcessors defined in application context [spring.root].
2020-03-09 17:18:39,595 [Thread: 9       ] [DEBUG] -- No IEventRegistry found with name 'eventRegistry' : using default 'Spring.Objects.Events.Support.EventRegistry'.
2020-03-09 17:18:39,599 [Thread: 9       ] [DEBUG] -- No IMessageSource found with name 'messageSource' : using default 'StaticMessageSource : '.
2020-03-09 17:18:39,602 [Thread: 9       ] [DEBUG] -- ApplicationContext Refresh: Preinstantiating singletons
2020-03-09 17:18:39,603 [Thread: 9       ] [DEBUG] -- Pre-instantiating singletons in factory [Spring.Objects.Factory.Support.DefaultListableObjectFactory]
2020-03-09 17:18:39,606 [Thread: 9       ] [DEBUG] --    GetObjectInternal: obtaining instance for name reader => canonical name reader
2020-03-09 17:18:39,754 [Thread: 9       ] [DEBUG] -- Creating shared instance of singleton object 'reader'
2020-03-09 17:18:39,758 [Thread: 9       ] [DEBUG] -- Creating instance of Object 'reader' with merged definition [RootObjectDefinition : Class [MPC.LAN.ReaderTCP]; Abstract = False; Parent = ; Scope = singleton; Singleton = True; LazyInit = False; Autowire = No; Autowire-Candidate = True; Primary = False; DependencyCheck = None; InitMethodName = ; DestroyMethodName = ; FactoryMethodName = ; FactoryObjectName = ; defined in = file [D:\DevRepository\2DReader\MPC\MPC\bin\Debug\spring-objects.xml] line 24].
2020-03-09 17:18:39,760 [Thread: 9       ] [DEBUG] -- Invoking IInstantiationAwareObjectPostProcessors before the instantiation of 'reader'.
2020-03-09 17:18:39,766 [Thread: 9       ] [DEBUG] -- Eagerly caching object 'reader' to allow for resolving potential circular references
2020-03-09 17:18:39,768 [Thread: 9       ] [DEBUG] -- Configuring object using definition 'reader'
2020-03-09 17:18:39,954 [Thread: 9       ] [DEBUG] -- Invoking IObjectPostProcessors before initialization of object 'reader'
2020-03-09 17:18:39,957 [Thread: 9       ] [DEBUG] -- Invoking IObjectPostProcessors after initialization of object 'reader'
2020-03-09 17:18:39,958 [Thread: 9       ] [DEBUG] -- Cached shared instance of singleton object 'reader'
2020-03-09 17:18:39,960 [Thread: 9       ] [DEBUG] -- Calling code asked for normal instance for name 'reader'.
2020-03-09 17:18:39,962 [Thread: 9       ] [DEBUG] -- GetObjectInternal: returning instance for objectname reader
2020-03-09 17:18:39,964 [Thread: 9       ] [DEBUG] -- Publishing event in context [spring.root] : ContextRefreshedEventArgs [Refreshed]
2020-03-09 17:18:39,965 [Thread: 9       ] [INFO ] -- ApplicationContext Refresh: Completed
2020-03-09 17:18:39,967 [Thread: 9       ] [DEBUG] --    GetObjectInternal: obtaining instance for name reader => canonical name reader
2020-03-09 17:18:40,152 [Thread: 9       ] [DEBUG] -- Returning cached instance of singleton object 'reader'.
2020-03-09 17:18:40,154 [Thread: 9       ] [DEBUG] -- Calling code asked for normal instance for name 'reader'.
2020-03-09 17:18:40,155 [Thread: 9       ] [DEBUG] -- GetObjectInternal: returning instance for objectname reader
2020-03-09 17:18:40,156 [Thread: 9       ] [DEBUG] -- Reader Start Connect
2020-03-09 17:18:42,602 [Thread: 11      ] [INFO ] -- Reader TCP Connect Successs!
2020-03-09 17:18:47,222 [Thread: 9       ] [DEBUG] --    GetObjectInternal: obtaining instance for name reader => canonical name reader
2020-03-09 17:18:47,224 [Thread: 9       ] [DEBUG] -- Returning cached instance of singleton object 'reader'.
2020-03-09 17:18:47,226 [Thread: 9       ] [DEBUG] -- Calling code asked for normal instance for name 'reader'.
2020-03-09 17:18:47,227 [Thread: 9       ] [DEBUG] -- GetObjectInternal: returning instance for objectname reader
2020-03-09 17:20:31,220 [Thread: 9       ] [DEBUG] -- ApplicationContext Refresh: Refreshing object factory 
2020-03-09 17:20:31,637 [Thread: 9       ] [DEBUG] -- Loading XML object definitions from file [D:\DevRepository\2DReader\MPC\MPC\bin\Debug\spring-objects.xml]
2020-03-09 17:20:31,688 [Thread: 9       ] [DEBUG] -- Using the following XmlReader implementation : System.Xml.XsdValidatingReader
2020-03-09 17:20:31,693 [Thread: 9       ] [DEBUG] -- Loading object definitions.
2020-03-09 17:20:31,695 [Thread: 9       ] [DEBUG] -- Loading object definitions...
2020-03-09 17:20:31,696 [Thread: 9       ] [DEBUG] -- Default lazy init 'false'.
2020-03-09 17:20:31,698 [Thread: 9       ] [DEBUG] -- Default dependency check 'none'.
2020-03-09 17:20:31,699 [Thread: 9       ] [DEBUG] -- Default autowire 'no'.
2020-03-09 17:20:31,700 [Thread: 9       ] [DEBUG] -- Default merge 'false'.
2020-03-09 17:20:31,701 [Thread: 9       ] [DEBUG] -- Default init method ''.
2020-03-09 17:20:31,702 [Thread: 9       ] [DEBUG] -- Default destroy method ''.
2020-03-09 17:20:31,703 [Thread: 9       ] [DEBUG] -- Default autowire candidates ''.
2020-03-09 17:20:31,705 [Thread: 9       ] [DEBUG] -- Default init method ''.
2020-03-09 17:20:31,706 [Thread: 9       ] [DEBUG] -- Default destroy method ''.
2020-03-09 17:20:31,890 [Thread: 9       ] [DEBUG] -- Registering object definition with id 'reader'.
2020-03-09 17:20:31,894 [Thread: 9       ] [DEBUG] -- Found 1 <object> elements defining objects.
2020-03-09 17:20:31,895 [Thread: 9       ] [DEBUG] -- Loaded 1 object definitions from location [spring-objects.xml]
2020-03-09 17:20:31,896 [Thread: 9       ] [DEBUG] -- Refreshed ObjectFactory for application context 'spring.root'.
2020-03-09 17:20:31,897 [Thread: 9       ] [DEBUG] -- ApplicationContext Refresh: Registering well-known processors and objects
2020-03-09 17:20:31,899 [Thread: 9       ] [DEBUG] -- ApplicationContext Refresh: Custom post processing object factory
2020-03-09 17:20:31,900 [Thread: 9       ] [DEBUG] -- ApplicationContext Refresh: Post processing object factory using pre-registered processors
2020-03-09 17:20:31,901 [Thread: 9       ] [DEBUG] -- 1 objects defined in application context [spring.root].
2020-03-09 17:20:31,902 [Thread: 9       ] [DEBUG] -- ApplicationContext Refresh: Post processing object factory using defined processors
2020-03-09 17:20:32,128 [Thread: 9       ] [DEBUG] -- processed 0 IFactoryObjectPostProcessors defined in application context [spring.root].
2020-03-09 17:20:32,131 [Thread: 9       ] [DEBUG] -- processed 0 IObjectPostProcessors defined in application context [spring.root].
2020-03-09 17:20:32,132 [Thread: 9       ] [DEBUG] -- No IEventRegistry found with name 'eventRegistry' : using default 'Spring.Objects.Events.Support.EventRegistry'.
2020-03-09 17:20:32,135 [Thread: 9       ] [DEBUG] -- No IMessageSource found with name 'messageSource' : using default 'StaticMessageSource : '.
2020-03-09 17:20:32,137 [Thread: 9       ] [DEBUG] -- ApplicationContext Refresh: Preinstantiating singletons
2020-03-09 17:20:32,138 [Thread: 9       ] [DEBUG] -- Pre-instantiating singletons in factory [Spring.Objects.Factory.Support.DefaultListableObjectFactory]
2020-03-09 17:20:32,140 [Thread: 9       ] [DEBUG] --    GetObjectInternal: obtaining instance for name reader => canonical name reader
2020-03-09 17:20:32,251 [Thread: 9       ] [DEBUG] -- Creating shared instance of singleton object 'reader'
2020-03-09 17:20:32,258 [Thread: 9       ] [DEBUG] -- Creating instance of Object 'reader' with merged definition [RootObjectDefinition : Class [MPC.LAN.ReaderTCP]; Abstract = False; Parent = ; Scope = singleton; Singleton = True; LazyInit = False; Autowire = No; Autowire-Candidate = True; Primary = False; DependencyCheck = None; InitMethodName = ; DestroyMethodName = ; FactoryMethodName = ; FactoryObjectName = ; defined in = file [D:\DevRepository\2DReader\MPC\MPC\bin\Debug\spring-objects.xml] line 24].
2020-03-09 17:20:32,262 [Thread: 9       ] [DEBUG] -- Invoking IInstantiationAwareObjectPostProcessors before the instantiation of 'reader'.
2020-03-09 17:20:32,273 [Thread: 9       ] [DEBUG] -- Eagerly caching object 'reader' to allow for resolving potential circular references
2020-03-09 17:20:32,275 [Thread: 9       ] [DEBUG] -- Configuring object using definition 'reader'
2020-03-09 17:20:32,449 [Thread: 9       ] [DEBUG] -- Invoking IObjectPostProcessors before initialization of object 'reader'
2020-03-09 17:20:32,452 [Thread: 9       ] [DEBUG] -- Invoking IObjectPostProcessors after initialization of object 'reader'
2020-03-09 17:20:32,501 [Thread: 9       ] [DEBUG] -- Cached shared instance of singleton object 'reader'
2020-03-09 17:20:32,504 [Thread: 9       ] [DEBUG] -- Calling code asked for normal instance for name 'reader'.
2020-03-09 17:20:32,507 [Thread: 9       ] [DEBUG] -- GetObjectInternal: returning instance for objectname reader
2020-03-09 17:20:32,510 [Thread: 9       ] [DEBUG] -- Publishing event in context [spring.root] : ContextRefreshedEventArgs [Refreshed]
2020-03-09 17:20:32,513 [Thread: 9       ] [INFO ] -- ApplicationContext Refresh: Completed
2020-03-09 17:20:32,515 [Thread: 9       ] [DEBUG] --    GetObjectInternal: obtaining instance for name reader => canonical name reader
2020-03-09 17:20:32,646 [Thread: 9       ] [DEBUG] -- Returning cached instance of singleton object 'reader'.
2020-03-09 17:20:32,651 [Thread: 9       ] [DEBUG] -- Calling code asked for normal instance for name 'reader'.
2020-03-09 17:20:32,653 [Thread: 9       ] [DEBUG] -- GetObjectInternal: returning instance for objectname reader
2020-03-09 17:20:32,655 [Thread: 9       ] [DEBUG] -- Reader Start Connect
2020-03-09 17:20:34,930 [Thread: 11      ] [INFO ] -- Reader TCP Connect Successs!
2020-03-09 17:20:38,998 [Thread: 9       ] [DEBUG] --    GetObjectInternal: obtaining instance for name reader => canonical name reader
2020-03-09 17:20:38,999 [Thread: 9       ] [DEBUG] -- Returning cached instance of singleton object 'reader'.
2020-03-09 17:20:39,001 [Thread: 9       ] [DEBUG] -- Calling code asked for normal instance for name 'reader'.
2020-03-09 17:20:39,003 [Thread: 9       ] [DEBUG] -- GetObjectInternal: returning instance for objectname reader
2020-03-09 17:23:45,959 [Thread: 9       ] [DEBUG] -- ApplicationContext Refresh: Refreshing object factory 
2020-03-09 17:23:47,565 [Thread: 9       ] [DEBUG] -- Loading XML object definitions from file [D:\DevRepository\2DReader\MPC\MPC\bin\Debug\spring-objects.xml]
2020-03-09 17:23:47,872 [Thread: 9       ] [DEBUG] -- Using the following XmlReader implementation : System.Xml.XsdValidatingReader
2020-03-09 17:23:47,950 [Thread: 9       ] [DEBUG] -- Loading object definitions.
2020-03-09 17:23:47,955 [Thread: 9       ] [DEBUG] -- Loading object definitions...
2020-03-09 17:23:47,958 [Thread: 9       ] [DEBUG] -- Default lazy init 'false'.
2020-03-09 17:23:47,960 [Thread: 9       ] [DEBUG] -- Default dependency check 'none'.
2020-03-09 17:23:47,963 [Thread: 9       ] [DEBUG] -- Default autowire 'no'.
2020-03-09 17:23:47,966 [Thread: 9       ] [DEBUG] -- Default merge 'false'.
2020-03-09 17:23:47,968 [Thread: 9       ] [DEBUG] -- Default init method ''.
2020-03-09 17:23:47,971 [Thread: 9       ] [DEBUG] -- Default destroy method ''.
2020-03-09 17:23:47,973 [Thread: 9       ] [DEBUG] -- Default autowire candidates ''.
2020-03-09 17:23:47,976 [Thread: 9       ] [DEBUG] -- Default init method ''.
2020-03-09 17:23:47,978 [Thread: 9       ] [DEBUG] -- Default destroy method ''.
2020-03-09 17:23:48,117 [Thread: 9       ] [DEBUG] -- Registering object definition with id 'reader'.
2020-03-09 17:23:48,120 [Thread: 9       ] [DEBUG] -- Found 1 <object> elements defining objects.
2020-03-09 17:23:48,121 [Thread: 9       ] [DEBUG] -- Loaded 1 object definitions from location [spring-objects.xml]
2020-03-09 17:23:48,122 [Thread: 9       ] [DEBUG] -- Refreshed ObjectFactory for application context 'spring.root'.
2020-03-09 17:23:48,123 [Thread: 9       ] [DEBUG] -- ApplicationContext Refresh: Registering well-known processors and objects
2020-03-09 17:23:48,125 [Thread: 9       ] [DEBUG] -- ApplicationContext Refresh: Custom post processing object factory
2020-03-09 17:23:48,126 [Thread: 9       ] [DEBUG] -- ApplicationContext Refresh: Post processing object factory using pre-registered processors
2020-03-09 17:23:48,128 [Thread: 9       ] [DEBUG] -- 1 objects defined in application context [spring.root].
2020-03-09 17:23:48,129 [Thread: 9       ] [DEBUG] -- ApplicationContext Refresh: Post processing object factory using defined processors
2020-03-09 17:23:48,469 [Thread: 9       ] [DEBUG] -- processed 0 IFactoryObjectPostProcessors defined in application context [spring.root].
2020-03-09 17:23:48,472 [Thread: 9       ] [DEBUG] -- processed 0 IObjectPostProcessors defined in application context [spring.root].
2020-03-09 17:23:48,474 [Thread: 9       ] [DEBUG] -- No IEventRegistry found with name 'eventRegistry' : using default 'Spring.Objects.Events.Support.EventRegistry'.
2020-03-09 17:23:48,477 [Thread: 9       ] [DEBUG] -- No IMessageSource found with name 'messageSource' : using default 'StaticMessageSource : '.
2020-03-09 17:23:48,479 [Thread: 9       ] [DEBUG] -- ApplicationContext Refresh: Preinstantiating singletons
2020-03-09 17:23:48,481 [Thread: 9       ] [DEBUG] -- Pre-instantiating singletons in factory [Spring.Objects.Factory.Support.DefaultListableObjectFactory]
2020-03-09 17:23:48,483 [Thread: 9       ] [DEBUG] --    GetObjectInternal: obtaining instance for name reader => canonical name reader
2020-03-09 17:23:48,506 [Thread: 9       ] [DEBUG] -- Creating shared instance of singleton object 'reader'
2020-03-09 17:23:48,508 [Thread: 9       ] [DEBUG] -- Creating instance of Object 'reader' with merged definition [RootObjectDefinition : Class [MPC.LAN.ReaderTCP]; Abstract = False; Parent = ; Scope = singleton; Singleton = True; LazyInit = False; Autowire = No; Autowire-Candidate = True; Primary = False; DependencyCheck = None; InitMethodName = ; DestroyMethodName = ; FactoryMethodName = ; FactoryObjectName = ; defined in = file [D:\DevRepository\2DReader\MPC\MPC\bin\Debug\spring-objects.xml] line 24].
2020-03-09 17:23:48,510 [Thread: 9       ] [DEBUG] -- Invoking IInstantiationAwareObjectPostProcessors before the instantiation of 'reader'.
2020-03-09 17:23:48,515 [Thread: 9       ] [DEBUG] -- Eagerly caching object 'reader' to allow for resolving potential circular references
2020-03-09 17:23:48,516 [Thread: 9       ] [DEBUG] -- Configuring object using definition 'reader'
2020-03-09 17:23:48,708 [Thread: 9       ] [DEBUG] -- Invoking IObjectPostProcessors before initialization of object 'reader'
2020-03-09 17:23:48,712 [Thread: 9       ] [DEBUG] -- Invoking IObjectPostProcessors after initialization of object 'reader'
2020-03-09 17:23:48,715 [Thread: 9       ] [DEBUG] -- Cached shared instance of singleton object 'reader'
2020-03-09 17:23:48,718 [Thread: 9       ] [DEBUG] -- Calling code asked for normal instance for name 'reader'.
2020-03-09 17:23:48,722 [Thread: 9       ] [DEBUG] -- GetObjectInternal: returning instance for objectname reader
2020-03-09 17:23:48,725 [Thread: 9       ] [DEBUG] -- Publishing event in context [spring.root] : ContextRefreshedEventArgs [Refreshed]
2020-03-09 17:23:48,729 [Thread: 9       ] [INFO ] -- ApplicationContext Refresh: Completed
2020-03-09 17:23:48,731 [Thread: 9       ] [DEBUG] --    GetObjectInternal: obtaining instance for name reader => canonical name reader
2020-03-09 17:23:48,733 [Thread: 9       ] [DEBUG] -- Returning cached instance of singleton object 'reader'.
2020-03-09 17:23:48,904 [Thread: 9       ] [DEBUG] -- Calling code asked for normal instance for name 'reader'.
2020-03-09 17:23:48,906 [Thread: 9       ] [DEBUG] -- GetObjectInternal: returning instance for objectname reader
2020-03-09 17:23:48,907 [Thread: 9       ] [DEBUG] -- Reader Start Connect
2020-03-09 17:23:51,617 [Thread: 11      ] [INFO ] -- Reader TCP Connect Successs!
2020-03-09 17:23:56,456 [Thread: 9       ] [DEBUG] --    GetObjectInternal: obtaining instance for name reader => canonical name reader
2020-03-09 17:23:56,457 [Thread: 9       ] [DEBUG] -- Returning cached instance of singleton object 'reader'.
2020-03-09 17:23:56,458 [Thread: 9       ] [DEBUG] -- Calling code asked for normal instance for name 'reader'.
2020-03-09 17:23:56,459 [Thread: 9       ] [DEBUG] -- GetObjectInternal: returning instance for objectname reader
2020-03-09 17:40:46,687 [Thread: 10      ] [DEBUG] -- ApplicationContext Refresh: Refreshing object factory 
2020-03-09 17:40:47,302 [Thread: 10      ] [DEBUG] -- Loading XML object definitions from file [D:\DevRepository\2DReader\MPC\MPC\bin\Debug\spring-objects.xml]
2020-03-09 17:40:47,478 [Thread: 10      ] [DEBUG] -- Using the following XmlReader implementation : System.Xml.XsdValidatingReader
2020-03-09 17:40:47,527 [Thread: 10      ] [DEBUG] -- Loading object definitions.
2020-03-09 17:40:47,530 [Thread: 10      ] [DEBUG] -- Loading object definitions...
2020-03-09 17:40:47,532 [Thread: 10      ] [DEBUG] -- Default lazy init 'false'.
2020-03-09 17:40:47,533 [Thread: 10      ] [DEBUG] -- Default dependency check 'none'.
2020-03-09 17:40:47,535 [Thread: 10      ] [DEBUG] -- Default autowire 'no'.
2020-03-09 17:40:47,537 [Thread: 10      ] [DEBUG] -- Default merge 'false'.
2020-03-09 17:40:47,539 [Thread: 10      ] [DEBUG] -- Default init method ''.
2020-03-09 17:40:47,540 [Thread: 10      ] [DEBUG] -- Default destroy method ''.
2020-03-09 17:40:47,541 [Thread: 10      ] [DEBUG] -- Default autowire candidates ''.
2020-03-09 17:40:47,543 [Thread: 10      ] [DEBUG] -- Default init method ''.
2020-03-09 17:40:47,544 [Thread: 10      ] [DEBUG] -- Default destroy method ''.
2020-03-09 17:40:47,637 [Thread: 10      ] [DEBUG] -- Registering object definition with id 'reader'.
2020-03-09 17:40:47,640 [Thread: 10      ] [DEBUG] -- Found 1 <object> elements defining objects.
2020-03-09 17:40:47,642 [Thread: 10      ] [DEBUG] -- Loaded 1 object definitions from location [spring-objects.xml]
2020-03-09 17:40:47,733 [Thread: 10      ] [DEBUG] -- Refreshed ObjectFactory for application context 'spring.root'.
2020-03-09 17:40:47,736 [Thread: 10      ] [DEBUG] -- ApplicationContext Refresh: Registering well-known processors and objects
2020-03-09 17:40:47,743 [Thread: 10      ] [DEBUG] -- ApplicationContext Refresh: Custom post processing object factory
2020-03-09 17:40:47,745 [Thread: 10      ] [DEBUG] -- ApplicationContext Refresh: Post processing object factory using pre-registered processors
2020-03-09 17:40:47,747 [Thread: 10      ] [DEBUG] -- 1 objects defined in application context [spring.root].
2020-03-09 17:40:47,749 [Thread: 10      ] [DEBUG] -- ApplicationContext Refresh: Post processing object factory using defined processors
2020-03-09 17:40:47,845 [Thread: 10      ] [DEBUG] -- processed 0 IFactoryObjectPostProcessors defined in application context [spring.root].
2020-03-09 17:40:47,847 [Thread: 10      ] [DEBUG] -- processed 0 IObjectPostProcessors defined in application context [spring.root].
2020-03-09 17:40:47,933 [Thread: 10      ] [DEBUG] -- No IEventRegistry found with name 'eventRegistry' : using default 'Spring.Objects.Events.Support.EventRegistry'.
2020-03-09 17:40:47,936 [Thread: 10      ] [DEBUG] -- No IMessageSource found with name 'messageSource' : using default 'StaticMessageSource : '.
2020-03-09 17:40:47,938 [Thread: 10      ] [DEBUG] -- ApplicationContext Refresh: Preinstantiating singletons
2020-03-09 17:40:47,939 [Thread: 10      ] [DEBUG] -- Pre-instantiating singletons in factory [Spring.Objects.Factory.Support.DefaultListableObjectFactory]
2020-03-09 17:40:47,941 [Thread: 10      ] [DEBUG] --    GetObjectInternal: obtaining instance for name reader => canonical name reader
2020-03-09 17:40:47,943 [Thread: 10      ] [DEBUG] -- Creating shared instance of singleton object 'reader'
2020-03-09 17:40:47,945 [Thread: 10      ] [DEBUG] -- Creating instance of Object 'reader' with merged definition [RootObjectDefinition : Class [MPC.LAN.ReaderTCP]; Abstract = False; Parent = ; Scope = singleton; Singleton = True; LazyInit = False; Autowire = No; Autowire-Candidate = True; Primary = False; DependencyCheck = None; InitMethodName = ; DestroyMethodName = ; FactoryMethodName = ; FactoryObjectName = ; defined in = file [D:\DevRepository\2DReader\MPC\MPC\bin\Debug\spring-objects.xml] line 24].
2020-03-09 17:40:48,133 [Thread: 10      ] [DEBUG] -- Invoking IInstantiationAwareObjectPostProcessors before the instantiation of 'reader'.
2020-03-09 17:40:48,137 [Thread: 10      ] [DEBUG] -- Eagerly caching object 'reader' to allow for resolving potential circular references
2020-03-09 17:40:48,138 [Thread: 10      ] [DEBUG] -- Configuring object using definition 'reader'
2020-03-09 17:40:48,141 [Thread: 10      ] [DEBUG] -- Invoking IObjectPostProcessors before initialization of object 'reader'
2020-03-09 17:40:48,143 [Thread: 10      ] [DEBUG] -- Invoking IObjectPostProcessors after initialization of object 'reader'
2020-03-09 17:40:48,333 [Thread: 10      ] [DEBUG] -- Cached shared instance of singleton object 'reader'
2020-03-09 17:40:48,334 [Thread: 10      ] [DEBUG] -- Calling code asked for normal instance for name 'reader'.
2020-03-09 17:40:48,337 [Thread: 10      ] [DEBUG] -- GetObjectInternal: returning instance for objectname reader
2020-03-09 17:40:48,338 [Thread: 10      ] [DEBUG] -- Publishing event in context [spring.root] : ContextRefreshedEventArgs [Refreshed]
2020-03-09 17:40:48,340 [Thread: 10      ] [INFO ] -- ApplicationContext Refresh: Completed
2020-03-09 17:40:48,341 [Thread: 10      ] [DEBUG] --    GetObjectInternal: obtaining instance for name reader => canonical name reader
2020-03-09 17:40:48,342 [Thread: 10      ] [DEBUG] -- Returning cached instance of singleton object 'reader'.
2020-03-09 17:40:48,343 [Thread: 10      ] [DEBUG] -- Calling code asked for normal instance for name 'reader'.
2020-03-09 17:40:48,344 [Thread: 10      ] [DEBUG] -- GetObjectInternal: returning instance for objectname reader
2020-03-09 17:40:48,533 [Thread: 10      ] [DEBUG] -- Reader Start Connect
2020-03-09 17:40:51,521 [Thread: 12      ] [INFO ] -- Reader TCP Connect Successs!
2020-03-09 17:40:55,277 [Thread: 10      ] [DEBUG] --    GetObjectInternal: obtaining instance for name reader => canonical name reader
2020-03-09 17:40:55,278 [Thread: 10      ] [DEBUG] -- Returning cached instance of singleton object 'reader'.
2020-03-09 17:40:55,279 [Thread: 10      ] [DEBUG] -- Calling code asked for normal instance for name 'reader'.
2020-03-09 17:40:55,280 [Thread: 10      ] [DEBUG] -- GetObjectInternal: returning instance for objectname reader
2020-03-09 17:42:03,841 [Thread: 10      ] [DEBUG] -- ApplicationContext Refresh: Refreshing object factory 
2020-03-09 17:42:04,021 [Thread: 10      ] [DEBUG] -- Loading XML object definitions from file [D:\DevRepository\2DReader\MPC\MPC\bin\Debug\spring-objects.xml]
2020-03-09 17:42:04,053 [Thread: 10      ] [DEBUG] -- Using the following XmlReader implementation : System.Xml.XsdValidatingReader
2020-03-09 17:42:04,058 [Thread: 10      ] [DEBUG] -- Loading object definitions.
2020-03-09 17:42:04,060 [Thread: 10      ] [DEBUG] -- Loading object definitions...
2020-03-09 17:42:04,061 [Thread: 10      ] [DEBUG] -- Default lazy init 'false'.
2020-03-09 17:42:04,063 [Thread: 10      ] [DEBUG] -- Default dependency check 'none'.
2020-03-09 17:42:04,064 [Thread: 10      ] [DEBUG] -- Default autowire 'no'.
2020-03-09 17:42:04,065 [Thread: 10      ] [DEBUG] -- Default merge 'false'.
2020-03-09 17:42:04,066 [Thread: 10      ] [DEBUG] -- Default init method ''.
2020-03-09 17:42:04,067 [Thread: 10      ] [DEBUG] -- Default destroy method ''.
2020-03-09 17:42:04,068 [Thread: 10      ] [DEBUG] -- Default autowire candidates ''.
2020-03-09 17:42:04,070 [Thread: 10      ] [DEBUG] -- Default init method ''.
2020-03-09 17:42:04,071 [Thread: 10      ] [DEBUG] -- Default destroy method ''.
2020-03-09 17:42:04,098 [Thread: 10      ] [DEBUG] -- Registering object definition with id 'reader'.
2020-03-09 17:42:04,103 [Thread: 10      ] [DEBUG] -- Found 1 <object> elements defining objects.
2020-03-09 17:42:04,105 [Thread: 10      ] [DEBUG] -- Loaded 1 object definitions from location [spring-objects.xml]
2020-03-09 17:42:04,106 [Thread: 10      ] [DEBUG] -- Refreshed ObjectFactory for application context 'spring.root'.
2020-03-09 17:42:04,107 [Thread: 10      ] [DEBUG] -- ApplicationContext Refresh: Registering well-known processors and objects
2020-03-09 17:42:04,110 [Thread: 10      ] [DEBUG] -- ApplicationContext Refresh: Custom post processing object factory
2020-03-09 17:42:04,111 [Thread: 10      ] [DEBUG] -- ApplicationContext Refresh: Post processing object factory using pre-registered processors
2020-03-09 17:42:04,271 [Thread: 10      ] [DEBUG] -- 1 objects defined in application context [spring.root].
2020-03-09 17:42:04,272 [Thread: 10      ] [DEBUG] -- ApplicationContext Refresh: Post processing object factory using defined processors
2020-03-09 17:42:04,293 [Thread: 10      ] [DEBUG] -- processed 0 IFactoryObjectPostProcessors defined in application context [spring.root].
2020-03-09 17:42:04,295 [Thread: 10      ] [DEBUG] -- processed 0 IObjectPostProcessors defined in application context [spring.root].
2020-03-09 17:42:04,297 [Thread: 10      ] [DEBUG] -- No IEventRegistry found with name 'eventRegistry' : using default 'Spring.Objects.Events.Support.EventRegistry'.
2020-03-09 17:42:04,301 [Thread: 10      ] [DEBUG] -- No IMessageSource found with name 'messageSource' : using default 'StaticMessageSource : '.
2020-03-09 17:42:04,303 [Thread: 10      ] [DEBUG] -- ApplicationContext Refresh: Preinstantiating singletons
2020-03-09 17:42:04,304 [Thread: 10      ] [DEBUG] -- Pre-instantiating singletons in factory [Spring.Objects.Factory.Support.DefaultListableObjectFactory]
2020-03-09 17:42:04,471 [Thread: 10      ] [DEBUG] --    GetObjectInternal: obtaining instance for name reader => canonical name reader
2020-03-09 17:42:04,473 [Thread: 10      ] [DEBUG] -- Creating shared instance of singleton object 'reader'
2020-03-09 17:42:04,475 [Thread: 10      ] [DEBUG] -- Creating instance of Object 'reader' with merged definition [RootObjectDefinition : Class [MPC.LAN.ReaderTCP]; Abstract = False; Parent = ; Scope = singleton; Singleton = True; LazyInit = False; Autowire = No; Autowire-Candidate = True; Primary = False; DependencyCheck = None; InitMethodName = ; DestroyMethodName = ; FactoryMethodName = ; FactoryObjectName = ; defined in = file [D:\DevRepository\2DReader\MPC\MPC\bin\Debug\spring-objects.xml] line 24].
2020-03-09 17:42:04,476 [Thread: 10      ] [DEBUG] -- Invoking IInstantiationAwareObjectPostProcessors before the instantiation of 'reader'.
2020-03-09 17:42:04,480 [Thread: 10      ] [DEBUG] -- Eagerly caching object 'reader' to allow for resolving potential circular references
2020-03-09 17:42:04,670 [Thread: 10      ] [DEBUG] -- Configuring object using definition 'reader'
2020-03-09 17:42:04,673 [Thread: 10      ] [DEBUG] -- Invoking IObjectPostProcessors before initialization of object 'reader'
2020-03-09 17:42:04,675 [Thread: 10      ] [DEBUG] -- Invoking IObjectPostProcessors after initialization of object 'reader'
2020-03-09 17:42:04,677 [Thread: 10      ] [DEBUG] -- Cached shared instance of singleton object 'reader'
2020-03-09 17:42:04,678 [Thread: 10      ] [DEBUG] -- Calling code asked for normal instance for name 'reader'.
2020-03-09 17:42:04,680 [Thread: 10      ] [DEBUG] -- GetObjectInternal: returning instance for objectname reader
2020-03-09 17:42:04,682 [Thread: 10      ] [DEBUG] -- Publishing event in context [spring.root] : ContextRefreshedEventArgs [Refreshed]
2020-03-09 17:42:04,684 [Thread: 10      ] [INFO ] -- ApplicationContext Refresh: Completed
2020-03-09 17:42:04,871 [Thread: 10      ] [DEBUG] --    GetObjectInternal: obtaining instance for name reader => canonical name reader
2020-03-09 17:42:04,930 [Thread: 10      ] [DEBUG] -- Returning cached instance of singleton object 'reader'.
2020-03-09 17:42:04,932 [Thread: 10      ] [DEBUG] -- Calling code asked for normal instance for name 'reader'.
2020-03-09 17:42:04,935 [Thread: 10      ] [DEBUG] -- GetObjectInternal: returning instance for objectname reader
2020-03-09 17:42:04,938 [Thread: 10      ] [DEBUG] -- Reader Start Connect
2020-03-09 17:42:06,788 [Thread: 12      ] [INFO ] -- Reader TCP Connect Successs!
2020-03-09 17:42:09,527 [Thread: 10      ] [DEBUG] --    GetObjectInternal: obtaining instance for name reader => canonical name reader
2020-03-09 17:42:09,528 [Thread: 10      ] [DEBUG] -- Returning cached instance of singleton object 'reader'.
2020-03-09 17:42:09,529 [Thread: 10      ] [DEBUG] -- Calling code asked for normal instance for name 'reader'.
2020-03-09 17:42:09,530 [Thread: 10      ] [DEBUG] -- GetObjectInternal: returning instance for objectname reader
2020-03-09 17:43:54,084 [Thread: 10      ] [DEBUG] -- ApplicationContext Refresh: Refreshing object factory 
2020-03-09 17:43:54,380 [Thread: 10      ] [DEBUG] -- Loading XML object definitions from file [D:\DevRepository\2DReader\MPC\MPC\bin\Debug\spring-objects.xml]
2020-03-09 17:43:54,401 [Thread: 10      ] [DEBUG] -- Using the following XmlReader implementation : System.Xml.XsdValidatingReader
2020-03-09 17:43:54,406 [Thread: 10      ] [DEBUG] -- Loading object definitions.
2020-03-09 17:43:54,408 [Thread: 10      ] [DEBUG] -- Loading object definitions...
2020-03-09 17:43:54,410 [Thread: 10      ] [DEBUG] -- Default lazy init 'false'.
2020-03-09 17:43:54,411 [Thread: 10      ] [DEBUG] -- Default dependency check 'none'.
2020-03-09 17:43:54,412 [Thread: 10      ] [DEBUG] -- Default autowire 'no'.
2020-03-09 17:43:54,413 [Thread: 10      ] [DEBUG] -- Default merge 'false'.
2020-03-09 17:43:54,414 [Thread: 10      ] [DEBUG] -- Default init method ''.
2020-03-09 17:43:54,415 [Thread: 10      ] [DEBUG] -- Default destroy method ''.
2020-03-09 17:43:54,416 [Thread: 10      ] [DEBUG] -- Default autowire candidates ''.
2020-03-09 17:43:54,417 [Thread: 10      ] [DEBUG] -- Default init method ''.
2020-03-09 17:43:54,418 [Thread: 10      ] [DEBUG] -- Default destroy method ''.
2020-03-09 17:43:54,659 [Thread: 10      ] [DEBUG] -- Registering object definition with id 'reader'.
2020-03-09 17:43:54,661 [Thread: 10      ] [DEBUG] -- Found 1 <object> elements defining objects.
2020-03-09 17:43:54,662 [Thread: 10      ] [DEBUG] -- Loaded 1 object definitions from location [spring-objects.xml]
2020-03-09 17:43:54,663 [Thread: 10      ] [DEBUG] -- Refreshed ObjectFactory for application context 'spring.root'.
2020-03-09 17:43:54,664 [Thread: 10      ] [DEBUG] -- ApplicationContext Refresh: Registering well-known processors and objects
2020-03-09 17:43:54,666 [Thread: 10      ] [DEBUG] -- ApplicationContext Refresh: Custom post processing object factory
2020-03-09 17:43:54,667 [Thread: 10      ] [DEBUG] -- ApplicationContext Refresh: Post processing object factory using pre-registered processors
2020-03-09 17:43:54,668 [Thread: 10      ] [DEBUG] -- 1 objects defined in application context [spring.root].
2020-03-09 17:43:54,669 [Thread: 10      ] [DEBUG] -- ApplicationContext Refresh: Post processing object factory using defined processors
2020-03-09 17:43:54,816 [Thread: 10      ] [DEBUG] -- processed 0 IFactoryObjectPostProcessors defined in application context [spring.root].
2020-03-09 17:43:54,818 [Thread: 10      ] [DEBUG] -- processed 0 IObjectPostProcessors defined in application context [spring.root].
2020-03-09 17:43:54,820 [Thread: 10      ] [DEBUG] -- No IEventRegistry found with name 'eventRegistry' : using default 'Spring.Objects.Events.Support.EventRegistry'.
2020-03-09 17:43:54,822 [Thread: 10      ] [DEBUG] -- No IMessageSource found with name 'messageSource' : using default 'StaticMessageSource : '.
2020-03-09 17:43:54,824 [Thread: 10      ] [DEBUG] -- ApplicationContext Refresh: Preinstantiating singletons
2020-03-09 17:43:54,825 [Thread: 10      ] [DEBUG] -- Pre-instantiating singletons in factory [Spring.Objects.Factory.Support.DefaultListableObjectFactory]
2020-03-09 17:43:54,827 [Thread: 10      ] [DEBUG] --    GetObjectInternal: obtaining instance for name reader => canonical name reader
2020-03-09 17:43:54,989 [Thread: 10      ] [DEBUG] -- Creating shared instance of singleton object 'reader'
2020-03-09 17:43:54,991 [Thread: 10      ] [DEBUG] -- Creating instance of Object 'reader' with merged definition [RootObjectDefinition : Class [MPC.LAN.ReaderTCP]; Abstract = False; Parent = ; Scope = singleton; Singleton = True; LazyInit = False; Autowire = No; Autowire-Candidate = True; Primary = False; DependencyCheck = None; InitMethodName = ; DestroyMethodName = ; FactoryMethodName = ; FactoryObjectName = ; defined in = file [D:\DevRepository\2DReader\MPC\MPC\bin\Debug\spring-objects.xml] line 24].
2020-03-09 17:43:54,993 [Thread: 10      ] [DEBUG] -- Invoking IInstantiationAwareObjectPostProcessors before the instantiation of 'reader'.
2020-03-09 17:43:54,997 [Thread: 10      ] [DEBUG] -- Eagerly caching object 'reader' to allow for resolving potential circular references
2020-03-09 17:43:54,998 [Thread: 10      ] [DEBUG] -- Configuring object using definition 'reader'
2020-03-09 17:43:55,190 [Thread: 10      ] [DEBUG] -- Invoking IObjectPostProcessors before initialization of object 'reader'
2020-03-09 17:43:55,192 [Thread: 10      ] [DEBUG] -- Invoking IObjectPostProcessors after initialization of object 'reader'
2020-03-09 17:43:55,193 [Thread: 10      ] [DEBUG] -- Cached shared instance of singleton object 'reader'
2020-03-09 17:43:55,195 [Thread: 10      ] [DEBUG] -- Calling code asked for normal instance for name 'reader'.
2020-03-09 17:43:55,197 [Thread: 10      ] [DEBUG] -- GetObjectInternal: returning instance for objectname reader
2020-03-09 17:43:55,198 [Thread: 10      ] [DEBUG] -- Publishing event in context [spring.root] : ContextRefreshedEventArgs [Refreshed]
2020-03-09 17:43:55,200 [Thread: 10      ] [INFO ] -- ApplicationContext Refresh: Completed
2020-03-09 17:43:55,201 [Thread: 10      ] [DEBUG] --    GetObjectInternal: obtaining instance for name reader => canonical name reader
2020-03-09 17:43:55,388 [Thread: 10      ] [DEBUG] -- Returning cached instance of singleton object 'reader'.
2020-03-09 17:43:55,389 [Thread: 10      ] [DEBUG] -- Calling code asked for normal instance for name 'reader'.
2020-03-09 17:43:55,390 [Thread: 10      ] [DEBUG] -- GetObjectInternal: returning instance for objectname reader
2020-03-09 17:43:55,391 [Thread: 10      ] [DEBUG] -- Reader Start Connect
2020-03-09 17:43:55,427 [Thread: 10      ] [DEBUG] --    GetObjectInternal: obtaining instance for name reader => canonical name reader
2020-03-09 17:43:55,427 [Thread: 10      ] [DEBUG] -- Returning cached instance of singleton object 'reader'.
2020-03-09 17:43:55,428 [Thread: 10      ] [DEBUG] -- Calling code asked for normal instance for name 'reader'.
2020-03-09 17:43:55,429 [Thread: 10      ] [DEBUG] -- GetObjectInternal: returning instance for objectname reader
2020-03-09 17:43:55,430 [Thread: 10      ] [DEBUG] -- Reader Start Connect
2020-03-09 17:43:58,160 [Thread: 12      ] [INFO ] -- Reader TCP Connect Successs!
2020-03-09 17:45:55,014 [Thread: 9       ] [DEBUG] -- ApplicationContext Refresh: Refreshing object factory 
2020-03-09 17:45:55,413 [Thread: 9       ] [DEBUG] -- Loading XML object definitions from file [D:\DevRepository\2DReader\MPC\MPC\bin\Debug\spring-objects.xml]
2020-03-09 17:45:55,566 [Thread: 9       ] [DEBUG] -- Using the following XmlReader implementation : System.Xml.XsdValidatingReader
2020-03-09 17:45:55,589 [Thread: 9       ] [DEBUG] -- Loading object definitions.
2020-03-09 17:45:55,595 [Thread: 9       ] [DEBUG] -- Loading object definitions...
2020-03-09 17:45:55,601 [Thread: 9       ] [DEBUG] -- Default lazy init 'false'.
2020-03-09 17:45:55,606 [Thread: 9       ] [DEBUG] -- Default dependency check 'none'.
2020-03-09 17:45:55,607 [Thread: 9       ] [DEBUG] -- Default autowire 'no'.
2020-03-09 17:45:55,607 [Thread: 9       ] [DEBUG] -- Default merge 'false'.
2020-03-09 17:45:55,608 [Thread: 9       ] [DEBUG] -- Default init method ''.
2020-03-09 17:45:55,609 [Thread: 9       ] [DEBUG] -- Default destroy method ''.
2020-03-09 17:45:55,610 [Thread: 9       ] [DEBUG] -- Default autowire candidates ''.
2020-03-09 17:45:55,611 [Thread: 9       ] [DEBUG] -- Default init method ''.
2020-03-09 17:45:55,612 [Thread: 9       ] [DEBUG] -- Default destroy method ''.
2020-03-09 17:45:55,681 [Thread: 9       ] [DEBUG] -- Registering object definition with id 'reader'.
2020-03-09 17:45:55,685 [Thread: 9       ] [DEBUG] -- Found 1 <object> elements defining objects.
2020-03-09 17:45:55,686 [Thread: 9       ] [DEBUG] -- Loaded 1 object definitions from location [spring-objects.xml]
2020-03-09 17:45:55,689 [Thread: 9       ] [DEBUG] -- Refreshed ObjectFactory for application context 'spring.root'.
2020-03-09 17:45:55,692 [Thread: 9       ] [DEBUG] -- ApplicationContext Refresh: Registering well-known processors and objects
2020-03-09 17:45:55,694 [Thread: 9       ] [DEBUG] -- ApplicationContext Refresh: Custom post processing object factory
2020-03-09 17:45:55,696 [Thread: 9       ] [DEBUG] -- ApplicationContext Refresh: Post processing object factory using pre-registered processors
2020-03-09 17:45:55,697 [Thread: 9       ] [DEBUG] -- 1 objects defined in application context [spring.root].
2020-03-09 17:45:55,698 [Thread: 9       ] [DEBUG] -- ApplicationContext Refresh: Post processing object factory using defined processors
2020-03-09 17:45:55,875 [Thread: 9       ] [DEBUG] -- processed 0 IFactoryObjectPostProcessors defined in application context [spring.root].
2020-03-09 17:45:55,878 [Thread: 9       ] [DEBUG] -- processed 0 IObjectPostProcessors defined in application context [spring.root].
2020-03-09 17:45:55,880 [Thread: 9       ] [DEBUG] -- No IEventRegistry found with name 'eventRegistry' : using default 'Spring.Objects.Events.Support.EventRegistry'.
2020-03-09 17:45:55,883 [Thread: 9       ] [DEBUG] -- No IMessageSource found with name 'messageSource' : using default 'StaticMessageSource : '.
2020-03-09 17:45:55,885 [Thread: 9       ] [DEBUG] -- ApplicationContext Refresh: Preinstantiating singletons
2020-03-09 17:45:55,887 [Thread: 9       ] [DEBUG] -- Pre-instantiating singletons in factory [Spring.Objects.Factory.Support.DefaultListableObjectFactory]
2020-03-09 17:45:55,889 [Thread: 9       ] [DEBUG] --    GetObjectInternal: obtaining instance for name reader => canonical name reader
2020-03-09 17:45:56,056 [Thread: 9       ] [DEBUG] -- Creating shared instance of singleton object 'reader'
2020-03-09 17:45:56,058 [Thread: 9       ] [DEBUG] -- Creating instance of Object 'reader' with merged definition [RootObjectDefinition : Class [MPC.LAN.ReaderTCP]; Abstract = False; Parent = ; Scope = singleton; Singleton = True; LazyInit = False; Autowire = No; Autowire-Candidate = True; Primary = False; DependencyCheck = None; InitMethodName = ; DestroyMethodName = ; FactoryMethodName = ; FactoryObjectName = ; defined in = file [D:\DevRepository\2DReader\MPC\MPC\bin\Debug\spring-objects.xml] line 24].
2020-03-09 17:45:56,063 [Thread: 9       ] [DEBUG] -- Invoking IInstantiationAwareObjectPostProcessors before the instantiation of 'reader'.
2020-03-09 17:45:56,071 [Thread: 9       ] [DEBUG] -- Eagerly caching object 'reader' to allow for resolving potential circular references
2020-03-09 17:45:56,072 [Thread: 9       ] [DEBUG] -- Configuring object using definition 'reader'
2020-03-09 17:45:56,237 [Thread: 9       ] [DEBUG] -- Invoking IObjectPostProcessors before initialization of object 'reader'
2020-03-09 17:45:56,239 [Thread: 9       ] [DEBUG] -- Invoking IObjectPostProcessors after initialization of object 'reader'
2020-03-09 17:45:56,240 [Thread: 9       ] [DEBUG] -- Cached shared instance of singleton object 'reader'
2020-03-09 17:45:56,242 [Thread: 9       ] [DEBUG] -- Calling code asked for normal instance for name 'reader'.
2020-03-09 17:45:56,244 [Thread: 9       ] [DEBUG] -- GetObjectInternal: returning instance for objectname reader
2020-03-09 17:45:56,245 [Thread: 9       ] [DEBUG] -- Publishing event in context [spring.root] : ContextRefreshedEventArgs [Refreshed]
2020-03-09 17:45:56,248 [Thread: 9       ] [INFO ] -- ApplicationContext Refresh: Completed
2020-03-09 17:45:56,249 [Thread: 9       ] [DEBUG] --    GetObjectInternal: obtaining instance for name reader => canonical name reader
2020-03-09 17:45:56,435 [Thread: 9       ] [DEBUG] -- Returning cached instance of singleton object 'reader'.
2020-03-09 17:45:56,436 [Thread: 9       ] [DEBUG] -- Calling code asked for normal instance for name 'reader'.
2020-03-09 17:45:56,441 [Thread: 9       ] [DEBUG] -- GetObjectInternal: returning instance for objectname reader
2020-03-09 17:45:56,442 [Thread: 9       ] [DEBUG] -- Reader Start Connect
2020-03-09 17:45:58,701 [Thread: 11      ] [INFO ] -- Reader TCP Connect Successs!
2020-03-09 17:46:03,657 [Thread: 9       ] [DEBUG] --    GetObjectInternal: obtaining instance for name reader => canonical name reader
2020-03-09 17:46:03,659 [Thread: 9       ] [DEBUG] -- Returning cached instance of singleton object 'reader'.
2020-03-09 17:46:03,660 [Thread: 9       ] [DEBUG] -- Calling code asked for normal instance for name 'reader'.
2020-03-09 17:46:03,661 [Thread: 9       ] [DEBUG] -- GetObjectInternal: returning instance for objectname reader
2020-03-09 17:57:26,092 [Thread: 9       ] [DEBUG] -- ApplicationContext Refresh: Refreshing object factory 
2020-03-09 17:57:27,241 [Thread: 9       ] [DEBUG] -- Loading XML object definitions from file [D:\DevRepository\2DReader\MPC\MPC\bin\Debug\spring-objects.xml]
2020-03-09 17:57:27,451 [Thread: 9       ] [DEBUG] -- Using the following XmlReader implementation : System.Xml.XsdValidatingReader
2020-03-09 17:57:27,552 [Thread: 9       ] [DEBUG] -- Loading object definitions.
2020-03-09 17:57:27,559 [Thread: 9       ] [DEBUG] -- Loading object definitions...
2020-03-09 17:57:27,562 [Thread: 9       ] [DEBUG] -- Default lazy init 'false'.
2020-03-09 17:57:27,565 [Thread: 9       ] [DEBUG] -- Default dependency check 'none'.
2020-03-09 17:57:27,567 [Thread: 9       ] [DEBUG] -- Default autowire 'no'.
2020-03-09 17:57:27,569 [Thread: 9       ] [DEBUG] -- Default merge 'false'.
2020-03-09 17:57:27,571 [Thread: 9       ] [DEBUG] -- Default init method ''.
2020-03-09 17:57:27,574 [Thread: 9       ] [DEBUG] -- Default destroy method ''.
2020-03-09 17:57:27,576 [Thread: 9       ] [DEBUG] -- Default autowire candidates ''.
2020-03-09 17:57:27,578 [Thread: 9       ] [DEBUG] -- Default init method ''.
2020-03-09 17:57:27,580 [Thread: 9       ] [DEBUG] -- Default destroy method ''.
2020-03-09 17:57:27,703 [Thread: 9       ] [DEBUG] -- Registering object definition with id 'reader'.
2020-03-09 17:57:27,708 [Thread: 9       ] [DEBUG] -- Found 1 <object> elements defining objects.
2020-03-09 17:57:27,710 [Thread: 9       ] [DEBUG] -- Loaded 1 object definitions from location [spring-objects.xml]
2020-03-09 17:57:27,711 [Thread: 9       ] [DEBUG] -- Refreshed ObjectFactory for application context 'spring.root'.
2020-03-09 17:57:27,712 [Thread: 9       ] [DEBUG] -- ApplicationContext Refresh: Registering well-known processors and objects
2020-03-09 17:57:27,715 [Thread: 9       ] [DEBUG] -- ApplicationContext Refresh: Custom post processing object factory
2020-03-09 17:57:27,716 [Thread: 9       ] [DEBUG] -- ApplicationContext Refresh: Post processing object factory using pre-registered processors
2020-03-09 17:57:27,717 [Thread: 9       ] [DEBUG] -- 1 objects defined in application context [spring.root].
2020-03-09 17:57:27,718 [Thread: 9       ] [DEBUG] -- ApplicationContext Refresh: Post processing object factory using defined processors
2020-03-09 17:57:28,037 [Thread: 9       ] [DEBUG] -- processed 0 IFactoryObjectPostProcessors defined in application context [spring.root].
2020-03-09 17:57:28,041 [Thread: 9       ] [DEBUG] -- processed 0 IObjectPostProcessors defined in application context [spring.root].
2020-03-09 17:57:28,045 [Thread: 9       ] [DEBUG] -- No IEventRegistry found with name 'eventRegistry' : using default 'Spring.Objects.Events.Support.EventRegistry'.
2020-03-09 17:57:28,050 [Thread: 9       ] [DEBUG] -- No IMessageSource found with name 'messageSource' : using default 'StaticMessageSource : '.
2020-03-09 17:57:28,053 [Thread: 9       ] [DEBUG] -- ApplicationContext Refresh: Preinstantiating singletons
2020-03-09 17:57:28,055 [Thread: 9       ] [DEBUG] -- Pre-instantiating singletons in factory [Spring.Objects.Factory.Support.DefaultListableObjectFactory]
2020-03-09 17:57:28,059 [Thread: 9       ] [DEBUG] --    GetObjectInternal: obtaining instance for name reader => canonical name reader
2020-03-09 17:57:28,086 [Thread: 9       ] [DEBUG] -- Creating shared instance of singleton object 'reader'
2020-03-09 17:57:28,090 [Thread: 9       ] [DEBUG] -- Creating instance of Object 'reader' with merged definition [RootObjectDefinition : Class [MPC.LAN.ReaderTCP]; Abstract = False; Parent = ; Scope = singleton; Singleton = True; LazyInit = False; Autowire = No; Autowire-Candidate = True; Primary = False; DependencyCheck = None; InitMethodName = ; DestroyMethodName = ; FactoryMethodName = ; FactoryObjectName = ; defined in = file [D:\DevRepository\2DReader\MPC\MPC\bin\Debug\spring-objects.xml] line 24].
2020-03-09 17:57:28,093 [Thread: 9       ] [DEBUG] -- Invoking IInstantiationAwareObjectPostProcessors before the instantiation of 'reader'.
2020-03-09 17:57:28,100 [Thread: 9       ] [DEBUG] -- Eagerly caching object 'reader' to allow for resolving potential circular references
2020-03-09 17:57:28,103 [Thread: 9       ] [DEBUG] -- Configuring object using definition 'reader'
2020-03-09 17:57:28,291 [Thread: 9       ] [DEBUG] -- Invoking IObjectPostProcessors before initialization of object 'reader'
2020-03-09 17:57:28,297 [Thread: 9       ] [DEBUG] -- Invoking IObjectPostProcessors after initialization of object 'reader'
2020-03-09 17:57:28,302 [Thread: 9       ] [DEBUG] -- Cached shared instance of singleton object 'reader'
2020-03-09 17:57:28,306 [Thread: 9       ] [DEBUG] -- Calling code asked for normal instance for name 'reader'.
2020-03-09 17:57:28,312 [Thread: 9       ] [DEBUG] -- GetObjectInternal: returning instance for objectname reader
2020-03-09 17:57:28,314 [Thread: 9       ] [DEBUG] -- Publishing event in context [spring.root] : ContextRefreshedEventArgs [Refreshed]
2020-03-09 17:57:28,317 [Thread: 9       ] [INFO ] -- ApplicationContext Refresh: Completed
2020-03-09 17:57:28,320 [Thread: 9       ] [DEBUG] --    GetObjectInternal: obtaining instance for name reader => canonical name reader
2020-03-09 17:57:28,322 [Thread: 9       ] [DEBUG] -- Returning cached instance of singleton object 'reader'.
2020-03-09 17:57:28,484 [Thread: 9       ] [DEBUG] -- Calling code asked for normal instance for name 'reader'.
2020-03-09 17:57:28,487 [Thread: 9       ] [DEBUG] -- GetObjectInternal: returning instance for objectname reader
2020-03-09 17:57:28,490 [Thread: 9       ] [DEBUG] -- Reader Start Connect
2020-03-09 17:57:31,380 [Thread: 11      ] [INFO ] -- Reader TCP Connect Successs!
2020-03-09 17:57:37,613 [Thread: 9       ] [DEBUG] --    GetObjectInternal: obtaining instance for name reader => canonical name reader
2020-03-09 17:57:37,615 [Thread: 9       ] [DEBUG] -- Returning cached instance of singleton object 'reader'.
2020-03-09 17:57:37,616 [Thread: 9       ] [DEBUG] -- Calling code asked for normal instance for name 'reader'.
2020-03-09 17:57:37,618 [Thread: 9       ] [DEBUG] -- GetObjectInternal: returning instance for objectname reader
2020-03-09 17:59:05,838 [Thread: 10      ] [DEBUG] -- ApplicationContext Refresh: Refreshing object factory 
2020-03-09 17:59:05,974 [Thread: 10      ] [DEBUG] -- Loading XML object definitions from file [D:\DevRepository\2DReader\MPC\MPC\bin\Debug\spring-objects.xml]
2020-03-09 17:59:05,999 [Thread: 10      ] [DEBUG] -- Using the following XmlReader implementation : System.Xml.XsdValidatingReader
2020-03-09 17:59:06,004 [Thread: 10      ] [DEBUG] -- Loading object definitions.
2020-03-09 17:59:06,006 [Thread: 10      ] [DEBUG] -- Loading object definitions...
2020-03-09 17:59:06,007 [Thread: 10      ] [DEBUG] -- Default lazy init 'false'.
2020-03-09 17:59:06,009 [Thread: 10      ] [DEBUG] -- Default dependency check 'none'.
2020-03-09 17:59:06,010 [Thread: 10      ] [DEBUG] -- Default autowire 'no'.
2020-03-09 17:59:06,011 [Thread: 10      ] [DEBUG] -- Default merge 'false'.
2020-03-09 17:59:06,012 [Thread: 10      ] [DEBUG] -- Default init method ''.
2020-03-09 17:59:06,014 [Thread: 10      ] [DEBUG] -- Default destroy method ''.
2020-03-09 17:59:06,015 [Thread: 10      ] [DEBUG] -- Default autowire candidates ''.
2020-03-09 17:59:06,059 [Thread: 10      ] [DEBUG] -- Default init method ''.
2020-03-09 17:59:06,061 [Thread: 10      ] [DEBUG] -- Default destroy method ''.
2020-03-09 17:59:06,084 [Thread: 10      ] [DEBUG] -- Registering object definition with id 'reader'.
2020-03-09 17:59:06,112 [Thread: 10      ] [DEBUG] -- Found 1 <object> elements defining objects.
2020-03-09 17:59:06,115 [Thread: 10      ] [DEBUG] -- Loaded 1 object definitions from location [spring-objects.xml]
2020-03-09 17:59:06,131 [Thread: 10      ] [DEBUG] -- Refreshed ObjectFactory for application context 'spring.root'.
2020-03-09 17:59:06,132 [Thread: 10      ] [DEBUG] -- ApplicationContext Refresh: Registering well-known processors and objects
2020-03-09 17:59:06,164 [Thread: 10      ] [DEBUG] -- ApplicationContext Refresh: Custom post processing object factory
2020-03-09 17:59:06,166 [Thread: 10      ] [DEBUG] -- ApplicationContext Refresh: Post processing object factory using pre-registered processors
2020-03-09 17:59:06,259 [Thread: 10      ] [DEBUG] -- 1 objects defined in application context [spring.root].
2020-03-09 17:59:06,260 [Thread: 10      ] [DEBUG] -- ApplicationContext Refresh: Post processing object factory using defined processors
2020-03-09 17:59:06,289 [Thread: 10      ] [DEBUG] -- processed 0 IFactoryObjectPostProcessors defined in application context [spring.root].
2020-03-09 17:59:06,291 [Thread: 10      ] [DEBUG] -- processed 0 IObjectPostProcessors defined in application context [spring.root].
2020-03-09 17:59:06,293 [Thread: 10      ] [DEBUG] -- No IEventRegistry found with name 'eventRegistry' : using default 'Spring.Objects.Events.Support.EventRegistry'.
2020-03-09 17:59:06,295 [Thread: 10      ] [DEBUG] -- No IMessageSource found with name 'messageSource' : using default 'StaticMessageSource : '.
2020-03-09 17:59:06,297 [Thread: 10      ] [DEBUG] -- ApplicationContext Refresh: Preinstantiating singletons
2020-03-09 17:59:06,298 [Thread: 10      ] [DEBUG] -- Pre-instantiating singletons in factory [Spring.Objects.Factory.Support.DefaultListableObjectFactory]
2020-03-09 17:59:06,460 [Thread: 10      ] [DEBUG] --    GetObjectInternal: obtaining instance for name reader => canonical name reader
2020-03-09 17:59:06,462 [Thread: 10      ] [DEBUG] -- Creating shared instance of singleton object 'reader'
2020-03-09 17:59:06,464 [Thread: 10      ] [DEBUG] -- Creating instance of Object 'reader' with merged definition [RootObjectDefinition : Class [MPC.LAN.ReaderTCP]; Abstract = False; Parent = ; Scope = singleton; Singleton = True; LazyInit = False; Autowire = No; Autowire-Candidate = True; Primary = False; DependencyCheck = None; InitMethodName = ; DestroyMethodName = ; FactoryMethodName = ; FactoryObjectName = ; defined in = file [D:\DevRepository\2DReader\MPC\MPC\bin\Debug\spring-objects.xml] line 24].
2020-03-09 17:59:06,465 [Thread: 10      ] [DEBUG] -- Invoking IInstantiationAwareObjectPostProcessors before the instantiation of 'reader'.
2020-03-09 17:59:06,468 [Thread: 10      ] [DEBUG] -- Eagerly caching object 'reader' to allow for resolving potential circular references
2020-03-09 17:59:06,659 [Thread: 10      ] [DEBUG] -- Configuring object using definition 'reader'
2020-03-09 17:59:06,662 [Thread: 10      ] [DEBUG] -- Invoking IObjectPostProcessors before initialization of object 'reader'
2020-03-09 17:59:06,664 [Thread: 10      ] [DEBUG] -- Invoking IObjectPostProcessors after initialization of object 'reader'
2020-03-09 17:59:06,670 [Thread: 10      ] [DEBUG] -- Cached shared instance of singleton object 'reader'
2020-03-09 17:59:06,671 [Thread: 10      ] [DEBUG] -- Calling code asked for normal instance for name 'reader'.
2020-03-09 17:59:06,673 [Thread: 10      ] [DEBUG] -- GetObjectInternal: returning instance for objectname reader
2020-03-09 17:59:06,675 [Thread: 10      ] [DEBUG] -- Publishing event in context [spring.root] : ContextRefreshedEventArgs [Refreshed]
2020-03-09 17:59:06,676 [Thread: 10      ] [INFO ] -- ApplicationContext Refresh: Completed
2020-03-09 17:59:06,859 [Thread: 10      ] [DEBUG] --    GetObjectInternal: obtaining instance for name reader => canonical name reader
2020-03-09 17:59:06,860 [Thread: 10      ] [DEBUG] -- Returning cached instance of singleton object 'reader'.
2020-03-09 17:59:06,861 [Thread: 10      ] [DEBUG] -- Calling code asked for normal instance for name 'reader'.
2020-03-09 17:59:06,862 [Thread: 10      ] [DEBUG] -- GetObjectInternal: returning instance for objectname reader
2020-03-09 17:59:06,863 [Thread: 10      ] [DEBUG] -- Reader Start Connect
2020-03-09 17:59:08,658 [Thread: 12      ] [INFO ] -- Reader TCP Connect Successs!
2020-03-09 17:59:14,621 [Thread: 10      ] [DEBUG] --    GetObjectInternal: obtaining instance for name reader => canonical name reader
2020-03-09 17:59:14,622 [Thread: 10      ] [DEBUG] -- Returning cached instance of singleton object 'reader'.
2020-03-09 17:59:14,623 [Thread: 10      ] [DEBUG] -- Calling code asked for normal instance for name 'reader'.
2020-03-09 17:59:14,624 [Thread: 10      ] [DEBUG] -- GetObjectInternal: returning instance for objectname reader
2020-03-09 18:01:24,638 [Thread: 10      ] [DEBUG] -- ApplicationContext Refresh: Refreshing object factory 
2020-03-09 18:01:25,603 [Thread: 10      ] [DEBUG] -- Loading XML object definitions from file [D:\DevRepository\2DReader\MPC\MPC\bin\Debug\spring-objects.xml]
2020-03-09 18:01:25,930 [Thread: 10      ] [DEBUG] -- Using the following XmlReader implementation : System.Xml.XsdValidatingReader
2020-03-09 18:01:26,144 [Thread: 10      ] [DEBUG] -- Loading object definitions.
2020-03-09 18:01:26,147 [Thread: 10      ] [DEBUG] -- Loading object definitions...
2020-03-09 18:01:26,149 [Thread: 10      ] [DEBUG] -- Default lazy init 'false'.
2020-03-09 18:01:26,151 [Thread: 10      ] [DEBUG] -- Default dependency check 'none'.
2020-03-09 18:01:26,153 [Thread: 10      ] [DEBUG] -- Default autowire 'no'.
2020-03-09 18:01:26,155 [Thread: 10      ] [DEBUG] -- Default merge 'false'.
2020-03-09 18:01:26,157 [Thread: 10      ] [DEBUG] -- Default init method ''.
2020-03-09 18:01:26,159 [Thread: 10      ] [DEBUG] -- Default destroy method ''.
2020-03-09 18:01:26,161 [Thread: 10      ] [DEBUG] -- Default autowire candidates ''.
2020-03-09 18:01:26,164 [Thread: 10      ] [DEBUG] -- Default init method ''.
2020-03-09 18:01:26,165 [Thread: 10      ] [DEBUG] -- Default destroy method ''.
2020-03-09 18:01:26,297 [Thread: 10      ] [DEBUG] -- Registering object definition with id 'reader'.
2020-03-09 18:01:26,304 [Thread: 10      ] [DEBUG] -- Found 1 <object> elements defining objects.
2020-03-09 18:01:26,306 [Thread: 10      ] [DEBUG] -- Loaded 1 object definitions from location [spring-objects.xml]
2020-03-09 18:01:26,307 [Thread: 10      ] [DEBUG] -- Refreshed ObjectFactory for application context 'spring.root'.
2020-03-09 18:01:26,309 [Thread: 10      ] [DEBUG] -- ApplicationContext Refresh: Registering well-known processors and objects
2020-03-09 18:01:26,377 [Thread: 10      ] [DEBUG] -- ApplicationContext Refresh: Custom post processing object factory
2020-03-09 18:01:26,384 [Thread: 10      ] [DEBUG] -- ApplicationContext Refresh: Post processing object factory using pre-registered processors
2020-03-09 18:01:26,388 [Thread: 10      ] [DEBUG] -- 1 objects defined in application context [spring.root].
2020-03-09 18:01:26,391 [Thread: 10      ] [DEBUG] -- ApplicationContext Refresh: Post processing object factory using defined processors
2020-03-09 18:01:26,537 [Thread: 10      ] [DEBUG] -- processed 0 IFactoryObjectPostProcessors defined in application context [spring.root].
2020-03-09 18:01:26,540 [Thread: 10      ] [DEBUG] -- processed 0 IObjectPostProcessors defined in application context [spring.root].
2020-03-09 18:01:26,544 [Thread: 10      ] [DEBUG] -- No IEventRegistry found with name 'eventRegistry' : using default 'Spring.Objects.Events.Support.EventRegistry'.
2020-03-09 18:01:26,548 [Thread: 10      ] [DEBUG] -- No IMessageSource found with name 'messageSource' : using default 'StaticMessageSource : '.
2020-03-09 18:01:26,563 [Thread: 10      ] [DEBUG] -- ApplicationContext Refresh: Preinstantiating singletons
2020-03-09 18:01:26,566 [Thread: 10      ] [DEBUG] -- Pre-instantiating singletons in factory [Spring.Objects.Factory.Support.DefaultListableObjectFactory]
2020-03-09 18:01:26,570 [Thread: 10      ] [DEBUG] --    GetObjectInternal: obtaining instance for name reader => canonical name reader
2020-03-09 18:01:26,574 [Thread: 10      ] [DEBUG] -- Creating shared instance of singleton object 'reader'
2020-03-09 18:01:26,577 [Thread: 10      ] [DEBUG] -- Creating instance of Object 'reader' with merged definition [RootObjectDefinition : Class [MPC.LAN.ReaderTCP]; Abstract = False; Parent = ; Scope = singleton; Singleton = True; LazyInit = False; Autowire = No; Autowire-Candidate = True; Primary = False; DependencyCheck = None; InitMethodName = ; DestroyMethodName = ; FactoryMethodName = ; FactoryObjectName = ; defined in = file [D:\DevRepository\2DReader\MPC\MPC\bin\Debug\spring-objects.xml] line 24].
2020-03-09 18:01:26,762 [Thread: 10      ] [DEBUG] -- Invoking IInstantiationAwareObjectPostProcessors before the instantiation of 'reader'.
2020-03-09 18:01:26,767 [Thread: 10      ] [DEBUG] -- Eagerly caching object 'reader' to allow for resolving potential circular references
2020-03-09 18:01:26,769 [Thread: 10      ] [DEBUG] -- Configuring object using definition 'reader'
2020-03-09 18:01:26,773 [Thread: 10      ] [DEBUG] -- Invoking IObjectPostProcessors before initialization of object 'reader'
2020-03-09 18:01:26,775 [Thread: 10      ] [DEBUG] -- Invoking IObjectPostProcessors after initialization of object 'reader'
2020-03-09 18:01:26,801 [Thread: 10      ] [DEBUG] -- Cached shared instance of singleton object 'reader'
2020-03-09 18:01:26,802 [Thread: 10      ] [DEBUG] -- Calling code asked for normal instance for name 'reader'.
2020-03-09 18:01:26,805 [Thread: 10      ] [DEBUG] -- GetObjectInternal: returning instance for objectname reader
2020-03-09 18:01:26,963 [Thread: 10      ] [DEBUG] -- Publishing event in context [spring.root] : ContextRefreshedEventArgs [Refreshed]
2020-03-09 18:01:26,965 [Thread: 10      ] [INFO ] -- ApplicationContext Refresh: Completed
2020-03-09 18:01:26,966 [Thread: 10      ] [DEBUG] --    GetObjectInternal: obtaining instance for name reader => canonical name reader
2020-03-09 18:01:26,968 [Thread: 10      ] [DEBUG] -- Returning cached instance of singleton object 'reader'.
2020-03-09 18:01:26,969 [Thread: 10      ] [DEBUG] -- Calling code asked for normal instance for name 'reader'.
2020-03-09 18:01:26,970 [Thread: 10      ] [DEBUG] -- GetObjectInternal: returning instance for objectname reader
2020-03-09 18:01:26,971 [Thread: 10      ] [DEBUG] -- Reader Start Connect
2020-03-09 18:01:29,830 [Thread: 12      ] [INFO ] -- Reader TCP Connect Successs!
2020-03-09 18:01:32,571 [Thread: 10      ] [DEBUG] --    GetObjectInternal: obtaining instance for name reader => canonical name reader
2020-03-09 18:01:32,572 [Thread: 10      ] [DEBUG] -- Returning cached instance of singleton object 'reader'.
2020-03-09 18:01:32,573 [Thread: 10      ] [DEBUG] -- Calling code asked for normal instance for name 'reader'.
2020-03-09 18:01:32,574 [Thread: 10      ] [DEBUG] -- GetObjectInternal: returning instance for objectname reader
2020-03-09 18:02:42,371 [Thread: 7       ] [DEBUG] -- ApplicationContext Refresh: Refreshing object factory 
2020-03-09 18:02:42,968 [Thread: 7       ] [DEBUG] -- Loading XML object definitions from file [D:\DevRepository\2DReader\MPC\MPC\bin\Debug\spring-objects.xml]
2020-03-09 18:02:42,985 [Thread: 7       ] [DEBUG] -- Using the following XmlReader implementation : System.Xml.XsdValidatingReader
2020-03-09 18:02:42,988 [Thread: 7       ] [DEBUG] -- Loading object definitions.
2020-03-09 18:02:42,991 [Thread: 7       ] [DEBUG] -- Loading object definitions...
2020-03-09 18:02:42,992 [Thread: 7       ] [DEBUG] -- Default lazy init 'false'.
2020-03-09 18:02:42,993 [Thread: 7       ] [DEBUG] -- Default dependency check 'none'.
2020-03-09 18:02:42,994 [Thread: 7       ] [DEBUG] -- Default autowire 'no'.
2020-03-09 18:02:42,995 [Thread: 7       ] [DEBUG] -- Default merge 'false'.
2020-03-09 18:02:42,996 [Thread: 7       ] [DEBUG] -- Default init method ''.
2020-03-09 18:02:42,997 [Thread: 7       ] [DEBUG] -- Default destroy method ''.
2020-03-09 18:02:42,998 [Thread: 7       ] [DEBUG] -- Default autowire candidates ''.
2020-03-09 18:02:42,999 [Thread: 7       ] [DEBUG] -- Default init method ''.
2020-03-09 18:02:43,000 [Thread: 7       ] [DEBUG] -- Default destroy method ''.
2020-03-09 18:02:43,272 [Thread: 7       ] [DEBUG] -- Registering object definition with id 'reader'.
2020-03-09 18:02:43,278 [Thread: 7       ] [DEBUG] -- Found 1 <object> elements defining objects.
2020-03-09 18:02:43,301 [Thread: 7       ] [DEBUG] -- Loaded 1 object definitions from location [spring-objects.xml]
2020-03-09 18:02:43,302 [Thread: 7       ] [DEBUG] -- Refreshed ObjectFactory for application context 'spring.root'.
2020-03-09 18:02:43,303 [Thread: 7       ] [DEBUG] -- ApplicationContext Refresh: Registering well-known processors and objects
2020-03-09 18:02:43,308 [Thread: 7       ] [DEBUG] -- ApplicationContext Refresh: Custom post processing object factory
2020-03-09 18:02:43,309 [Thread: 7       ] [DEBUG] -- ApplicationContext Refresh: Post processing object factory using pre-registered processors
2020-03-09 18:02:43,315 [Thread: 7       ] [DEBUG] -- 1 objects defined in application context [spring.root].
2020-03-09 18:02:43,316 [Thread: 7       ] [DEBUG] -- ApplicationContext Refresh: Post processing object factory using defined processors
2020-03-09 18:02:43,410 [Thread: 7       ] [DEBUG] -- processed 0 IFactoryObjectPostProcessors defined in application context [spring.root].
2020-03-09 18:02:43,412 [Thread: 7       ] [DEBUG] -- processed 0 IObjectPostProcessors defined in application context [spring.root].
2020-03-09 18:02:43,414 [Thread: 7       ] [DEBUG] -- No IEventRegistry found with name 'eventRegistry' : using default 'Spring.Objects.Events.Support.EventRegistry'.
2020-03-09 18:02:43,417 [Thread: 7       ] [DEBUG] -- No IMessageSource found with name 'messageSource' : using default 'StaticMessageSource : '.
2020-03-09 18:02:43,418 [Thread: 7       ] [DEBUG] -- ApplicationContext Refresh: Preinstantiating singletons
2020-03-09 18:02:43,419 [Thread: 7       ] [DEBUG] -- Pre-instantiating singletons in factory [Spring.Objects.Factory.Support.DefaultListableObjectFactory]
2020-03-09 18:02:43,421 [Thread: 7       ] [DEBUG] --    GetObjectInternal: obtaining instance for name reader => canonical name reader
2020-03-09 18:02:43,577 [Thread: 7       ] [DEBUG] -- Creating shared instance of singleton object 'reader'
2020-03-09 18:02:43,580 [Thread: 7       ] [DEBUG] -- Creating instance of Object 'reader' with merged definition [RootObjectDefinition : Class [MPC.LAN.ReaderTCP]; Abstract = False; Parent = ; Scope = singleton; Singleton = True; LazyInit = False; Autowire = No; Autowire-Candidate = True; Primary = False; DependencyCheck = None; InitMethodName = ; DestroyMethodName = ; FactoryMethodName = ; FactoryObjectName = ; defined in = file [D:\DevRepository\2DReader\MPC\MPC\bin\Debug\spring-objects.xml] line 24].
2020-03-09 18:02:43,582 [Thread: 7       ] [DEBUG] -- Invoking IInstantiationAwareObjectPostProcessors before the instantiation of 'reader'.
2020-03-09 18:02:43,586 [Thread: 7       ] [DEBUG] -- Eagerly caching object 'reader' to allow for resolving potential circular references
2020-03-09 18:02:43,588 [Thread: 7       ] [DEBUG] -- Configuring object using definition 'reader'
2020-03-09 18:02:43,777 [Thread: 7       ] [DEBUG] -- Invoking IObjectPostProcessors before initialization of object 'reader'
2020-03-09 18:02:43,780 [Thread: 7       ] [DEBUG] -- Invoking IObjectPostProcessors after initialization of object 'reader'
2020-03-09 18:02:43,781 [Thread: 7       ] [DEBUG] -- Cached shared instance of singleton object 'reader'
2020-03-09 18:02:43,783 [Thread: 7       ] [DEBUG] -- Calling code asked for normal instance for name 'reader'.
2020-03-09 18:02:43,786 [Thread: 7       ] [DEBUG] -- GetObjectInternal: returning instance for objectname reader
2020-03-09 18:02:43,788 [Thread: 7       ] [DEBUG] -- Publishing event in context [spring.root] : ContextRefreshedEventArgs [Refreshed]
2020-03-09 18:02:43,790 [Thread: 7       ] [INFO ] -- ApplicationContext Refresh: Completed
2020-03-09 18:02:43,791 [Thread: 7       ] [DEBUG] --    GetObjectInternal: obtaining instance for name reader => canonical name reader
2020-03-09 18:02:43,975 [Thread: 7       ] [DEBUG] -- Returning cached instance of singleton object 'reader'.
2020-03-09 18:02:43,976 [Thread: 7       ] [DEBUG] -- Calling code asked for normal instance for name 'reader'.
2020-03-09 18:02:43,980 [Thread: 7       ] [DEBUG] -- GetObjectInternal: returning instance for objectname reader
2020-03-09 18:02:43,981 [Thread: 7       ] [DEBUG] -- Reader Start Connect
2020-03-09 18:02:48,411 [Thread: 11      ] [INFO ] -- Reader TCP Connect Successs!
2020-03-09 18:02:51,938 [Thread: 7       ] [DEBUG] --    GetObjectInternal: obtaining instance for name reader => canonical name reader
2020-03-09 18:02:51,939 [Thread: 7       ] [DEBUG] -- Returning cached instance of singleton object 'reader'.
2020-03-09 18:02:51,940 [Thread: 7       ] [DEBUG] -- Calling code asked for normal instance for name 'reader'.
2020-03-09 18:02:51,941 [Thread: 7       ] [DEBUG] -- GetObjectInternal: returning instance for objectname reader
2020-03-09 18:09:50,226 [Thread: 9       ] [DEBUG] -- ApplicationContext Refresh: Refreshing object factory 
2020-03-09 18:09:50,467 [Thread: 9       ] [DEBUG] -- Loading XML object definitions from file [D:\DevRepository\2DReader\MPC\MPC\bin\Debug\spring-objects.xml]
2020-03-09 18:09:50,569 [Thread: 9       ] [DEBUG] -- Using the following XmlReader implementation : System.Xml.XsdValidatingReader
2020-03-09 18:09:50,582 [Thread: 9       ] [DEBUG] -- Loading object definitions.
2020-03-09 18:09:50,584 [Thread: 9       ] [DEBUG] -- Loading object definitions...
2020-03-09 18:09:50,586 [Thread: 9       ] [DEBUG] -- Default lazy init 'false'.
2020-03-09 18:09:50,587 [Thread: 9       ] [DEBUG] -- Default dependency check 'none'.
2020-03-09 18:09:50,588 [Thread: 9       ] [DEBUG] -- Default autowire 'no'.
2020-03-09 18:09:50,590 [Thread: 9       ] [DEBUG] -- Default merge 'false'.
2020-03-09 18:09:50,591 [Thread: 9       ] [DEBUG] -- Default init method ''.
2020-03-09 18:09:50,592 [Thread: 9       ] [DEBUG] -- Default destroy method ''.
2020-03-09 18:09:50,593 [Thread: 9       ] [DEBUG] -- Default autowire candidates ''.
2020-03-09 18:09:50,594 [Thread: 9       ] [DEBUG] -- Default init method ''.
2020-03-09 18:09:50,595 [Thread: 9       ] [DEBUG] -- Default destroy method ''.
2020-03-09 18:09:50,758 [Thread: 9       ] [DEBUG] -- Registering object definition with id 'reader'.
2020-03-09 18:09:50,763 [Thread: 9       ] [DEBUG] -- Found 1 <object> elements defining objects.
2020-03-09 18:09:50,764 [Thread: 9       ] [DEBUG] -- Loaded 1 object definitions from location [spring-objects.xml]
2020-03-09 18:09:50,765 [Thread: 9       ] [DEBUG] -- Refreshed ObjectFactory for application context 'spring.root'.
2020-03-09 18:09:50,766 [Thread: 9       ] [DEBUG] -- ApplicationContext Refresh: Registering well-known processors and objects
2020-03-09 18:09:50,769 [Thread: 9       ] [DEBUG] -- ApplicationContext Refresh: Custom post processing object factory
2020-03-09 18:09:50,770 [Thread: 9       ] [DEBUG] -- ApplicationContext Refresh: Post processing object factory using pre-registered processors
2020-03-09 18:09:50,772 [Thread: 9       ] [DEBUG] -- 1 objects defined in application context [spring.root].
2020-03-09 18:09:50,773 [Thread: 9       ] [DEBUG] -- ApplicationContext Refresh: Post processing object factory using defined processors
2020-03-09 18:09:50,934 [Thread: 9       ] [DEBUG] -- processed 0 IFactoryObjectPostProcessors defined in application context [spring.root].
2020-03-09 18:09:50,936 [Thread: 9       ] [DEBUG] -- processed 0 IObjectPostProcessors defined in application context [spring.root].
2020-03-09 18:09:50,938 [Thread: 9       ] [DEBUG] -- No IEventRegistry found with name 'eventRegistry' : using default 'Spring.Objects.Events.Support.EventRegistry'.
2020-03-09 18:09:50,941 [Thread: 9       ] [DEBUG] -- No IMessageSource found with name 'messageSource' : using default 'StaticMessageSource : '.
2020-03-09 18:09:50,942 [Thread: 9       ] [DEBUG] -- ApplicationContext Refresh: Preinstantiating singletons
2020-03-09 18:09:50,943 [Thread: 9       ] [DEBUG] -- Pre-instantiating singletons in factory [Spring.Objects.Factory.Support.DefaultListableObjectFactory]
2020-03-09 18:09:50,945 [Thread: 9       ] [DEBUG] --    GetObjectInternal: obtaining instance for name reader => canonical name reader
2020-03-09 18:09:51,083 [Thread: 9       ] [DEBUG] -- Creating shared instance of singleton object 'reader'
2020-03-09 18:09:51,085 [Thread: 9       ] [DEBUG] -- Creating instance of Object 'reader' with merged definition [RootObjectDefinition : Class [MPC.LAN.ReaderTCP]; Abstract = False; Parent = ; Scope = singleton; Singleton = True; LazyInit = False; Autowire = No; Autowire-Candidate = True; Primary = False; DependencyCheck = None; InitMethodName = ; DestroyMethodName = ; FactoryMethodName = ; FactoryObjectName = ; defined in = file [D:\DevRepository\2DReader\MPC\MPC\bin\Debug\spring-objects.xml] line 24].
2020-03-09 18:09:51,087 [Thread: 9       ] [DEBUG] -- Invoking IInstantiationAwareObjectPostProcessors before the instantiation of 'reader'.
2020-03-09 18:09:51,099 [Thread: 9       ] [DEBUG] -- Eagerly caching object 'reader' to allow for resolving potential circular references
2020-03-09 18:09:51,101 [Thread: 9       ] [DEBUG] -- Configuring object using definition 'reader'
2020-03-09 18:09:51,284 [Thread: 9       ] [DEBUG] -- Invoking IObjectPostProcessors before initialization of object 'reader'
2020-03-09 18:09:51,286 [Thread: 9       ] [DEBUG] -- Invoking IObjectPostProcessors after initialization of object 'reader'
2020-03-09 18:09:51,287 [Thread: 9       ] [DEBUG] -- Cached shared instance of singleton object 'reader'
2020-03-09 18:09:51,288 [Thread: 9       ] [DEBUG] -- Calling code asked for normal instance for name 'reader'.
2020-03-09 18:09:51,290 [Thread: 9       ] [DEBUG] -- GetObjectInternal: returning instance for objectname reader
2020-03-09 18:09:51,292 [Thread: 9       ] [DEBUG] -- Publishing event in context [spring.root] : ContextRefreshedEventArgs [Refreshed]
2020-03-09 18:09:51,294 [Thread: 9       ] [INFO ] -- ApplicationContext Refresh: Completed
2020-03-09 18:09:51,295 [Thread: 9       ] [DEBUG] --    GetObjectInternal: obtaining instance for name reader => canonical name reader
2020-03-09 18:09:51,483 [Thread: 9       ] [DEBUG] -- Returning cached instance of singleton object 'reader'.
2020-03-09 18:09:51,485 [Thread: 9       ] [DEBUG] -- Calling code asked for normal instance for name 'reader'.
2020-03-09 18:09:51,487 [Thread: 9       ] [DEBUG] -- GetObjectInternal: returning instance for objectname reader
2020-03-09 18:09:51,489 [Thread: 9       ] [DEBUG] -- Reader Start Connect
2020-03-09 18:09:56,203 [Thread: 11      ] [INFO ] -- Reader TCP Connect Successs!
2020-03-09 18:10:00,172 [Thread: 9       ] [DEBUG] --    GetObjectInternal: obtaining instance for name reader => canonical name reader
2020-03-09 18:10:00,173 [Thread: 9       ] [DEBUG] -- Returning cached instance of singleton object 'reader'.
2020-03-09 18:10:00,174 [Thread: 9       ] [DEBUG] -- Calling code asked for normal instance for name 'reader'.
2020-03-09 18:10:00,175 [Thread: 9       ] [DEBUG] -- GetObjectInternal: returning instance for objectname reader
2020-03-09 18:15:29,045 [Thread: 10      ] [DEBUG] -- ApplicationContext Refresh: Refreshing object factory 
2020-03-09 18:15:30,245 [Thread: 10      ] [DEBUG] -- Loading XML object definitions from file [D:\DevRepository\2DReader\MPC\MPC\bin\Debug\spring-objects.xml]
2020-03-09 18:15:30,627 [Thread: 10      ] [DEBUG] -- Using the following XmlReader implementation : System.Xml.XsdValidatingReader
2020-03-09 18:15:30,713 [Thread: 10      ] [DEBUG] -- Loading object definitions.
2020-03-09 18:15:30,719 [Thread: 10      ] [DEBUG] -- Loading object definitions...
2020-03-09 18:15:30,726 [Thread: 10      ] [DEBUG] -- Default lazy init 'false'.
2020-03-09 18:15:30,730 [Thread: 10      ] [DEBUG] -- Default dependency check 'none'.
2020-03-09 18:15:30,733 [Thread: 10      ] [DEBUG] -- Default autowire 'no'.
2020-03-09 18:15:30,736 [Thread: 10      ] [DEBUG] -- Default merge 'false'.
2020-03-09 18:15:30,739 [Thread: 10      ] [DEBUG] -- Default init method ''.
2020-03-09 18:15:30,741 [Thread: 10      ] [DEBUG] -- Default destroy method ''.
2020-03-09 18:15:30,743 [Thread: 10      ] [DEBUG] -- Default autowire candidates ''.
2020-03-09 18:15:30,744 [Thread: 10      ] [DEBUG] -- Default init method ''.
2020-03-09 18:15:30,745 [Thread: 10      ] [DEBUG] -- Default destroy method ''.
2020-03-09 18:15:30,899 [Thread: 10      ] [DEBUG] -- Registering object definition with id 'reader'.
2020-03-09 18:15:30,909 [Thread: 10      ] [DEBUG] -- Found 1 <object> elements defining objects.
2020-03-09 18:15:30,911 [Thread: 10      ] [DEBUG] -- Loaded 1 object definitions from location [spring-objects.xml]
2020-03-09 18:15:30,913 [Thread: 10      ] [DEBUG] -- Refreshed ObjectFactory for application context 'spring.root'.
2020-03-09 18:15:30,915 [Thread: 10      ] [DEBUG] -- ApplicationContext Refresh: Registering well-known processors and objects
2020-03-09 18:15:30,919 [Thread: 10      ] [DEBUG] -- ApplicationContext Refresh: Custom post processing object factory
2020-03-09 18:15:30,921 [Thread: 10      ] [DEBUG] -- ApplicationContext Refresh: Post processing object factory using pre-registered processors
2020-03-09 18:15:30,944 [Thread: 10      ] [DEBUG] -- 1 objects defined in application context [spring.root].
2020-03-09 18:15:30,945 [Thread: 10      ] [DEBUG] -- ApplicationContext Refresh: Post processing object factory using defined processors
2020-03-09 18:15:31,366 [Thread: 10      ] [DEBUG] -- processed 0 IFactoryObjectPostProcessors defined in application context [spring.root].
2020-03-09 18:15:31,373 [Thread: 10      ] [DEBUG] -- processed 0 IObjectPostProcessors defined in application context [spring.root].
2020-03-09 18:15:31,380 [Thread: 10      ] [DEBUG] -- No IEventRegistry found with name 'eventRegistry' : using default 'Spring.Objects.Events.Support.EventRegistry'.
2020-03-09 18:15:31,388 [Thread: 10      ] [DEBUG] -- No IMessageSource found with name 'messageSource' : using default 'StaticMessageSource : '.
2020-03-09 18:15:31,394 [Thread: 10      ] [DEBUG] -- ApplicationContext Refresh: Preinstantiating singletons
2020-03-09 18:15:31,398 [Thread: 10      ] [DEBUG] -- Pre-instantiating singletons in factory [Spring.Objects.Factory.Support.DefaultListableObjectFactory]
2020-03-09 18:15:31,402 [Thread: 10      ] [DEBUG] --    GetObjectInternal: obtaining instance for name reader => canonical name reader
2020-03-09 18:15:31,406 [Thread: 10      ] [DEBUG] -- Creating shared instance of singleton object 'reader'
2020-03-09 18:15:31,450 [Thread: 10      ] [DEBUG] -- Creating instance of Object 'reader' with merged definition [RootObjectDefinition : Class [MPC.LAN.ReaderTCP]; Abstract = False; Parent = ; Scope = singleton; Singleton = True; LazyInit = False; Autowire = No; Autowire-Candidate = True; Primary = False; DependencyCheck = None; InitMethodName = ; DestroyMethodName = ; FactoryMethodName = ; FactoryObjectName = ; defined in = file [D:\DevRepository\2DReader\MPC\MPC\bin\Debug\spring-objects.xml] line 24].
2020-03-09 18:15:31,452 [Thread: 10      ] [DEBUG] -- Invoking IInstantiationAwareObjectPostProcessors before the instantiation of 'reader'.
2020-03-09 18:15:31,485 [Thread: 10      ] [DEBUG] -- Eagerly caching object 'reader' to allow for resolving potential circular references
2020-03-09 18:15:31,486 [Thread: 10      ] [DEBUG] -- Configuring object using definition 'reader'
2020-03-09 18:15:31,489 [Thread: 10      ] [DEBUG] -- Invoking IObjectPostProcessors before initialization of object 'reader'
2020-03-09 18:15:31,650 [Thread: 10      ] [DEBUG] -- Invoking IObjectPostProcessors after initialization of object 'reader'
2020-03-09 18:15:31,652 [Thread: 10      ] [DEBUG] -- Cached shared instance of singleton object 'reader'
2020-03-09 18:15:31,653 [Thread: 10      ] [DEBUG] -- Calling code asked for normal instance for name 'reader'.
2020-03-09 18:15:31,656 [Thread: 10      ] [DEBUG] -- GetObjectInternal: returning instance for objectname reader
2020-03-09 18:15:31,657 [Thread: 10      ] [DEBUG] -- Publishing event in context [spring.root] : ContextRefreshedEventArgs [Refreshed]
2020-03-09 18:15:31,659 [Thread: 10      ] [INFO ] -- ApplicationContext Refresh: Completed
2020-03-09 18:15:31,660 [Thread: 10      ] [DEBUG] --    GetObjectInternal: obtaining instance for name reader => canonical name reader
2020-03-09 18:15:31,661 [Thread: 10      ] [DEBUG] -- Returning cached instance of singleton object 'reader'.
2020-03-09 18:15:31,849 [Thread: 10      ] [DEBUG] -- Calling code asked for normal instance for name 'reader'.
2020-03-09 18:15:31,850 [Thread: 10      ] [DEBUG] -- GetObjectInternal: returning instance for objectname reader
2020-03-09 18:15:31,852 [Thread: 10      ] [DEBUG] -- Reader Start Connect
2020-03-09 18:15:34,938 [Thread: 12      ] [INFO ] -- Reader TCP Connect Successs!
2020-03-09 18:15:46,784 [Thread: 10      ] [DEBUG] --    GetObjectInternal: obtaining instance for name reader => canonical name reader
2020-03-09 18:15:46,786 [Thread: 10      ] [DEBUG] -- Returning cached instance of singleton object 'reader'.
2020-03-09 18:15:46,787 [Thread: 10      ] [DEBUG] -- Calling code asked for normal instance for name 'reader'.
2020-03-09 18:15:46,788 [Thread: 10      ] [DEBUG] -- GetObjectInternal: returning instance for objectname reader
