2020-03-18 17:11:37,731 [Thread: 9       ] [DEBUG] -- ApplicationContext Refresh: Refreshing object factory 
2020-03-18 17:11:38,192 [Thread: 9       ] [DEBUG] -- Loading XML object definitions from file [D:\DevRepository\2DReader\MPC\MPC\bin\Debug\spring-objects.xml]
2020-03-18 17:11:38,673 [Thread: 9       ] [DEBUG] -- Using the following XmlReader implementation : System.Xml.XsdValidatingReader
2020-03-18 17:11:38,775 [Thread: 9       ] [DEBUG] -- Loading object definitions.
2020-03-18 17:11:38,804 [Thread: 9       ] [DEBUG] -- Loading object definitions...
2020-03-18 17:11:38,838 [Thread: 9       ] [DEBUG] -- Default lazy init 'false'.
2020-03-18 17:11:38,841 [Thread: 9       ] [DEBUG] -- Default dependency check 'none'.
2020-03-18 17:11:38,844 [Thread: 9       ] [DEBUG] -- Default autowire 'no'.
2020-03-18 17:11:38,847 [Thread: 9       ] [DEBUG] -- Default merge 'false'.
2020-03-18 17:11:38,850 [Thread: 9       ] [DEBUG] -- Default init method ''.
2020-03-18 17:11:38,853 [Thread: 9       ] [DEBUG] -- Default destroy method ''.
2020-03-18 17:11:38,856 [Thread: 9       ] [DEBUG] -- Default autowire candidates ''.
2020-03-18 17:11:38,859 [Thread: 9       ] [DEBUG] -- Default init method ''.
2020-03-18 17:11:38,861 [Thread: 9       ] [DEBUG] -- Default destroy method ''.
2020-03-18 17:11:39,021 [Thread: 9       ] [DEBUG] -- Registering object definition with id 'reader'.
2020-03-18 17:11:39,025 [Thread: 9       ] [DEBUG] -- Found 1 <object> elements defining objects.
2020-03-18 17:11:39,027 [Thread: 9       ] [DEBUG] -- Loaded 1 object definitions from location [spring-objects.xml]
2020-03-18 17:11:39,030 [Thread: 9       ] [DEBUG] -- Refreshed ObjectFactory for application context 'spring.root'.
2020-03-18 17:11:39,032 [Thread: 9       ] [DEBUG] -- ApplicationContext Refresh: Registering well-known processors and objects
2020-03-18 17:11:39,035 [Thread: 9       ] [DEBUG] -- ApplicationContext Refresh: Custom post processing object factory
2020-03-18 17:11:39,037 [Thread: 9       ] [DEBUG] -- ApplicationContext Refresh: Post processing object factory using pre-registered processors
2020-03-18 17:11:39,039 [Thread: 9       ] [DEBUG] -- 1 objects defined in application context [spring.root].
2020-03-18 17:11:39,040 [Thread: 9       ] [DEBUG] -- ApplicationContext Refresh: Post processing object factory using defined processors
2020-03-18 17:11:39,208 [Thread: 9       ] [DEBUG] -- processed 0 IFactoryObjectPostProcessors defined in application context [spring.root].
2020-03-18 17:11:39,243 [Thread: 9       ] [DEBUG] -- processed 0 IObjectPostProcessors defined in application context [spring.root].
2020-03-18 17:11:39,282 [Thread: 9       ] [DEBUG] -- No IEventRegistry found with name 'eventRegistry' : using default 'Spring.Objects.Events.Support.EventRegistry'.
2020-03-18 17:11:39,299 [Thread: 9       ] [DEBUG] -- No IMessageSource found with name 'messageSource' : using default 'StaticMessageSource : '.
2020-03-18 17:11:39,340 [Thread: 9       ] [DEBUG] -- ApplicationContext Refresh: Preinstantiating singletons
2020-03-18 17:11:39,344 [Thread: 9       ] [DEBUG] -- Pre-instantiating singletons in factory [Spring.Objects.Factory.Support.DefaultListableObjectFactory]
2020-03-18 17:11:39,385 [Thread: 9       ] [DEBUG] --    GetObjectInternal: obtaining instance for name reader => canonical name reader
2020-03-18 17:11:39,416 [Thread: 9       ] [DEBUG] -- Creating shared instance of singleton object 'reader'
2020-03-18 17:11:39,423 [Thread: 9       ] [DEBUG] -- Creating instance of Object 'reader' with merged definition [RootObjectDefinition : Class [MPC.LAN.ReaderTCP]; Abstract = False; Parent = ; Scope = singleton; Singleton = True; LazyInit = False; Autowire = No; Autowire-Candidate = True; Primary = False; DependencyCheck = None; InitMethodName = ; DestroyMethodName = ; FactoryMethodName = ; FactoryObjectName = ; defined in = file [D:\DevRepository\2DReader\MPC\MPC\bin\Debug\spring-objects.xml] line 24].
2020-03-18 17:11:39,521 [Thread: 9       ] [DEBUG] -- Invoking IInstantiationAwareObjectPostProcessors before the instantiation of 'reader'.
2020-03-18 17:11:39,552 [Thread: 9       ] [DEBUG] -- Eagerly caching object 'reader' to allow for resolving potential circular references
2020-03-18 17:11:39,556 [Thread: 9       ] [DEBUG] -- Configuring object using definition 'reader'
2020-03-18 17:11:39,564 [Thread: 9       ] [DEBUG] -- Invoking IObjectPostProcessors before initialization of object 'reader'
2020-03-18 17:11:39,569 [Thread: 9       ] [DEBUG] -- Invoking IObjectPostProcessors after initialization of object 'reader'
2020-03-18 17:11:39,590 [Thread: 9       ] [DEBUG] -- Cached shared instance of singleton object 'reader'
2020-03-18 17:11:39,594 [Thread: 9       ] [DEBUG] -- Calling code asked for normal instance for name 'reader'.
2020-03-18 17:11:39,600 [Thread: 9       ] [DEBUG] -- GetObjectInternal: returning instance for objectname reader
2020-03-18 17:11:39,688 [Thread: 9       ] [DEBUG] -- Publishing event in context [spring.root] : ContextRefreshedEventArgs [Refreshed]
2020-03-18 17:11:39,693 [Thread: 9       ] [INFO ] -- ApplicationContext Refresh: Completed
2020-03-18 17:11:39,695 [Thread: 9       ] [DEBUG] --    GetObjectInternal: obtaining instance for name reader => canonical name reader
2020-03-18 17:11:39,697 [Thread: 9       ] [DEBUG] -- Returning cached instance of singleton object 'reader'.
2020-03-18 17:11:39,699 [Thread: 9       ] [DEBUG] -- Calling code asked for normal instance for name 'reader'.
2020-03-18 17:11:39,701 [Thread: 9       ] [DEBUG] -- GetObjectInternal: returning instance for objectname reader
2020-03-18 17:11:39,704 [Thread: 9       ] [DEBUG] -- Reader Start Connect
2020-03-18 17:11:39,805 [Thread: 9       ] [INFO ] -- Reader TCP Connect Successs!
2020-03-18 17:14:55,651 [Thread: 8       ] [DEBUG] -- ApplicationContext Refresh: Refreshing object factory 
2020-03-18 17:14:55,697 [Thread: 8       ] [DEBUG] -- Loading XML object definitions from file [D:\DevRepository\2DReader\MPC\MPC\bin\Debug\spring-objects.xml]
2020-03-18 17:14:55,717 [Thread: 8       ] [DEBUG] -- Using the following XmlReader implementation : System.Xml.XsdValidatingReader
2020-03-18 17:14:55,720 [Thread: 8       ] [DEBUG] -- Loading object definitions.
2020-03-18 17:14:55,722 [Thread: 8       ] [DEBUG] -- Loading object definitions...
2020-03-18 17:14:55,723 [Thread: 8       ] [DEBUG] -- Default lazy init 'false'.
2020-03-18 17:14:55,724 [Thread: 8       ] [DEBUG] -- Default dependency check 'none'.
2020-03-18 17:14:55,725 [Thread: 8       ] [DEBUG] -- Default autowire 'no'.
2020-03-18 17:14:55,726 [Thread: 8       ] [DEBUG] -- Default merge 'false'.
2020-03-18 17:14:55,727 [Thread: 8       ] [DEBUG] -- Default init method ''.
2020-03-18 17:14:55,728 [Thread: 8       ] [DEBUG] -- Default destroy method ''.
2020-03-18 17:14:55,729 [Thread: 8       ] [DEBUG] -- Default autowire candidates ''.
2020-03-18 17:14:55,867 [Thread: 8       ] [DEBUG] -- Default init method ''.
2020-03-18 17:14:55,868 [Thread: 8       ] [DEBUG] -- Default destroy method ''.
2020-03-18 17:14:55,880 [Thread: 8       ] [DEBUG] -- Registering object definition with id 'reader'.
2020-03-18 17:14:55,883 [Thread: 8       ] [DEBUG] -- Found 1 <object> elements defining objects.
2020-03-18 17:14:55,884 [Thread: 8       ] [DEBUG] -- Loaded 1 object definitions from location [spring-objects.xml]
2020-03-18 17:14:55,885 [Thread: 8       ] [DEBUG] -- Refreshed ObjectFactory for application context 'spring.root'.
2020-03-18 17:14:55,886 [Thread: 8       ] [DEBUG] -- ApplicationContext Refresh: Registering well-known processors and objects
2020-03-18 17:14:55,888 [Thread: 8       ] [DEBUG] -- ApplicationContext Refresh: Custom post processing object factory
2020-03-18 17:14:55,889 [Thread: 8       ] [DEBUG] -- ApplicationContext Refresh: Post processing object factory using pre-registered processors
2020-03-18 17:14:56,067 [Thread: 8       ] [DEBUG] -- 1 objects defined in application context [spring.root].
2020-03-18 17:14:56,068 [Thread: 8       ] [DEBUG] -- ApplicationContext Refresh: Post processing object factory using defined processors
2020-03-18 17:14:56,078 [Thread: 8       ] [DEBUG] -- processed 0 IFactoryObjectPostProcessors defined in application context [spring.root].
2020-03-18 17:14:56,080 [Thread: 8       ] [DEBUG] -- processed 0 IObjectPostProcessors defined in application context [spring.root].
2020-03-18 17:14:56,081 [Thread: 8       ] [DEBUG] -- No IEventRegistry found with name 'eventRegistry' : using default 'Spring.Objects.Events.Support.EventRegistry'.
2020-03-18 17:14:56,084 [Thread: 8       ] [DEBUG] -- No IMessageSource found with name 'messageSource' : using default 'StaticMessageSource : '.
2020-03-18 17:14:56,086 [Thread: 8       ] [DEBUG] -- ApplicationContext Refresh: Preinstantiating singletons
2020-03-18 17:14:56,087 [Thread: 8       ] [DEBUG] -- Pre-instantiating singletons in factory [Spring.Objects.Factory.Support.DefaultListableObjectFactory]
2020-03-18 17:14:56,268 [Thread: 8       ] [DEBUG] --    GetObjectInternal: obtaining instance for name reader => canonical name reader
2020-03-18 17:14:56,270 [Thread: 8       ] [DEBUG] -- Creating shared instance of singleton object 'reader'
2020-03-18 17:14:56,272 [Thread: 8       ] [DEBUG] -- Creating instance of Object 'reader' with merged definition [RootObjectDefinition : Class [MPC.LAN.ReaderTCP]; Abstract = False; Parent = ; Scope = singleton; Singleton = True; LazyInit = False; Autowire = No; Autowire-Candidate = True; Primary = False; DependencyCheck = None; InitMethodName = ; DestroyMethodName = ; FactoryMethodName = ; FactoryObjectName = ; defined in = file [D:\DevRepository\2DReader\MPC\MPC\bin\Debug\spring-objects.xml] line 24].
2020-03-18 17:14:56,273 [Thread: 8       ] [DEBUG] -- Invoking IInstantiationAwareObjectPostProcessors before the instantiation of 'reader'.
2020-03-18 17:14:56,277 [Thread: 8       ] [DEBUG] -- Eagerly caching object 'reader' to allow for resolving potential circular references
2020-03-18 17:14:56,467 [Thread: 8       ] [DEBUG] -- Configuring object using definition 'reader'
2020-03-18 17:14:56,470 [Thread: 8       ] [DEBUG] -- Invoking IObjectPostProcessors before initialization of object 'reader'
2020-03-18 17:14:56,472 [Thread: 8       ] [DEBUG] -- Invoking IObjectPostProcessors after initialization of object 'reader'
2020-03-18 17:14:56,473 [Thread: 8       ] [DEBUG] -- Cached shared instance of singleton object 'reader'
2020-03-18 17:14:56,475 [Thread: 8       ] [DEBUG] -- Calling code asked for normal instance for name 'reader'.
2020-03-18 17:14:56,477 [Thread: 8       ] [DEBUG] -- GetObjectInternal: returning instance for objectname reader
2020-03-18 17:14:56,478 [Thread: 8       ] [DEBUG] -- Publishing event in context [spring.root] : ContextRefreshedEventArgs [Refreshed]
2020-03-18 17:14:56,480 [Thread: 8       ] [INFO ] -- ApplicationContext Refresh: Completed
2020-03-18 17:14:56,667 [Thread: 8       ] [DEBUG] --    GetObjectInternal: obtaining instance for name reader => canonical name reader
2020-03-18 17:14:56,668 [Thread: 8       ] [DEBUG] -- Returning cached instance of singleton object 'reader'.
2020-03-18 17:14:56,669 [Thread: 8       ] [DEBUG] -- Calling code asked for normal instance for name 'reader'.
2020-03-18 17:14:56,670 [Thread: 8       ] [DEBUG] -- GetObjectInternal: returning instance for objectname reader
2020-03-18 17:14:56,671 [Thread: 8       ] [DEBUG] -- Reader Start Connect
2020-03-18 17:14:56,673 [Thread: 8       ] [INFO ] -- Reader TCP Connect Successs!
2020-03-18 17:15:22,059 [Thread: 10      ] [DEBUG] -- ApplicationContext Refresh: Refreshing object factory 
2020-03-18 17:15:22,108 [Thread: 10      ] [DEBUG] -- Loading XML object definitions from file [D:\DevRepository\2DReader\MPC\MPC\bin\Debug\spring-objects.xml]
2020-03-18 17:15:22,125 [Thread: 10      ] [DEBUG] -- Using the following XmlReader implementation : System.Xml.XsdValidatingReader
2020-03-18 17:15:22,128 [Thread: 10      ] [DEBUG] -- Loading object definitions.
2020-03-18 17:15:22,130 [Thread: 10      ] [DEBUG] -- Loading object definitions...
2020-03-18 17:15:22,131 [Thread: 10      ] [DEBUG] -- Default lazy init 'false'.
2020-03-18 17:15:22,132 [Thread: 10      ] [DEBUG] -- Default dependency check 'none'.
2020-03-18 17:15:22,133 [Thread: 10      ] [DEBUG] -- Default autowire 'no'.
2020-03-18 17:15:22,134 [Thread: 10      ] [DEBUG] -- Default merge 'false'.
2020-03-18 17:15:22,135 [Thread: 10      ] [DEBUG] -- Default init method ''.
2020-03-18 17:15:22,136 [Thread: 10      ] [DEBUG] -- Default destroy method ''.
2020-03-18 17:15:22,137 [Thread: 10      ] [DEBUG] -- Default autowire candidates ''.
2020-03-18 17:15:22,283 [Thread: 10      ] [DEBUG] -- Default init method ''.
2020-03-18 17:15:22,284 [Thread: 10      ] [DEBUG] -- Default destroy method ''.
2020-03-18 17:15:22,296 [Thread: 10      ] [DEBUG] -- Registering object definition with id 'reader'.
2020-03-18 17:15:22,299 [Thread: 10      ] [DEBUG] -- Found 1 <object> elements defining objects.
2020-03-18 17:15:22,300 [Thread: 10      ] [DEBUG] -- Loaded 1 object definitions from location [spring-objects.xml]
2020-03-18 17:15:22,301 [Thread: 10      ] [DEBUG] -- Refreshed ObjectFactory for application context 'spring.root'.
2020-03-18 17:15:22,301 [Thread: 10      ] [DEBUG] -- ApplicationContext Refresh: Registering well-known processors and objects
2020-03-18 17:15:22,303 [Thread: 10      ] [DEBUG] -- ApplicationContext Refresh: Custom post processing object factory
2020-03-18 17:15:22,304 [Thread: 10      ] [DEBUG] -- ApplicationContext Refresh: Post processing object factory using pre-registered processors
2020-03-18 17:15:22,483 [Thread: 10      ] [DEBUG] -- 1 objects defined in application context [spring.root].
2020-03-18 17:15:22,484 [Thread: 10      ] [DEBUG] -- ApplicationContext Refresh: Post processing object factory using defined processors
2020-03-18 17:15:22,494 [Thread: 10      ] [DEBUG] -- processed 0 IFactoryObjectPostProcessors defined in application context [spring.root].
2020-03-18 17:15:22,496 [Thread: 10      ] [DEBUG] -- processed 0 IObjectPostProcessors defined in application context [spring.root].
2020-03-18 17:15:22,497 [Thread: 10      ] [DEBUG] -- No IEventRegistry found with name 'eventRegistry' : using default 'Spring.Objects.Events.Support.EventRegistry'.
2020-03-18 17:15:22,500 [Thread: 10      ] [DEBUG] -- No IMessageSource found with name 'messageSource' : using default 'StaticMessageSource : '.
2020-03-18 17:15:22,501 [Thread: 10      ] [DEBUG] -- ApplicationContext Refresh: Preinstantiating singletons
2020-03-18 17:15:22,502 [Thread: 10      ] [DEBUG] -- Pre-instantiating singletons in factory [Spring.Objects.Factory.Support.DefaultListableObjectFactory]
2020-03-18 17:15:22,684 [Thread: 10      ] [DEBUG] --    GetObjectInternal: obtaining instance for name reader => canonical name reader
2020-03-18 17:15:22,686 [Thread: 10      ] [DEBUG] -- Creating shared instance of singleton object 'reader'
2020-03-18 17:15:22,688 [Thread: 10      ] [DEBUG] -- Creating instance of Object 'reader' with merged definition [RootObjectDefinition : Class [MPC.LAN.ReaderTCP]; Abstract = False; Parent = ; Scope = singleton; Singleton = True; LazyInit = False; Autowire = No; Autowire-Candidate = True; Primary = False; DependencyCheck = None; InitMethodName = ; DestroyMethodName = ; FactoryMethodName = ; FactoryObjectName = ; defined in = file [D:\DevRepository\2DReader\MPC\MPC\bin\Debug\spring-objects.xml] line 24].
2020-03-18 17:15:22,689 [Thread: 10      ] [DEBUG] -- Invoking IInstantiationAwareObjectPostProcessors before the instantiation of 'reader'.
2020-03-18 17:15:22,692 [Thread: 10      ] [DEBUG] -- Eagerly caching object 'reader' to allow for resolving potential circular references
2020-03-18 17:15:22,883 [Thread: 10      ] [DEBUG] -- Configuring object using definition 'reader'
2020-03-18 17:15:22,886 [Thread: 10      ] [DEBUG] -- Invoking IObjectPostProcessors before initialization of object 'reader'
2020-03-18 17:15:22,888 [Thread: 10      ] [DEBUG] -- Invoking IObjectPostProcessors after initialization of object 'reader'
2020-03-18 17:15:22,889 [Thread: 10      ] [DEBUG] -- Cached shared instance of singleton object 'reader'
2020-03-18 17:15:22,890 [Thread: 10      ] [DEBUG] -- Calling code asked for normal instance for name 'reader'.
2020-03-18 17:15:22,892 [Thread: 10      ] [DEBUG] -- GetObjectInternal: returning instance for objectname reader
2020-03-18 17:15:22,894 [Thread: 10      ] [DEBUG] -- Publishing event in context [spring.root] : ContextRefreshedEventArgs [Refreshed]
2020-03-18 17:15:22,895 [Thread: 10      ] [INFO ] -- ApplicationContext Refresh: Completed
2020-03-18 17:15:23,083 [Thread: 10      ] [DEBUG] --    GetObjectInternal: obtaining instance for name reader => canonical name reader
2020-03-18 17:15:23,084 [Thread: 10      ] [DEBUG] -- Returning cached instance of singleton object 'reader'.
2020-03-18 17:15:23,085 [Thread: 10      ] [DEBUG] -- Calling code asked for normal instance for name 'reader'.
2020-03-18 17:15:23,086 [Thread: 10      ] [DEBUG] -- GetObjectInternal: returning instance for objectname reader
2020-03-18 17:15:23,086 [Thread: 10      ] [DEBUG] -- Reader Start Connect
2020-03-18 17:15:23,088 [Thread: 10      ] [INFO ] -- Reader TCP Connect Successs!
2020-03-18 17:29:52,066 [Thread: 9       ] [DEBUG] -- ApplicationContext Refresh: Refreshing object factory 
2020-03-18 17:29:52,109 [Thread: 9       ] [DEBUG] -- Loading XML object definitions from file [D:\DevRepository\2DReader\MPC\MPC\bin\Debug\spring-objects.xml]
2020-03-18 17:29:52,122 [Thread: 9       ] [DEBUG] -- Using the following XmlReader implementation : System.Xml.XsdValidatingReader
2020-03-18 17:29:52,125 [Thread: 9       ] [DEBUG] -- Loading object definitions.
2020-03-18 17:29:52,126 [Thread: 9       ] [DEBUG] -- Loading object definitions...
2020-03-18 17:29:52,128 [Thread: 9       ] [DEBUG] -- Default lazy init 'false'.
2020-03-18 17:29:52,129 [Thread: 9       ] [DEBUG] -- Default dependency check 'none'.
2020-03-18 17:29:52,130 [Thread: 9       ] [DEBUG] -- Default autowire 'no'.
2020-03-18 17:29:52,130 [Thread: 9       ] [DEBUG] -- Default merge 'false'.
2020-03-18 17:29:52,131 [Thread: 9       ] [DEBUG] -- Default init method ''.
2020-03-18 17:29:52,132 [Thread: 9       ] [DEBUG] -- Default destroy method ''.
2020-03-18 17:29:52,133 [Thread: 9       ] [DEBUG] -- Default autowire candidates ''.
2020-03-18 17:29:52,294 [Thread: 9       ] [DEBUG] -- Default init method ''.
2020-03-18 17:29:52,295 [Thread: 9       ] [DEBUG] -- Default destroy method ''.
2020-03-18 17:29:52,307 [Thread: 9       ] [DEBUG] -- Registering object definition with id 'reader'.
2020-03-18 17:29:52,310 [Thread: 9       ] [DEBUG] -- Found 1 <object> elements defining objects.
2020-03-18 17:29:52,311 [Thread: 9       ] [DEBUG] -- Loaded 1 object definitions from location [spring-objects.xml]
2020-03-18 17:29:52,312 [Thread: 9       ] [DEBUG] -- Refreshed ObjectFactory for application context 'spring.root'.
2020-03-18 17:29:52,313 [Thread: 9       ] [DEBUG] -- ApplicationContext Refresh: Registering well-known processors and objects
2020-03-18 17:29:52,314 [Thread: 9       ] [DEBUG] -- ApplicationContext Refresh: Custom post processing object factory
2020-03-18 17:29:52,315 [Thread: 9       ] [DEBUG] -- ApplicationContext Refresh: Post processing object factory using pre-registered processors
2020-03-18 17:29:52,494 [Thread: 9       ] [DEBUG] -- 1 objects defined in application context [spring.root].
2020-03-18 17:29:52,495 [Thread: 9       ] [DEBUG] -- ApplicationContext Refresh: Post processing object factory using defined processors
2020-03-18 17:29:52,505 [Thread: 9       ] [DEBUG] -- processed 0 IFactoryObjectPostProcessors defined in application context [spring.root].
2020-03-18 17:29:52,507 [Thread: 9       ] [DEBUG] -- processed 0 IObjectPostProcessors defined in application context [spring.root].
2020-03-18 17:29:52,508 [Thread: 9       ] [DEBUG] -- No IEventRegistry found with name 'eventRegistry' : using default 'Spring.Objects.Events.Support.EventRegistry'.
2020-03-18 17:29:52,511 [Thread: 9       ] [DEBUG] -- No IMessageSource found with name 'messageSource' : using default 'StaticMessageSource : '.
2020-03-18 17:29:52,513 [Thread: 9       ] [DEBUG] -- ApplicationContext Refresh: Preinstantiating singletons
2020-03-18 17:29:52,514 [Thread: 9       ] [DEBUG] -- Pre-instantiating singletons in factory [Spring.Objects.Factory.Support.DefaultListableObjectFactory]
2020-03-18 17:29:52,695 [Thread: 9       ] [DEBUG] --    GetObjectInternal: obtaining instance for name reader => canonical name reader
2020-03-18 17:29:52,697 [Thread: 9       ] [DEBUG] -- Creating shared instance of singleton object 'reader'
2020-03-18 17:29:52,699 [Thread: 9       ] [DEBUG] -- Creating instance of Object 'reader' with merged definition [RootObjectDefinition : Class [MPC.LAN.ReaderTCP]; Abstract = False; Parent = ; Scope = singleton; Singleton = True; LazyInit = False; Autowire = No; Autowire-Candidate = True; Primary = False; DependencyCheck = None; InitMethodName = ; DestroyMethodName = ; FactoryMethodName = ; FactoryObjectName = ; defined in = file [D:\DevRepository\2DReader\MPC\MPC\bin\Debug\spring-objects.xml] line 24].
2020-03-18 17:29:52,701 [Thread: 9       ] [DEBUG] -- Invoking IInstantiationAwareObjectPostProcessors before the instantiation of 'reader'.
2020-03-18 17:29:52,704 [Thread: 9       ] [DEBUG] -- Eagerly caching object 'reader' to allow for resolving potential circular references
2020-03-18 17:29:52,894 [Thread: 9       ] [DEBUG] -- Configuring object using definition 'reader'
2020-03-18 17:29:52,897 [Thread: 9       ] [DEBUG] -- Invoking IObjectPostProcessors before initialization of object 'reader'
2020-03-18 17:29:52,899 [Thread: 9       ] [DEBUG] -- Invoking IObjectPostProcessors after initialization of object 'reader'
2020-03-18 17:29:52,900 [Thread: 9       ] [DEBUG] -- Cached shared instance of singleton object 'reader'
2020-03-18 17:29:52,901 [Thread: 9       ] [DEBUG] -- Calling code asked for normal instance for name 'reader'.
2020-03-18 17:29:52,903 [Thread: 9       ] [DEBUG] -- GetObjectInternal: returning instance for objectname reader
2020-03-18 17:29:52,905 [Thread: 9       ] [DEBUG] -- Publishing event in context [spring.root] : ContextRefreshedEventArgs [Refreshed]
2020-03-18 17:29:52,906 [Thread: 9       ] [INFO ] -- ApplicationContext Refresh: Completed
2020-03-18 17:29:53,094 [Thread: 9       ] [DEBUG] --    GetObjectInternal: obtaining instance for name reader => canonical name reader
2020-03-18 17:29:53,095 [Thread: 9       ] [DEBUG] -- Returning cached instance of singleton object 'reader'.
2020-03-18 17:29:53,096 [Thread: 9       ] [DEBUG] -- Calling code asked for normal instance for name 'reader'.
2020-03-18 17:29:53,097 [Thread: 9       ] [DEBUG] -- GetObjectInternal: returning instance for objectname reader
2020-03-18 17:29:53,098 [Thread: 9       ] [DEBUG] -- Reader Start Connect
2020-03-18 17:29:53,100 [Thread: 9       ] [INFO ] -- Reader TCP Connect Successs!
2020-03-18 17:41:20,051 [Thread: 9       ] [DEBUG] -- ApplicationContext Refresh: Refreshing object factory 
2020-03-18 17:41:20,095 [Thread: 9       ] [DEBUG] -- Loading XML object definitions from file [D:\DevRepository\2DReader\MPC\MPC\bin\Debug\spring-objects.xml]
2020-03-18 17:41:20,107 [Thread: 9       ] [DEBUG] -- Using the following XmlReader implementation : System.Xml.XsdValidatingReader
2020-03-18 17:41:20,110 [Thread: 9       ] [DEBUG] -- Loading object definitions.
2020-03-18 17:41:20,112 [Thread: 9       ] [DEBUG] -- Loading object definitions...
2020-03-18 17:41:20,113 [Thread: 9       ] [DEBUG] -- Default lazy init 'false'.
2020-03-18 17:41:20,114 [Thread: 9       ] [DEBUG] -- Default dependency check 'none'.
2020-03-18 17:41:20,115 [Thread: 9       ] [DEBUG] -- Default autowire 'no'.
2020-03-18 17:41:20,116 [Thread: 9       ] [DEBUG] -- Default merge 'false'.
2020-03-18 17:41:20,117 [Thread: 9       ] [DEBUG] -- Default init method ''.
2020-03-18 17:41:20,118 [Thread: 9       ] [DEBUG] -- Default destroy method ''.
2020-03-18 17:41:20,119 [Thread: 9       ] [DEBUG] -- Default autowire candidates ''.
2020-03-18 17:41:20,260 [Thread: 9       ] [DEBUG] -- Default init method ''.
2020-03-18 17:41:20,261 [Thread: 9       ] [DEBUG] -- Default destroy method ''.
2020-03-18 17:41:20,274 [Thread: 9       ] [DEBUG] -- Registering object definition with id 'reader'.
2020-03-18 17:41:20,276 [Thread: 9       ] [DEBUG] -- Found 1 <object> elements defining objects.
2020-03-18 17:41:20,277 [Thread: 9       ] [DEBUG] -- Loaded 1 object definitions from location [spring-objects.xml]
2020-03-18 17:41:20,278 [Thread: 9       ] [DEBUG] -- Refreshed ObjectFactory for application context 'spring.root'.
2020-03-18 17:41:20,279 [Thread: 9       ] [DEBUG] -- ApplicationContext Refresh: Registering well-known processors and objects
2020-03-18 17:41:20,281 [Thread: 9       ] [DEBUG] -- ApplicationContext Refresh: Custom post processing object factory
2020-03-18 17:41:20,281 [Thread: 9       ] [DEBUG] -- ApplicationContext Refresh: Post processing object factory using pre-registered processors
2020-03-18 17:41:20,460 [Thread: 9       ] [DEBUG] -- 1 objects defined in application context [spring.root].
2020-03-18 17:41:20,461 [Thread: 9       ] [DEBUG] -- ApplicationContext Refresh: Post processing object factory using defined processors
2020-03-18 17:41:20,470 [Thread: 9       ] [DEBUG] -- processed 0 IFactoryObjectPostProcessors defined in application context [spring.root].
2020-03-18 17:41:20,472 [Thread: 9       ] [DEBUG] -- processed 0 IObjectPostProcessors defined in application context [spring.root].
2020-03-18 17:41:20,474 [Thread: 9       ] [DEBUG] -- No IEventRegistry found with name 'eventRegistry' : using default 'Spring.Objects.Events.Support.EventRegistry'.
2020-03-18 17:41:20,476 [Thread: 9       ] [DEBUG] -- No IMessageSource found with name 'messageSource' : using default 'StaticMessageSource : '.
2020-03-18 17:41:20,478 [Thread: 9       ] [DEBUG] -- ApplicationContext Refresh: Preinstantiating singletons
2020-03-18 17:41:20,479 [Thread: 9       ] [DEBUG] -- Pre-instantiating singletons in factory [Spring.Objects.Factory.Support.DefaultListableObjectFactory]
2020-03-18 17:41:20,661 [Thread: 9       ] [DEBUG] --    GetObjectInternal: obtaining instance for name reader => canonical name reader
2020-03-18 17:41:20,667 [Thread: 9       ] [DEBUG] -- Creating shared instance of singleton object 'reader'
2020-03-18 17:41:20,669 [Thread: 9       ] [DEBUG] -- Creating instance of Object 'reader' with merged definition [RootObjectDefinition : Class [TCPSrv.Reader.VCReaderTCP]; Abstract = False; Parent = ; Scope = singleton; Singleton = True; LazyInit = False; Autowire = No; Autowire-Candidate = True; Primary = False; DependencyCheck = None; InitMethodName = ; DestroyMethodName = ; FactoryMethodName = ; FactoryObjectName = ; defined in = file [D:\DevRepository\2DReader\MPC\MPC\bin\Debug\spring-objects.xml] line 26].
2020-03-18 17:41:20,670 [Thread: 9       ] [DEBUG] -- Invoking IInstantiationAwareObjectPostProcessors before the instantiation of 'reader'.
2020-03-18 17:41:20,673 [Thread: 9       ] [DEBUG] -- Eagerly caching object 'reader' to allow for resolving potential circular references
2020-03-18 17:41:20,860 [Thread: 9       ] [DEBUG] -- Configuring object using definition 'reader'
2020-03-18 17:41:20,863 [Thread: 9       ] [DEBUG] -- Invoking IObjectPostProcessors before initialization of object 'reader'
2020-03-18 17:41:20,865 [Thread: 9       ] [DEBUG] -- Invoking IObjectPostProcessors after initialization of object 'reader'
2020-03-18 17:41:20,866 [Thread: 9       ] [DEBUG] -- Cached shared instance of singleton object 'reader'
2020-03-18 17:41:20,867 [Thread: 9       ] [DEBUG] -- Calling code asked for normal instance for name 'reader'.
2020-03-18 17:41:20,869 [Thread: 9       ] [DEBUG] -- GetObjectInternal: returning instance for objectname reader
2020-03-18 17:41:20,870 [Thread: 9       ] [DEBUG] -- Publishing event in context [spring.root] : ContextRefreshedEventArgs [Refreshed]
2020-03-18 17:41:20,872 [Thread: 9       ] [INFO ] -- ApplicationContext Refresh: Completed
2020-03-18 17:41:21,060 [Thread: 9       ] [DEBUG] --    GetObjectInternal: obtaining instance for name reader => canonical name reader
2020-03-18 17:41:21,065 [Thread: 9       ] [DEBUG] -- Returning cached instance of singleton object 'reader'.
2020-03-18 17:41:21,066 [Thread: 9       ] [DEBUG] -- Calling code asked for normal instance for name 'reader'.
2020-03-18 17:41:21,066 [Thread: 9       ] [DEBUG] -- GetObjectInternal: returning instance for objectname reader
2020-03-18 17:41:21,311 [Thread: 11      ] [DEBUG] -- VCReader TCP Connected!
2020-03-18 17:41:55,464 [Thread: 9       ] [DEBUG] --    GetObjectInternal: obtaining instance for name reader => canonical name reader
2020-03-18 17:41:55,465 [Thread: 9       ] [DEBUG] -- Returning cached instance of singleton object 'reader'.
2020-03-18 17:41:55,466 [Thread: 9       ] [DEBUG] -- Calling code asked for normal instance for name 'reader'.
2020-03-18 17:41:55,468 [Thread: 9       ] [DEBUG] -- GetObjectInternal: returning instance for objectname reader
2020-03-18 17:42:10,351 [Thread: VCR Read thread] [DEBUG] -- Send Read Command
2020-03-18 17:44:02,558 [Thread: 8       ] [DEBUG] -- ApplicationContext Refresh: Refreshing object factory 
2020-03-18 17:44:02,602 [Thread: 8       ] [DEBUG] -- Loading XML object definitions from file [D:\DevRepository\2DReader\MPC\MPC\bin\Debug\spring-objects.xml]
2020-03-18 17:44:02,614 [Thread: 8       ] [DEBUG] -- Using the following XmlReader implementation : System.Xml.XsdValidatingReader
2020-03-18 17:44:02,617 [Thread: 8       ] [DEBUG] -- Loading object definitions.
2020-03-18 17:44:02,619 [Thread: 8       ] [DEBUG] -- Loading object definitions...
2020-03-18 17:44:02,620 [Thread: 8       ] [DEBUG] -- Default lazy init 'false'.
2020-03-18 17:44:02,621 [Thread: 8       ] [DEBUG] -- Default dependency check 'none'.
2020-03-18 17:44:02,622 [Thread: 8       ] [DEBUG] -- Default autowire 'no'.
2020-03-18 17:44:02,623 [Thread: 8       ] [DEBUG] -- Default merge 'false'.
2020-03-18 17:44:02,624 [Thread: 8       ] [DEBUG] -- Default init method ''.
2020-03-18 17:44:02,625 [Thread: 8       ] [DEBUG] -- Default destroy method ''.
2020-03-18 17:44:02,626 [Thread: 8       ] [DEBUG] -- Default autowire candidates ''.
2020-03-18 17:44:02,780 [Thread: 8       ] [DEBUG] -- Default init method ''.
2020-03-18 17:44:02,781 [Thread: 8       ] [DEBUG] -- Default destroy method ''.
2020-03-18 17:44:02,794 [Thread: 8       ] [DEBUG] -- Registering object definition with id 'reader'.
2020-03-18 17:44:02,797 [Thread: 8       ] [DEBUG] -- Found 1 <object> elements defining objects.
2020-03-18 17:44:02,798 [Thread: 8       ] [DEBUG] -- Loaded 1 object definitions from location [spring-objects.xml]
2020-03-18 17:44:02,799 [Thread: 8       ] [DEBUG] -- Refreshed ObjectFactory for application context 'spring.root'.
2020-03-18 17:44:02,800 [Thread: 8       ] [DEBUG] -- ApplicationContext Refresh: Registering well-known processors and objects
2020-03-18 17:44:02,802 [Thread: 8       ] [DEBUG] -- ApplicationContext Refresh: Custom post processing object factory
2020-03-18 17:44:02,803 [Thread: 8       ] [DEBUG] -- ApplicationContext Refresh: Post processing object factory using pre-registered processors
2020-03-18 17:44:02,981 [Thread: 8       ] [DEBUG] -- 1 objects defined in application context [spring.root].
2020-03-18 17:44:02,983 [Thread: 8       ] [DEBUG] -- ApplicationContext Refresh: Post processing object factory using defined processors
2020-03-18 17:44:03,007 [Thread: 8       ] [DEBUG] -- processed 0 IFactoryObjectPostProcessors defined in application context [spring.root].
2020-03-18 17:44:03,012 [Thread: 8       ] [DEBUG] -- processed 0 IObjectPostProcessors defined in application context [spring.root].
2020-03-18 17:44:03,016 [Thread: 8       ] [DEBUG] -- No IEventRegistry found with name 'eventRegistry' : using default 'Spring.Objects.Events.Support.EventRegistry'.
2020-03-18 17:44:03,019 [Thread: 8       ] [DEBUG] -- No IMessageSource found with name 'messageSource' : using default 'StaticMessageSource : '.
2020-03-18 17:44:03,021 [Thread: 8       ] [DEBUG] -- ApplicationContext Refresh: Preinstantiating singletons
2020-03-18 17:44:03,022 [Thread: 8       ] [DEBUG] -- Pre-instantiating singletons in factory [Spring.Objects.Factory.Support.DefaultListableObjectFactory]
2020-03-18 17:44:03,183 [Thread: 8       ] [DEBUG] --    GetObjectInternal: obtaining instance for name reader => canonical name reader
2020-03-18 17:44:03,189 [Thread: 8       ] [DEBUG] -- Creating shared instance of singleton object 'reader'
2020-03-18 17:44:03,193 [Thread: 8       ] [DEBUG] -- Creating instance of Object 'reader' with merged definition [RootObjectDefinition : Class [TCPSrv.Reader.VCReaderTCP]; Abstract = False; Parent = ; Scope = singleton; Singleton = True; LazyInit = False; Autowire = No; Autowire-Candidate = True; Primary = False; DependencyCheck = None; InitMethodName = ; DestroyMethodName = ; FactoryMethodName = ; FactoryObjectName = ; defined in = file [D:\DevRepository\2DReader\MPC\MPC\bin\Debug\spring-objects.xml] line 26].
2020-03-18 17:44:03,197 [Thread: 8       ] [DEBUG] -- Invoking IInstantiationAwareObjectPostProcessors before the instantiation of 'reader'.
2020-03-18 17:44:03,205 [Thread: 8       ] [DEBUG] -- Eagerly caching object 'reader' to allow for resolving potential circular references
2020-03-18 17:44:03,381 [Thread: 8       ] [DEBUG] -- Configuring object using definition 'reader'
2020-03-18 17:44:03,385 [Thread: 8       ] [DEBUG] -- Invoking IObjectPostProcessors before initialization of object 'reader'
2020-03-18 17:44:03,388 [Thread: 8       ] [DEBUG] -- Invoking IObjectPostProcessors after initialization of object 'reader'
2020-03-18 17:44:03,389 [Thread: 8       ] [DEBUG] -- Cached shared instance of singleton object 'reader'
2020-03-18 17:44:03,391 [Thread: 8       ] [DEBUG] -- Calling code asked for normal instance for name 'reader'.
2020-03-18 17:44:03,394 [Thread: 8       ] [DEBUG] -- GetObjectInternal: returning instance for objectname reader
2020-03-18 17:44:03,397 [Thread: 8       ] [DEBUG] -- Publishing event in context [spring.root] : ContextRefreshedEventArgs [Refreshed]
2020-03-18 17:44:03,399 [Thread: 8       ] [INFO ] -- ApplicationContext Refresh: Completed
2020-03-18 17:44:03,582 [Thread: 8       ] [DEBUG] --    GetObjectInternal: obtaining instance for name reader => canonical name reader
2020-03-18 17:44:03,584 [Thread: 8       ] [DEBUG] -- Returning cached instance of singleton object 'reader'.
2020-03-18 17:44:03,586 [Thread: 8       ] [DEBUG] -- Calling code asked for normal instance for name 'reader'.
2020-03-18 17:44:03,588 [Thread: 8       ] [DEBUG] -- GetObjectInternal: returning instance for objectname reader
2020-03-18 17:44:03,682 [Thread: 10      ] [DEBUG] -- VCReader TCP Connected!
2020-03-18 17:44:07,839 [Thread: 8       ] [DEBUG] --    GetObjectInternal: obtaining instance for name reader => canonical name reader
2020-03-18 17:44:07,841 [Thread: 8       ] [DEBUG] -- Returning cached instance of singleton object 'reader'.
2020-03-18 17:44:07,841 [Thread: 8       ] [DEBUG] -- Calling code asked for normal instance for name 'reader'.
2020-03-18 17:44:07,842 [Thread: 8       ] [DEBUG] -- GetObjectInternal: returning instance for objectname reader
2020-03-18 17:44:18,998 [Thread: VCR Read thread] [DEBUG] -- Send Read Command
2020-03-18 17:50:03,276 [Thread: 9       ] [DEBUG] -- ApplicationContext Refresh: Refreshing object factory 
2020-03-18 17:50:03,321 [Thread: 9       ] [DEBUG] -- Loading XML object definitions from file [D:\DevRepository\2DReader\MPC\MPC\bin\Debug\spring-objects.xml]
2020-03-18 17:50:03,334 [Thread: 9       ] [DEBUG] -- Using the following XmlReader implementation : System.Xml.XsdValidatingReader
2020-03-18 17:50:03,337 [Thread: 9       ] [DEBUG] -- Loading object definitions.
2020-03-18 17:50:03,339 [Thread: 9       ] [DEBUG] -- Loading object definitions...
2020-03-18 17:50:03,340 [Thread: 9       ] [DEBUG] -- Default lazy init 'false'.
2020-03-18 17:50:03,341 [Thread: 9       ] [DEBUG] -- Default dependency check 'none'.
2020-03-18 17:50:03,342 [Thread: 9       ] [DEBUG] -- Default autowire 'no'.
2020-03-18 17:50:03,343 [Thread: 9       ] [DEBUG] -- Default merge 'false'.
2020-03-18 17:50:03,344 [Thread: 9       ] [DEBUG] -- Default init method ''.
2020-03-18 17:50:03,345 [Thread: 9       ] [DEBUG] -- Default destroy method ''.
2020-03-18 17:50:03,346 [Thread: 9       ] [DEBUG] -- Default autowire candidates ''.
2020-03-18 17:50:03,486 [Thread: 9       ] [DEBUG] -- Default init method ''.
2020-03-18 17:50:03,487 [Thread: 9       ] [DEBUG] -- Default destroy method ''.
2020-03-18 17:50:03,499 [Thread: 9       ] [DEBUG] -- Registering object definition with id 'reader'.
2020-03-18 17:50:03,502 [Thread: 9       ] [DEBUG] -- Found 1 <object> elements defining objects.
2020-03-18 17:50:03,503 [Thread: 9       ] [DEBUG] -- Loaded 1 object definitions from location [spring-objects.xml]
2020-03-18 17:50:03,504 [Thread: 9       ] [DEBUG] -- Refreshed ObjectFactory for application context 'spring.root'.
2020-03-18 17:50:03,504 [Thread: 9       ] [DEBUG] -- ApplicationContext Refresh: Registering well-known processors and objects
2020-03-18 17:50:03,506 [Thread: 9       ] [DEBUG] -- ApplicationContext Refresh: Custom post processing object factory
2020-03-18 17:50:03,507 [Thread: 9       ] [DEBUG] -- ApplicationContext Refresh: Post processing object factory using pre-registered processors
2020-03-18 17:50:03,686 [Thread: 9       ] [DEBUG] -- 1 objects defined in application context [spring.root].
2020-03-18 17:50:03,687 [Thread: 9       ] [DEBUG] -- ApplicationContext Refresh: Post processing object factory using defined processors
2020-03-18 17:50:03,696 [Thread: 9       ] [DEBUG] -- processed 0 IFactoryObjectPostProcessors defined in application context [spring.root].
2020-03-18 17:50:03,698 [Thread: 9       ] [DEBUG] -- processed 0 IObjectPostProcessors defined in application context [spring.root].
2020-03-18 17:50:03,700 [Thread: 9       ] [DEBUG] -- No IEventRegistry found with name 'eventRegistry' : using default 'Spring.Objects.Events.Support.EventRegistry'.
2020-03-18 17:50:03,702 [Thread: 9       ] [DEBUG] -- No IMessageSource found with name 'messageSource' : using default 'StaticMessageSource : '.
2020-03-18 17:50:03,704 [Thread: 9       ] [DEBUG] -- ApplicationContext Refresh: Preinstantiating singletons
2020-03-18 17:50:03,705 [Thread: 9       ] [DEBUG] -- Pre-instantiating singletons in factory [Spring.Objects.Factory.Support.DefaultListableObjectFactory]
2020-03-18 17:50:03,887 [Thread: 9       ] [DEBUG] --    GetObjectInternal: obtaining instance for name reader => canonical name reader
2020-03-18 17:50:03,889 [Thread: 9       ] [DEBUG] -- Creating shared instance of singleton object 'reader'
2020-03-18 17:50:03,891 [Thread: 9       ] [DEBUG] -- Creating instance of Object 'reader' with merged definition [RootObjectDefinition : Class [TCPSrv.Reader.VCReaderTCP]; Abstract = False; Parent = ; Scope = singleton; Singleton = True; LazyInit = False; Autowire = No; Autowire-Candidate = True; Primary = False; DependencyCheck = None; InitMethodName = ; DestroyMethodName = ; FactoryMethodName = ; FactoryObjectName = ; defined in = file [D:\DevRepository\2DReader\MPC\MPC\bin\Debug\spring-objects.xml] line 26].
2020-03-18 17:50:03,892 [Thread: 9       ] [DEBUG] -- Invoking IInstantiationAwareObjectPostProcessors before the instantiation of 'reader'.
2020-03-18 17:50:03,896 [Thread: 9       ] [DEBUG] -- Eagerly caching object 'reader' to allow for resolving potential circular references
2020-03-18 17:50:04,086 [Thread: 9       ] [DEBUG] -- Configuring object using definition 'reader'
2020-03-18 17:50:04,089 [Thread: 9       ] [DEBUG] -- Invoking IObjectPostProcessors before initialization of object 'reader'
2020-03-18 17:50:04,091 [Thread: 9       ] [DEBUG] -- Invoking IObjectPostProcessors after initialization of object 'reader'
2020-03-18 17:50:04,092 [Thread: 9       ] [DEBUG] -- Cached shared instance of singleton object 'reader'
2020-03-18 17:50:04,093 [Thread: 9       ] [DEBUG] -- Calling code asked for normal instance for name 'reader'.
2020-03-18 17:50:04,095 [Thread: 9       ] [DEBUG] -- GetObjectInternal: returning instance for objectname reader
2020-03-18 17:50:04,097 [Thread: 9       ] [DEBUG] -- Publishing event in context [spring.root] : ContextRefreshedEventArgs [Refreshed]
2020-03-18 17:50:04,098 [Thread: 9       ] [INFO ] -- ApplicationContext Refresh: Completed
2020-03-18 17:50:04,286 [Thread: 9       ] [DEBUG] --    GetObjectInternal: obtaining instance for name reader => canonical name reader
2020-03-18 17:50:04,287 [Thread: 9       ] [DEBUG] -- Returning cached instance of singleton object 'reader'.
2020-03-18 17:50:04,288 [Thread: 9       ] [DEBUG] -- Calling code asked for normal instance for name 'reader'.
2020-03-18 17:50:04,289 [Thread: 9       ] [DEBUG] -- GetObjectInternal: returning instance for objectname reader
2020-03-18 17:50:04,380 [Thread: 11      ] [DEBUG] -- VCReader TCP Connected!
2020-03-18 17:50:13,147 [Thread: 9       ] [DEBUG] --    GetObjectInternal: obtaining instance for name reader => canonical name reader
2020-03-18 17:50:13,148 [Thread: 9       ] [DEBUG] -- Returning cached instance of singleton object 'reader'.
2020-03-18 17:50:13,149 [Thread: 9       ] [DEBUG] -- Calling code asked for normal instance for name 'reader'.
2020-03-18 17:50:13,150 [Thread: 9       ] [DEBUG] -- GetObjectInternal: returning instance for objectname reader
2020-03-18 17:50:33,189 [Thread: VCR Read thread] [DEBUG] -- Send Read Command
2020-03-18 17:51:16,324 [Thread: VCR Read thread] [DEBUG] -- Send Read Command
2020-03-18 17:51:20,907 [Thread: VCR Read thread] [DEBUG] -- Send Read Command
2020-03-18 17:51:25,856 [Thread: VCR Read thread] [DEBUG] -- Send Read Command
2020-03-18 17:51:30,454 [Thread: VCR Read thread] [DEBUG] -- Send Read Command
2020-03-18 17:51:35,982 [Thread: VCR Read thread] [DEBUG] -- Send Read Command
2020-03-18 17:51:40,645 [Thread: VCR Read thread] [DEBUG] -- Send Read Command
2020-03-18 17:51:45,794 [Thread: VCR Read thread] [DEBUG] -- Send Read Command
2020-03-18 17:51:50,448 [Thread: VCR Read thread] [DEBUG] -- Send Read Command
2020-03-18 17:51:55,369 [Thread: 9       ] [DEBUG] --    GetObjectInternal: obtaining instance for name reader => canonical name reader
2020-03-18 17:51:55,370 [Thread: 9       ] [DEBUG] -- Returning cached instance of singleton object 'reader'.
2020-03-18 17:51:55,371 [Thread: 9       ] [DEBUG] -- Calling code asked for normal instance for name 'reader'.
2020-03-18 17:51:55,371 [Thread: 9       ] [DEBUG] -- GetObjectInternal: returning instance for objectname reader
2020-03-18 17:51:55,372 [Thread: 9       ] [DEBUG] -- Reader Stop Request
2020-03-18 17:51:55,864 [Thread: VCR Read thread] [DEBUG] -- Send Read Command
2020-03-18 17:52:23,698 [Thread: VCR Read thread] [DEBUG] -- Reader Stop
2020-03-18 17:55:16,972 [Thread: 9       ] [DEBUG] -- ApplicationContext Refresh: Refreshing object factory 
2020-03-18 17:55:17,019 [Thread: 9       ] [DEBUG] -- Loading XML object definitions from file [D:\DevRepository\2DReader\MPC\MPC\bin\Debug\spring-objects.xml]
2020-03-18 17:55:17,030 [Thread: 9       ] [DEBUG] -- Using the following XmlReader implementation : System.Xml.XsdValidatingReader
2020-03-18 17:55:17,033 [Thread: 9       ] [DEBUG] -- Loading object definitions.
2020-03-18 17:55:17,035 [Thread: 9       ] [DEBUG] -- Loading object definitions...
2020-03-18 17:55:17,036 [Thread: 9       ] [DEBUG] -- Default lazy init 'false'.
2020-03-18 17:55:17,037 [Thread: 9       ] [DEBUG] -- Default dependency check 'none'.
2020-03-18 17:55:17,038 [Thread: 9       ] [DEBUG] -- Default autowire 'no'.
2020-03-18 17:55:17,039 [Thread: 9       ] [DEBUG] -- Default merge 'false'.
2020-03-18 17:55:17,040 [Thread: 9       ] [DEBUG] -- Default init method ''.
2020-03-18 17:55:17,041 [Thread: 9       ] [DEBUG] -- Default destroy method ''.
2020-03-18 17:55:17,042 [Thread: 9       ] [DEBUG] -- Default autowire candidates ''.
2020-03-18 17:55:17,201 [Thread: 9       ] [DEBUG] -- Default init method ''.
2020-03-18 17:55:17,202 [Thread: 9       ] [DEBUG] -- Default destroy method ''.
2020-03-18 17:55:17,216 [Thread: 9       ] [DEBUG] -- Registering object definition with id 'reader'.
2020-03-18 17:55:17,219 [Thread: 9       ] [DEBUG] -- Found 1 <object> elements defining objects.
2020-03-18 17:55:17,219 [Thread: 9       ] [DEBUG] -- Loaded 1 object definitions from location [spring-objects.xml]
2020-03-18 17:55:17,220 [Thread: 9       ] [DEBUG] -- Refreshed ObjectFactory for application context 'spring.root'.
2020-03-18 17:55:17,221 [Thread: 9       ] [DEBUG] -- ApplicationContext Refresh: Registering well-known processors and objects
2020-03-18 17:55:17,223 [Thread: 9       ] [DEBUG] -- ApplicationContext Refresh: Custom post processing object factory
2020-03-18 17:55:17,224 [Thread: 9       ] [DEBUG] -- ApplicationContext Refresh: Post processing object factory using pre-registered processors
2020-03-18 17:55:17,401 [Thread: 9       ] [DEBUG] -- 1 objects defined in application context [spring.root].
2020-03-18 17:55:17,402 [Thread: 9       ] [DEBUG] -- ApplicationContext Refresh: Post processing object factory using defined processors
2020-03-18 17:55:17,412 [Thread: 9       ] [DEBUG] -- processed 0 IFactoryObjectPostProcessors defined in application context [spring.root].
2020-03-18 17:55:17,414 [Thread: 9       ] [DEBUG] -- processed 0 IObjectPostProcessors defined in application context [spring.root].
2020-03-18 17:55:17,416 [Thread: 9       ] [DEBUG] -- No IEventRegistry found with name 'eventRegistry' : using default 'Spring.Objects.Events.Support.EventRegistry'.
2020-03-18 17:55:17,419 [Thread: 9       ] [DEBUG] -- No IMessageSource found with name 'messageSource' : using default 'StaticMessageSource : '.
2020-03-18 17:55:17,421 [Thread: 9       ] [DEBUG] -- ApplicationContext Refresh: Preinstantiating singletons
2020-03-18 17:55:17,422 [Thread: 9       ] [DEBUG] -- Pre-instantiating singletons in factory [Spring.Objects.Factory.Support.DefaultListableObjectFactory]
2020-03-18 17:55:17,602 [Thread: 9       ] [DEBUG] --    GetObjectInternal: obtaining instance for name reader => canonical name reader
2020-03-18 17:55:17,604 [Thread: 9       ] [DEBUG] -- Creating shared instance of singleton object 'reader'
2020-03-18 17:55:17,606 [Thread: 9       ] [DEBUG] -- Creating instance of Object 'reader' with merged definition [RootObjectDefinition : Class [TCPSrv.Reader.VCReaderTCP]; Abstract = False; Parent = ; Scope = singleton; Singleton = True; LazyInit = False; Autowire = No; Autowire-Candidate = True; Primary = False; DependencyCheck = None; InitMethodName = ; DestroyMethodName = ; FactoryMethodName = ; FactoryObjectName = ; defined in = file [D:\DevRepository\2DReader\MPC\MPC\bin\Debug\spring-objects.xml] line 26].
2020-03-18 17:55:17,607 [Thread: 9       ] [DEBUG] -- Invoking IInstantiationAwareObjectPostProcessors before the instantiation of 'reader'.
2020-03-18 17:55:17,611 [Thread: 9       ] [DEBUG] -- Eagerly caching object 'reader' to allow for resolving potential circular references
2020-03-18 17:55:17,801 [Thread: 9       ] [DEBUG] -- Configuring object using definition 'reader'
2020-03-18 17:55:17,808 [Thread: 9       ] [DEBUG] -- Invoking IObjectPostProcessors before initialization of object 'reader'
2020-03-18 17:55:17,810 [Thread: 9       ] [DEBUG] -- Invoking IObjectPostProcessors after initialization of object 'reader'
2020-03-18 17:55:17,811 [Thread: 9       ] [DEBUG] -- Cached shared instance of singleton object 'reader'
2020-03-18 17:55:17,813 [Thread: 9       ] [DEBUG] -- Calling code asked for normal instance for name 'reader'.
2020-03-18 17:55:17,815 [Thread: 9       ] [DEBUG] -- GetObjectInternal: returning instance for objectname reader
2020-03-18 17:55:17,816 [Thread: 9       ] [DEBUG] -- Publishing event in context [spring.root] : ContextRefreshedEventArgs [Refreshed]
2020-03-18 17:55:17,818 [Thread: 9       ] [INFO ] -- ApplicationContext Refresh: Completed
2020-03-18 17:55:18,001 [Thread: 9       ] [DEBUG] --    GetObjectInternal: obtaining instance for name reader => canonical name reader
2020-03-18 17:55:18,002 [Thread: 9       ] [DEBUG] -- Returning cached instance of singleton object 'reader'.
2020-03-18 17:55:18,003 [Thread: 9       ] [DEBUG] -- Calling code asked for normal instance for name 'reader'.
2020-03-18 17:55:18,004 [Thread: 9       ] [DEBUG] -- GetObjectInternal: returning instance for objectname reader
2020-03-18 17:55:18,112 [Thread: 11      ] [DEBUG] -- VCReader TCP Connected!
2020-03-18 17:55:21,706 [Thread: 9       ] [DEBUG] --    GetObjectInternal: obtaining instance for name reader => canonical name reader
2020-03-18 17:55:21,711 [Thread: 9       ] [DEBUG] -- Returning cached instance of singleton object 'reader'.
2020-03-18 17:55:21,712 [Thread: 9       ] [DEBUG] -- Calling code asked for normal instance for name 'reader'.
2020-03-18 17:55:21,713 [Thread: 9       ] [DEBUG] -- GetObjectInternal: returning instance for objectname reader
2020-03-18 17:55:23,809 [Thread: VCR Read thread] [DEBUG] -- Send Read Command
2020-03-18 17:55:28,777 [Thread: VCR Read thread] [DEBUG] -- Received [BR]
2020-03-18 17:55:29,279 [Thread: VCR Read thread] [DEBUG] -- Start Next Cycle
2020-03-18 17:55:29,283 [Thread: VCR Read thread] [DEBUG] -- Send Read Command
2020-03-18 17:55:34,034 [Thread: VCR Read thread] [DEBUG] -- Received [BR]
2020-03-18 17:55:34,534 [Thread: VCR Read thread] [DEBUG] -- Start Next Cycle
2020-03-18 17:55:34,534 [Thread: VCR Read thread] [DEBUG] -- Send Read Command
2020-03-18 17:55:38,599 [Thread: VCR Read thread] [DEBUG] -- Received [BR]
2020-03-18 17:55:39,099 [Thread: VCR Read thread] [DEBUG] -- Start Next Cycle
2020-03-18 17:55:39,099 [Thread: VCR Read thread] [DEBUG] -- Send Read Command
2020-03-18 17:55:43,151 [Thread: VCR Read thread] [DEBUG] -- Received [BR]
2020-03-18 17:55:43,651 [Thread: VCR Read thread] [DEBUG] -- Start Next Cycle
2020-03-18 17:55:43,656 [Thread: VCR Read thread] [DEBUG] -- Send Read Command
2020-03-18 17:55:47,737 [Thread: VCR Read thread] [DEBUG] -- Received [BR]
2020-03-18 17:55:48,238 [Thread: VCR Read thread] [DEBUG] -- Start Next Cycle
2020-03-18 17:55:48,238 [Thread: VCR Read thread] [DEBUG] -- Send Read Command
2020-03-18 17:55:52,308 [Thread: VCR Read thread] [DEBUG] -- Received [BR]
2020-03-18 17:55:52,809 [Thread: VCR Read thread] [DEBUG] -- Start Next Cycle
2020-03-18 17:55:52,809 [Thread: VCR Read thread] [DEBUG] -- Send Read Command
2020-03-18 17:55:56,981 [Thread: VCR Read thread] [DEBUG] -- Received [BR]
2020-03-18 17:55:57,482 [Thread: VCR Read thread] [DEBUG] -- Start Next Cycle
2020-03-18 17:55:57,482 [Thread: VCR Read thread] [DEBUG] -- Send Read Command
2020-03-18 17:56:01,785 [Thread: VCR Read thread] [DEBUG] -- Received [BR]
2020-03-18 17:56:02,286 [Thread: VCR Read thread] [DEBUG] -- Start Next Cycle
2020-03-18 17:56:02,286 [Thread: VCR Read thread] [DEBUG] -- Send Read Command
2020-03-18 17:56:06,440 [Thread: VCR Read thread] [DEBUG] -- Received [BR]
2020-03-18 17:56:06,941 [Thread: VCR Read thread] [DEBUG] -- Start Next Cycle
2020-03-18 17:56:06,941 [Thread: VCR Read thread] [DEBUG] -- Send Read Command
2020-03-18 17:56:11,111 [Thread: VCR Read thread] [DEBUG] -- Received [BR]
2020-03-18 17:56:11,612 [Thread: VCR Read thread] [DEBUG] -- Start Next Cycle
2020-03-18 17:56:11,612 [Thread: VCR Read thread] [DEBUG] -- Send Read Command
2020-03-18 17:56:16,242 [Thread: VCR Read thread] [DEBUG] -- Received [BR]
2020-03-18 17:56:16,742 [Thread: VCR Read thread] [DEBUG] -- Start Next Cycle
2020-03-18 17:56:16,743 [Thread: VCR Read thread] [DEBUG] -- Send Read Command
2020-03-18 17:56:20,777 [Thread: VCR Read thread] [DEBUG] -- Received [BR]
2020-03-18 17:56:21,278 [Thread: VCR Read thread] [DEBUG] -- Start Next Cycle
2020-03-18 17:56:21,278 [Thread: VCR Read thread] [DEBUG] -- Send Read Command
2020-03-18 17:56:25,849 [Thread: VCR Read thread] [DEBUG] -- Received [BR]
2020-03-18 17:56:26,349 [Thread: VCR Read thread] [DEBUG] -- Start Next Cycle
2020-03-18 17:56:26,350 [Thread: VCR Read thread] [DEBUG] -- Send Read Command
2020-03-18 17:56:30,582 [Thread: VCR Read thread] [DEBUG] -- Received [BR]
2020-03-18 17:56:31,083 [Thread: VCR Read thread] [DEBUG] -- Start Next Cycle
2020-03-18 17:56:31,083 [Thread: VCR Read thread] [DEBUG] -- Send Read Command
2020-03-18 17:56:35,732 [Thread: 9       ] [DEBUG] --    GetObjectInternal: obtaining instance for name reader => canonical name reader
2020-03-18 17:56:35,734 [Thread: 9       ] [DEBUG] -- Returning cached instance of singleton object 'reader'.
2020-03-18 17:56:35,735 [Thread: 9       ] [DEBUG] -- Calling code asked for normal instance for name 'reader'.
2020-03-18 17:56:35,736 [Thread: 9       ] [DEBUG] -- GetObjectInternal: returning instance for objectname reader
2020-03-18 17:56:35,736 [Thread: 9       ] [DEBUG] -- Reader Stop Request
2020-03-18 17:56:35,877 [Thread: VCR Read thread] [DEBUG] -- Received [BR]
2020-03-18 17:56:39,515 [Thread: VCR Read thread] [DEBUG] -- Reader Stop
2020-03-18 17:56:48,932 [Thread: 9       ] [DEBUG] --    GetObjectInternal: obtaining instance for name reader => canonical name reader
2020-03-18 17:56:48,933 [Thread: 9       ] [DEBUG] -- Returning cached instance of singleton object 'reader'.
2020-03-18 17:56:48,934 [Thread: 9       ] [DEBUG] -- Calling code asked for normal instance for name 'reader'.
2020-03-18 17:56:48,935 [Thread: 9       ] [DEBUG] -- GetObjectInternal: returning instance for objectname reader
2020-03-18 17:56:53,558 [Thread: VCR Read thread] [DEBUG] -- Send Read Command
2020-03-18 17:56:57,828 [Thread: VCR Read thread] [DEBUG] -- Received [BR]
2020-03-18 17:56:58,333 [Thread: VCR Read thread] [DEBUG] -- Start Next Cycle
2020-03-18 17:56:58,333 [Thread: VCR Read thread] [DEBUG] -- Send Read Command
2020-03-18 17:57:00,916 [Thread: 9       ] [DEBUG] --    GetObjectInternal: obtaining instance for name reader => canonical name reader
2020-03-18 17:57:00,917 [Thread: 9       ] [DEBUG] -- Returning cached instance of singleton object 'reader'.
2020-03-18 17:57:00,918 [Thread: 9       ] [DEBUG] -- Calling code asked for normal instance for name 'reader'.
2020-03-18 17:57:00,918 [Thread: 9       ] [DEBUG] -- GetObjectInternal: returning instance for objectname reader
2020-03-18 17:57:00,923 [Thread: 9       ] [DEBUG] -- Reader Stop Request
2020-03-18 17:57:03,172 [Thread: VCR Read thread] [DEBUG] -- Received [BR]
2020-03-18 17:57:03,172 [Thread: VCR Read thread] [DEBUG] -- Reader Stop
2020-03-18 17:57:07,260 [Thread: 9       ] [DEBUG] --    GetObjectInternal: obtaining instance for name reader => canonical name reader
2020-03-18 17:57:07,261 [Thread: 9       ] [DEBUG] -- Returning cached instance of singleton object 'reader'.
2020-03-18 17:57:07,262 [Thread: 9       ] [DEBUG] -- Calling code asked for normal instance for name 'reader'.
2020-03-18 17:57:07,263 [Thread: 9       ] [DEBUG] -- GetObjectInternal: returning instance for objectname reader
2020-03-18 17:57:07,266 [Thread: VCR Read thread] [DEBUG] -- Send Read Command
2020-03-18 17:57:11,514 [Thread: VCR Read thread] [DEBUG] -- Received [BR]
2020-03-18 17:57:12,015 [Thread: VCR Read thread] [DEBUG] -- Start Next Cycle
2020-03-18 17:57:12,016 [Thread: VCR Read thread] [DEBUG] -- Send Read Command
2020-03-18 17:57:14,250 [Thread: 9       ] [DEBUG] --    GetObjectInternal: obtaining instance for name reader => canonical name reader
2020-03-18 17:57:14,251 [Thread: 9       ] [DEBUG] -- Returning cached instance of singleton object 'reader'.
2020-03-18 17:57:14,252 [Thread: 9       ] [DEBUG] -- Calling code asked for normal instance for name 'reader'.
2020-03-18 17:57:14,253 [Thread: 9       ] [DEBUG] -- GetObjectInternal: returning instance for objectname reader
2020-03-18 17:57:14,253 [Thread: 9       ] [DEBUG] -- Reader Stop Request
2020-03-18 17:57:16,847 [Thread: VCR Read thread] [DEBUG] -- Received [BR]
2020-03-18 17:57:16,852 [Thread: VCR Read thread] [DEBUG] -- Reader Stop
