2020-03-07 11:16:48,091 [Thread: 9       ] [DEBUG] -- ApplicationContext Refresh: Refreshing object factory 
2020-03-07 11:16:50,155 [Thread: 9       ] [DEBUG] -- Loading XML object definitions from file [D:\DevRepository\2DReader\MPC\MPC\bin\Debug\spring-objects.xml]
2020-03-07 11:16:50,660 [Thread: 9       ] [DEBUG] -- Using the following XmlReader implementation : System.Xml.XsdValidatingReader
2020-03-07 11:16:50,777 [Thread: 9       ] [DEBUG] -- Loading object definitions.
2020-03-07 11:16:50,786 [Thread: 9       ] [DEBUG] -- Loading object definitions...
2020-03-07 11:16:50,801 [Thread: 9       ] [DEBUG] -- Default lazy init 'false'.
2020-03-07 11:16:50,804 [Thread: 9       ] [DEBUG] -- Default dependency check 'none'.
2020-03-07 11:16:50,808 [Thread: 9       ] [DEBUG] -- Default autowire 'no'.
2020-03-07 11:16:50,811 [Thread: 9       ] [DEBUG] -- Default merge 'false'.
2020-03-07 11:16:50,812 [Thread: 9       ] [DEBUG] -- Default init method ''.
2020-03-07 11:16:50,814 [Thread: 9       ] [DEBUG] -- Default destroy method ''.
2020-03-07 11:16:50,815 [Thread: 9       ] [DEBUG] -- Default autowire candidates ''.
2020-03-07 11:16:50,816 [Thread: 9       ] [DEBUG] -- Default init method ''.
2020-03-07 11:16:50,818 [Thread: 9       ] [DEBUG] -- Default destroy method ''.
2020-03-07 11:16:50,863 [Thread: 9       ] [DEBUG] -- Registering object definition with id 'reader'.
2020-03-07 11:16:50,866 [Thread: 9       ] [DEBUG] -- Found 1 <object> elements defining objects.
2020-03-07 11:16:50,890 [Thread: 9       ] [DEBUG] -- Loaded 1 object definitions from location [spring-objects.xml]
2020-03-07 11:16:50,892 [Thread: 9       ] [DEBUG] -- Refreshed ObjectFactory for application context 'spring.root'.
2020-03-07 11:16:50,893 [Thread: 9       ] [DEBUG] -- ApplicationContext Refresh: Registering well-known processors and objects
2020-03-07 11:16:50,895 [Thread: 9       ] [DEBUG] -- ApplicationContext Refresh: Custom post processing object factory
2020-03-07 11:16:50,896 [Thread: 9       ] [DEBUG] -- ApplicationContext Refresh: Post processing object factory using pre-registered processors
2020-03-07 11:16:50,897 [Thread: 9       ] [DEBUG] -- 1 objects defined in application context [spring.root].
2020-03-07 11:16:50,898 [Thread: 9       ] [DEBUG] -- ApplicationContext Refresh: Post processing object factory using defined processors
2020-03-07 11:16:51,172 [Thread: 9       ] [DEBUG] -- processed 0 IFactoryObjectPostProcessors defined in application context [spring.root].
2020-03-07 11:16:51,179 [Thread: 9       ] [DEBUG] -- processed 0 IObjectPostProcessors defined in application context [spring.root].
2020-03-07 11:16:51,182 [Thread: 9       ] [DEBUG] -- No IEventRegistry found with name 'eventRegistry' : using default 'Spring.Objects.Events.Support.EventRegistry'.
2020-03-07 11:16:51,207 [Thread: 9       ] [DEBUG] -- No IMessageSource found with name 'messageSource' : using default 'StaticMessageSource : '.
2020-03-07 11:16:51,209 [Thread: 9       ] [DEBUG] -- ApplicationContext Refresh: Preinstantiating singletons
2020-03-07 11:16:51,210 [Thread: 9       ] [DEBUG] -- Pre-instantiating singletons in factory [Spring.Objects.Factory.Support.DefaultListableObjectFactory]
2020-03-07 11:16:51,212 [Thread: 9       ] [DEBUG] --    GetObjectInternal: obtaining instance for name reader => canonical name reader
2020-03-07 11:16:51,214 [Thread: 9       ] [DEBUG] -- Creating shared instance of singleton object 'reader'
2020-03-07 11:16:51,291 [Thread: 9       ] [DEBUG] -- Creating instance of Object 'reader' with merged definition [RootObjectDefinition : Class [MPC.LAN.ReaderTCP]; Abstract = False; Parent = ; Scope = singleton; Singleton = True; LazyInit = False; Autowire = No; Autowire-Candidate = True; Primary = False; DependencyCheck = None; InitMethodName = ; DestroyMethodName = ; FactoryMethodName = ; FactoryObjectName = ; defined in = file [D:\DevRepository\2DReader\MPC\MPC\bin\Debug\spring-objects.xml] line 24].
2020-03-07 11:16:51,296 [Thread: 9       ] [DEBUG] -- Invoking IInstantiationAwareObjectPostProcessors before the instantiation of 'reader'.
2020-03-07 11:16:51,300 [Thread: 9       ] [DEBUG] -- Eagerly caching object 'reader' to allow for resolving potential circular references
2020-03-07 11:16:51,301 [Thread: 9       ] [DEBUG] -- Configuring object using definition 'reader'
2020-03-07 11:16:51,304 [Thread: 9       ] [DEBUG] -- Invoking IObjectPostProcessors before initialization of object 'reader'
2020-03-07 11:16:51,495 [Thread: 9       ] [DEBUG] -- Invoking IObjectPostProcessors after initialization of object 'reader'
2020-03-07 11:16:51,501 [Thread: 9       ] [DEBUG] -- Cached shared instance of singleton object 'reader'
2020-03-07 11:16:51,506 [Thread: 9       ] [DEBUG] -- Calling code asked for normal instance for name 'reader'.
2020-03-07 11:16:51,510 [Thread: 9       ] [DEBUG] -- GetObjectInternal: returning instance for objectname reader
2020-03-07 11:16:51,541 [Thread: 9       ] [DEBUG] -- Publishing event in context [spring.root] : ContextRefreshedEventArgs [Refreshed]
2020-03-07 11:16:51,545 [Thread: 9       ] [INFO ] -- ApplicationContext Refresh: Completed
2020-03-07 11:16:51,547 [Thread: 9       ] [DEBUG] --    GetObjectInternal: obtaining instance for name reader => canonical name reader
2020-03-07 11:16:51,549 [Thread: 9       ] [DEBUG] -- Returning cached instance of singleton object 'reader'.
2020-03-07 11:16:51,690 [Thread: 9       ] [DEBUG] -- Calling code asked for normal instance for name 'reader'.
2020-03-07 11:16:51,691 [Thread: 9       ] [DEBUG] -- GetObjectInternal: returning instance for objectname reader
2020-03-07 11:17:59,559 [Thread: 9       ] [DEBUG] --    GetObjectInternal: obtaining instance for name reader => canonical name reader
2020-03-07 11:17:59,560 [Thread: 9       ] [DEBUG] -- Returning cached instance of singleton object 'reader'.
2020-03-07 11:17:59,561 [Thread: 9       ] [DEBUG] -- Calling code asked for normal instance for name 'reader'.
2020-03-07 11:17:59,562 [Thread: 9       ] [DEBUG] -- GetObjectInternal: returning instance for objectname reader
2020-03-07 11:20:23,385 [Thread: 9       ] [DEBUG] -- ApplicationContext Refresh: Refreshing object factory 
2020-03-07 11:20:24,042 [Thread: 9       ] [DEBUG] -- Loading XML object definitions from file [D:\DevRepository\2DReader\MPC\MPC\bin\Debug\spring-objects.xml]
2020-03-07 11:20:24,439 [Thread: 9       ] [DEBUG] -- Using the following XmlReader implementation : System.Xml.XsdValidatingReader
2020-03-07 11:20:24,537 [Thread: 9       ] [DEBUG] -- Loading object definitions.
2020-03-07 11:20:24,547 [Thread: 9       ] [DEBUG] -- Loading object definitions...
2020-03-07 11:20:24,552 [Thread: 9       ] [DEBUG] -- Default lazy init 'false'.
2020-03-07 11:20:24,556 [Thread: 9       ] [DEBUG] -- Default dependency check 'none'.
2020-03-07 11:20:24,559 [Thread: 9       ] [DEBUG] -- Default autowire 'no'.
2020-03-07 11:20:24,562 [Thread: 9       ] [DEBUG] -- Default merge 'false'.
2020-03-07 11:20:24,563 [Thread: 9       ] [DEBUG] -- Default init method ''.
2020-03-07 11:20:24,564 [Thread: 9       ] [DEBUG] -- Default destroy method ''.
2020-03-07 11:20:24,565 [Thread: 9       ] [DEBUG] -- Default autowire candidates ''.
2020-03-07 11:20:24,567 [Thread: 9       ] [DEBUG] -- Default init method ''.
2020-03-07 11:20:24,568 [Thread: 9       ] [DEBUG] -- Default destroy method ''.
2020-03-07 11:20:24,658 [Thread: 9       ] [DEBUG] -- Registering object definition with id 'reader'.
2020-03-07 11:20:24,663 [Thread: 9       ] [DEBUG] -- Found 1 <object> elements defining objects.
2020-03-07 11:20:24,665 [Thread: 9       ] [DEBUG] -- Loaded 1 object definitions from location [spring-objects.xml]
2020-03-07 11:20:24,666 [Thread: 9       ] [DEBUG] -- Refreshed ObjectFactory for application context 'spring.root'.
2020-03-07 11:20:24,668 [Thread: 9       ] [DEBUG] -- ApplicationContext Refresh: Registering well-known processors and objects
2020-03-07 11:20:24,671 [Thread: 9       ] [DEBUG] -- ApplicationContext Refresh: Custom post processing object factory
2020-03-07 11:20:24,673 [Thread: 9       ] [DEBUG] -- ApplicationContext Refresh: Post processing object factory using pre-registered processors
2020-03-07 11:20:24,675 [Thread: 9       ] [DEBUG] -- 1 objects defined in application context [spring.root].
2020-03-07 11:20:24,676 [Thread: 9       ] [DEBUG] -- ApplicationContext Refresh: Post processing object factory using defined processors
2020-03-07 11:20:24,921 [Thread: 9       ] [DEBUG] -- processed 0 IFactoryObjectPostProcessors defined in application context [spring.root].
2020-03-07 11:20:24,923 [Thread: 9       ] [DEBUG] -- processed 0 IObjectPostProcessors defined in application context [spring.root].
2020-03-07 11:20:24,925 [Thread: 9       ] [DEBUG] -- No IEventRegistry found with name 'eventRegistry' : using default 'Spring.Objects.Events.Support.EventRegistry'.
2020-03-07 11:20:24,928 [Thread: 9       ] [DEBUG] -- No IMessageSource found with name 'messageSource' : using default 'StaticMessageSource : '.
2020-03-07 11:20:24,930 [Thread: 9       ] [DEBUG] -- ApplicationContext Refresh: Preinstantiating singletons
2020-03-07 11:20:24,931 [Thread: 9       ] [DEBUG] -- Pre-instantiating singletons in factory [Spring.Objects.Factory.Support.DefaultListableObjectFactory]
2020-03-07 11:20:24,933 [Thread: 9       ] [DEBUG] --    GetObjectInternal: obtaining instance for name reader => canonical name reader
2020-03-07 11:20:25,054 [Thread: 9       ] [DEBUG] -- Creating shared instance of singleton object 'reader'
2020-03-07 11:20:25,056 [Thread: 9       ] [DEBUG] -- Creating instance of Object 'reader' with merged definition [RootObjectDefinition : Class [MPC.LAN.ReaderTCP]; Abstract = False; Parent = ; Scope = singleton; Singleton = True; LazyInit = False; Autowire = No; Autowire-Candidate = True; Primary = False; DependencyCheck = None; InitMethodName = ; DestroyMethodName = ; FactoryMethodName = ; FactoryObjectName = ; defined in = file [D:\DevRepository\2DReader\MPC\MPC\bin\Debug\spring-objects.xml] line 24].
2020-03-07 11:20:25,057 [Thread: 9       ] [DEBUG] -- Invoking IInstantiationAwareObjectPostProcessors before the instantiation of 'reader'.
2020-03-07 11:20:28,393 [Thread: 9       ] [DEBUG] -- Eagerly caching object 'reader' to allow for resolving potential circular references
2020-03-07 11:20:28,397 [Thread: 9       ] [DEBUG] -- Configuring object using definition 'reader'
2020-03-07 11:20:28,404 [Thread: 9       ] [DEBUG] -- Invoking IObjectPostProcessors before initialization of object 'reader'
2020-03-07 11:20:28,409 [Thread: 9       ] [DEBUG] -- Invoking IObjectPostProcessors after initialization of object 'reader'
2020-03-07 11:20:28,416 [Thread: 9       ] [DEBUG] -- Cached shared instance of singleton object 'reader'
2020-03-07 11:20:28,419 [Thread: 9       ] [DEBUG] -- Calling code asked for normal instance for name 'reader'.
2020-03-07 11:20:28,422 [Thread: 9       ] [DEBUG] -- GetObjectInternal: returning instance for objectname reader
2020-03-07 11:20:28,425 [Thread: 9       ] [DEBUG] -- Publishing event in context [spring.root] : ContextRefreshedEventArgs [Refreshed]
2020-03-07 11:20:28,428 [Thread: 9       ] [INFO ] -- ApplicationContext Refresh: Completed
2020-03-07 11:20:33,773 [Thread: 9       ] [DEBUG] --    GetObjectInternal: obtaining instance for name reader => canonical name reader
2020-03-07 11:20:33,784 [Thread: 9       ] [DEBUG] -- Returning cached instance of singleton object 'reader'.
2020-03-07 11:20:33,785 [Thread: 9       ] [DEBUG] -- Calling code asked for normal instance for name 'reader'.
2020-03-07 11:20:33,786 [Thread: 9       ] [DEBUG] -- GetObjectInternal: returning instance for objectname reader
2020-03-07 11:23:23,366 [Thread: 8       ] [DEBUG] -- ApplicationContext Refresh: Refreshing object factory 
2020-03-07 11:23:24,572 [Thread: 8       ] [DEBUG] -- Loading XML object definitions from file [D:\DevRepository\2DReader\MPC\MPC\bin\Debug\spring-objects.xml]
2020-03-07 11:23:24,969 [Thread: 8       ] [DEBUG] -- Using the following XmlReader implementation : System.Xml.XsdValidatingReader
2020-03-07 11:23:25,140 [Thread: 8       ] [DEBUG] -- Loading object definitions.
2020-03-07 11:23:25,172 [Thread: 8       ] [DEBUG] -- Loading object definitions...
2020-03-07 11:23:25,198 [Thread: 8       ] [DEBUG] -- Default lazy init 'false'.
2020-03-07 11:23:25,201 [Thread: 8       ] [DEBUG] -- Default dependency check 'none'.
2020-03-07 11:23:25,205 [Thread: 8       ] [DEBUG] -- Default autowire 'no'.
2020-03-07 11:23:25,208 [Thread: 8       ] [DEBUG] -- Default merge 'false'.
2020-03-07 11:23:25,212 [Thread: 8       ] [DEBUG] -- Default init method ''.
2020-03-07 11:23:25,215 [Thread: 8       ] [DEBUG] -- Default destroy method ''.
2020-03-07 11:23:25,219 [Thread: 8       ] [DEBUG] -- Default autowire candidates ''.
2020-03-07 11:23:25,221 [Thread: 8       ] [DEBUG] -- Default init method ''.
2020-03-07 11:23:25,223 [Thread: 8       ] [DEBUG] -- Default destroy method ''.
2020-03-07 11:23:25,344 [Thread: 8       ] [DEBUG] -- Registering object definition with id 'reader'.
2020-03-07 11:23:25,349 [Thread: 8       ] [DEBUG] -- Found 1 <object> elements defining objects.
2020-03-07 11:23:25,351 [Thread: 8       ] [DEBUG] -- Loaded 1 object definitions from location [spring-objects.xml]
2020-03-07 11:23:25,392 [Thread: 8       ] [DEBUG] -- Refreshed ObjectFactory for application context 'spring.root'.
2020-03-07 11:23:25,394 [Thread: 8       ] [DEBUG] -- ApplicationContext Refresh: Registering well-known processors and objects
2020-03-07 11:23:25,399 [Thread: 8       ] [DEBUG] -- ApplicationContext Refresh: Custom post processing object factory
2020-03-07 11:23:25,402 [Thread: 8       ] [DEBUG] -- ApplicationContext Refresh: Post processing object factory using pre-registered processors
2020-03-07 11:23:25,404 [Thread: 8       ] [DEBUG] -- 1 objects defined in application context [spring.root].
2020-03-07 11:23:25,406 [Thread: 8       ] [DEBUG] -- ApplicationContext Refresh: Post processing object factory using defined processors
2020-03-07 11:23:25,652 [Thread: 8       ] [DEBUG] -- processed 0 IFactoryObjectPostProcessors defined in application context [spring.root].
2020-03-07 11:23:25,677 [Thread: 8       ] [DEBUG] -- processed 0 IObjectPostProcessors defined in application context [spring.root].
2020-03-07 11:23:25,686 [Thread: 8       ] [DEBUG] -- No IEventRegistry found with name 'eventRegistry' : using default 'Spring.Objects.Events.Support.EventRegistry'.
2020-03-07 11:23:25,691 [Thread: 8       ] [DEBUG] -- No IMessageSource found with name 'messageSource' : using default 'StaticMessageSource : '.
2020-03-07 11:23:25,695 [Thread: 8       ] [DEBUG] -- ApplicationContext Refresh: Preinstantiating singletons
2020-03-07 11:23:25,698 [Thread: 8       ] [DEBUG] -- Pre-instantiating singletons in factory [Spring.Objects.Factory.Support.DefaultListableObjectFactory]
2020-03-07 11:23:25,709 [Thread: 8       ] [DEBUG] --    GetObjectInternal: obtaining instance for name reader => canonical name reader
2020-03-07 11:23:25,714 [Thread: 8       ] [DEBUG] -- Creating shared instance of singleton object 'reader'
2020-03-07 11:23:25,794 [Thread: 8       ] [DEBUG] -- Creating instance of Object 'reader' with merged definition [RootObjectDefinition : Class [MPC.LAN.ReaderTCP]; Abstract = False; Parent = ; Scope = singleton; Singleton = True; LazyInit = False; Autowire = No; Autowire-Candidate = True; Primary = False; DependencyCheck = None; InitMethodName = ; DestroyMethodName = ; FactoryMethodName = ; FactoryObjectName = ; defined in = file [D:\DevRepository\2DReader\MPC\MPC\bin\Debug\spring-objects.xml] line 24].
2020-03-07 11:23:25,824 [Thread: 8       ] [DEBUG] -- Invoking IInstantiationAwareObjectPostProcessors before the instantiation of 'reader'.
2020-03-07 11:23:33,280 [Thread: 8       ] [DEBUG] -- Eagerly caching object 'reader' to allow for resolving potential circular references
2020-03-07 11:23:33,283 [Thread: 8       ] [DEBUG] -- Configuring object using definition 'reader'
2020-03-07 11:23:33,290 [Thread: 8       ] [DEBUG] -- Invoking IObjectPostProcessors before initialization of object 'reader'
2020-03-07 11:23:33,295 [Thread: 8       ] [DEBUG] -- Invoking IObjectPostProcessors after initialization of object 'reader'
2020-03-07 11:23:33,299 [Thread: 8       ] [DEBUG] -- Cached shared instance of singleton object 'reader'
2020-03-07 11:23:33,302 [Thread: 8       ] [DEBUG] -- Calling code asked for normal instance for name 'reader'.
2020-03-07 11:23:33,305 [Thread: 8       ] [DEBUG] -- GetObjectInternal: returning instance for objectname reader
2020-03-07 11:23:33,309 [Thread: 8       ] [DEBUG] -- Publishing event in context [spring.root] : ContextRefreshedEventArgs [Refreshed]
2020-03-07 11:23:33,312 [Thread: 8       ] [INFO ] -- ApplicationContext Refresh: Completed
2020-03-07 11:23:36,981 [Thread: 8       ] [DEBUG] --    GetObjectInternal: obtaining instance for name reader => canonical name reader
2020-03-07 11:23:36,982 [Thread: 8       ] [DEBUG] -- Returning cached instance of singleton object 'reader'.
2020-03-07 11:23:36,982 [Thread: 8       ] [DEBUG] -- Calling code asked for normal instance for name 'reader'.
2020-03-07 11:23:36,983 [Thread: 8       ] [DEBUG] -- GetObjectInternal: returning instance for objectname reader
2020-03-07 11:24:17,251 [Thread: 9       ] [DEBUG] -- ApplicationContext Refresh: Refreshing object factory 
2020-03-07 11:24:17,983 [Thread: 9       ] [DEBUG] -- Loading XML object definitions from file [D:\DevRepository\2DReader\MPC\MPC\bin\Debug\spring-objects.xml]
2020-03-07 11:24:18,031 [Thread: 9       ] [DEBUG] -- Using the following XmlReader implementation : System.Xml.XsdValidatingReader
2020-03-07 11:24:18,082 [Thread: 9       ] [DEBUG] -- Loading object definitions.
2020-03-07 11:24:18,087 [Thread: 9       ] [DEBUG] -- Loading object definitions...
2020-03-07 11:24:18,091 [Thread: 9       ] [DEBUG] -- Default lazy init 'false'.
2020-03-07 11:24:18,093 [Thread: 9       ] [DEBUG] -- Default dependency check 'none'.
2020-03-07 11:24:18,095 [Thread: 9       ] [DEBUG] -- Default autowire 'no'.
2020-03-07 11:24:18,097 [Thread: 9       ] [DEBUG] -- Default merge 'false'.
2020-03-07 11:24:18,099 [Thread: 9       ] [DEBUG] -- Default init method ''.
2020-03-07 11:24:18,101 [Thread: 9       ] [DEBUG] -- Default destroy method ''.
2020-03-07 11:24:18,104 [Thread: 9       ] [DEBUG] -- Default autowire candidates ''.
2020-03-07 11:24:18,106 [Thread: 9       ] [DEBUG] -- Default init method ''.
2020-03-07 11:24:18,109 [Thread: 9       ] [DEBUG] -- Default destroy method ''.
2020-03-07 11:24:18,207 [Thread: 9       ] [DEBUG] -- Registering object definition with id 'reader'.
2020-03-07 11:24:18,210 [Thread: 9       ] [DEBUG] -- Found 1 <object> elements defining objects.
2020-03-07 11:24:18,211 [Thread: 9       ] [DEBUG] -- Loaded 1 object definitions from location [spring-objects.xml]
2020-03-07 11:24:18,212 [Thread: 9       ] [DEBUG] -- Refreshed ObjectFactory for application context 'spring.root'.
2020-03-07 11:24:18,214 [Thread: 9       ] [DEBUG] -- ApplicationContext Refresh: Registering well-known processors and objects
2020-03-07 11:24:18,216 [Thread: 9       ] [DEBUG] -- ApplicationContext Refresh: Custom post processing object factory
2020-03-07 11:24:18,217 [Thread: 9       ] [DEBUG] -- ApplicationContext Refresh: Post processing object factory using pre-registered processors
2020-03-07 11:24:18,218 [Thread: 9       ] [DEBUG] -- 1 objects defined in application context [spring.root].
2020-03-07 11:24:18,219 [Thread: 9       ] [DEBUG] -- ApplicationContext Refresh: Post processing object factory using defined processors
2020-03-07 11:24:18,472 [Thread: 9       ] [DEBUG] -- processed 0 IFactoryObjectPostProcessors defined in application context [spring.root].
2020-03-07 11:24:18,476 [Thread: 9       ] [DEBUG] -- processed 0 IObjectPostProcessors defined in application context [spring.root].
2020-03-07 11:24:18,479 [Thread: 9       ] [DEBUG] -- No IEventRegistry found with name 'eventRegistry' : using default 'Spring.Objects.Events.Support.EventRegistry'.
2020-03-07 11:24:18,483 [Thread: 9       ] [DEBUG] -- No IMessageSource found with name 'messageSource' : using default 'StaticMessageSource : '.
2020-03-07 11:24:18,486 [Thread: 9       ] [DEBUG] -- ApplicationContext Refresh: Preinstantiating singletons
2020-03-07 11:24:18,488 [Thread: 9       ] [DEBUG] -- Pre-instantiating singletons in factory [Spring.Objects.Factory.Support.DefaultListableObjectFactory]
2020-03-07 11:24:18,491 [Thread: 9       ] [DEBUG] --    GetObjectInternal: obtaining instance for name reader => canonical name reader
2020-03-07 11:24:18,592 [Thread: 9       ] [DEBUG] -- Creating shared instance of singleton object 'reader'
2020-03-07 11:24:18,595 [Thread: 9       ] [DEBUG] -- Creating instance of Object 'reader' with merged definition [RootObjectDefinition : Class [MPC.LAN.ReaderTCP]; Abstract = False; Parent = ; Scope = singleton; Singleton = True; LazyInit = False; Autowire = No; Autowire-Candidate = True; Primary = False; DependencyCheck = None; InitMethodName = ; DestroyMethodName = ; FactoryMethodName = ; FactoryObjectName = ; defined in = file [D:\DevRepository\2DReader\MPC\MPC\bin\Debug\spring-objects.xml] line 24].
2020-03-07 11:24:18,597 [Thread: 9       ] [DEBUG] -- Invoking IInstantiationAwareObjectPostProcessors before the instantiation of 'reader'.
2020-03-07 11:24:21,538 [Thread: 9       ] [DEBUG] -- Eagerly caching object 'reader' to allow for resolving potential circular references
2020-03-07 11:24:21,539 [Thread: 9       ] [DEBUG] -- Configuring object using definition 'reader'
2020-03-07 11:24:21,542 [Thread: 9       ] [DEBUG] -- Invoking IObjectPostProcessors before initialization of object 'reader'
2020-03-07 11:24:21,544 [Thread: 9       ] [DEBUG] -- Invoking IObjectPostProcessors after initialization of object 'reader'
2020-03-07 11:24:21,577 [Thread: 9       ] [DEBUG] -- Cached shared instance of singleton object 'reader'
2020-03-07 11:24:21,579 [Thread: 9       ] [DEBUG] -- Calling code asked for normal instance for name 'reader'.
2020-03-07 11:24:21,580 [Thread: 9       ] [DEBUG] -- GetObjectInternal: returning instance for objectname reader
2020-03-07 11:24:21,582 [Thread: 9       ] [DEBUG] -- Publishing event in context [spring.root] : ContextRefreshedEventArgs [Refreshed]
2020-03-07 11:24:21,584 [Thread: 9       ] [INFO ] -- ApplicationContext Refresh: Completed
2020-03-07 11:24:21,586 [Thread: 9       ] [DEBUG] --    GetObjectInternal: obtaining instance for name reader => canonical name reader
2020-03-07 11:24:21,587 [Thread: 9       ] [DEBUG] -- Returning cached instance of singleton object 'reader'.
2020-03-07 11:24:21,743 [Thread: 9       ] [DEBUG] -- Calling code asked for normal instance for name 'reader'.
2020-03-07 11:24:21,745 [Thread: 9       ] [DEBUG] -- GetObjectInternal: returning instance for objectname reader
2020-03-07 11:25:00,777 [Thread: 9       ] [ERROR] -- Reader TCP Connect Fail:[由于连接方在一段时间后没有正确答复或连接的主机没有反应，连接尝试失败。 127.0.0.0:30000]
2020-03-07 11:25:44,892 [Thread: 9       ] [DEBUG] --    GetObjectInternal: obtaining instance for name reader => canonical name reader
2020-03-07 11:25:44,893 [Thread: 9       ] [DEBUG] -- Returning cached instance of singleton object 'reader'.
2020-03-07 11:25:44,895 [Thread: 9       ] [DEBUG] -- Calling code asked for normal instance for name 'reader'.
2020-03-07 11:25:44,896 [Thread: 9       ] [DEBUG] -- GetObjectInternal: returning instance for objectname reader
2020-03-07 11:26:09,680 [Thread: 9       ] [ERROR] -- Reader TCP Connect Fail:[由于连接方在一段时间后没有正确答复或连接的主机没有反应，连接尝试失败。 127.0.0.0:30000]
2020-03-07 11:28:05,600 [Thread: 8       ] [DEBUG] -- ApplicationContext Refresh: Refreshing object factory 
2020-03-07 11:28:06,508 [Thread: 8       ] [DEBUG] -- Loading XML object definitions from file [D:\DevRepository\2DReader\MPC\MPC\bin\Debug\spring-objects.xml]
2020-03-07 11:28:06,829 [Thread: 8       ] [DEBUG] -- Using the following XmlReader implementation : System.Xml.XsdValidatingReader
2020-03-07 11:28:06,978 [Thread: 8       ] [DEBUG] -- Loading object definitions.
2020-03-07 11:28:06,985 [Thread: 8       ] [DEBUG] -- Loading object definitions...
2020-03-07 11:28:06,988 [Thread: 8       ] [DEBUG] -- Default lazy init 'false'.
2020-03-07 11:28:06,991 [Thread: 8       ] [DEBUG] -- Default dependency check 'none'.
2020-03-07 11:28:06,993 [Thread: 8       ] [DEBUG] -- Default autowire 'no'.
2020-03-07 11:28:06,996 [Thread: 8       ] [DEBUG] -- Default merge 'false'.
2020-03-07 11:28:06,999 [Thread: 8       ] [DEBUG] -- Default init method ''.
2020-03-07 11:28:07,002 [Thread: 8       ] [DEBUG] -- Default destroy method ''.
2020-03-07 11:28:07,004 [Thread: 8       ] [DEBUG] -- Default autowire candidates ''.
2020-03-07 11:28:07,007 [Thread: 8       ] [DEBUG] -- Default init method ''.
2020-03-07 11:28:07,010 [Thread: 8       ] [DEBUG] -- Default destroy method ''.
2020-03-07 11:28:07,137 [Thread: 8       ] [DEBUG] -- Registering object definition with id 'reader'.
2020-03-07 11:28:07,142 [Thread: 8       ] [DEBUG] -- Found 1 <object> elements defining objects.
2020-03-07 11:28:07,144 [Thread: 8       ] [DEBUG] -- Loaded 1 object definitions from location [spring-objects.xml]
2020-03-07 11:28:07,146 [Thread: 8       ] [DEBUG] -- Refreshed ObjectFactory for application context 'spring.root'.
2020-03-07 11:28:07,147 [Thread: 8       ] [DEBUG] -- ApplicationContext Refresh: Registering well-known processors and objects
2020-03-07 11:28:07,150 [Thread: 8       ] [DEBUG] -- ApplicationContext Refresh: Custom post processing object factory
2020-03-07 11:28:07,152 [Thread: 8       ] [DEBUG] -- ApplicationContext Refresh: Post processing object factory using pre-registered processors
2020-03-07 11:28:07,154 [Thread: 8       ] [DEBUG] -- 1 objects defined in application context [spring.root].
2020-03-07 11:28:07,156 [Thread: 8       ] [DEBUG] -- ApplicationContext Refresh: Post processing object factory using defined processors
2020-03-07 11:28:07,538 [Thread: 8       ] [DEBUG] -- processed 0 IFactoryObjectPostProcessors defined in application context [spring.root].
2020-03-07 11:28:07,545 [Thread: 8       ] [DEBUG] -- processed 0 IObjectPostProcessors defined in application context [spring.root].
2020-03-07 11:28:07,551 [Thread: 8       ] [DEBUG] -- No IEventRegistry found with name 'eventRegistry' : using default 'Spring.Objects.Events.Support.EventRegistry'.
2020-03-07 11:28:07,556 [Thread: 8       ] [DEBUG] -- No IMessageSource found with name 'messageSource' : using default 'StaticMessageSource : '.
2020-03-07 11:28:07,560 [Thread: 8       ] [DEBUG] -- ApplicationContext Refresh: Preinstantiating singletons
2020-03-07 11:28:07,563 [Thread: 8       ] [DEBUG] -- Pre-instantiating singletons in factory [Spring.Objects.Factory.Support.DefaultListableObjectFactory]
2020-03-07 11:28:07,566 [Thread: 8       ] [DEBUG] --    GetObjectInternal: obtaining instance for name reader => canonical name reader
2020-03-07 11:28:07,571 [Thread: 8       ] [DEBUG] -- Creating shared instance of singleton object 'reader'
2020-03-07 11:28:07,642 [Thread: 8       ] [DEBUG] -- Creating instance of Object 'reader' with merged definition [RootObjectDefinition : Class [MPC.LAN.ReaderTCP]; Abstract = False; Parent = ; Scope = singleton; Singleton = True; LazyInit = False; Autowire = No; Autowire-Candidate = True; Primary = False; DependencyCheck = None; InitMethodName = ; DestroyMethodName = ; FactoryMethodName = ; FactoryObjectName = ; defined in = file [D:\DevRepository\2DReader\MPC\MPC\bin\Debug\spring-objects.xml] line 24].
2020-03-07 11:28:07,647 [Thread: 8       ] [DEBUG] -- Invoking IInstantiationAwareObjectPostProcessors before the instantiation of 'reader'.
2020-03-07 11:28:07,655 [Thread: 8       ] [DEBUG] -- Eagerly caching object 'reader' to allow for resolving potential circular references
2020-03-07 11:28:07,663 [Thread: 8       ] [DEBUG] -- Configuring object using definition 'reader'
2020-03-07 11:28:07,669 [Thread: 8       ] [DEBUG] -- Invoking IObjectPostProcessors before initialization of object 'reader'
2020-03-07 11:28:07,843 [Thread: 8       ] [DEBUG] -- Invoking IObjectPostProcessors after initialization of object 'reader'
2020-03-07 11:28:07,847 [Thread: 8       ] [DEBUG] -- Cached shared instance of singleton object 'reader'
2020-03-07 11:28:07,852 [Thread: 8       ] [DEBUG] -- Calling code asked for normal instance for name 'reader'.
2020-03-07 11:28:07,857 [Thread: 8       ] [DEBUG] -- GetObjectInternal: returning instance for objectname reader
2020-03-07 11:28:07,862 [Thread: 8       ] [DEBUG] -- Publishing event in context [spring.root] : ContextRefreshedEventArgs [Refreshed]
2020-03-07 11:28:07,867 [Thread: 8       ] [INFO ] -- ApplicationContext Refresh: Completed
2020-03-07 11:28:07,873 [Thread: 8       ] [DEBUG] --    GetObjectInternal: obtaining instance for name reader => canonical name reader
2020-03-07 11:28:07,876 [Thread: 8       ] [DEBUG] -- Returning cached instance of singleton object 'reader'.
2020-03-07 11:28:08,038 [Thread: 8       ] [DEBUG] -- Calling code asked for normal instance for name 'reader'.
2020-03-07 11:28:08,040 [Thread: 8       ] [DEBUG] -- GetObjectInternal: returning instance for objectname reader
2020-03-07 11:28:08,041 [Thread: 8       ] [DEBUG] -- Reader Start Connect
2020-03-07 11:28:29,508 [Thread: 8       ] [ERROR] -- Reader TCP Connect Fail:[由于连接方在一段时间后没有正确答复或连接的主机没有反应，连接尝试失败。 127.0.0.0:30000]
2020-03-07 12:14:11,127 [Thread: 9       ] [DEBUG] -- ApplicationContext Refresh: Refreshing object factory 
2020-03-07 12:14:12,175 [Thread: 9       ] [DEBUG] -- Loading XML object definitions from file [D:\DevRepository\2DReader\MPC\MPC\bin\Debug\spring-objects.xml]
2020-03-07 12:14:12,388 [Thread: 9       ] [DEBUG] -- Using the following XmlReader implementation : System.Xml.XsdValidatingReader
2020-03-07 12:14:12,494 [Thread: 9       ] [DEBUG] -- Loading object definitions.
2020-03-07 12:14:12,501 [Thread: 9       ] [DEBUG] -- Loading object definitions...
2020-03-07 12:14:12,503 [Thread: 9       ] [DEBUG] -- Default lazy init 'false'.
2020-03-07 12:14:12,506 [Thread: 9       ] [DEBUG] -- Default dependency check 'none'.
2020-03-07 12:14:12,508 [Thread: 9       ] [DEBUG] -- Default autowire 'no'.
2020-03-07 12:14:12,510 [Thread: 9       ] [DEBUG] -- Default merge 'false'.
2020-03-07 12:14:12,512 [Thread: 9       ] [DEBUG] -- Default init method ''.
2020-03-07 12:14:12,514 [Thread: 9       ] [DEBUG] -- Default destroy method ''.
2020-03-07 12:14:12,516 [Thread: 9       ] [DEBUG] -- Default autowire candidates ''.
2020-03-07 12:14:12,518 [Thread: 9       ] [DEBUG] -- Default init method ''.
2020-03-07 12:14:12,520 [Thread: 9       ] [DEBUG] -- Default destroy method ''.
2020-03-07 12:14:12,685 [Thread: 9       ] [DEBUG] -- Registering object definition with id 'reader'.
2020-03-07 12:14:12,688 [Thread: 9       ] [DEBUG] -- Found 1 <object> elements defining objects.
2020-03-07 12:14:12,689 [Thread: 9       ] [DEBUG] -- Loaded 1 object definitions from location [spring-objects.xml]
2020-03-07 12:14:12,690 [Thread: 9       ] [DEBUG] -- Refreshed ObjectFactory for application context 'spring.root'.
2020-03-07 12:14:12,692 [Thread: 9       ] [DEBUG] -- ApplicationContext Refresh: Registering well-known processors and objects
2020-03-07 12:14:12,694 [Thread: 9       ] [DEBUG] -- ApplicationContext Refresh: Custom post processing object factory
2020-03-07 12:14:12,695 [Thread: 9       ] [DEBUG] -- ApplicationContext Refresh: Post processing object factory using pre-registered processors
2020-03-07 12:14:12,696 [Thread: 9       ] [DEBUG] -- 1 objects defined in application context [spring.root].
2020-03-07 12:14:12,697 [Thread: 9       ] [DEBUG] -- ApplicationContext Refresh: Post processing object factory using defined processors
2020-03-07 12:14:12,929 [Thread: 9       ] [DEBUG] -- processed 0 IFactoryObjectPostProcessors defined in application context [spring.root].
2020-03-07 12:14:12,933 [Thread: 9       ] [DEBUG] -- processed 0 IObjectPostProcessors defined in application context [spring.root].
2020-03-07 12:14:12,937 [Thread: 9       ] [DEBUG] -- No IEventRegistry found with name 'eventRegistry' : using default 'Spring.Objects.Events.Support.EventRegistry'.
2020-03-07 12:14:12,942 [Thread: 9       ] [DEBUG] -- No IMessageSource found with name 'messageSource' : using default 'StaticMessageSource : '.
2020-03-07 12:14:12,945 [Thread: 9       ] [DEBUG] -- ApplicationContext Refresh: Preinstantiating singletons
2020-03-07 12:14:12,947 [Thread: 9       ] [DEBUG] -- Pre-instantiating singletons in factory [Spring.Objects.Factory.Support.DefaultListableObjectFactory]
2020-03-07 12:14:12,950 [Thread: 9       ] [DEBUG] --    GetObjectInternal: obtaining instance for name reader => canonical name reader
2020-03-07 12:14:12,998 [Thread: 9       ] [DEBUG] -- Creating shared instance of singleton object 'reader'
2020-03-07 12:14:13,000 [Thread: 9       ] [DEBUG] -- Creating instance of Object 'reader' with merged definition [RootObjectDefinition : Class [MPC.LAN.ReaderTCP]; Abstract = False; Parent = ; Scope = singleton; Singleton = True; LazyInit = False; Autowire = No; Autowire-Candidate = True; Primary = False; DependencyCheck = None; InitMethodName = ; DestroyMethodName = ; FactoryMethodName = ; FactoryObjectName = ; defined in = file [D:\DevRepository\2DReader\MPC\MPC\bin\Debug\spring-objects.xml] line 24].
2020-03-07 12:14:13,002 [Thread: 9       ] [DEBUG] -- Invoking IInstantiationAwareObjectPostProcessors before the instantiation of 'reader'.
2020-03-07 12:14:13,006 [Thread: 9       ] [DEBUG] -- Eagerly caching object 'reader' to allow for resolving potential circular references
2020-03-07 12:14:13,007 [Thread: 9       ] [DEBUG] -- Configuring object using definition 'reader'
2020-03-07 12:14:13,198 [Thread: 9       ] [DEBUG] -- Invoking IObjectPostProcessors before initialization of object 'reader'
2020-03-07 12:14:13,211 [Thread: 9       ] [DEBUG] -- Invoking IObjectPostProcessors after initialization of object 'reader'
2020-03-07 12:14:13,213 [Thread: 9       ] [DEBUG] -- Cached shared instance of singleton object 'reader'
2020-03-07 12:14:13,216 [Thread: 9       ] [DEBUG] -- Calling code asked for normal instance for name 'reader'.
2020-03-07 12:14:13,217 [Thread: 9       ] [DEBUG] -- GetObjectInternal: returning instance for objectname reader
2020-03-07 12:14:13,219 [Thread: 9       ] [DEBUG] -- Publishing event in context [spring.root] : ContextRefreshedEventArgs [Refreshed]
2020-03-07 12:14:13,221 [Thread: 9       ] [INFO ] -- ApplicationContext Refresh: Completed
2020-03-07 12:14:13,223 [Thread: 9       ] [DEBUG] --    GetObjectInternal: obtaining instance for name reader => canonical name reader
2020-03-07 12:14:13,224 [Thread: 9       ] [DEBUG] -- Returning cached instance of singleton object 'reader'.
2020-03-07 12:14:13,397 [Thread: 9       ] [DEBUG] -- Calling code asked for normal instance for name 'reader'.
2020-03-07 12:14:13,398 [Thread: 9       ] [DEBUG] -- GetObjectInternal: returning instance for objectname reader
2020-03-07 12:14:13,399 [Thread: 9       ] [DEBUG] -- Reader Start Connect
2020-03-07 12:14:31,386 [Thread: 9       ] [DEBUG] --    GetObjectInternal: obtaining instance for name reader => canonical name reader
2020-03-07 12:14:31,388 [Thread: 9       ] [DEBUG] -- Returning cached instance of singleton object 'reader'.
2020-03-07 12:14:31,390 [Thread: 9       ] [DEBUG] -- Calling code asked for normal instance for name 'reader'.
2020-03-07 12:14:31,392 [Thread: 9       ] [DEBUG] -- GetObjectInternal: returning instance for objectname reader
2020-03-07 12:14:31,393 [Thread: 9       ] [DEBUG] -- Reader Start Connect
2020-03-07 12:14:49,014 [Thread: 11      ] [ERROR] -- Reader TCP Connect Fail:[Connect Fail!]
2020-03-07 12:15:02,943 [Thread: 11      ] [ERROR] -- Reader TCP Connect Fail:[Connect Fail!]
