2020-03-27 15:00:35,794 [Thread: 9       ] [DEBUG] -- ApplicationContext Refresh: Refreshing object factory 
2020-03-27 15:00:35,958 [Thread: 9       ] [DEBUG] -- Loading XML object definitions from file [D:\DevRepository\2DReader\MPC\MPC\bin\Debug\spring-objects.xml]
2020-03-27 15:00:36,089 [Thread: 9       ] [DEBUG] -- Using the following XmlReader implementation : System.Xml.XsdValidatingReader
2020-03-27 15:00:36,118 [Thread: 9       ] [DEBUG] -- Loading object definitions.
2020-03-27 15:00:36,120 [Thread: 9       ] [DEBUG] -- Loading object definitions...
2020-03-27 15:00:36,122 [Thread: 9       ] [DEBUG] -- Default lazy init 'false'.
2020-03-27 15:00:36,123 [Thread: 9       ] [DEBUG] -- Default dependency check 'none'.
2020-03-27 15:00:36,125 [Thread: 9       ] [DEBUG] -- Default autowire 'no'.
2020-03-27 15:00:36,126 [Thread: 9       ] [DEBUG] -- Default merge 'false'.
2020-03-27 15:00:36,127 [Thread: 9       ] [DEBUG] -- Default init method ''.
2020-03-27 15:00:36,129 [Thread: 9       ] [DEBUG] -- Default destroy method ''.
2020-03-27 15:00:36,130 [Thread: 9       ] [DEBUG] -- Default autowire candidates ''.
2020-03-27 15:00:36,131 [Thread: 9       ] [DEBUG] -- Default init method ''.
2020-03-27 15:00:36,133 [Thread: 9       ] [DEBUG] -- Default destroy method ''.
2020-03-27 15:00:36,236 [Thread: 9       ] [DEBUG] -- Registering object definition with id 'reader'.
2020-03-27 15:00:36,239 [Thread: 9       ] [DEBUG] -- Found 1 <object> elements defining objects.
2020-03-27 15:00:36,240 [Thread: 9       ] [DEBUG] -- Loaded 1 object definitions from location [spring-objects.xml]
2020-03-27 15:00:36,241 [Thread: 9       ] [DEBUG] -- Refreshed ObjectFactory for application context 'spring.root'.
2020-03-27 15:00:36,242 [Thread: 9       ] [DEBUG] -- ApplicationContext Refresh: Registering well-known processors and objects
2020-03-27 15:00:36,243 [Thread: 9       ] [DEBUG] -- ApplicationContext Refresh: Custom post processing object factory
2020-03-27 15:00:36,244 [Thread: 9       ] [DEBUG] -- ApplicationContext Refresh: Post processing object factory using pre-registered processors
2020-03-27 15:00:36,245 [Thread: 9       ] [DEBUG] -- 1 objects defined in application context [spring.root].
2020-03-27 15:00:36,246 [Thread: 9       ] [DEBUG] -- ApplicationContext Refresh: Post processing object factory using defined processors
2020-03-27 15:00:36,466 [Thread: 9       ] [DEBUG] -- processed 0 IFactoryObjectPostProcessors defined in application context [spring.root].
2020-03-27 15:00:36,468 [Thread: 9       ] [DEBUG] -- processed 0 IObjectPostProcessors defined in application context [spring.root].
2020-03-27 15:00:36,469 [Thread: 9       ] [DEBUG] -- No IEventRegistry found with name 'eventRegistry' : using default 'Spring.Objects.Events.Support.EventRegistry'.
2020-03-27 15:00:36,472 [Thread: 9       ] [DEBUG] -- No IMessageSource found with name 'messageSource' : using default 'StaticMessageSource : '.
2020-03-27 15:00:36,479 [Thread: 9       ] [DEBUG] -- ApplicationContext Refresh: Preinstantiating singletons
2020-03-27 15:00:36,480 [Thread: 9       ] [DEBUG] -- Pre-instantiating singletons in factory [Spring.Objects.Factory.Support.DefaultListableObjectFactory]
2020-03-27 15:00:36,482 [Thread: 9       ] [DEBUG] --    GetObjectInternal: obtaining instance for name reader => canonical name reader
2020-03-27 15:00:36,617 [Thread: 9       ] [DEBUG] -- Creating shared instance of singleton object 'reader'
2020-03-27 15:00:36,619 [Thread: 9       ] [DEBUG] -- Creating instance of Object 'reader' with merged definition [RootObjectDefinition : Class [TCPSrv.Reader.VCReaderTCP]; Abstract = False; Parent = ; Scope = singleton; Singleton = True; LazyInit = False; Autowire = No; Autowire-Candidate = True; Primary = False; DependencyCheck = None; InitMethodName = ; DestroyMethodName = ; FactoryMethodName = ; FactoryObjectName = ; defined in = file [D:\DevRepository\2DReader\MPC\MPC\bin\Debug\spring-objects.xml] line 26].
2020-03-27 15:00:36,621 [Thread: 9       ] [DEBUG] -- Invoking IInstantiationAwareObjectPostProcessors before the instantiation of 'reader'.
2020-03-27 15:00:36,624 [Thread: 9       ] [DEBUG] -- Eagerly caching object 'reader' to allow for resolving potential circular references
2020-03-27 15:00:36,625 [Thread: 9       ] [DEBUG] -- Configuring object using definition 'reader'
2020-03-27 15:00:36,818 [Thread: 9       ] [DEBUG] -- Invoking IObjectPostProcessors before initialization of object 'reader'
2020-03-27 15:00:36,820 [Thread: 9       ] [DEBUG] -- Invoking IObjectPostProcessors after initialization of object 'reader'
2020-03-27 15:00:36,821 [Thread: 9       ] [DEBUG] -- Cached shared instance of singleton object 'reader'
2020-03-27 15:00:36,822 [Thread: 9       ] [DEBUG] -- Calling code asked for normal instance for name 'reader'.
2020-03-27 15:00:36,824 [Thread: 9       ] [DEBUG] -- GetObjectInternal: returning instance for objectname reader
2020-03-27 15:00:36,825 [Thread: 9       ] [DEBUG] -- Publishing event in context [spring.root] : ContextRefreshedEventArgs [Refreshed]
2020-03-27 15:00:36,827 [Thread: 9       ] [INFO ] -- ApplicationContext Refresh: Completed
2020-03-27 15:00:36,828 [Thread: 9       ] [DEBUG] --    GetObjectInternal: obtaining instance for name reader => canonical name reader
2020-03-27 15:00:37,016 [Thread: 9       ] [DEBUG] -- Returning cached instance of singleton object 'reader'.
2020-03-27 15:00:37,017 [Thread: 9       ] [DEBUG] -- Calling code asked for normal instance for name 'reader'.
2020-03-27 15:00:37,018 [Thread: 9       ] [DEBUG] -- GetObjectInternal: returning instance for objectname reader
2020-03-27 15:00:37,269 [Thread: 9       ] [DEBUG] --    GetObjectInternal: obtaining instance for name reader => canonical name reader
2020-03-27 15:00:37,271 [Thread: 9       ] [DEBUG] -- Returning cached instance of singleton object 'reader'.
2020-03-27 15:00:37,271 [Thread: 9       ] [DEBUG] -- Calling code asked for normal instance for name 'reader'.
2020-03-27 15:00:37,272 [Thread: 9       ] [DEBUG] -- GetObjectInternal: returning instance for objectname reader
2020-03-27 15:00:38,309 [Thread: 11      ] [ERROR] -- VCReader TCP Connected fail[Connect Fail!]
2020-03-27 15:00:57,828 [Thread: 10      ] [DEBUG] -- ApplicationContext Refresh: Refreshing object factory 
2020-03-27 15:00:57,874 [Thread: 10      ] [DEBUG] -- Loading XML object definitions from file [D:\DevRepository\2DReader\MPC\MPC\bin\Debug\spring-objects.xml]
2020-03-27 15:00:57,902 [Thread: 10      ] [DEBUG] -- Using the following XmlReader implementation : System.Xml.XsdValidatingReader
2020-03-27 15:00:57,906 [Thread: 10      ] [DEBUG] -- Loading object definitions.
2020-03-27 15:00:57,908 [Thread: 10      ] [DEBUG] -- Loading object definitions...
2020-03-27 15:00:57,910 [Thread: 10      ] [DEBUG] -- Default lazy init 'false'.
2020-03-27 15:00:57,911 [Thread: 10      ] [DEBUG] -- Default dependency check 'none'.
2020-03-27 15:00:57,912 [Thread: 10      ] [DEBUG] -- Default autowire 'no'.
2020-03-27 15:00:57,913 [Thread: 10      ] [DEBUG] -- Default merge 'false'.
2020-03-27 15:00:57,914 [Thread: 10      ] [DEBUG] -- Default init method ''.
2020-03-27 15:00:57,915 [Thread: 10      ] [DEBUG] -- Default destroy method ''.
2020-03-27 15:00:57,916 [Thread: 10      ] [DEBUG] -- Default autowire candidates ''.
2020-03-27 15:00:58,060 [Thread: 10      ] [DEBUG] -- Default init method ''.
2020-03-27 15:00:58,061 [Thread: 10      ] [DEBUG] -- Default destroy method ''.
2020-03-27 15:00:58,074 [Thread: 10      ] [DEBUG] -- Registering object definition with id 'reader'.
2020-03-27 15:00:58,077 [Thread: 10      ] [DEBUG] -- Found 1 <object> elements defining objects.
2020-03-27 15:00:58,078 [Thread: 10      ] [DEBUG] -- Loaded 1 object definitions from location [spring-objects.xml]
2020-03-27 15:00:58,079 [Thread: 10      ] [DEBUG] -- Refreshed ObjectFactory for application context 'spring.root'.
2020-03-27 15:00:58,080 [Thread: 10      ] [DEBUG] -- ApplicationContext Refresh: Registering well-known processors and objects
2020-03-27 15:00:58,082 [Thread: 10      ] [DEBUG] -- ApplicationContext Refresh: Custom post processing object factory
2020-03-27 15:00:58,083 [Thread: 10      ] [DEBUG] -- ApplicationContext Refresh: Post processing object factory using pre-registered processors
2020-03-27 15:00:58,260 [Thread: 10      ] [DEBUG] -- 1 objects defined in application context [spring.root].
2020-03-27 15:00:58,261 [Thread: 10      ] [DEBUG] -- ApplicationContext Refresh: Post processing object factory using defined processors
2020-03-27 15:00:58,271 [Thread: 10      ] [DEBUG] -- processed 0 IFactoryObjectPostProcessors defined in application context [spring.root].
2020-03-27 15:00:58,273 [Thread: 10      ] [DEBUG] -- processed 0 IObjectPostProcessors defined in application context [spring.root].
2020-03-27 15:00:58,274 [Thread: 10      ] [DEBUG] -- No IEventRegistry found with name 'eventRegistry' : using default 'Spring.Objects.Events.Support.EventRegistry'.
2020-03-27 15:00:58,277 [Thread: 10      ] [DEBUG] -- No IMessageSource found with name 'messageSource' : using default 'StaticMessageSource : '.
2020-03-27 15:00:58,279 [Thread: 10      ] [DEBUG] -- ApplicationContext Refresh: Preinstantiating singletons
2020-03-27 15:00:58,280 [Thread: 10      ] [DEBUG] -- Pre-instantiating singletons in factory [Spring.Objects.Factory.Support.DefaultListableObjectFactory]
2020-03-27 15:00:58,461 [Thread: 10      ] [DEBUG] --    GetObjectInternal: obtaining instance for name reader => canonical name reader
2020-03-27 15:00:58,463 [Thread: 10      ] [DEBUG] -- Creating shared instance of singleton object 'reader'
2020-03-27 15:00:58,465 [Thread: 10      ] [DEBUG] -- Creating instance of Object 'reader' with merged definition [RootObjectDefinition : Class [TCPSrv.Reader.VCReaderTCP]; Abstract = False; Parent = ; Scope = singleton; Singleton = True; LazyInit = False; Autowire = No; Autowire-Candidate = True; Primary = False; DependencyCheck = None; InitMethodName = ; DestroyMethodName = ; FactoryMethodName = ; FactoryObjectName = ; defined in = file [D:\DevRepository\2DReader\MPC\MPC\bin\Debug\spring-objects.xml] line 26].
2020-03-27 15:00:58,467 [Thread: 10      ] [DEBUG] -- Invoking IInstantiationAwareObjectPostProcessors before the instantiation of 'reader'.
2020-03-27 15:00:58,470 [Thread: 10      ] [DEBUG] -- Eagerly caching object 'reader' to allow for resolving potential circular references
2020-03-27 15:00:58,660 [Thread: 10      ] [DEBUG] -- Configuring object using definition 'reader'
2020-03-27 15:00:58,663 [Thread: 10      ] [DEBUG] -- Invoking IObjectPostProcessors before initialization of object 'reader'
2020-03-27 15:00:58,665 [Thread: 10      ] [DEBUG] -- Invoking IObjectPostProcessors after initialization of object 'reader'
2020-03-27 15:00:58,667 [Thread: 10      ] [DEBUG] -- Cached shared instance of singleton object 'reader'
2020-03-27 15:00:58,668 [Thread: 10      ] [DEBUG] -- Calling code asked for normal instance for name 'reader'.
2020-03-27 15:00:58,671 [Thread: 10      ] [DEBUG] -- GetObjectInternal: returning instance for objectname reader
2020-03-27 15:00:58,672 [Thread: 10      ] [DEBUG] -- Publishing event in context [spring.root] : ContextRefreshedEventArgs [Refreshed]
2020-03-27 15:00:58,674 [Thread: 10      ] [INFO ] -- ApplicationContext Refresh: Completed
2020-03-27 15:00:58,860 [Thread: 10      ] [DEBUG] --    GetObjectInternal: obtaining instance for name reader => canonical name reader
2020-03-27 15:00:58,861 [Thread: 10      ] [DEBUG] -- Returning cached instance of singleton object 'reader'.
2020-03-27 15:00:58,862 [Thread: 10      ] [DEBUG] -- Calling code asked for normal instance for name 'reader'.
2020-03-27 15:00:58,863 [Thread: 10      ] [DEBUG] -- GetObjectInternal: returning instance for objectname reader
2020-03-27 15:01:00,002 [Thread: 12      ] [ERROR] -- VCReader TCP Connected fail[Connect Fail!]
2020-03-27 15:01:15,516 [Thread: 10      ] [DEBUG] --    GetObjectInternal: obtaining instance for name reader => canonical name reader
2020-03-27 15:01:15,517 [Thread: 10      ] [DEBUG] -- Returning cached instance of singleton object 'reader'.
2020-03-27 15:01:15,518 [Thread: 10      ] [DEBUG] -- Calling code asked for normal instance for name 'reader'.
2020-03-27 15:01:15,519 [Thread: 10      ] [DEBUG] -- GetObjectInternal: returning instance for objectname reader
2020-03-27 15:01:15,521 [Thread: 12      ] [DEBUG] -- VCReader TCP Connected!
2020-03-27 15:01:22,249 [Thread: 10      ] [DEBUG] --    GetObjectInternal: obtaining instance for name reader => canonical name reader
2020-03-27 15:01:22,250 [Thread: 10      ] [DEBUG] -- Returning cached instance of singleton object 'reader'.
2020-03-27 15:01:22,251 [Thread: 10      ] [DEBUG] -- Calling code asked for normal instance for name 'reader'.
2020-03-27 15:01:22,252 [Thread: 10      ] [DEBUG] -- GetObjectInternal: returning instance for objectname reader
2020-03-27 15:01:22,281 [Thread: VCR Read thread] [DEBUG] -- Send Read Command
2020-03-27 15:01:30,375 [Thread: VCR Read thread] [ERROR] -- Reader Ack Timeout[8000ms]
2020-03-27 15:01:31,378 [Thread: VCR Read thread] [DEBUG] -- Start Next Cycle
2020-03-27 15:01:31,380 [Thread: VCR Read thread] [DEBUG] -- Send Read Command
2020-03-27 15:01:39,463 [Thread: VCR Read thread] [ERROR] -- Reader Ack Timeout[8000ms]
2020-03-27 15:01:40,468 [Thread: VCR Read thread] [DEBUG] -- Start Next Cycle
2020-03-27 15:01:40,469 [Thread: VCR Read thread] [DEBUG] -- Send Read Command
2020-03-27 15:01:48,558 [Thread: VCR Read thread] [ERROR] -- Reader Ack Timeout[8000ms]
2020-03-27 15:01:49,558 [Thread: VCR Read thread] [DEBUG] -- Start Next Cycle
2020-03-27 15:01:49,558 [Thread: VCR Read thread] [DEBUG] -- Send Read Command
2020-03-27 15:01:57,395 [Thread: 10      ] [DEBUG] --    GetObjectInternal: obtaining instance for name reader => canonical name reader
2020-03-27 15:01:57,396 [Thread: 10      ] [DEBUG] -- Returning cached instance of singleton object 'reader'.
2020-03-27 15:01:57,397 [Thread: 10      ] [DEBUG] -- Calling code asked for normal instance for name 'reader'.
2020-03-27 15:01:57,398 [Thread: 10      ] [DEBUG] -- GetObjectInternal: returning instance for objectname reader
2020-03-27 15:01:57,399 [Thread: 10      ] [DEBUG] -- Reader Stop Request
2020-03-27 15:01:57,643 [Thread: VCR Read thread] [ERROR] -- Reader Ack Timeout[8000ms]
2020-03-27 15:01:57,644 [Thread: VCR Read thread] [DEBUG] -- Reader Stop
2020-03-27 15:03:23,832 [Thread: 10      ] [DEBUG] -- ApplicationContext Refresh: Refreshing object factory 
2020-03-27 15:03:24,046 [Thread: 10      ] [DEBUG] -- Loading XML object definitions from file [D:\DevRepository\2DReader\MPC\MPC\bin\Debug\spring-objects.xml]
2020-03-27 15:03:24,144 [Thread: 10      ] [DEBUG] -- Using the following XmlReader implementation : System.Xml.XsdValidatingReader
2020-03-27 15:03:24,158 [Thread: 10      ] [DEBUG] -- Loading object definitions.
2020-03-27 15:03:24,161 [Thread: 10      ] [DEBUG] -- Loading object definitions...
2020-03-27 15:03:24,162 [Thread: 10      ] [DEBUG] -- Default lazy init 'false'.
2020-03-27 15:03:24,163 [Thread: 10      ] [DEBUG] -- Default dependency check 'none'.
2020-03-27 15:03:24,164 [Thread: 10      ] [DEBUG] -- Default autowire 'no'.
2020-03-27 15:03:24,165 [Thread: 10      ] [DEBUG] -- Default merge 'false'.
2020-03-27 15:03:24,167 [Thread: 10      ] [DEBUG] -- Default init method ''.
2020-03-27 15:03:24,168 [Thread: 10      ] [DEBUG] -- Default destroy method ''.
2020-03-27 15:03:24,169 [Thread: 10      ] [DEBUG] -- Default autowire candidates ''.
2020-03-27 15:03:24,169 [Thread: 10      ] [DEBUG] -- Default init method ''.
2020-03-27 15:03:24,170 [Thread: 10      ] [DEBUG] -- Default destroy method ''.
2020-03-27 15:03:24,282 [Thread: 10      ] [DEBUG] -- Registering object definition with id 'reader'.
2020-03-27 15:03:24,285 [Thread: 10      ] [DEBUG] -- Found 1 <object> elements defining objects.
2020-03-27 15:03:24,286 [Thread: 10      ] [DEBUG] -- Loaded 1 object definitions from location [spring-objects.xml]
2020-03-27 15:03:24,287 [Thread: 10      ] [DEBUG] -- Refreshed ObjectFactory for application context 'spring.root'.
2020-03-27 15:03:24,288 [Thread: 10      ] [DEBUG] -- ApplicationContext Refresh: Registering well-known processors and objects
2020-03-27 15:03:24,290 [Thread: 10      ] [DEBUG] -- ApplicationContext Refresh: Custom post processing object factory
2020-03-27 15:03:24,291 [Thread: 10      ] [DEBUG] -- ApplicationContext Refresh: Post processing object factory using pre-registered processors
2020-03-27 15:03:24,291 [Thread: 10      ] [DEBUG] -- 1 objects defined in application context [spring.root].
2020-03-27 15:03:24,292 [Thread: 10      ] [DEBUG] -- ApplicationContext Refresh: Post processing object factory using defined processors
2020-03-27 15:03:24,512 [Thread: 10      ] [DEBUG] -- processed 0 IFactoryObjectPostProcessors defined in application context [spring.root].
2020-03-27 15:03:24,514 [Thread: 10      ] [DEBUG] -- processed 0 IObjectPostProcessors defined in application context [spring.root].
2020-03-27 15:03:24,516 [Thread: 10      ] [DEBUG] -- No IEventRegistry found with name 'eventRegistry' : using default 'Spring.Objects.Events.Support.EventRegistry'.
2020-03-27 15:03:24,519 [Thread: 10      ] [DEBUG] -- No IMessageSource found with name 'messageSource' : using default 'StaticMessageSource : '.
2020-03-27 15:03:24,526 [Thread: 10      ] [DEBUG] -- ApplicationContext Refresh: Preinstantiating singletons
2020-03-27 15:03:24,527 [Thread: 10      ] [DEBUG] -- Pre-instantiating singletons in factory [Spring.Objects.Factory.Support.DefaultListableObjectFactory]
2020-03-27 15:03:24,529 [Thread: 10      ] [DEBUG] --    GetObjectInternal: obtaining instance for name reader => canonical name reader
2020-03-27 15:03:24,664 [Thread: 10      ] [DEBUG] -- Creating shared instance of singleton object 'reader'
2020-03-27 15:03:24,666 [Thread: 10      ] [DEBUG] -- Creating instance of Object 'reader' with merged definition [RootObjectDefinition : Class [TCPSrv.Reader.VCReaderTCP]; Abstract = False; Parent = ; Scope = singleton; Singleton = True; LazyInit = False; Autowire = No; Autowire-Candidate = True; Primary = False; DependencyCheck = None; InitMethodName = ; DestroyMethodName = ; FactoryMethodName = ; FactoryObjectName = ; defined in = file [D:\DevRepository\2DReader\MPC\MPC\bin\Debug\spring-objects.xml] line 26].
2020-03-27 15:03:24,668 [Thread: 10      ] [DEBUG] -- Invoking IInstantiationAwareObjectPostProcessors before the instantiation of 'reader'.
2020-03-27 15:03:24,671 [Thread: 10      ] [DEBUG] -- Eagerly caching object 'reader' to allow for resolving potential circular references
2020-03-27 15:03:24,672 [Thread: 10      ] [DEBUG] -- Configuring object using definition 'reader'
2020-03-27 15:03:24,865 [Thread: 10      ] [DEBUG] -- Invoking IObjectPostProcessors before initialization of object 'reader'
2020-03-27 15:03:24,867 [Thread: 10      ] [DEBUG] -- Invoking IObjectPostProcessors after initialization of object 'reader'
2020-03-27 15:03:24,868 [Thread: 10      ] [DEBUG] -- Cached shared instance of singleton object 'reader'
2020-03-27 15:03:24,869 [Thread: 10      ] [DEBUG] -- Calling code asked for normal instance for name 'reader'.
2020-03-27 15:03:24,871 [Thread: 10      ] [DEBUG] -- GetObjectInternal: returning instance for objectname reader
2020-03-27 15:03:24,873 [Thread: 10      ] [DEBUG] -- Publishing event in context [spring.root] : ContextRefreshedEventArgs [Refreshed]
2020-03-27 15:03:24,874 [Thread: 10      ] [INFO ] -- ApplicationContext Refresh: Completed
2020-03-27 15:03:24,875 [Thread: 10      ] [DEBUG] --    GetObjectInternal: obtaining instance for name reader => canonical name reader
2020-03-27 15:03:25,063 [Thread: 10      ] [DEBUG] -- Returning cached instance of singleton object 'reader'.
2020-03-27 15:03:25,064 [Thread: 10      ] [DEBUG] -- Calling code asked for normal instance for name 'reader'.
2020-03-27 15:03:25,065 [Thread: 10      ] [DEBUG] -- GetObjectInternal: returning instance for objectname reader
2020-03-27 15:03:26,338 [Thread: 12      ] [ERROR] -- VCReader TCP Connected fail[Connect Fail!]
2020-03-27 15:03:46,026 [Thread: 10      ] [DEBUG] --    GetObjectInternal: obtaining instance for name reader => canonical name reader
2020-03-27 15:03:46,027 [Thread: 10      ] [DEBUG] -- Returning cached instance of singleton object 'reader'.
2020-03-27 15:03:46,028 [Thread: 10      ] [DEBUG] -- Calling code asked for normal instance for name 'reader'.
2020-03-27 15:03:46,029 [Thread: 10      ] [DEBUG] -- GetObjectInternal: returning instance for objectname reader
2020-03-27 15:03:46,031 [Thread: 12      ] [DEBUG] -- VCReader TCP Connected!
2020-03-27 15:03:53,436 [Thread: 10      ] [DEBUG] --    GetObjectInternal: obtaining instance for name reader => canonical name reader
2020-03-27 15:03:53,437 [Thread: 10      ] [DEBUG] -- Returning cached instance of singleton object 'reader'.
2020-03-27 15:03:53,438 [Thread: 10      ] [DEBUG] -- Calling code asked for normal instance for name 'reader'.
2020-03-27 15:03:53,438 [Thread: 10      ] [DEBUG] -- GetObjectInternal: returning instance for objectname reader
2020-03-27 15:03:53,462 [Thread: VCR Read thread] [DEBUG] -- Send Read Command
2020-03-27 15:03:55,145 [Thread: VCR Read thread] [DEBUG] -- Received [BR]
2020-03-27 15:03:56,148 [Thread: VCR Read thread] [DEBUG] -- Start Next Cycle
2020-03-27 15:03:56,149 [Thread: VCR Read thread] [DEBUG] -- Send Read Command
2020-03-27 15:03:57,805 [Thread: VCR Read thread] [DEBUG] -- Received [BR]
2020-03-27 15:03:58,806 [Thread: VCR Read thread] [DEBUG] -- Start Next Cycle
2020-03-27 15:03:58,807 [Thread: VCR Read thread] [DEBUG] -- Send Read Command
2020-03-27 15:04:00,451 [Thread: VCR Read thread] [DEBUG] -- Received [BR]
2020-03-27 15:04:01,543 [Thread: VCR Read thread] [DEBUG] -- Start Next Cycle
2020-03-27 15:04:01,544 [Thread: VCR Read thread] [DEBUG] -- Send Read Command
2020-03-27 15:04:03,174 [Thread: VCR Read thread] [DEBUG] -- Received [BR]
2020-03-27 15:04:04,175 [Thread: VCR Read thread] [DEBUG] -- Start Next Cycle
2020-03-27 15:04:04,176 [Thread: VCR Read thread] [DEBUG] -- Send Read Command
2020-03-27 15:04:05,810 [Thread: VCR Read thread] [DEBUG] -- Received [BR]
2020-03-27 15:04:06,812 [Thread: VCR Read thread] [DEBUG] -- Start Next Cycle
2020-03-27 15:04:06,813 [Thread: VCR Read thread] [DEBUG] -- Send Read Command
2020-03-27 15:04:08,524 [Thread: VCR Read thread] [DEBUG] -- Received [BR]
2020-03-27 15:04:09,525 [Thread: VCR Read thread] [DEBUG] -- Start Next Cycle
2020-03-27 15:04:09,526 [Thread: VCR Read thread] [DEBUG] -- Send Read Command
2020-03-27 15:04:11,240 [Thread: VCR Read thread] [DEBUG] -- Received [BR]
2020-03-27 15:04:12,241 [Thread: VCR Read thread] [DEBUG] -- Start Next Cycle
2020-03-27 15:04:12,242 [Thread: VCR Read thread] [DEBUG] -- Send Read Command
2020-03-27 15:04:13,836 [Thread: VCR Read thread] [DEBUG] -- Received [BR]
2020-03-27 15:04:14,837 [Thread: VCR Read thread] [DEBUG] -- Start Next Cycle
2020-03-27 15:04:14,838 [Thread: VCR Read thread] [DEBUG] -- Send Read Command
2020-03-27 15:04:16,455 [Thread: 10      ] [DEBUG] --    GetObjectInternal: obtaining instance for name reader => canonical name reader
2020-03-27 15:04:16,460 [Thread: 10      ] [DEBUG] -- Returning cached instance of singleton object 'reader'.
2020-03-27 15:04:16,461 [Thread: 10      ] [DEBUG] -- Calling code asked for normal instance for name 'reader'.
2020-03-27 15:04:16,462 [Thread: 10      ] [DEBUG] -- GetObjectInternal: returning instance for objectname reader
2020-03-27 15:04:16,463 [Thread: 10      ] [DEBUG] -- Reader Stop Request
2020-03-27 15:04:16,556 [Thread: VCR Read thread] [DEBUG] -- Received [BR]
2020-03-27 15:04:16,556 [Thread: VCR Read thread] [DEBUG] -- Reader Stop
