[2020-09-29 11:17:17.054]Insert Exception:INSERT INTO EDA_MODPANELJUDGE ( GLASSID,PANELID,VCRPANELID,DEFECTNO,DEFECTCODE,PRODUCTSPEC,TIMEKEY,DESCRIPTION  VALUES ( 'A0112E46064','A0112E4606422','12E4606422','1','XA','012','20200929111707','' )
ORA-00917: ȱʧ
[2020-09-29 11:18:45.532]Insert Exception:INSERT INTO EDA_MODPANELJUDGE ( GLASSID,PANELID,VCRPANELID,DEFECTNO,DEFECTCODE,PRODUCTSPEC,TIMEKEY,DESCRIPTION  VALUES ( 'A0112E46064','A0112E4606422','12E4606422','1','FJ','012','20200929111840','' )
ORA-00917: 缺失逗号
[2020-09-29 11:24:02.320]NonQuerySQL Execution Exception:INSERT INTO EDA_MODPANELJUDGE ( GLASSID,PANELID,VCRPANELID,DEFECTNO,DEFECTCODE,PRODUCTSPEC,TIMEKEY,DESCRIPTION ) VALUES ( 'A0112E46064','A0112E4606422','12E4606422','1','LD','012','20200929112349','' )
ORA-00904: "PRODUCTSPEC": 标识符无效
[2020-09-29 11:26:39.215]Success insert,insertSql:INSERT INTO EDA_MODPANELJUDGE ( GLASSID,PANELID,VCRPANELID,DEFECTNO,DEFECTCODE,PRODUCTSPECNAME,TIMEKEY,DESCRIPTION ) VALUES ( 'A0112E46064','A0112E4606422','12E4606422','1','AD','012','20200929112633','' )
[2020-09-29 11:55:19.660]Success insert,insertSql:INSERT INTO EDA_MODPANELJUDGE ( GLASSID,PANELID,VCRPANELID,DEFECTNO,DEFECTCODE,PRODUCTSPECNAME,TIMEKEY,DESCRIPTION ) VALUES ( 'A012E46064','A012E4606422','12E4606422','1','AD','012','20200929115510','' )
[2020-09-29 11:56:16.240]Success insert,insertSql:UPDATE EDA_MODPANELJUDGE SET DEFECTCODE='LD',TIMEKEY='20200929115616' WHERE GLASSID='A012E46064' 
[2020-09-29 02:16:12.018]NonQuerySQL Execution Exception:INSERT INTO EDA_MODPANELJUDGE ( GLASSID,PANELID,VCRPANELID,DEFECTNO,DEFECTCODE,PRODUCTSPECNAME,TIMEKEY,DESCRIPTION ) VALUES ( 'A012E46064','A012E4606422','12E4606422','1','DDX','012','20200929141611','' )
ORA-00001: 违反唯一约束条件 (FABEDAADM.EDA_MODPANELJUDGE)
[2020-09-29 02:16:44.680]Success Execute,NonQuerySQL:UPDATE EDA_MODPANELJUDGE SET DEFECTCODE='AT',TIMEKEY='20200929141644' WHERE GLASSID='A012E46064' 
[2020-09-29 02:17:04.941]Success Execute,NonQuerySQL:UPDATE EDA_MODPANELJUDGE SET DEFECTCODE='LB',TIMEKEY='20200929141704' WHERE GLASSID='A012E46064' 
[2020-09-29 02:18:37.686]Success Execute,NonQuerySQL:UPDATE EDA_MODPANELJUDGE SET DEFECTCODE='TJ',TIMEKEY='20200929141837' WHERE GLASSID='A012E46064' 
[2020-09-29 03:43:55.056]网络传输: TCP 传输地址连接故障
[2020-09-29 03:44:48.078]网络传输: TCP 传输地址连接故障
[2020-09-29 03:44:48.078]Failed Execute,NonQuerySQL:INSERT INTO EDA_MODPANELJUDGE ( GLASSID,PANELID,VCRPANELID,DEFECTNO,DEFECTCODE,PRODUCTSPECNAME,TIMEKEY,DESCRIPTION ) VALUES ( 'A033E7F013','A033E7F01311','33E7F01311','1','LCDH','033','20200929154447','' )
[2020-09-29 03:45:16.610]网络传输: TCP 传输地址连接故障
[2020-09-29 03:45:16.610]Failed Execute,NonQuerySQL:INSERT INTO EDA_MODPANELJUDGE ( GLASSID,PANELID,VCRPANELID,DEFECTNO,DEFECTCODE,PRODUCTSPECNAME,TIMEKEY,DESCRIPTION ) VALUES ( 'A033E7J03A','A033E7J03A11','33E7J03A11','1','LD','033','20200929154516','' )
[2020-09-29 03:47:27.385]网络传输: TCP 传输地址连接故障
[2020-09-29 03:47:27.385]Failed Execute,NonQuerySQL:INSERT INTO EDA_MODPANELJUDGE ( GLASSID,PANELID,VCRPANELID,DEFECTNO,DEFECTCODE,PRODUCTSPECNAME,TIMEKEY,DESCRIPTION ) VALUES ( 'A033E7J039','A033E7J03911','33E7J03911','1','LD','033','20200929154727','' )
[2020-09-29 03:49:00.767]网络传输: TCP 传输地址连接故障
[2020-09-29 03:49:00.767]Failed Execute,NonQuerySQL:INSERT INTO EDA_MODPANELJUDGE ( GLASSID,PANELID,VCRPANELID,DEFECTNO,DEFECTCODE,PRODUCTSPECNAME,TIMEKEY,DESCRIPTION ) VALUES ( 'A033E7J03A','A033E7J03A11','33E7J03A11','1','LD','033','20200929154900','' )
[2020-09-29 03:49:26.554]网络传输: TCP 传输地址连接故障
[2020-09-29 03:49:26.554]Failed Execute,NonQuerySQL:INSERT INTO EDA_MODPANELJUDGE ( GLASSID,PANELID,VCRPANELID,DEFECTNO,DEFECTCODE,PRODUCTSPECNAME,TIMEKEY,DESCRIPTION ) VALUES ( 'A033E7F013','A033E7F01311','33E7F01311','1','LD','033','20200929154926','' )
[2020-09-29 03:51:29.227]网络传输: TCP 传输地址连接故障
[2020-09-29 03:52:27.711]网络传输: TCP 传输地址连接故障
[2020-09-29 03:52:27.711]Failed Execute,NonQuerySQL:INSERT INTO EDA_MODPANELJUDGE ( GLASSID,PANELID,VCRPANELID,DEFECTNO,DEFECTCODE,PRODUCTSPECNAME,TIMEKEY,DESCRIPTION ) VALUES ( 'A033E7F013','A033E7F01311','33E7F01311','1','LB','033','20200929155227','' )
[2020-09-29 03:52:43.826]网络传输: TCP 传输地址连接故障
[2020-09-29 03:52:43.826]Failed Execute,NonQuerySQL:INSERT INTO EDA_MODPANELJUDGE ( GLASSID,PANELID,VCRPANELID,DEFECTNO,DEFECTCODE,PRODUCTSPECNAME,TIMEKEY,DESCRIPTION ) VALUES ( 'A033E7J03A','A033E7J03A11','33E7J03A11','1','LB','033','20200929155243','' )
[2020-09-29 03:56:00.744]网络传输: TCP 传输地址连接故障
[2020-09-29 03:56:42.489]网络传输: TCP 传输地址连接故障
[2020-09-29 03:56:42.489]Failed Execute,NonQuerySQL:INSERT INTO EDA_MODPANELJUDGE ( GLASSID,PANELID,VCRPANELID,DEFECTNO,DEFECTCODE,PRODUCTSPECNAME,TIMEKEY,DESCRIPTION ) VALUES ( 'A033E7J039','A033E7J03911','33E7J03911','1','LB','033','20200929155641','' )
[2020-09-29 03:57:08.776]网络传输: TCP 传输地址连接故障
[2020-09-29 03:57:08.791]Failed Execute,NonQuerySQL:INSERT INTO EDA_MODPANELJUDGE ( GLASSID,PANELID,VCRPANELID,DEFECTNO,DEFECTCODE,PRODUCTSPECNAME,TIMEKEY,DESCRIPTION ) VALUES ( 'A033E7F013','A033E7F01311','33E7F01311','1','LB','033','20200929155708','' )
[2020-09-29 03:57:22.722]网络传输: TCP 传输地址连接故障
[2020-09-29 03:57:22.722]Failed Execute,NonQuerySQL:INSERT INTO EDA_MODPANELJUDGE ( GLASSID,PANELID,VCRPANELID,DEFECTNO,DEFECTCODE,PRODUCTSPECNAME,TIMEKEY,DESCRIPTION ) VALUES ( 'A033E7J039','A033E7J03911','33E7J03911','1','LB','033','20200929155722','' )
[2020-09-29 04:00:49.091]网络传输: TCP 传输地址连接故障
[2020-09-29 04:01:53.160]网络传输: TCP 传输地址连接故障
[2020-09-29 04:01:53.160]Failed Execute,NonQuerySQL:INSERT INTO EDA_MODPANELJUDGE ( GLASSID,PANELID,VCRPANELID,DEFECTNO,DEFECTCODE,PRODUCTSPECNAME,TIMEKEY,DESCRIPTION ) VALUES ( 'A033E7J039','A033E7J03911','33E7J03911','1','LB','033','20200929160152','' )
[2020-09-29 04:02:53.158]网络传输: TCP 传输地址连接故障
[2020-09-29 04:02:53.158]Failed Execute,NonQuerySQL:INSERT INTO EDA_MODPANELJUDGE ( GLASSID,PANELID,VCRPANELID,DEFECTNO,DEFECTCODE,PRODUCTSPECNAME,TIMEKEY,DESCRIPTION ) VALUES ( 'A033E7F013','A033E7F01311','33E7F01311','1','LB','033','20200929160252','' )
[2020-09-29 04:03:56.166]网络传输: TCP 传输地址连接故障
[2020-09-29 04:03:56.166]Failed Execute,NonQuerySQL:INSERT INTO EDA_MODPANELJUDGE ( GLASSID,PANELID,VCRPANELID,DEFECTNO,DEFECTCODE,PRODUCTSPECNAME,TIMEKEY,DESCRIPTION ) VALUES ( 'A102DBK1C8','A102DBK1C864','02DBK1C864','1','LB','102','20200929160355','' )
[2020-09-29 04:04:30.970]网络传输: TCP 传输地址连接故障
[2020-09-29 04:04:30.970]Failed Execute,NonQuerySQL:INSERT INTO EDA_MODPANELJUDGE ( GLASSID,PANELID,VCRPANELID,DEFECTNO,DEFECTCODE,PRODUCTSPECNAME,TIMEKEY,DESCRIPTION ) VALUES ( 'A048E1J0CJ','A048E1J0CJ92','48E1J0CJ92','1','LB','048','20200929160430','' )
[2020-09-29 04:16:05.857]网络传输: TCP 传输地址连接故障
[2020-09-29 04:16:05.857]Failed Execute,NonQuerySQL:INSERT INTO EDA_MODPANELJUDGE ( GLASSID,PANELID,VCRPANELID,DEFECTNO,DEFECTCODE,PRODUCTSPECNAME,TIMEKEY,DESCRIPTION ) VALUES ( 'A133E7F013','A133E7F01311','33E7F01311','1','LB','133','20200929161605','' )
[2020-09-29 04:17:33.358]网络传输: TCP 传输地址连接故障
[2020-09-29 04:17:33.358]Failed Execute,NonQuerySQL:INSERT INTO EDA_MODPANELJUDGE ( GLASSID,PANELID,VCRPANELID,DEFECTNO,DEFECTCODE,PRODUCTSPECNAME,TIMEKEY,DESCRIPTION ) VALUES ( 'A048E1J0CJ','A048E1J0CJ92','48E1J0CJ92','1','LB','048','20200929161733','' )
[2020-09-29 04:20:38.947]网络传输: TCP 传输地址连接故障
[2020-09-29 04:21:43.687]网络传输: TCP 传输地址连接故障
[2020-09-29 04:21:43.687]Failed Execute,NonQuerySQL:INSERT INTO EDA_MODPANELJUDGE ( GLASSID,PANELID,VCRPANELID,DEFECTNO,DEFECTCODE,PRODUCTSPECNAME,TIMEKEY,DESCRIPTION ) VALUES ( 'A048E1J0CJ','A048E1J0CJ92','48E1J0CJ92','1','LB','048','20200929162143','' )
[2020-09-29 04:24:33.587]网络传输: TCP 传输地址连接故障
[2020-09-29 04:25:18.764]网络传输: TCP 传输地址连接故障
[2020-09-29 04:25:18.764]Failed Execute,NonQuerySQL:INSERT INTO EDA_MODPANELJUDGE ( GLASSID,PANELID,VCRPANELID,DEFECTNO,DEFECTCODE,PRODUCTSPECNAME,TIMEKEY,DESCRIPTION ) VALUES ( 'A002DBK1C8','A002DBK1C864','02DBK1C864','1','LB','002','20200929162518','' )
[2020-09-29 04:34:54.987]网络传输: TCP 传输地址连接故障
[2020-09-29 04:40:50.049]网络传输: TCP 传输地址连接故障
[2020-09-29 04:44:47.735]网络传输: TCP 传输地址连接故障
[2020-09-29 04:47:35.327]网络传输: TCP 传输地址连接故障
[2020-09-29 04:56:21.278]网络传输: TCP 传输地址连接故障
[2020-09-29 04:57:20.136]网络传输: TCP 传输地址连接故障
[2020-09-29 04:57:59.214]网络传输: TCP 传输地址连接故障
[2020-09-29 04:57:59.214]Failed Execute,NonQuerySQL:INSERT INTO EDA_MODPANELJUDGE ( GLASSID,PANELID,VCRPANELID,DEFECTNO,DEFECTCODE,PRODUCTSPECNAME,TIMEKEY,DESCRIPTION ) VALUES ( 'A133E7J039','A133E7J03911','33E7J03911','1','LAD','133','20200929165758','' )
[2020-09-29 04:59:04.137]网络传输: TCP 传输地址连接故障
[2020-09-29 05:03:57.180]网络传输: TCP 传输地址连接故障
[2020-09-29 05:14:25.316]网络传输: TCP 传输地址连接故障
[2020-09-29 05:18:08.074]网络传输: TCP 传输地址连接故障
[2020-09-29 05:20:16.415]网络传输: TCP 传输地址连接故障
[2020-09-29 05:20:16.415]Failed Execute,NonQuerySQL:INSERT INTO EDA_MODPANELJUDGE ( GLASSID,PANELID,VCRPANELID,DEFECTNO,DEFECTCODE,PRODUCTSPECNAME,TIMEKEY,DESCRIPTION ) VALUES ( 'A002DBH0R3','A002DBH0R373','02DBH0R373','1','LD','002','20200929172016','' )
[2020-09-29 05:22:09.532]网络传输: TCP 传输地址连接故障
[2020-09-29 05:23:09.576]网络传输: TCP 传输地址连接故障
[2020-09-29 05:23:09.576]Failed Execute,NonQuerySQL:INSERT INTO EDA_MODPANELJUDGE ( GLASSID,PANELID,VCRPANELID,DEFECTNO,DEFECTCODE,PRODUCTSPECNAME,TIMEKEY,DESCRIPTION ) VALUES ( 'A002DBH0R3','A002DBH0R373','02DBH0R373','1','LD','002','20200929172309','' )
[2020-09-29 05:24:16.922]网络传输: TCP 传输地址连接故障
[2020-09-29 05:24:16.922]Failed Execute,NonQuerySQL:INSERT INTO EDA_MODPANELJUDGE ( GLASSID,PANELID,VCRPANELID,DEFECTNO,DEFECTCODE,PRODUCTSPECNAME,TIMEKEY,DESCRIPTION ) VALUES ( 'A002DBK1C8','A002DBK1C864','02DBK1C864','1','LD','002','20200929172416','' )
[2020-09-29 05:33:01.594]网络传输: TCP 传输地址连接故障
[2020-09-29 05:35:29.364]网络传输: TCP 传输地址连接故障
[2020-09-29 05:38:06.887]网络传输: TCP 传输地址连接故障
[2020-09-29 05:41:16.351]网络传输: TCP 传输地址连接故障
[2020-09-29 05:43:34.770]网络传输: TCP 传输地址连接故障
[2020-09-29 05:46:05.357]网络传输: TCP 传输地址连接故障
[2020-09-29 05:51:28.077]网络传输: TCP 传输地址连接故障
[2020-09-29 05:51:58.965]网络传输: TCP 传输地址连接故障
[2020-09-29 05:51:58.965]Failed Execute,NonQuerySQL:INSERT INTO EDA_MODPANELJUDGE ( GLASSID,PANELID,VCRPANELID,DEFECTNO,DEFECTCODE,PRODUCTSPECNAME,TIMEKEY,DESCRIPTION ) VALUES ( 'A048E1J0CB','A048E1J0CB52','48E1J0CB52','1','LD','048','20200929175158','' )
