[2019-04-30 13:55:39.035] [DEBUG] [10] [TIBMessageService][createTransport] -Create Transport Deamon[tcp:10.116.111.201:7500], serverice[8200],network[;225.11.11.2]
[2019-04-30 13:55:39.209] [DEBUG] [10] [TIBMessageService][createListener] -Creat Listen subject[TRULY.G5A.EAP.TST.FAB.C1CCL01]
[2019-04-30 13:58:43.394] [INFO ] [Tibrv_Dispatcher] [TIBMessageService][OnMessageReceived] -Recieved:
<?xml version="1.0" encoding="UTF-8"?>
<Message>
    <Header>
        <MESSAGENAME>MachineControlStateRequest</MESSAGENAME>
        <QUERYDB_MES_FGMS>MES</QUERYDB_MES_FGMS>
        <ORIGINALTRANSACTIONID />
        <TRANSACTIONID>20190430135842958798</TRANSACTIONID>
        <ORIGINALSOURCESUBJECTNAME>_INBOX.0A746FC9.5ACEF8D90E141D6.2</ORIGINALSOURCESUBJECTNAME>
        <EVENTUSER>C1CCL01</EVENTUSER>
        <EVENTCOMMENT>d</EVENTCOMMENT>
        <LANGUAGE>Chinese</LANGUAGE>
        <LISTENER>PEXListener</LISTENER>
        <TOOLID />
    </Header>
    <Body>
        <MACHINENAME>C1CCL01</MACHINENAME>
        <UNITNAME />
    </Body>
    <Return>
        <RETURNCODE>0</RETURNCODE>
        <RETURNMESSAGE />
    </Return>
</Message>


[2019-04-30 13:58:43.757] [INFO ] [Tibrv_Dispatcher] [TIBMessageService][Send] -Send Message:
<?xml version="1.0" encoding="utf-8"?>
<Message>
  <Header>
    <MESSAGENAME>MachineControlStateResponse</MESSAGENAME>
    <TRANSACTIONID>20190430135842958798</TRANSACTIONID>
    <ORIGINALTRANSACTIONID />
    <ORIGINALSOURCESUBJECTNAME>_INBOX.0A746FC9.5ACEF8D90E141D6.2</ORIGINALSOURCESUBJECTNAME>
    <EVENTUSER>C1CCL01</EVENTUSER>
    <EVENTCOMMENT>d</EVENTCOMMENT>
    <TOOLID />
  </Header>
  <Return>
    <RETURNCODE>0</RETURNCODE>
    <RETURNMESSAGE />
  </Return>
  <Body>
    <MACHINENAME>C1CCL01</MACHINENAME>
    <UNITNAME />
    <MACHINECONTROLSTATENAME>REMOTE</MACHINECONTROLSTATENAME>
    <ACKNOWLEDGE>Y</ACKNOWLEDGE>
    <TRACELEVEL>M</TRACELEVEL>
  </Body>
</Message>
[2019-04-30 13:58:54.745] [INFO ] [Tibrv_Dispatcher] [TIBMessageService][OnMessageReceived] -Recieved:
<?xml version="1.0" encoding="UTF-8"?>
<Message>
    <Header>
        <MESSAGENAME>MachineControlStateChangeRequest</MESSAGENAME>
        <QUERYDB_MES_FGMS>MES</QUERYDB_MES_FGMS>
        <ORIGINALTRANSACTIONID />
        <TRANSACTIONID>20190430135854319067</TRANSACTIONID>
        <ORIGINALSOURCESUBJECTNAME>_INBOX.0A746FC9.5ACEF8D90E141D6.3</ORIGINALSOURCESUBJECTNAME>
        <EVENTUSER>C1CCL01</EVENTUSER>
        <EVENTCOMMENT>1</EVENTCOMMENT>
        <LANGUAGE>Chinese</LANGUAGE>
        <LISTENER>PEXListener</LISTENER>
        <TOOLID />
    </Header>
    <Body>
        <MACHINENAME>C1CCL01</MACHINENAME>
        <MACHINECONTROLSTATENAME>OFFLINE</MACHINECONTROLSTATENAME>
        <TRACELEVEL>M</TRACELEVEL>
    </Body>
    <Return>
        <RETURNCODE>0</RETURNCODE>
        <RETURNMESSAGE />
    </Return>
</Message>


[2019-04-30 13:58:55.260] [INFO ] [Tibrv_Dispatcher] [TIBMessageService][Send] -Send Message:
<?xml version="1.0" encoding="utf-8"?>
<Message>
  <Header>
    <MESSAGENAME>MachineControlStateChangeResponse</MESSAGENAME>
    <TRANSACTIONID>20190430135854319067</TRANSACTIONID>
    <ORIGINALTRANSACTIONID />
    <ORIGINALSOURCESUBJECTNAME>_INBOX.0A746FC9.5ACEF8D90E141D6.3</ORIGINALSOURCESUBJECTNAME>
    <EVENTUSER>C1CCL01</EVENTUSER>
    <EVENTCOMMENT>1</EVENTCOMMENT>
    <TOOLID />
  </Header>
  <Return>
    <RETURNCODE>0</RETURNCODE>
    <RETURNMESSAGE />
  </Return>
  <Body>
    <MACHINENAME>C1CCL01</MACHINENAME>
    <MACHINECONTROLSTATENAME>OFFLINE</MACHINECONTROLSTATENAME>
    <ACKNOWLEDGE>Y</ACKNOWLEDGE>
    <TRACELEVEL>M</TRACELEVEL>
  </Body>
</Message>
[2019-04-30 13:59:02.361] [INFO ] [Tibrv_Dispatcher] [TIBMessageService][OnMessageReceived] -Recieved:
<?xml version="1.0" encoding="UTF-8"?>
<Message>
    <Header>
        <MESSAGENAME>MachineControlStateRequest</MESSAGENAME>
        <QUERYDB_MES_FGMS>MES</QUERYDB_MES_FGMS>
        <ORIGINALTRANSACTIONID />
        <TRANSACTIONID>20190430135901944990</TRANSACTIONID>
        <ORIGINALSOURCESUBJECTNAME>_INBOX.0A746FC9.5ACEF8D90E141D6.4</ORIGINALSOURCESUBJECTNAME>
        <EVENTUSER>C1CCL01</EVENTUSER>
        <EVENTCOMMENT>1</EVENTCOMMENT>
        <LANGUAGE>Chinese</LANGUAGE>
        <LISTENER>PEXListener</LISTENER>
        <TOOLID />
    </Header>
    <Body>
        <MACHINENAME>C1CCL01</MACHINENAME>
        <UNITNAME />
    </Body>
    <Return>
        <RETURNCODE>0</RETURNCODE>
        <RETURNMESSAGE />
    </Return>
</Message>


[2019-04-30 13:59:02.620] [INFO ] [Tibrv_Dispatcher] [TIBMessageService][Send] -Send Message:
<?xml version="1.0" encoding="utf-8"?>
<Message>
  <Header>
    <MESSAGENAME>MachineControlStateResponse</MESSAGENAME>
    <TRANSACTIONID>20190430135901944990</TRANSACTIONID>
    <ORIGINALTRANSACTIONID />
    <ORIGINALSOURCESUBJECTNAME>_INBOX.0A746FC9.5ACEF8D90E141D6.4</ORIGINALSOURCESUBJECTNAME>
    <EVENTUSER>C1CCL01</EVENTUSER>
    <EVENTCOMMENT>1</EVENTCOMMENT>
    <TOOLID />
  </Header>
  <Return>
    <RETURNCODE>0</RETURNCODE>
    <RETURNMESSAGE />
  </Return>
  <Body>
    <MACHINENAME>C1CCL01</MACHINENAME>
    <UNITNAME />
    <MACHINECONTROLSTATENAME>OFFLINE</MACHINECONTROLSTATENAME>
    <ACKNOWLEDGE>Y</ACKNOWLEDGE>
    <TRACELEVEL>M</TRACELEVEL>
  </Body>
</Message>
[2019-04-30 14:31:50.681] [INFO ] [Tibrv_Dispatcher] [TIBMessageService][OnMessageReceived] -Recieved:
<?xml version="1.0" encoding="UTF-8"?>
<Message>
    <Header>
        <MESSAGENAME>MachineControlStateRequest</MESSAGENAME>
        <QUERYDB_MES_FGMS>MES</QUERYDB_MES_FGMS>
        <ORIGINALTRANSACTIONID />
        <TRANSACTIONID>20190430143150502087</TRANSACTIONID>
        <ORIGINALSOURCESUBJECTNAME>_INBOX.0A746FC9.5ACEF8D90E141D6.5</ORIGINALSOURCESUBJECTNAME>
        <EVENTUSER>C1CCL01</EVENTUSER>
        <EVENTCOMMENT>1</EVENTCOMMENT>
        <LANGUAGE>Chinese</LANGUAGE>
        <LISTENER>PEXListener</LISTENER>
        <TOOLID />
    </Header>
    <Body>
        <MACHINENAME>C1CCL01</MACHINENAME>
        <UNITNAME />
    </Body>
    <Return>
        <RETURNCODE>0</RETURNCODE>
        <RETURNMESSAGE />
    </Return>
</Message>


[2019-04-30 14:31:50.921] [INFO ] [Tibrv_Dispatcher] [TIBMessageService][Send] -Send Message:
<?xml version="1.0" encoding="utf-8"?>
<Message>
  <Header>
    <MESSAGENAME>MachineControlStateResponse</MESSAGENAME>
    <TRANSACTIONID>20190430143150502087</TRANSACTIONID>
    <ORIGINALTRANSACTIONID />
    <ORIGINALSOURCESUBJECTNAME>_INBOX.0A746FC9.5ACEF8D90E141D6.5</ORIGINALSOURCESUBJECTNAME>
    <EVENTUSER>C1CCL01</EVENTUSER>
    <EVENTCOMMENT>1</EVENTCOMMENT>
    <TOOLID />
  </Header>
  <Return>
    <RETURNCODE>0</RETURNCODE>
    <RETURNMESSAGE />
  </Return>
  <Body>
    <MACHINENAME>C1CCL01</MACHINENAME>
    <UNITNAME />
    <MACHINECONTROLSTATENAME>OFFLINE</MACHINECONTROLSTATENAME>
    <ACKNOWLEDGE>Y</ACKNOWLEDGE>
    <TRACELEVEL>M</TRACELEVEL>
  </Body>
</Message>
