[2019-04-29 11:57:14.526] [DEBUG] [10] [TIBMessageService][createTransport] -Create Transport Deamon[tcp:10.116.111.201:7500], serverice[8200],network[;225.11.11.2]
[2019-04-29 11:57:14.535] [DEBUG] [10] [TIBMessageService][createListener] -Creat Listen subject[TRULY.G5A.EAP.TST.FAB.C1CCL01]
[2019-04-29 12:11:39.854] [DEBUG] [9] [TIBMessageService][createTransport] -Create Transport Deamon[tcp:10.116.111.201:7500], serverice[8200],network[;225.11.11.2]
[2019-04-29 12:11:39.869] [DEBUG] [9] [TIBMessageService][createListener] -Creat Listen subject[TRULY.G5A.EAP.TST.FAB.C1CCL01]
[2019-04-29 16:06:12.651] [DEBUG] [10] [TIBMessageService][createTransport] -Create Transport Deamon[tcp:10.116.111.201:7500], serverice[8200],network[;225.11.11.2]
[2019-04-29 16:06:12.668] [DEBUG] [10] [TIBMessageService][createListener] -Creat Listen subject[TRULY.G5A.EAP.TST.FAB.C1CCL01]
[2019-04-29 16:07:27.707] [INFO ] [Tibrv_Dispatcher] [TIBMessageService][OnMessageReceived] -Recieved:
<?xml version="1.0" encoding="UTF-8"?>
<Message>
    <Header>
        <MESSAGENAME>MachineControlStateChangeRequest</MESSAGENAME>
        <QUERYDB_MES_FGMS>MES</QUERYDB_MES_FGMS>
        <ORIGINALTRANSACTIONID />
        <TRANSACTIONID>20190429160723008865</TRANSACTIONID>
        <ORIGINALSOURCESUBJECTNAME>_INBOX.0A746FC9.5ACEF8D90E1417E.2</ORIGINALSOURCESUBJECTNAME>
        <EVENTUSER>C1CCL01</EVENTUSER>
        <EVENTCOMMENT>1</EVENTCOMMENT>
        <LANGUAGE>Chinese</LANGUAGE>
        <LISTENER>PEXListener</LISTENER>
        <TOOLID />
    </Header>
    <Body>
        <MACHINENAME>C1CCL01</MACHINENAME>
        <MACHINECONTROLSTATENAME>REMOTE</MACHINECONTROLSTATENAME>
        <TRACELEVEL>M</TRACELEVEL>
    </Body>
    <Return>
        <RETURNCODE>0</RETURNCODE>
        <RETURNMESSAGE />
    </Return>
</Message>


[2019-04-29 16:09:39.297] [INFO ] [Tibrv_Dispatcher] [TIBMessageService][OnMessageReceived] -Recieved:
<?xml version="1.0" encoding="UTF-8"?>
<Message>
    <Header>
        <MESSAGENAME>MachineControlStateChangeRequest</MESSAGENAME>
        <QUERYDB_MES_FGMS>MES</QUERYDB_MES_FGMS>
        <ORIGINALTRANSACTIONID />
        <TRANSACTIONID>20190429160934597273</TRANSACTIONID>
        <ORIGINALSOURCESUBJECTNAME>_INBOX.0A746FC9.5ACEF8D90E1417E.3</ORIGINALSOURCESUBJECTNAME>
        <EVENTUSER>C1CCL01</EVENTUSER>
        <EVENTCOMMENT>1</EVENTCOMMENT>
        <LANGUAGE>Chinese</LANGUAGE>
        <LISTENER>PEXListener</LISTENER>
        <TOOLID />
    </Header>
    <Body>
        <MACHINENAME>C1CCL01</MACHINENAME>
        <MACHINECONTROLSTATENAME>REMOTE</MACHINECONTROLSTATENAME>
        <TRACELEVEL>M</TRACELEVEL>
    </Body>
    <Return>
        <RETURNCODE>0</RETURNCODE>
        <RETURNMESSAGE />
    </Return>
</Message>


[2019-04-29 16:11:20.070] [INFO ] [Tibrv_Dispatcher] [TIBMessageService][OnMessageReceived] -Recieved:
<?xml version="1.0" encoding="UTF-8"?>
<Message>
    <Header>
        <MESSAGENAME>MachineControlStateChangeRequest</MESSAGENAME>
        <QUERYDB_MES_FGMS>MES</QUERYDB_MES_FGMS>
        <ORIGINALTRANSACTIONID />
        <TRANSACTIONID>20190429161115362127</TRANSACTIONID>
        <ORIGINALSOURCESUBJECTNAME>_INBOX.0A746FC9.5ACEF8D90E1417E.4</ORIGINALSOURCESUBJECTNAME>
        <EVENTUSER>C1CCL01</EVENTUSER>
        <EVENTCOMMENT>1</EVENTCOMMENT>
        <LANGUAGE>Chinese</LANGUAGE>
        <LISTENER>PEXListener</LISTENER>
        <TOOLID />
    </Header>
    <Body>
        <MACHINENAME>C1CCL01</MACHINENAME>
        <MACHINECONTROLSTATENAME>REMOTE</MACHINECONTROLSTATENAME>
        <TRACELEVEL>M</TRACELEVEL>
    </Body>
    <Return>
        <RETURNCODE>0</RETURNCODE>
        <RETURNMESSAGE />
    </Return>
</Message>


[2019-04-29 16:13:26.130] [INFO ] [Tibrv_Dispatcher] [TIBMessageService][OnMessageReceived] -Recieved:
<?xml version="1.0" encoding="UTF-8"?>
<Message>
    <Header>
        <MESSAGENAME>MachineControlStateChangeRequest</MESSAGENAME>
        <QUERYDB_MES_FGMS>MES</QUERYDB_MES_FGMS>
        <ORIGINALTRANSACTIONID />
        <TRANSACTIONID>20190429161321393077</TRANSACTIONID>
        <ORIGINALSOURCESUBJECTNAME>_INBOX.0A746FC9.5ACEF8D90E1417E.5</ORIGINALSOURCESUBJECTNAME>
        <EVENTUSER>C1CCL01</EVENTUSER>
        <EVENTCOMMENT>1</EVENTCOMMENT>
        <LANGUAGE>Chinese</LANGUAGE>
        <LISTENER>PEXListener</LISTENER>
        <TOOLID />
    </Header>
    <Body>
        <MACHINENAME>C1CCL01</MACHINENAME>
        <MACHINECONTROLSTATENAME>REMOTE</MACHINECONTROLSTATENAME>
        <TRACELEVEL>M</TRACELEVEL>
    </Body>
    <Return>
        <RETURNCODE>0</RETURNCODE>
        <RETURNMESSAGE />
    </Return>
</Message>


[2019-04-29 16:16:13.712] [DEBUG] [9] [TIBMessageService][createTransport] -Create Transport Deamon[tcp:10.116.111.201:7500], serverice[8200],network[;225.11.11.2]
[2019-04-29 16:16:13.722] [DEBUG] [9] [TIBMessageService][createListener] -Creat Listen subject[TRULY.G5A.EAP.TST.FAB.C1CCL01]
[2019-04-29 16:17:12.099] [INFO ] [Tibrv_Dispatcher] [TIBMessageService][OnMessageReceived] -Recieved:
<?xml version="1.0" encoding="UTF-8"?>
<Message>
    <Header>
        <MESSAGENAME>MachineControlStateChangeRequest</MESSAGENAME>
        <QUERYDB_MES_FGMS>MES</QUERYDB_MES_FGMS>
        <ORIGINALTRANSACTIONID />
        <TRANSACTIONID>20190429161707301432</TRANSACTIONID>
        <ORIGINALSOURCESUBJECTNAME>_INBOX.0A746FC9.5ACEF8D90E1417E.6</ORIGINALSOURCESUBJECTNAME>
        <EVENTUSER>C1CCL01</EVENTUSER>
        <EVENTCOMMENT>1</EVENTCOMMENT>
        <LANGUAGE>Chinese</LANGUAGE>
        <LISTENER>PEXListener</LISTENER>
        <TOOLID />
    </Header>
    <Body>
        <MACHINENAME>C1CCL01</MACHINENAME>
        <MACHINECONTROLSTATENAME>REMOTE</MACHINECONTROLSTATENAME>
        <TRACELEVEL>M</TRACELEVEL>
    </Body>
    <Return>
        <RETURNCODE>0</RETURNCODE>
        <RETURNMESSAGE />
    </Return>
</Message>


[2019-04-29 16:17:12.782] [INFO ] [Tibrv_Dispatcher] [TIBMessageService][Send] -Send Message:
<?xml version="1.0" encoding="utf-8"?>
<Message>
  <Header>
    <MESSAGENAME>MachineControlStateChangeResponse</MESSAGENAME>
    <TRANSACTIONID>20190429161707301432</TRANSACTIONID>
    <ORIGINALTRANSACTIONID />
    <ORIGINALSOURCESUBJECTNAME>_INBOX.0A746FC9.5ACEF8D90E1417E.6</ORIGINALSOURCESUBJECTNAME>
    <EVENTUSER>C1CCL01</EVENTUSER>
    <EVENTCOMMENT>1</EVENTCOMMENT>
    <TOOLID />
  </Header>
  <Return>
    <RETURNCODE>0</RETURNCODE>
    <RETURNMESSAGE />
  </Return>
  <Body>
    <MACHINENAME>C1CCL01</MACHINENAME>
    <MACHINECONTROLSTATENAME>REMOTE</MACHINECONTROLSTATENAME>
    <ACKNOWLEDGE>Y</ACKNOWLEDGE>
    <TRACELEVEL>M</TRACELEVEL>
  </Body>
</Message>
[2019-04-29 16:17:22.696] [INFO ] [Tibrv_Dispatcher] [TIBMessageService][OnMessageReceived] -Recieved:
<?xml version="1.0" encoding="UTF-8"?>
<Message>
    <Header>
        <MESSAGENAME>MachineControlStateChangeRequest</MESSAGENAME>
        <QUERYDB_MES_FGMS>MES</QUERYDB_MES_FGMS>
        <ORIGINALTRANSACTIONID />
        <TRANSACTIONID>20190429161717908769</TRANSACTIONID>
        <ORIGINALSOURCESUBJECTNAME>_INBOX.0A746FC9.5ACEF8D90E1417E.7</ORIGINALSOURCESUBJECTNAME>
        <EVENTUSER>C1CCL01</EVENTUSER>
        <EVENTCOMMENT>1</EVENTCOMMENT>
        <LANGUAGE>Chinese</LANGUAGE>
        <LISTENER>PEXListener</LISTENER>
        <TOOLID />
    </Header>
    <Body>
        <MACHINENAME>C1CCL01</MACHINENAME>
        <MACHINECONTROLSTATENAME>OFFLINE</MACHINECONTROLSTATENAME>
        <TRACELEVEL>M</TRACELEVEL>
    </Body>
    <Return>
        <RETURNCODE>0</RETURNCODE>
        <RETURNMESSAGE />
    </Return>
</Message>


[2019-04-29 16:17:23.293] [INFO ] [Tibrv_Dispatcher] [TIBMessageService][Send] -Send Message:
<?xml version="1.0" encoding="utf-8"?>
<Message>
  <Header>
    <MESSAGENAME>MachineControlStateChangeResponse</MESSAGENAME>
    <TRANSACTIONID>20190429161717908769</TRANSACTIONID>
    <ORIGINALTRANSACTIONID />
    <ORIGINALSOURCESUBJECTNAME>_INBOX.0A746FC9.5ACEF8D90E1417E.7</ORIGINALSOURCESUBJECTNAME>
    <EVENTUSER>C1CCL01</EVENTUSER>
    <EVENTCOMMENT>1</EVENTCOMMENT>
    <TOOLID />
  </Header>
  <Return>
    <RETURNCODE>0</RETURNCODE>
    <RETURNMESSAGE />
  </Return>
  <Body>
    <MACHINENAME>C1CCL01</MACHINENAME>
    <MACHINECONTROLSTATENAME>OFFLINE</MACHINECONTROLSTATENAME>
    <ACKNOWLEDGE>Y</ACKNOWLEDGE>
    <TRACELEVEL>M</TRACELEVEL>
  </Body>
</Message>
[2019-04-29 16:32:00.502] [DEBUG] [9] [TIBMessageService][createTransport] -Create Transport Deamon[tcp:10.116.111.201:7500], serverice[8200],network[;225.11.11.2]
[2019-04-29 16:32:00.524] [DEBUG] [9] [TIBMessageService][createListener] -Creat Listen subject[TRULY.G5A.EAP.TST.FAB.C1CCL01]
[2019-04-29 16:32:41.102] [INFO ] [Tibrv_Dispatcher] [TIBMessageService][OnMessageReceived] -Recieved:
<?xml version="1.0" encoding="UTF-8"?>
<Message>
    <Header>
        <MESSAGENAME>MachineControlStateChangeRequest</MESSAGENAME>
        <QUERYDB_MES_FGMS>MES</QUERYDB_MES_FGMS>
        <ORIGINALTRANSACTIONID />
        <TRANSACTIONID>20190429163236171926</TRANSACTIONID>
        <ORIGINALSOURCESUBJECTNAME>_INBOX.0A746FC9.5ACEF8D90E1417E.8</ORIGINALSOURCESUBJECTNAME>
        <EVENTUSER>C1CCL01</EVENTUSER>
        <EVENTCOMMENT>1</EVENTCOMMENT>
        <LANGUAGE>Chinese</LANGUAGE>
        <LISTENER>PEXListener</LISTENER>
        <TOOLID />
    </Header>
    <Body>
        <MACHINENAME>C1CCL01</MACHINENAME>
        <MACHINECONTROLSTATENAME>REMOTE</MACHINECONTROLSTATENAME>
        <TRACELEVEL>M</TRACELEVEL>
    </Body>
    <Return>
        <RETURNCODE>0</RETURNCODE>
        <RETURNMESSAGE />
    </Return>
</Message>


[2019-04-29 16:32:41.790] [INFO ] [Tibrv_Dispatcher] [TIBMessageService][Send] -Send Message:
<?xml version="1.0" encoding="utf-8"?>
<Message>
  <Header>
    <MESSAGENAME>MachineControlStateChangeResponse</MESSAGENAME>
    <TRANSACTIONID>20190429163236171926</TRANSACTIONID>
    <ORIGINALTRANSACTIONID />
    <ORIGINALSOURCESUBJECTNAME>_INBOX.0A746FC9.5ACEF8D90E1417E.8</ORIGINALSOURCESUBJECTNAME>
    <EVENTUSER>C1CCL01</EVENTUSER>
    <EVENTCOMMENT>1</EVENTCOMMENT>
    <TOOLID />
  </Header>
  <Return>
    <RETURNCODE>0</RETURNCODE>
    <RETURNMESSAGE />
  </Return>
  <Body>
    <MACHINENAME>C1CCL01</MACHINENAME>
    <MACHINECONTROLSTATENAME>REMOTE</MACHINECONTROLSTATENAME>
    <ACKNOWLEDGE>Y</ACKNOWLEDGE>
    <TRACELEVEL>M</TRACELEVEL>
  </Body>
</Message>
[2019-04-29 16:33:53.913] [INFO ] [Tibrv_Dispatcher] [TIBMessageService][OnMessageReceived] -Recieved:
<?xml version="1.0" encoding="UTF-8"?>
<Message>
    <Header>
        <MESSAGENAME>MachineControlStateChangeRequest</MESSAGENAME>
        <QUERYDB_MES_FGMS>MES</QUERYDB_MES_FGMS>
        <ORIGINALTRANSACTIONID />
        <TRANSACTIONID>20190429163348961850</TRANSACTIONID>
        <ORIGINALSOURCESUBJECTNAME>_INBOX.0A746FC9.5ACEF8D90E1417E.9</ORIGINALSOURCESUBJECTNAME>
        <EVENTUSER>C1CCL01</EVENTUSER>
        <EVENTCOMMENT>1</EVENTCOMMENT>
        <LANGUAGE>Chinese</LANGUAGE>
        <LISTENER>PEXListener</LISTENER>
        <TOOLID />
    </Header>
    <Body>
        <MACHINENAME>C1CCL01</MACHINENAME>
        <MACHINECONTROLSTATENAME>REMOTE</MACHINECONTROLSTATENAME>
        <TRACELEVEL>M</TRACELEVEL>
    </Body>
    <Return>
        <RETURNCODE>0</RETURNCODE>
        <RETURNMESSAGE />
    </Return>
</Message>


[2019-04-29 16:34:30.582] [INFO ] [Tibrv_Dispatcher] [TIBMessageService][OnMessageReceived] -Recieved:
<?xml version="1.0" encoding="UTF-8"?>
<Message>
    <Header>
        <MESSAGENAME>MachineControlStateChangeRequest</MESSAGENAME>
        <QUERYDB_MES_FGMS>MES</QUERYDB_MES_FGMS>
        <ORIGINALTRANSACTIONID />
        <TRANSACTIONID>20190429163425633183</TRANSACTIONID>
        <ORIGINALSOURCESUBJECTNAME>_INBOX.0A746FC9.5ACEF8D90E1417E.10</ORIGINALSOURCESUBJECTNAME>
        <EVENTUSER>C1CCL01</EVENTUSER>
        <EVENTCOMMENT>1</EVENTCOMMENT>
        <LANGUAGE>Chinese</LANGUAGE>
        <LISTENER>PEXListener</LISTENER>
        <TOOLID />
    </Header>
    <Body>
        <MACHINENAME>C1CCL01</MACHINENAME>
        <MACHINECONTROLSTATENAME>REMOTE</MACHINECONTROLSTATENAME>
        <TRACELEVEL>M</TRACELEVEL>
    </Body>
    <Return>
        <RETURNCODE>0</RETURNCODE>
        <RETURNMESSAGE />
    </Return>
</Message>


[2019-04-29 16:35:42.826] [INFO ] [Tibrv_Dispatcher] [TIBMessageService][OnMessageReceived] -Recieved:
<?xml version="1.0" encoding="UTF-8"?>
<Message>
    <Header>
        <MESSAGENAME>MachineControlStateChangeRequest</MESSAGENAME>
        <QUERYDB_MES_FGMS>MES</QUERYDB_MES_FGMS>
        <ORIGINALTRANSACTIONID />
        <TRANSACTIONID>20190429163537867361</TRANSACTIONID>
        <ORIGINALSOURCESUBJECTNAME>_INBOX.0A746FC9.5ACEF8D90E1417E.11</ORIGINALSOURCESUBJECTNAME>
        <EVENTUSER>C1CCL01</EVENTUSER>
        <EVENTCOMMENT>1</EVENTCOMMENT>
        <LANGUAGE>Chinese</LANGUAGE>
        <LISTENER>PEXListener</LISTENER>
        <TOOLID />
    </Header>
    <Body>
        <MACHINENAME>C1CCL01</MACHINENAME>
        <MACHINECONTROLSTATENAME>OFFLINE</MACHINECONTROLSTATENAME>
        <TRACELEVEL>M</TRACELEVEL>
    </Body>
    <Return>
        <RETURNCODE>0</RETURNCODE>
        <RETURNMESSAGE />
    </Return>
</Message>


[2019-04-29 16:37:16.052] [INFO ] [Tibrv_Dispatcher] [TIBMessageService][OnMessageReceived] -Recieved:
<?xml version="1.0" encoding="UTF-8"?>
<Message>
    <Header>
        <MESSAGENAME>MachineControlStateChangeRequest</MESSAGENAME>
        <QUERYDB_MES_FGMS>MES</QUERYDB_MES_FGMS>
        <ORIGINALTRANSACTIONID />
        <TRANSACTIONID>20190429163711074041</TRANSACTIONID>
        <ORIGINALSOURCESUBJECTNAME>_INBOX.0A746FC9.5ACEF8D90E1417E.12</ORIGINALSOURCESUBJECTNAME>
        <EVENTUSER>C1CCL01</EVENTUSER>
        <EVENTCOMMENT>1</EVENTCOMMENT>
        <LANGUAGE>Chinese</LANGUAGE>
        <LISTENER>PEXListener</LISTENER>
        <TOOLID />
    </Header>
    <Body>
        <MACHINENAME>C1CCL01</MACHINENAME>
        <MACHINECONTROLSTATENAME>REMOTE</MACHINECONTROLSTATENAME>
        <TRACELEVEL>M</TRACELEVEL>
    </Body>
    <Return>
        <RETURNCODE>0</RETURNCODE>
        <RETURNMESSAGE />
    </Return>
</Message>


[2019-04-29 16:38:10.839] [INFO ] [Tibrv_Dispatcher] [TIBMessageService][OnMessageReceived] -Recieved:
<?xml version="1.0" encoding="UTF-8"?>
<Message>
    <Header>
        <MESSAGENAME>MachineControlStateChangeRequest</MESSAGENAME>
        <QUERYDB_MES_FGMS>MES</QUERYDB_MES_FGMS>
        <ORIGINALTRANSACTIONID />
        <TRANSACTIONID>20190429163805863564</TRANSACTIONID>
        <ORIGINALSOURCESUBJECTNAME>_INBOX.0A746FC9.5ACEF8D90E1417E.13</ORIGINALSOURCESUBJECTNAME>
        <EVENTUSER>C1CCL01</EVENTUSER>
        <EVENTCOMMENT>1</EVENTCOMMENT>
        <LANGUAGE>Chinese</LANGUAGE>
        <LISTENER>PEXListener</LISTENER>
        <TOOLID />
    </Header>
    <Body>
        <MACHINENAME>C1CCL01</MACHINENAME>
        <MACHINECONTROLSTATENAME>OFFLINE</MACHINECONTROLSTATENAME>
        <TRACELEVEL>M</TRACELEVEL>
    </Body>
    <Return>
        <RETURNCODE>0</RETURNCODE>
        <RETURNMESSAGE />
    </Return>
</Message>


[2019-04-29 16:40:47.414] [DEBUG] [9] [TIBMessageService][createTransport] -Create Transport Deamon[tcp:10.116.111.201:7500], serverice[8200],network[;225.11.11.2]
[2019-04-29 16:40:47.438] [DEBUG] [9] [TIBMessageService][createListener] -Creat Listen subject[TRULY.G5A.EAP.TST.FAB.C1CCL01]
[2019-04-29 16:41:04.860] [INFO ] [Tibrv_Dispatcher] [TIBMessageService][OnMessageReceived] -Recieved:
<?xml version="1.0" encoding="UTF-8"?>
<Message>
    <Header>
        <MESSAGENAME>MachineControlStateChangeRequest</MESSAGENAME>
        <QUERYDB_MES_FGMS>MES</QUERYDB_MES_FGMS>
        <ORIGINALTRANSACTIONID />
        <TRANSACTIONID>20190429164059828771</TRANSACTIONID>
        <ORIGINALSOURCESUBJECTNAME>_INBOX.0A746FC9.5ACEF8D90E1417E.14</ORIGINALSOURCESUBJECTNAME>
        <EVENTUSER>C1CCL01</EVENTUSER>
        <EVENTCOMMENT>1</EVENTCOMMENT>
        <LANGUAGE>Chinese</LANGUAGE>
        <LISTENER>PEXListener</LISTENER>
        <TOOLID />
    </Header>
    <Body>
        <MACHINENAME>C1CCL01</MACHINENAME>
        <MACHINECONTROLSTATENAME>REMOTE</MACHINECONTROLSTATENAME>
        <TRACELEVEL>M</TRACELEVEL>
    </Body>
    <Return>
        <RETURNCODE>0</RETURNCODE>
        <RETURNMESSAGE />
    </Return>
</Message>


[2019-04-29 16:41:26.941] [INFO ] [Tibrv_Dispatcher] [TIBMessageService][Send] -Send Message:
<?xml version="1.0" encoding="utf-8"?>
<Message>
  <Header>
    <MESSAGENAME>MachineControlStateChangeResponse</MESSAGENAME>
    <TRANSACTIONID>20190429164059828771</TRANSACTIONID>
    <ORIGINALTRANSACTIONID />
    <ORIGINALSOURCESUBJECTNAME>_INBOX.0A746FC9.5ACEF8D90E1417E.14</ORIGINALSOURCESUBJECTNAME>
    <EVENTUSER>C1CCL01</EVENTUSER>
    <EVENTCOMMENT>1</EVENTCOMMENT>
    <TOOLID />
  </Header>
  <Return>
    <RETURNCODE>0</RETURNCODE>
    <RETURNMESSAGE />
  </Return>
  <Body>
    <MACHINENAME>C1CCL01</MACHINENAME>
    <MACHINECONTROLSTATENAME>REMOTE</MACHINECONTROLSTATENAME>
    <ACKNOWLEDGE>Y</ACKNOWLEDGE>
    <TRACELEVEL>M</TRACELEVEL>
  </Body>
</Message>
[2019-04-29 16:42:46.227] [INFO ] [Tibrv_Dispatcher] [TIBMessageService][OnMessageReceived] -Recieved:
<?xml version="1.0" encoding="UTF-8"?>
<Message>
    <Header>
        <MESSAGENAME>MachineControlStateChangeRequest</MESSAGENAME>
        <QUERYDB_MES_FGMS>MES</QUERYDB_MES_FGMS>
        <ORIGINALTRANSACTIONID />
        <TRANSACTIONID>20190429164241203637</TRANSACTIONID>
        <ORIGINALSOURCESUBJECTNAME>_INBOX.0A746FC9.5ACEF8D90E1417E.15</ORIGINALSOURCESUBJECTNAME>
        <EVENTUSER>C1CCL01</EVENTUSER>
        <EVENTCOMMENT>1</EVENTCOMMENT>
        <LANGUAGE>Chinese</LANGUAGE>
        <LISTENER>PEXListener</LISTENER>
        <TOOLID />
    </Header>
    <Body>
        <MACHINENAME>C1CCL01</MACHINENAME>
        <MACHINECONTROLSTATENAME>OFFLINE</MACHINECONTROLSTATENAME>
        <TRACELEVEL>M</TRACELEVEL>
    </Body>
    <Return>
        <RETURNCODE>0</RETURNCODE>
        <RETURNMESSAGE />
    </Return>
</Message>


[2019-04-29 16:44:08.186] [INFO ] [Tibrv_Dispatcher] [TIBMessageService][OnMessageReceived] -Recieved:
<?xml version="1.0" encoding="UTF-8"?>
<Message>
    <Header>
        <MESSAGENAME>MachineControlStateChangeRequest</MESSAGENAME>
        <QUERYDB_MES_FGMS>MES</QUERYDB_MES_FGMS>
        <ORIGINALTRANSACTIONID />
        <TRANSACTIONID>20190429164403166645</TRANSACTIONID>
        <ORIGINALSOURCESUBJECTNAME>_INBOX.0A746FC9.5ACEF8D90E1417E.16</ORIGINALSOURCESUBJECTNAME>
        <EVENTUSER>C1CCL01</EVENTUSER>
        <EVENTCOMMENT>1</EVENTCOMMENT>
        <LANGUAGE>Chinese</LANGUAGE>
        <LISTENER>PEXListener</LISTENER>
        <TOOLID />
    </Header>
    <Body>
        <MACHINENAME>C1CCL01</MACHINENAME>
        <MACHINECONTROLSTATENAME>LOCAL</MACHINECONTROLSTATENAME>
        <TRACELEVEL>M</TRACELEVEL>
    </Body>
    <Return>
        <RETURNCODE>0</RETURNCODE>
        <RETURNMESSAGE />
    </Return>
</Message>


[2019-04-29 16:45:23.709] [INFO ] [Tibrv_Dispatcher] [TIBMessageService][OnMessageReceived] -Recieved:
<?xml version="1.0" encoding="UTF-8"?>
<Message>
    <Header>
        <MESSAGENAME>MachineControlStateChangeRequest</MESSAGENAME>
        <QUERYDB_MES_FGMS>MES</QUERYDB_MES_FGMS>
        <ORIGINALTRANSACTIONID />
        <TRANSACTIONID>20190429164518652901</TRANSACTIONID>
        <ORIGINALSOURCESUBJECTNAME>_INBOX.0A746FC9.5ACEF8D90E1417E.17</ORIGINALSOURCESUBJECTNAME>
        <EVENTUSER>C1CCL01</EVENTUSER>
        <EVENTCOMMENT>1</EVENTCOMMENT>
        <LANGUAGE>Chinese</LANGUAGE>
        <LISTENER>PEXListener</LISTENER>
        <TOOLID />
    </Header>
    <Body>
        <MACHINENAME>C1CCL01</MACHINENAME>
        <MACHINECONTROLSTATENAME>REMOTE</MACHINECONTROLSTATENAME>
        <TRACELEVEL>M</TRACELEVEL>
    </Body>
    <Return>
        <RETURNCODE>0</RETURNCODE>
        <RETURNMESSAGE />
    </Return>
</Message>


[2019-04-29 16:47:34.066] [DEBUG] [9] [TIBMessageService][createTransport] -Create Transport Deamon[tcp:10.116.111.201:7500], serverice[8200],network[;225.11.11.2]
[2019-04-29 16:47:34.078] [DEBUG] [9] [TIBMessageService][createListener] -Creat Listen subject[TRULY.G5A.EAP.TST.FAB.C1CCL01]
[2019-04-29 16:48:18.480] [INFO ] [Tibrv_Dispatcher] [TIBMessageService][OnMessageReceived] -Recieved:
<?xml version="1.0" encoding="UTF-8"?>
<Message>
    <Header>
        <MESSAGENAME>MachineControlStateChangeRequest</MESSAGENAME>
        <QUERYDB_MES_FGMS>MES</QUERYDB_MES_FGMS>
        <ORIGINALTRANSACTIONID />
        <TRANSACTIONID>20190429164813384431</TRANSACTIONID>
        <ORIGINALSOURCESUBJECTNAME>_INBOX.0A746FC9.5ACEF8D90E1417E.18</ORIGINALSOURCESUBJECTNAME>
        <EVENTUSER>C1CCL01</EVENTUSER>
        <EVENTCOMMENT>1</EVENTCOMMENT>
        <LANGUAGE>Chinese</LANGUAGE>
        <LISTENER>PEXListener</LISTENER>
        <TOOLID />
    </Header>
    <Body>
        <MACHINENAME>C1CCL01</MACHINENAME>
        <MACHINECONTROLSTATENAME>LOCAL</MACHINECONTROLSTATENAME>
        <TRACELEVEL>M</TRACELEVEL>
    </Body>
    <Return>
        <RETURNCODE>0</RETURNCODE>
        <RETURNMESSAGE />
    </Return>
</Message>


[2019-04-29 16:48:27.766] [INFO ] [Tibrv_Dispatcher] [TIBMessageService][Send] -Send Message:
<?xml version="1.0" encoding="utf-8"?>
<Message>
  <Header>
    <MESSAGENAME>MachineControlStateChangeResponse</MESSAGENAME>
    <TRANSACTIONID>20190429164813384431</TRANSACTIONID>
    <ORIGINALTRANSACTIONID />
    <ORIGINALSOURCESUBJECTNAME>_INBOX.0A746FC9.5ACEF8D90E1417E.18</ORIGINALSOURCESUBJECTNAME>
    <EVENTUSER>C1CCL01</EVENTUSER>
    <EVENTCOMMENT>1</EVENTCOMMENT>
    <TOOLID />
  </Header>
  <Return>
    <RETURNCODE>0</RETURNCODE>
    <RETURNMESSAGE />
  </Return>
  <Body>
    <MACHINENAME>C1CCL01</MACHINENAME>
    <MACHINECONTROLSTATENAME>LOCAL</MACHINECONTROLSTATENAME>
    <ACKNOWLEDGE>Y</ACKNOWLEDGE>
    <TRACELEVEL>M</TRACELEVEL>
  </Body>
</Message>
[2019-04-29 16:49:26.610] [INFO ] [Tibrv_Dispatcher] [TIBMessageService][OnMessageReceived] -Recieved:
<?xml version="1.0" encoding="UTF-8"?>
<Message>
    <Header>
        <MESSAGENAME>MachineControlStateChangeRequest</MESSAGENAME>
        <QUERYDB_MES_FGMS>MES</QUERYDB_MES_FGMS>
        <ORIGINALTRANSACTIONID />
        <TRANSACTIONID>20190429164921515820</TRANSACTIONID>
        <ORIGINALSOURCESUBJECTNAME>_INBOX.0A746FC9.5ACEF8D90E1417E.19</ORIGINALSOURCESUBJECTNAME>
        <EVENTUSER>C1CCL01</EVENTUSER>
        <EVENTCOMMENT>1</EVENTCOMMENT>
        <LANGUAGE>Chinese</LANGUAGE>
        <LISTENER>PEXListener</LISTENER>
        <TOOLID />
    </Header>
    <Body>
        <MACHINENAME>C1CCL01</MACHINENAME>
        <MACHINECONTROLSTATENAME>REMOTE</MACHINECONTROLSTATENAME>
        <TRACELEVEL>M</TRACELEVEL>
    </Body>
    <Return>
        <RETURNCODE>0</RETURNCODE>
        <RETURNMESSAGE />
    </Return>
</Message>


[2019-04-29 16:49:33.562] [INFO ] [Tibrv_Dispatcher] [TIBMessageService][Send] -Send Message:
<?xml version="1.0" encoding="utf-8"?>
<Message>
  <Header>
    <MESSAGENAME>MachineControlStateChangeResponse</MESSAGENAME>
    <TRANSACTIONID>20190429164921515820</TRANSACTIONID>
    <ORIGINALTRANSACTIONID />
    <ORIGINALSOURCESUBJECTNAME>_INBOX.0A746FC9.5ACEF8D90E1417E.19</ORIGINALSOURCESUBJECTNAME>
    <EVENTUSER>C1CCL01</EVENTUSER>
    <EVENTCOMMENT>1</EVENTCOMMENT>
    <TOOLID />
  </Header>
  <Return>
    <RETURNCODE>0</RETURNCODE>
    <RETURNMESSAGE />
  </Return>
  <Body>
    <MACHINENAME>C1CCL01</MACHINENAME>
    <MACHINECONTROLSTATENAME>REMOTE</MACHINECONTROLSTATENAME>
    <ACKNOWLEDGE>Y</ACKNOWLEDGE>
    <TRACELEVEL>M</TRACELEVEL>
  </Body>
</Message>
[2019-04-29 16:51:37.012] [DEBUG] [9] [TIBMessageService][createTransport] -Create Transport Deamon[tcp:10.116.111.201:7500], serverice[8200],network[;225.11.11.2]
[2019-04-29 16:51:37.028] [DEBUG] [9] [TIBMessageService][createListener] -Creat Listen subject[TRULY.G5A.EAP.TST.FAB.C1CCL01]
[2019-04-29 16:52:04.224] [INFO ] [Tibrv_Dispatcher] [TIBMessageService][OnMessageReceived] -Recieved:
<?xml version="1.0" encoding="UTF-8"?>
<Message>
    <Header>
        <MESSAGENAME>MachineControlStateChangeRequest</MESSAGENAME>
        <QUERYDB_MES_FGMS>MES</QUERYDB_MES_FGMS>
        <ORIGINALTRANSACTIONID />
        <TRANSACTIONID>20190429165159101465</TRANSACTIONID>
        <ORIGINALSOURCESUBJECTNAME>_INBOX.0A746FC9.5ACEF8D90E1417E.20</ORIGINALSOURCESUBJECTNAME>
        <EVENTUSER>C1CCL01</EVENTUSER>
        <EVENTCOMMENT>1</EVENTCOMMENT>
        <LANGUAGE>Chinese</LANGUAGE>
        <LISTENER>PEXListener</LISTENER>
        <TOOLID />
    </Header>
    <Body>
        <MACHINENAME>C1CCL01</MACHINENAME>
        <MACHINECONTROLSTATENAME>REMOTE</MACHINECONTROLSTATENAME>
        <TRACELEVEL>M</TRACELEVEL>
    </Body>
    <Return>
        <RETURNCODE>0</RETURNCODE>
        <RETURNMESSAGE />
    </Return>
</Message>


[2019-04-29 16:52:13.193] [INFO ] [Tibrv_Dispatcher] [TIBMessageService][Send] -Send Message:
<?xml version="1.0" encoding="utf-8"?>
<Message>
  <Header>
    <MESSAGENAME>MachineControlStateChangeResponse</MESSAGENAME>
    <TRANSACTIONID>20190429165159101465</TRANSACTIONID>
    <ORIGINALTRANSACTIONID />
    <ORIGINALSOURCESUBJECTNAME>_INBOX.0A746FC9.5ACEF8D90E1417E.20</ORIGINALSOURCESUBJECTNAME>
    <EVENTUSER>C1CCL01</EVENTUSER>
    <EVENTCOMMENT>1</EVENTCOMMENT>
    <TOOLID />
  </Header>
  <Return>
    <RETURNCODE>0</RETURNCODE>
    <RETURNMESSAGE />
  </Return>
  <Body>
    <MACHINENAME>C1CCL01</MACHINENAME>
    <MACHINECONTROLSTATENAME>REMOTE</MACHINECONTROLSTATENAME>
    <ACKNOWLEDGE>Y</ACKNOWLEDGE>
    <TRACELEVEL>M</TRACELEVEL>
  </Body>
</Message>
[2019-04-29 16:53:30.405] [INFO ] [Tibrv_Dispatcher] [TIBMessageService][OnMessageReceived] -Recieved:
<?xml version="1.0" encoding="UTF-8"?>
<Message>
    <Header>
        <MESSAGENAME>MachineControlStateChangeRequest</MESSAGENAME>
        <QUERYDB_MES_FGMS>MES</QUERYDB_MES_FGMS>
        <ORIGINALTRANSACTIONID />
        <TRANSACTIONID>20190429165325272249</TRANSACTIONID>
        <ORIGINALSOURCESUBJECTNAME>_INBOX.0A746FC9.5ACEF8D90E1417E.21</ORIGINALSOURCESUBJECTNAME>
        <EVENTUSER>C1CCL01</EVENTUSER>
        <EVENTCOMMENT>1</EVENTCOMMENT>
        <LANGUAGE>Chinese</LANGUAGE>
        <LISTENER>PEXListener</LISTENER>
        <TOOLID />
    </Header>
    <Body>
        <MACHINENAME>C1CCL01</MACHINENAME>
        <MACHINECONTROLSTATENAME>LOCAL</MACHINECONTROLSTATENAME>
        <TRACELEVEL>M</TRACELEVEL>
    </Body>
    <Return>
        <RETURNCODE>0</RETURNCODE>
        <RETURNMESSAGE />
    </Return>
</Message>


[2019-04-29 16:53:37.636] [INFO ] [Tibrv_Dispatcher] [TIBMessageService][Send] -Send Message:
<?xml version="1.0" encoding="utf-8"?>
<Message>
  <Header>
    <MESSAGENAME>MachineControlStateChangeResponse</MESSAGENAME>
    <TRANSACTIONID>20190429165325272249</TRANSACTIONID>
    <ORIGINALTRANSACTIONID />
    <ORIGINALSOURCESUBJECTNAME>_INBOX.0A746FC9.5ACEF8D90E1417E.21</ORIGINALSOURCESUBJECTNAME>
    <EVENTUSER>C1CCL01</EVENTUSER>
    <EVENTCOMMENT>1</EVENTCOMMENT>
    <TOOLID />
  </Header>
  <Return>
    <RETURNCODE>0</RETURNCODE>
    <RETURNMESSAGE />
  </Return>
  <Body>
    <MACHINENAME>C1CCL01</MACHINENAME>
    <MACHINECONTROLSTATENAME>LOCAL</MACHINECONTROLSTATENAME>
    <ACKNOWLEDGE>Y</ACKNOWLEDGE>
    <TRACELEVEL>M</TRACELEVEL>
  </Body>
</Message>
[2019-04-29 17:01:18.213] [DEBUG] [10] [TIBMessageService][createTransport] -Create Transport Deamon[tcp:10.116.111.201:7500], serverice[8200],network[;225.11.11.2]
[2019-04-29 17:01:18.223] [DEBUG] [10] [TIBMessageService][createListener] -Creat Listen subject[TRULY.G5A.EAP.TST.FAB.C1CCL01]
[2019-04-29 17:01:46.579] [INFO ] [Tibrv_Dispatcher] [TIBMessageService][OnMessageReceived] -Recieved:
<?xml version="1.0" encoding="UTF-8"?>
<Message>
    <Header>
        <MESSAGENAME>MachineControlStateChangeRequest</MESSAGENAME>
        <QUERYDB_MES_FGMS>MES</QUERYDB_MES_FGMS>
        <ORIGINALTRANSACTIONID />
        <TRANSACTIONID>20190429170141292823</TRANSACTIONID>
        <ORIGINALSOURCESUBJECTNAME>_INBOX.0A746FC9.5ACEF8D90E1417E.22</ORIGINALSOURCESUBJECTNAME>
        <EVENTUSER>C1CCL01</EVENTUSER>
        <EVENTCOMMENT>1</EVENTCOMMENT>
        <LANGUAGE>Chinese</LANGUAGE>
        <LISTENER>PEXListener</LISTENER>
        <TOOLID />
    </Header>
    <Body>
        <MACHINENAME>C1CCL01</MACHINENAME>
        <MACHINECONTROLSTATENAME>LOCAL</MACHINECONTROLSTATENAME>
        <TRACELEVEL>M</TRACELEVEL>
    </Body>
    <Return>
        <RETURNCODE>0</RETURNCODE>
        <RETURNMESSAGE />
    </Return>
</Message>


[2019-04-29 17:01:55.583] [INFO ] [Tibrv_Dispatcher] [TIBMessageService][Send] -Send Message:
<?xml version="1.0" encoding="utf-8"?>
<Message>
  <Header>
    <MESSAGENAME>MachineControlStateChangeResponse</MESSAGENAME>
    <TRANSACTIONID>20190429170141292823</TRANSACTIONID>
    <ORIGINALTRANSACTIONID />
    <ORIGINALSOURCESUBJECTNAME>_INBOX.0A746FC9.5ACEF8D90E1417E.22</ORIGINALSOURCESUBJECTNAME>
    <EVENTUSER>C1CCL01</EVENTUSER>
    <EVENTCOMMENT>1</EVENTCOMMENT>
    <TOOLID />
  </Header>
  <Return>
    <RETURNCODE>0</RETURNCODE>
    <RETURNMESSAGE />
  </Return>
  <Body>
    <MACHINENAME>C1CCL01</MACHINENAME>
    <MACHINECONTROLSTATENAME>LOCAL</MACHINECONTROLSTATENAME>
    <ACKNOWLEDGE>Y</ACKNOWLEDGE>
    <TRACELEVEL>M</TRACELEVEL>
  </Body>
</Message>
[2019-04-29 17:06:11.556] [DEBUG] [9] [TIBMessageService][createTransport] -Create Transport Deamon[tcp:10.116.111.201:7500], serverice[8200],network[;225.11.11.2]
[2019-04-29 17:06:11.569] [DEBUG] [9] [TIBMessageService][createListener] -Creat Listen subject[TRULY.G5A.EAP.TST.FAB.C1CCL01]
[2019-04-29 17:06:46.186] [INFO ] [Tibrv_Dispatcher] [TIBMessageService][OnMessageReceived] -Recieved:
<?xml version="1.0" encoding="UTF-8"?>
<Message>
    <Header>
        <MESSAGENAME>MachineControlStateChangeRequest</MESSAGENAME>
        <QUERYDB_MES_FGMS>MES</QUERYDB_MES_FGMS>
        <ORIGINALTRANSACTIONID />
        <TRANSACTIONID>20190429170640809567</TRANSACTIONID>
        <ORIGINALSOURCESUBJECTNAME>_INBOX.0A746FC9.5ACEF8D90E1417E.23</ORIGINALSOURCESUBJECTNAME>
        <EVENTUSER>C1CCL01</EVENTUSER>
        <EVENTCOMMENT>1</EVENTCOMMENT>
        <LANGUAGE>Chinese</LANGUAGE>
        <LISTENER>PEXListener</LISTENER>
        <TOOLID />
    </Header>
    <Body>
        <MACHINENAME>C1CCL01</MACHINENAME>
        <MACHINECONTROLSTATENAME>REMOTE</MACHINECONTROLSTATENAME>
        <TRACELEVEL>M</TRACELEVEL>
    </Body>
    <Return>
        <RETURNCODE>0</RETURNCODE>
        <RETURNMESSAGE />
    </Return>
</Message>


[2019-04-29 17:06:46.863] [INFO ] [Tibrv_Dispatcher] [TIBMessageService][Send] -Send Message:
<?xml version="1.0" encoding="utf-8"?>
<Message>
  <Header>
    <MESSAGENAME>MachineControlStateChangeResponse</MESSAGENAME>
    <TRANSACTIONID>20190429170640809567</TRANSACTIONID>
    <ORIGINALTRANSACTIONID />
    <ORIGINALSOURCESUBJECTNAME>_INBOX.0A746FC9.5ACEF8D90E1417E.23</ORIGINALSOURCESUBJECTNAME>
    <EVENTUSER>C1CCL01</EVENTUSER>
    <EVENTCOMMENT>1</EVENTCOMMENT>
    <TOOLID />
  </Header>
  <Return>
    <RETURNCODE>0</RETURNCODE>
    <RETURNMESSAGE />
  </Return>
  <Body>
    <MACHINENAME>C1CCL01</MACHINENAME>
    <MACHINECONTROLSTATENAME>REMOTE</MACHINECONTROLSTATENAME>
    <ACKNOWLEDGE>Y</ACKNOWLEDGE>
    <TRACELEVEL>M</TRACELEVEL>
  </Body>
</Message>
[2019-04-29 17:07:05.166] [INFO ] [Tibrv_Dispatcher] [TIBMessageService][Send] -Send Message:
<?xml version="1.0" encoding="utf-8"?>
<Message>
  <Header>
    <MESSAGENAME>PortTransferStateChanged</MESSAGENAME>
    <TRANSACTIONID>20190429170703071000</TRANSACTIONID>
    <ORIGINALTRANSACTIONID />
    <EVENTUSER>C1CCL01</EVENTUSER>
    <EVENTCOMMENT />
  </Header>
  <Return>
    <RETURNCODE>0</RETURNCODE>
    <RETURNMESSAGE />
  </Return>
  <Body>
    <MACHINENAME>C1CCL01</MACHINENAME>
    <PORTLIST>
      <PORT>
        <PORTNAME>PL01</PORTNAME>
        <PORTTRANSFERSTATENAME>LR</PORTTRANSFERSTATENAME>
        <PORTTYPE>Loader</PORTTYPE>
        <CARRIERTYPE>NORMAL</CARRIERTYPE>
        <MACHINECONTROLSTATENAME>REMOTE</MACHINECONTROLSTATENAME>
        <MACHINESTATENAME>Run</MACHINESTATENAME>
      </PORT>
    </PORTLIST>
  </Body>
</Message>
[2019-04-29 17:07:07.960] [INFO ] [Tibrv_Dispatcher] [TIBMessageService][Send] -Send Message:
<?xml version="1.0" encoding="utf-8"?>
<Message>
  <Header>
    <MESSAGENAME>PortTransferStateChanged</MESSAGENAME>
    <TRANSACTIONID>20190429170705860000</TRANSACTIONID>
    <ORIGINALTRANSACTIONID />
    <EVENTUSER>C1CCL01</EVENTUSER>
    <EVENTCOMMENT />
  </Header>
  <Return>
    <RETURNCODE>0</RETURNCODE>
    <RETURNMESSAGE />
  </Return>
  <Body>
    <MACHINENAME>C1CCL01</MACHINENAME>
    <PORTLIST>
      <PORT>
        <PORTNAME>PU01</PORTNAME>
        <PORTTYPE>Unloader</PORTTYPE>
        <CARRIERNAME>S517A9999</CARRIERNAME>
        <CARRIERTYPE>NORMAL</CARRIERTYPE>
        <MACHINECONTROLSTATENAME>REMOTE</MACHINECONTROLSTATENAME>
        <MACHINESTATENAME>Run</MACHINESTATENAME>
      </PORT>
    </PORTLIST>
  </Body>
</Message>
[2019-04-29 17:10:31.630] [DEBUG] [10] [TIBMessageService][createTransport] -Create Transport Deamon[tcp:10.116.111.201:7500], serverice[8200],network[;225.11.11.2]
[2019-04-29 17:10:31.643] [DEBUG] [10] [TIBMessageService][createListener] -Creat Listen subject[TRULY.G5A.EAP.TST.FAB.C1CCL01]
[2019-04-29 17:14:48.451] [INFO ] [Tibrv_Dispatcher] [TIBMessageService][OnMessageReceived] -Recieved:
<?xml version="1.0" encoding="UTF-8"?>
<Message>
    <Header>
        <MESSAGENAME>MachineControlStateChangeRequest</MESSAGENAME>
        <QUERYDB_MES_FGMS>MES</QUERYDB_MES_FGMS>
        <ORIGINALTRANSACTIONID />
        <TRANSACTIONID>20190429171442974767</TRANSACTIONID>
        <ORIGINALSOURCESUBJECTNAME>_INBOX.0A746FC9.5ACEF8D90E1417E.24</ORIGINALSOURCESUBJECTNAME>
        <EVENTUSER>C1CCL01</EVENTUSER>
        <EVENTCOMMENT>1</EVENTCOMMENT>
        <LANGUAGE>Chinese</LANGUAGE>
        <LISTENER>PEXListener</LISTENER>
        <TOOLID />
    </Header>
    <Body>
        <MACHINENAME>C1CCL01</MACHINENAME>
        <MACHINECONTROLSTATENAME>REMOTE</MACHINECONTROLSTATENAME>
        <TRACELEVEL>M</TRACELEVEL>
    </Body>
    <Return>
        <RETURNCODE>0</RETURNCODE>
        <RETURNMESSAGE />
    </Return>
</Message>


[2019-04-29 17:14:49.156] [INFO ] [Tibrv_Dispatcher] [TIBMessageService][Send] -Send Message:
<?xml version="1.0" encoding="utf-8"?>
<Message>
  <Header>
    <MESSAGENAME>MachineControlStateChangeResponse</MESSAGENAME>
    <TRANSACTIONID>20190429171442974767</TRANSACTIONID>
    <ORIGINALTRANSACTIONID />
    <ORIGINALSOURCESUBJECTNAME>_INBOX.0A746FC9.5ACEF8D90E1417E.24</ORIGINALSOURCESUBJECTNAME>
    <EVENTUSER>C1CCL01</EVENTUSER>
    <EVENTCOMMENT>1</EVENTCOMMENT>
    <TOOLID />
  </Header>
  <Return>
    <RETURNCODE>0</RETURNCODE>
    <RETURNMESSAGE />
  </Return>
  <Body>
    <MACHINENAME>C1CCL01</MACHINENAME>
    <MACHINECONTROLSTATENAME>REMOTE</MACHINECONTROLSTATENAME>
    <ACKNOWLEDGE>Y</ACKNOWLEDGE>
    <TRACELEVEL>M</TRACELEVEL>
  </Body>
</Message>
[2019-04-29 17:14:49.842] [INFO ] [Tibrv_Dispatcher] [TIBMessageService][Send] -Send Message:
<?xml version="1.0" encoding="utf-8"?>
<Message>
  <Header>
    <MESSAGENAME>PortTransferStateChanged</MESSAGENAME>
    <TRANSACTIONID>20190429171449334000</TRANSACTIONID>
    <ORIGINALTRANSACTIONID />
    <EVENTUSER>C1CCL01</EVENTUSER>
    <EVENTCOMMENT />
  </Header>
  <Return>
    <RETURNCODE>0</RETURNCODE>
    <RETURNMESSAGE />
  </Return>
  <Body>
    <MACHINENAME>C1CCL01</MACHINENAME>
    <PORTLIST>
      <PORT>
        <PORTNAME>PL01</PORTNAME>
        <PORTTRANSFERSTATENAME>LR</PORTTRANSFERSTATENAME>
        <PORTTYPE>Loader</PORTTYPE>
        <CARRIERTYPE>NORMAL</CARRIERTYPE>
        <MACHINECONTROLSTATENAME>REMOTE</MACHINECONTROLSTATENAME>
        <MACHINESTATENAME>Run</MACHINESTATENAME>
      </PORT>
    </PORTLIST>
  </Body>
</Message>
[2019-04-29 17:14:50.522] [INFO ] [Tibrv_Dispatcher] [TIBMessageService][Send] -Send Message:
<?xml version="1.0" encoding="utf-8"?>
<Message>
  <Header>
    <MESSAGENAME>PortTransferStateChanged</MESSAGENAME>
    <TRANSACTIONID>20190429171450079000</TRANSACTIONID>
    <ORIGINALTRANSACTIONID />
    <EVENTUSER>C1CCL01</EVENTUSER>
    <EVENTCOMMENT />
  </Header>
  <Return>
    <RETURNCODE>0</RETURNCODE>
    <RETURNMESSAGE />
  </Return>
  <Body>
    <MACHINENAME>C1CCL01</MACHINENAME>
    <PORTLIST>
      <PORT>
        <PORTNAME>PU01</PORTNAME>
        <PORTTYPE>Unloader</PORTTYPE>
        <CARRIERNAME>S517A9999</CARRIERNAME>
        <CARRIERTYPE>NORMAL</CARRIERTYPE>
        <MACHINECONTROLSTATENAME>REMOTE</MACHINECONTROLSTATENAME>
        <MACHINESTATENAME>Run</MACHINESTATENAME>
      </PORT>
    </PORTLIST>
  </Body>
</Message>
[2019-04-29 17:42:37.545] [DEBUG] [9] [TIBMessageService][createTransport] -Create Transport Deamon[tcp:10.116.111.201:7500], serverice[8200],network[;225.11.11.2]
[2019-04-29 17:42:37.555] [DEBUG] [9] [TIBMessageService][createListener] -Creat Listen subject[TRULY.G5A.EAP.TST.FAB.C1CCL01]
[2019-04-29 18:33:19.198] [DEBUG] [9] [TIBMessageService][createTransport] -Create Transport Deamon[tcp:10.116.111.201:7500], serverice[8200],network[;225.11.11.2]
[2019-04-29 18:33:19.225] [DEBUG] [9] [TIBMessageService][createListener] -Creat Listen subject[TRULY.G5A.EAP.TST.FAB.C1CCL01]
[2019-04-29 18:36:27.528] [DEBUG] [10] [TIBMessageService][createTransport] -Create Transport Deamon[tcp:10.116.111.201:7500], serverice[8200],network[;225.11.11.2]
[2019-04-29 18:36:27.537] [DEBUG] [10] [TIBMessageService][createListener] -Creat Listen subject[TRULY.G5A.EAP.TST.FAB.C1CCL01]
[2019-04-29 18:37:19.966] [INFO ] [mProtocol_OnEventReceived] [TIBMessageService][Send] -Send Message:
<?xml version="1.0" encoding="utf-8"?>
<Message>
  <Header>
    <MESSAGENAME>PortTransferStateChanged</MESSAGENAME>
    <TRANSACTIONID>20190429183719547000</TRANSACTIONID>
    <ORIGINALTRANSACTIONID />
    <EVENTUSER>C1CCL01</EVENTUSER>
    <EVENTCOMMENT />
  </Header>
  <Return>
    <RETURNCODE>0</RETURNCODE>
    <RETURNMESSAGE />
  </Return>
  <Body>
    <MACHINENAME>C1CCL01</MACHINENAME>
    <PORTLIST>
      <PORT>
        <PORTNAME>PL01</PORTNAME>
        <PORTTRANSFERSTATENAME>LR</PORTTRANSFERSTATENAME>
        <PORTTYPE>Loader</PORTTYPE>
        <CARRIERTYPE>NORMAL</CARRIERTYPE>
        <MACHINECONTROLSTATENAME>REMOTE</MACHINECONTROLSTATENAME>
        <MACHINESTATENAME>Run</MACHINESTATENAME>
      </PORT>
    </PORTLIST>
  </Body>
</Message>
[2019-04-29 18:38:32.279] [INFO ] [mProtocol_OnEventReceived] [TIBMessageService][Send] -Send Message:
<?xml version="1.0" encoding="utf-8"?>
<Message>
  <Header>
    <MESSAGENAME>PortTransferStateChanged</MESSAGENAME>
    <TRANSACTIONID>20190429183831860000</TRANSACTIONID>
    <ORIGINALTRANSACTIONID />
    <EVENTUSER>C1CCL01</EVENTUSER>
    <EVENTCOMMENT />
  </Header>
  <Return>
    <RETURNCODE>0</RETURNCODE>
    <RETURNMESSAGE />
  </Return>
  <Body>
    <MACHINENAME>C1CCL01</MACHINENAME>
    <PORTLIST>
      <PORT>
        <PORTNAME>PL01</PORTNAME>
        <PORTTRANSFERSTATENAME>LR</PORTTRANSFERSTATENAME>
        <PORTTYPE>Loader</PORTTYPE>
        <CARRIERTYPE>NORMAL</CARRIERTYPE>
        <MACHINECONTROLSTATENAME>REMOTE</MACHINECONTROLSTATENAME>
        <MACHINESTATENAME>Run</MACHINESTATENAME>
      </PORT>
    </PORTLIST>
  </Body>
</Message>
