[2019-05-03 11:09:27.717] [DEBUG] [10] [TIBMessageService][createTransport] -Create Transport Deamon[tcp:10.116.111.201:7500], serverice[8200],network[;225.11.11.2]
[2019-05-03 11:09:27.726] [DEBUG] [10] [TIBMessageService][createListener] -Creat Listen subject[TRULY.G5A.EAP.TST.FAB.C1CCL01]
[2019-05-03 11:13:01.207] [DEBUG] [10] [TIBMessageService][createTransport] -Create Transport Deamon[tcp:10.116.111.201:7500], serverice[8200],network[;225.11.11.2]
[2019-05-03 11:13:01.219] [DEBUG] [10] [TIBMessageService][createListener] -Creat Listen subject[TRULY.G5A.EAP.TST.FAB.C1CCL01]
[2019-05-03 11:15:37.623] [DEBUG] [10] [TIBMessageService][createTransport] -Create Transport Deamon[tcp:10.116.111.201:7500], serverice[8200],network[;225.11.11.2]
[2019-05-03 11:15:37.633] [DEBUG] [10] [TIBMessageService][createListener] -Creat Listen subject[TRULY.G5A.EAP.TST.FAB.C1CCL01]
[2019-05-03 11:20:10.634] [DEBUG] [10] [TIBMessageService][createTransport] -Create Transport Deamon[tcp:10.116.111.201:7500], serverice[8200],network[;225.11.11.2]
[2019-05-03 11:20:10.652] [DEBUG] [10] [TIBMessageService][createListener] -Creat Listen subject[TRULY.G5A.EAP.TST.FAB.C1CCL01]
[2019-05-03 11:29:28.550] [DEBUG] [10] [TIBMessageService][createTransport] -Create Transport Deamon[tcp:10.116.111.201:7500], serverice[8200],network[;225.11.11.2]
[2019-05-03 11:29:28.567] [DEBUG] [10] [TIBMessageService][createListener] -Creat Listen subject[TRULY.G5A.EAP.TST.FAB.C1CCL01]
[2019-05-03 11:31:24.772] [DEBUG] [10] [TIBMessageService][createTransport] -Create Transport Deamon[tcp:10.116.111.201:7500], serverice[8200],network[;225.11.11.2]
[2019-05-03 11:31:24.783] [DEBUG] [10] [TIBMessageService][createListener] -Creat Listen subject[TRULY.G5A.EAP.TST.FAB.C1CCL01]
[2019-05-03 11:32:35.992] [DEBUG] [10] [TIBMessageService][createTransport] -Create Transport Deamon[tcp:10.116.111.201:7500], serverice[8200],network[;225.11.11.2]
[2019-05-03 11:32:36.009] [DEBUG] [10] [TIBMessageService][createListener] -Creat Listen subject[TRULY.G5A.EAP.TST.FAB.C1CCL01]
[2019-05-03 11:34:47.703] [DEBUG] [8] [TIBMessageService][createTransport] -Create Transport Deamon[tcp:10.116.111.201:7500], serverice[8200],network[;225.11.11.2]
[2019-05-03 11:34:47.719] [DEBUG] [8] [TIBMessageService][createListener] -Creat Listen subject[TRULY.G5A.EAP.TST.FAB.C1CCL01]
[2019-05-03 11:36:42.075] [DEBUG] [9] [TIBMessageService][createTransport] -Create Transport Deamon[tcp:10.116.111.201:7500], serverice[8200],network[;225.11.11.2]
[2019-05-03 11:36:42.116] [DEBUG] [9] [TIBMessageService][createListener] -Creat Listen subject[TRULY.G5A.EAP.TST.FAB.C1CCL01]
[2019-05-03 11:44:04.825] [DEBUG] [9] [TIBMessageService][createTransport] -Create Transport Deamon[tcp:10.116.111.201:7500], serverice[8200],network[;225.11.11.2]
[2019-05-03 11:44:04.980] [DEBUG] [9] [TIBMessageService][createListener] -Creat Listen subject[TRULY.G5A.EAP.TST.FAB.C1CCL01]
[2019-05-03 11:49:51.193] [DEBUG] [9] [TIBMessageService][createTransport] -Create Transport Deamon[tcp:10.116.111.201:7500], serverice[8200],network[;225.11.11.2]
[2019-05-03 11:49:51.202] [DEBUG] [9] [TIBMessageService][createListener] -Creat Listen subject[TRULY.G5A.EAP.TST.FAB.C1CCL01]
[2019-05-03 11:49:57.599] [INFO ] [9] [TIBMessageService][Send] -Send Message:
<?xml version="1.0" encoding="utf-8"?>
<Message>
  <Header>
    <MESSAGENAME>MachineControlStateChanged</MESSAGENAME>
    <TRANSACTIONID>20190503114957518000</TRANSACTIONID>
    <ORIGINALTRANSACTIONID />
    <EVENTUSER>C1CCL01</EVENTUSER>
    <EVENTCOMMENT />
  </Header>
  <Return>
    <RETURNCODE>0</RETURNCODE>
    <RETURNMESSAGE />
  </Return>
  <Body>
    <MACHINENAME>C1CCL01</MACHINENAME>
    <MACHINECONTROLSTATENAME>Offline</MACHINECONTROLSTATENAME>
    <TRACELEVEL>M</TRACELEVEL>
  </Body>
</Message>
[2019-05-03 12:03:24.683] [DEBUG] [10] [TIBMessageService][createTransport] -Create Transport Deamon[tcp:10.116.111.201:7500], serverice[8200],network[;225.11.11.2]
[2019-05-03 12:03:24.855] [DEBUG] [10] [TIBMessageService][createListener] -Creat Listen subject[TRULY.G5A.EAP.TST.FAB.C1CCL01]
[2019-05-03 12:03:46.515] [INFO ] [10] [TIBMessageService][Send] -Send Message:
<?xml version="1.0" encoding="utf-8"?>
<Message>
  <Header>
    <MESSAGENAME>MachineControlStateChanged</MESSAGENAME>
    <TRANSACTIONID>20190503120346427000</TRANSACTIONID>
    <ORIGINALTRANSACTIONID />
    <EVENTUSER>C1CCL01</EVENTUSER>
    <EVENTCOMMENT />
  </Header>
  <Return>
    <RETURNCODE>0</RETURNCODE>
    <RETURNMESSAGE />
  </Return>
  <Body>
    <MACHINENAME>C1CCL01</MACHINENAME>
    <MACHINECONTROLSTATENAME>Offline</MACHINECONTROLSTATENAME>
    <TRACELEVEL>M</TRACELEVEL>
  </Body>
</Message>
[2019-05-03 12:12:11.795] [DEBUG] [9] [TIBMessageService][createTransport] -Create Transport Deamon[tcp:10.116.111.201:7500], serverice[8200],network[;225.11.11.2]
[2019-05-03 12:12:11.806] [DEBUG] [9] [TIBMessageService][createListener] -Creat Listen subject[TRULY.G5A.EAP.TST.FAB.C1CCL01]
[2019-05-03 12:12:22.250] [INFO ] [9] [TIBMessageService][Send] -Send Message:
<?xml version="1.0" encoding="utf-8"?>
<Message>
  <Header>
    <MESSAGENAME>MachineControlStateChanged</MESSAGENAME>
    <TRANSACTIONID>20190503121222190000</TRANSACTIONID>
    <ORIGINALTRANSACTIONID />
    <EVENTUSER>C1CCL01</EVENTUSER>
    <EVENTCOMMENT />
  </Header>
  <Return>
    <RETURNCODE>0</RETURNCODE>
    <RETURNMESSAGE />
  </Return>
  <Body>
    <MACHINENAME>C1CCL01</MACHINENAME>
    <MACHINECONTROLSTATENAME>Offline</MACHINECONTROLSTATENAME>
    <TRACELEVEL>M</TRACELEVEL>
  </Body>
</Message>
[2019-05-03 13:56:14.754] [DEBUG] [10] [TIBMessageService][createTransport] -Create Transport Deamon[tcp:10.116.111.201:7500], serverice[8200],network[;225.11.11.2]
[2019-05-03 13:56:14.929] [DEBUG] [10] [TIBMessageService][createListener] -Creat Listen subject[TRULY.G5A.EAP.TST.FAB.C1CCL01]
[2019-05-03 13:57:41.669] [DEBUG] [9] [TIBMessageService][createTransport] -Create Transport Deamon[tcp:10.116.111.201:7500], serverice[8200],network[;225.11.11.2]
[2019-05-03 13:57:41.679] [DEBUG] [9] [TIBMessageService][createListener] -Creat Listen subject[TRULY.G5A.EAP.TST.FAB.C1CCL01]
[2019-05-03 13:57:45.978] [INFO ] [9] [TIBMessageService][Send] -Send Message:
<?xml version="1.0" encoding="utf-8"?>
<Message>
  <Header>
    <MESSAGENAME>MachineControlStateChanged</MESSAGENAME>
    <TRANSACTIONID>20190503135745899000</TRANSACTIONID>
    <ORIGINALTRANSACTIONID />
    <EVENTUSER>C1CCL01</EVENTUSER>
    <EVENTCOMMENT />
  </Header>
  <Return>
    <RETURNCODE>0</RETURNCODE>
    <RETURNMESSAGE />
  </Return>
  <Body>
    <MACHINENAME>C1CCL01</MACHINENAME>
    <MACHINECONTROLSTATENAME>Offline</MACHINECONTROLSTATENAME>
    <TRACELEVEL>M</TRACELEVEL>
  </Body>
</Message>
[2019-05-03 14:34:17.205] [DEBUG] [9] [TIBMessageService][createTransport] -Create Transport Deamon[tcp:10.116.111.201:7500], serverice[8200],network[;225.11.11.2]
[2019-05-03 14:34:17.217] [DEBUG] [9] [TIBMessageService][createListener] -Creat Listen subject[TRULY.G5A.EAP.TST.FAB.C1CCL01]
[2019-05-03 14:34:26.085] [INFO ] [9] [TIBMessageService][Send] -Send Message:
<?xml version="1.0" encoding="utf-8"?>
<Message>
  <Header>
    <MESSAGENAME>MachineControlStateChanged</MESSAGENAME>
    <TRANSACTIONID>20190503143425986000</TRANSACTIONID>
    <ORIGINALTRANSACTIONID />
    <EVENTUSER>C1CCL01</EVENTUSER>
    <EVENTCOMMENT />
  </Header>
  <Return>
    <RETURNCODE>0</RETURNCODE>
    <RETURNMESSAGE />
  </Return>
  <Body>
    <MACHINENAME>C1CCL01</MACHINENAME>
    <MACHINECONTROLSTATENAME>Offline</MACHINECONTROLSTATENAME>
    <TRACELEVEL>M</TRACELEVEL>
  </Body>
</Message>
[2019-05-03 14:34:54.622] [DEBUG] [8] [TIBMessageService][createTransport] -Create Transport Deamon[tcp:10.116.111.201:7500], serverice[8200],network[;225.11.11.2]
[2019-05-03 14:34:54.631] [DEBUG] [8] [TIBMessageService][createListener] -Creat Listen subject[TRULY.G5A.EAP.TST.FAB.C1CCL01]
[2019-05-03 14:35:12.500] [INFO ] [8] [TIBMessageService][Send] -Send Message:
<?xml version="1.0" encoding="utf-8"?>
<Message>
  <Header>
    <MESSAGENAME>MachineControlStateChanged</MESSAGENAME>
    <TRANSACTIONID>20190503143512411000</TRANSACTIONID>
    <ORIGINALTRANSACTIONID />
    <EVENTUSER>C1CCL01</EVENTUSER>
    <EVENTCOMMENT />
  </Header>
  <Return>
    <RETURNCODE>0</RETURNCODE>
    <RETURNMESSAGE />
  </Return>
  <Body>
    <MACHINENAME>C1CCL01</MACHINENAME>
    <MACHINECONTROLSTATENAME>Offline</MACHINECONTROLSTATENAME>
    <TRACELEVEL>M</TRACELEVEL>
  </Body>
</Message>
[2019-05-03 14:41:21.903] [DEBUG] [9] [TIBMessageService][createTransport] -Create Transport Deamon[tcp:10.116.111.201:7500], serverice[8200],network[;225.11.11.2]
[2019-05-03 14:41:21.913] [DEBUG] [9] [TIBMessageService][createListener] -Creat Listen subject[TRULY.G5A.EAP.TST.FAB.C1CCL01]
[2019-05-03 14:42:02.747] [INFO ] [9] [TIBMessageService][Send] -Send Message:
<?xml version="1.0" encoding="utf-8"?>
<Message>
  <Header>
    <MESSAGENAME>MachineControlStateChanged</MESSAGENAME>
    <TRANSACTIONID>20190503144202655000</TRANSACTIONID>
    <ORIGINALTRANSACTIONID />
    <EVENTUSER>C1CCL01</EVENTUSER>
    <EVENTCOMMENT />
  </Header>
  <Return>
    <RETURNCODE>0</RETURNCODE>
    <RETURNMESSAGE />
  </Return>
  <Body>
    <MACHINENAME>C1CCL01</MACHINENAME>
    <MACHINECONTROLSTATENAME>Offline</MACHINECONTROLSTATENAME>
    <TRACELEVEL>M</TRACELEVEL>
  </Body>
</Message>
[2019-05-03 14:42:28.523] [DEBUG] [10] [TIBMessageService][createTransport] -Create Transport Deamon[tcp:10.116.111.201:7500], serverice[8200],network[;225.11.11.2]
[2019-05-03 14:42:28.535] [DEBUG] [10] [TIBMessageService][createListener] -Creat Listen subject[TRULY.G5A.EAP.TST.FAB.C1CCL01]
[2019-05-03 14:42:34.130] [INFO ] [10] [TIBMessageService][Send] -Send Message:
<?xml version="1.0" encoding="utf-8"?>
<Message>
  <Header>
    <MESSAGENAME>MachineControlStateChanged</MESSAGENAME>
    <TRANSACTIONID>20190503144234052000</TRANSACTIONID>
    <ORIGINALTRANSACTIONID />
    <EVENTUSER>C1CCL01</EVENTUSER>
    <EVENTCOMMENT />
  </Header>
  <Return>
    <RETURNCODE>0</RETURNCODE>
    <RETURNMESSAGE />
  </Return>
  <Body>
    <MACHINENAME>C1CCL01</MACHINENAME>
    <MACHINECONTROLSTATENAME>Local</MACHINECONTROLSTATENAME>
    <TRACELEVEL>M</TRACELEVEL>
  </Body>
</Message>
[2019-05-03 14:42:34.845] [INFO ] [10] [TIBMessageService][Send] -Send Message:
<?xml version="1.0" encoding="utf-8"?>
<Message>
  <Header>
    <MESSAGENAME>PortTransferStateChanged</MESSAGENAME>
    <TRANSACTIONID>20190503144234159000</TRANSACTIONID>
    <ORIGINALTRANSACTIONID />
    <EVENTUSER>C1CCL01</EVENTUSER>
    <EVENTCOMMENT />
  </Header>
  <Return>
    <RETURNCODE>0</RETURNCODE>
    <RETURNMESSAGE />
  </Return>
  <Body>
    <MACHINENAME>C1CCL01</MACHINENAME>
    <PORTLIST>
      <PORT>
        <PORTNAME>PL01</PORTNAME>
        <PORTTRANSFERSTATENAME>LR</PORTTRANSFERSTATENAME>
        <PORTTYPE>Loader</PORTTYPE>
        <CARRIERTYPE>NORMAL</CARRIERTYPE>
        <MACHINECONTROLSTATENAME>Local</MACHINECONTROLSTATENAME>
        <MACHINESTATENAME>Run</MACHINESTATENAME>
      </PORT>
    </PORTLIST>
  </Body>
</Message>
[2019-05-03 14:42:35.581] [INFO ] [10] [TIBMessageService][Send] -Send Message:
<?xml version="1.0" encoding="utf-8"?>
<Message>
  <Header>
    <MESSAGENAME>PortTransferStateChanged</MESSAGENAME>
    <TRANSACTIONID>20190503144234957000</TRANSACTIONID>
    <ORIGINALTRANSACTIONID />
    <EVENTUSER>C1CCL01</EVENTUSER>
    <EVENTCOMMENT />
  </Header>
  <Return>
    <RETURNCODE>0</RETURNCODE>
    <RETURNMESSAGE />
  </Return>
  <Body>
    <MACHINENAME>C1CCL01</MACHINENAME>
    <PORTLIST>
      <PORT>
        <PORTNAME>PU01</PORTNAME>
        <PORTTRANSFERSTATENAME>UR</PORTTRANSFERSTATENAME>
        <PORTTYPE>Unloader</PORTTYPE>
        <CARRIERNAME>S517A9999</CARRIERNAME>
        <CARRIERTYPE>NORMAL</CARRIERTYPE>
        <MACHINECONTROLSTATENAME>Local</MACHINECONTROLSTATENAME>
        <MACHINESTATENAME>Run</MACHINESTATENAME>
      </PORT>
    </PORTLIST>
  </Body>
</Message>
[2019-05-03 14:42:40.140] [INFO ] [10] [TIBMessageService][Send] -Send Message:
<?xml version="1.0" encoding="utf-8"?>
<Message>
  <Header>
    <MESSAGENAME>MachineControlStateChanged</MESSAGENAME>
    <TRANSACTIONID>20190503144240140000</TRANSACTIONID>
    <ORIGINALTRANSACTIONID />
    <EVENTUSER>C1CCL01</EVENTUSER>
    <EVENTCOMMENT />
  </Header>
  <Return>
    <RETURNCODE>0</RETURNCODE>
    <RETURNMESSAGE />
  </Return>
  <Body>
    <MACHINENAME>C1CCL01</MACHINENAME>
    <MACHINECONTROLSTATENAME>Online</MACHINECONTROLSTATENAME>
    <TRACELEVEL>M</TRACELEVEL>
  </Body>
</Message>
[2019-05-03 14:43:03.049] [INFO ] [10] [TIBMessageService][Send] -Send Message:
<?xml version="1.0" encoding="utf-8"?>
<Message>
  <Header>
    <MESSAGENAME>MachineControlStateChanged</MESSAGENAME>
    <TRANSACTIONID>20190503144303040000</TRANSACTIONID>
    <ORIGINALTRANSACTIONID />
    <EVENTUSER>C1CCL01</EVENTUSER>
    <EVENTCOMMENT />
  </Header>
  <Return>
    <RETURNCODE>0</RETURNCODE>
    <RETURNMESSAGE />
  </Return>
  <Body>
    <MACHINENAME>C1CCL01</MACHINENAME>
    <MACHINECONTROLSTATENAME>Offline</MACHINECONTROLSTATENAME>
    <TRACELEVEL>M</TRACELEVEL>
  </Body>
</Message>
[2019-05-03 14:43:55.579] [DEBUG] [9] [TIBMessageService][createTransport] -Create Transport Deamon[tcp:10.116.111.201:7500], serverice[8200],network[;225.11.11.2]
[2019-05-03 14:43:55.742] [DEBUG] [9] [TIBMessageService][createListener] -Creat Listen subject[TRULY.G5A.EAP.TST.FAB.C1CCL01]
[2019-05-03 14:44:02.078] [INFO ] [9] [TIBMessageService][Send] -Send Message:
<?xml version="1.0" encoding="utf-8"?>
<Message>
  <Header>
    <MESSAGENAME>MachineControlStateChanged</MESSAGENAME>
    <TRANSACTIONID>20190503144402024000</TRANSACTIONID>
    <ORIGINALTRANSACTIONID />
    <EVENTUSER>C1CCL01</EVENTUSER>
    <EVENTCOMMENT />
  </Header>
  <Return>
    <RETURNCODE>0</RETURNCODE>
    <RETURNMESSAGE />
  </Return>
  <Body>
    <MACHINENAME>C1CCL01</MACHINENAME>
    <MACHINECONTROLSTATENAME>Remote</MACHINECONTROLSTATENAME>
    <TRACELEVEL>M</TRACELEVEL>
  </Body>
</Message>
[2019-05-03 14:44:09.583] [INFO ] [9] [TIBMessageService][Send] -Send Message:
<?xml version="1.0" encoding="utf-8"?>
<Message>
  <Header>
    <MESSAGENAME>MachineControlStateChanged</MESSAGENAME>
    <TRANSACTIONID>20190503144409582000</TRANSACTIONID>
    <ORIGINALTRANSACTIONID />
    <EVENTUSER>C1CCL01</EVENTUSER>
    <EVENTCOMMENT />
  </Header>
  <Return>
    <RETURNCODE>0</RETURNCODE>
    <RETURNMESSAGE />
  </Return>
  <Body>
    <MACHINENAME>C1CCL01</MACHINENAME>
    <MACHINECONTROLSTATENAME>Local</MACHINECONTROLSTATENAME>
    <TRACELEVEL>M</TRACELEVEL>
  </Body>
</Message>
[2019-05-03 14:45:54.260] [DEBUG] [10] [TIBMessageService][createTransport] -Create Transport Deamon[tcp:10.116.111.201:7500], serverice[8200],network[;225.11.11.2]
[2019-05-03 14:45:54.428] [DEBUG] [10] [TIBMessageService][createListener] -Creat Listen subject[TRULY.G5A.EAP.TST.FAB.C1CCL01]
[2019-05-03 14:46:17.103] [INFO ] [10] [TIBMessageService][Send] -Send Message:
<?xml version="1.0" encoding="utf-8"?>
<Message>
  <Header>
    <MESSAGENAME>MachineControlStateChanged</MESSAGENAME>
    <TRANSACTIONID>20190503144617013000</TRANSACTIONID>
    <ORIGINALTRANSACTIONID />
    <EVENTUSER>C1CCL01</EVENTUSER>
    <EVENTCOMMENT />
  </Header>
  <Return>
    <RETURNCODE>0</RETURNCODE>
    <RETURNMESSAGE />
  </Return>
  <Body>
    <MACHINENAME>C1CCL01</MACHINENAME>
    <MACHINECONTROLSTATENAME>Offline</MACHINECONTROLSTATENAME>
    <TRACELEVEL>M</TRACELEVEL>
  </Body>
</Message>
[2019-05-03 14:46:33.556] [DEBUG] [10] [TIBMessageService][createTransport] -Create Transport Deamon[tcp:10.116.111.201:7500], serverice[8200],network[;225.11.11.2]
[2019-05-03 14:46:33.572] [DEBUG] [10] [TIBMessageService][createListener] -Creat Listen subject[TRULY.G5A.EAP.TST.FAB.C1CCL01]
[2019-05-03 14:46:40.155] [INFO ] [10] [TIBMessageService][Send] -Send Message:
<?xml version="1.0" encoding="utf-8"?>
<Message>
  <Header>
    <MESSAGENAME>MachineControlStateChanged</MESSAGENAME>
    <TRANSACTIONID>20190503144640049000</TRANSACTIONID>
    <ORIGINALTRANSACTIONID />
    <EVENTUSER>C1CCL01</EVENTUSER>
    <EVENTCOMMENT />
  </Header>
  <Return>
    <RETURNCODE>0</RETURNCODE>
    <RETURNMESSAGE />
  </Return>
  <Body>
    <MACHINENAME>C1CCL01</MACHINENAME>
    <MACHINECONTROLSTATENAME>Offline</MACHINECONTROLSTATENAME>
    <TRACELEVEL>M</TRACELEVEL>
  </Body>
</Message>
[2019-05-03 14:46:45.477] [INFO ] [10] [TIBMessageService][Send] -Send Message:
<?xml version="1.0" encoding="utf-8"?>
<Message>
  <Header>
    <MESSAGENAME>MachineControlStateChanged</MESSAGENAME>
    <TRANSACTIONID>20190503144645477000</TRANSACTIONID>
    <ORIGINALTRANSACTIONID />
    <EVENTUSER>C1CCL01</EVENTUSER>
    <EVENTCOMMENT />
  </Header>
  <Return>
    <RETURNCODE>0</RETURNCODE>
    <RETURNMESSAGE />
  </Return>
  <Body>
    <MACHINENAME>C1CCL01</MACHINENAME>
    <MACHINECONTROLSTATENAME>Remote</MACHINECONTROLSTATENAME>
    <TRACELEVEL>M</TRACELEVEL>
  </Body>
</Message>
[2019-05-03 14:46:53.096] [INFO ] [10] [TIBMessageService][Send] -Send Message:
<?xml version="1.0" encoding="utf-8"?>
<Message>
  <Header>
    <MESSAGENAME>MachineControlStateChanged</MESSAGENAME>
    <TRANSACTIONID>20190503144653095000</TRANSACTIONID>
    <ORIGINALTRANSACTIONID />
    <EVENTUSER>C1CCL01</EVENTUSER>
    <EVENTCOMMENT />
  </Header>
  <Return>
    <RETURNCODE>0</RETURNCODE>
    <RETURNMESSAGE />
  </Return>
  <Body>
    <MACHINENAME>C1CCL01</MACHINENAME>
    <MACHINECONTROLSTATENAME>Local</MACHINECONTROLSTATENAME>
    <TRACELEVEL>M</TRACELEVEL>
  </Body>
</Message>
[2019-05-03 14:47:43.561] [INFO ] [10] [TIBMessageService][Send] -Send Message:
<?xml version="1.0" encoding="utf-8"?>
<Message>
  <Header>
    <MESSAGENAME>MachineControlStateChanged</MESSAGENAME>
    <TRANSACTIONID>20190503144743561000</TRANSACTIONID>
    <ORIGINALTRANSACTIONID />
    <EVENTUSER>C1CCL01</EVENTUSER>
    <EVENTCOMMENT />
  </Header>
  <Return>
    <RETURNCODE>0</RETURNCODE>
    <RETURNMESSAGE />
  </Return>
  <Body>
    <MACHINENAME>C1CCL01</MACHINENAME>
    <MACHINECONTROLSTATENAME>Offline</MACHINECONTROLSTATENAME>
    <TRACELEVEL>M</TRACELEVEL>
  </Body>
</Message>
[2019-05-03 14:50:22.230] [INFO ] [10] [TIBMessageService][Send] -Send Message:
<?xml version="1.0" encoding="utf-8"?>
<Message>
  <Header>
    <MESSAGENAME>MachineControlStateChanged</MESSAGENAME>
    <TRANSACTIONID>20190503145022230000</TRANSACTIONID>
    <ORIGINALTRANSACTIONID />
    <EVENTUSER>C1CCL01</EVENTUSER>
    <EVENTCOMMENT />
  </Header>
  <Return>
    <RETURNCODE>0</RETURNCODE>
    <RETURNMESSAGE />
  </Return>
  <Body>
    <MACHINENAME>C1CCL01</MACHINENAME>
    <MACHINECONTROLSTATENAME>Local</MACHINECONTROLSTATENAME>
    <TRACELEVEL>M</TRACELEVEL>
  </Body>
</Message>
[2019-05-03 14:50:26.299] [INFO ] [10] [TIBMessageService][Send] -Send Message:
<?xml version="1.0" encoding="utf-8"?>
<Message>
  <Header>
    <MESSAGENAME>MachineControlStateChanged</MESSAGENAME>
    <TRANSACTIONID>20190503145026299000</TRANSACTIONID>
    <ORIGINALTRANSACTIONID />
    <EVENTUSER>C1CCL01</EVENTUSER>
    <EVENTCOMMENT />
  </Header>
  <Return>
    <RETURNCODE>0</RETURNCODE>
    <RETURNMESSAGE />
  </Return>
  <Body>
    <MACHINENAME>C1CCL01</MACHINENAME>
    <MACHINECONTROLSTATENAME>Remote</MACHINECONTROLSTATENAME>
    <TRACELEVEL>M</TRACELEVEL>
  </Body>
</Message>
[2019-05-03 14:50:30.005] [INFO ] [10] [TIBMessageService][Send] -Send Message:
<?xml version="1.0" encoding="utf-8"?>
<Message>
  <Header>
    <MESSAGENAME>MachineControlStateChanged</MESSAGENAME>
    <TRANSACTIONID>20190503145030004000</TRANSACTIONID>
    <ORIGINALTRANSACTIONID />
    <EVENTUSER>C1CCL01</EVENTUSER>
    <EVENTCOMMENT />
  </Header>
  <Return>
    <RETURNCODE>0</RETURNCODE>
    <RETURNMESSAGE />
  </Return>
  <Body>
    <MACHINENAME>C1CCL01</MACHINENAME>
    <MACHINECONTROLSTATENAME>Offline</MACHINECONTROLSTATENAME>
    <TRACELEVEL>M</TRACELEVEL>
  </Body>
</Message>
[2019-05-03 14:50:58.504] [INFO ] [10] [TIBMessageService][Send] -Send Message:
<?xml version="1.0" encoding="utf-8"?>
<Message>
  <Header>
    <MESSAGENAME>MachineControlStateChanged</MESSAGENAME>
    <TRANSACTIONID>20190503145058504000</TRANSACTIONID>
    <ORIGINALTRANSACTIONID />
    <EVENTUSER>C1CCL01</EVENTUSER>
    <EVENTCOMMENT />
  </Header>
  <Return>
    <RETURNCODE>0</RETURNCODE>
    <RETURNMESSAGE />
  </Return>
  <Body>
    <MACHINENAME>C1CCL01</MACHINENAME>
    <MACHINECONTROLSTATENAME>Offline</MACHINECONTROLSTATENAME>
    <TRACELEVEL>M</TRACELEVEL>
  </Body>
</Message>
[2019-05-03 15:25:35.364] [DEBUG] [10] [TIBMessageService][createTransport] -Create Transport Deamon[tcp:10.116.111.201:7500], serverice[8200],network[;225.11.11.2]
[2019-05-03 15:25:35.374] [DEBUG] [10] [TIBMessageService][createListener] -Creat Listen subject[TRULY.G5A.EAP.TST.FAB.C1CCL01]
[2019-05-03 15:26:06.905] [INFO ] [10] [TIBMessageService][Send] -Send Message:
<?xml version="1.0" encoding="utf-8"?>
<Message>
  <Header>
    <MESSAGENAME>MachineControlStateChanged</MESSAGENAME>
    <TRANSACTIONID>20190503152606815000</TRANSACTIONID>
    <ORIGINALTRANSACTIONID />
    <EVENTUSER>C1CCL01</EVENTUSER>
    <EVENTCOMMENT />
  </Header>
  <Return>
    <RETURNCODE>0</RETURNCODE>
    <RETURNMESSAGE />
  </Return>
  <Body>
    <MACHINENAME>C1CCL01</MACHINENAME>
    <MACHINECONTROLSTATENAME>Offline</MACHINECONTROLSTATENAME>
    <TRACELEVEL>M</TRACELEVEL>
  </Body>
</Message>
[2019-05-03 15:34:40.442] [DEBUG] [9] [TIBMessageService][createTransport] -Create Transport Deamon[tcp:10.116.111.201:7500], serverice[8200],network[;225.11.11.2]
[2019-05-03 15:34:40.606] [DEBUG] [9] [TIBMessageService][createListener] -Creat Listen subject[TRULY.G5A.EAP.TST.FAB.C1CCL01]
[2019-05-03 15:35:40.853] [DEBUG] [9] [TIBMessageService][createTransport] -Create Transport Deamon[tcp:10.116.111.201:7500], serverice[8200],network[;225.11.11.2]
[2019-05-03 15:35:41.013] [DEBUG] [9] [TIBMessageService][createListener] -Creat Listen subject[TRULY.G5A.EAP.TST.FAB.C1CCL01]
[2019-05-03 15:55:28.260] [DEBUG] [9] [TIBMessageService][createTransport] -Create Transport Deamon[tcp:10.116.111.201:7500], serverice[8200],network[;225.11.11.2]
[2019-05-03 15:55:28.268] [DEBUG] [9] [TIBMessageService][createListener] -Creat Listen subject[TRULY.G5A.EAP.TST.FAB.C1CCL01]
[2019-05-03 15:59:23.813] [DEBUG] [9] [TIBMessageService][createTransport] -Create Transport Deamon[tcp:10.116.111.201:7500], serverice[8200],network[;225.11.11.2]
[2019-05-03 15:59:23.825] [DEBUG] [9] [TIBMessageService][createListener] -Creat Listen subject[TRULY.G5A.EAP.TST.FAB.C1CCL01]
[2019-05-03 16:01:45.796] [DEBUG] [9] [TIBMessageService][createTransport] -Create Transport Deamon[tcp:10.116.111.201:7500], serverice[8200],network[;225.11.11.2]
[2019-05-03 16:01:45.802] [DEBUG] [9] [TIBMessageService][createListener] -Creat Listen subject[TRULY.G5A.EAP.TST.FAB.C1CCL01]
[2019-05-03 16:26:35.673] [DEBUG] [9] [TIBMessageService][createTransport] -Create Transport Deamon[tcp:10.116.111.201:7500], serverice[8200],network[;225.11.11.2]
[2019-05-03 16:26:35.690] [DEBUG] [9] [TIBMessageService][createListener] -Creat Listen subject[TRULY.G5A.EAP.TST.FAB.C1CCL01]
[2019-05-03 16:26:43.434] [INFO ] [9] [TIBMessageService][Send] -Send Message:
<?xml version="1.0" encoding="utf-8"?>
<Message>
  <Header>
    <MESSAGENAME>MachineControlStateChanged</MESSAGENAME>
    <TRANSACTIONID>20190503162643347000</TRANSACTIONID>
    <ORIGINALTRANSACTIONID />
    <EVENTUSER>C1CCL01</EVENTUSER>
    <EVENTCOMMENT />
  </Header>
  <Return>
    <RETURNCODE>0</RETURNCODE>
    <RETURNMESSAGE />
  </Return>
  <Body>
    <MACHINENAME>C1CCL01</MACHINENAME>
    <MACHINECONTROLSTATENAME>Remote</MACHINECONTROLSTATENAME>
    <TRACELEVEL>M</TRACELEVEL>
  </Body>
</Message>
[2019-05-03 16:26:48.501] [INFO ] [9] [TIBMessageService][Send] -Send Message:
<?xml version="1.0" encoding="utf-8"?>
<Message>
  <Header>
    <MESSAGENAME>MachineControlStateChanged</MESSAGENAME>
    <TRANSACTIONID>20190503162648500000</TRANSACTIONID>
    <ORIGINALTRANSACTIONID />
    <EVENTUSER>C1CCL01</EVENTUSER>
    <EVENTCOMMENT />
  </Header>
  <Return>
    <RETURNCODE>0</RETURNCODE>
    <RETURNMESSAGE />
  </Return>
  <Body>
    <MACHINENAME>C1CCL01</MACHINENAME>
    <MACHINECONTROLSTATENAME>Local</MACHINECONTROLSTATENAME>
    <TRACELEVEL>M</TRACELEVEL>
  </Body>
</Message>
[2019-05-03 16:26:51.227] [INFO ] [9] [TIBMessageService][Send] -Send Message:
<?xml version="1.0" encoding="utf-8"?>
<Message>
  <Header>
    <MESSAGENAME>MachineControlStateChanged</MESSAGENAME>
    <TRANSACTIONID>20190503162651226000</TRANSACTIONID>
    <ORIGINALTRANSACTIONID />
    <EVENTUSER>C1CCL01</EVENTUSER>
    <EVENTCOMMENT />
  </Header>
  <Return>
    <RETURNCODE>0</RETURNCODE>
    <RETURNMESSAGE />
  </Return>
  <Body>
    <MACHINENAME>C1CCL01</MACHINENAME>
    <MACHINECONTROLSTATENAME>Offline</MACHINECONTROLSTATENAME>
    <TRACELEVEL>M</TRACELEVEL>
  </Body>
</Message>
[2019-05-03 16:46:33.062] [DEBUG] [10] [TIBMessageService][createTransport] -Create Transport Deamon[tcp:10.116.111.201:7500], serverice[8200],network[;225.11.11.2]
[2019-05-03 16:46:33.250] [DEBUG] [10] [TIBMessageService][createListener] -Creat Listen subject[TRULY.G5A.EAP.TST.FAB.C1CCL01]
[2019-05-03 16:46:39.616] [INFO ] [10] [TIBMessageService][Send] -Send Message:
<?xml version="1.0" encoding="utf-8"?>
<Message>
  <Header>
    <MESSAGENAME>MachineControlStateChanged</MESSAGENAME>
    <TRANSACTIONID>20190503164639514000</TRANSACTIONID>
    <ORIGINALTRANSACTIONID />
    <EVENTUSER>C1CCL01</EVENTUSER>
    <EVENTCOMMENT />
  </Header>
  <Return>
    <RETURNCODE>0</RETURNCODE>
    <RETURNMESSAGE />
  </Return>
  <Body>
    <MACHINENAME>C1CCL01</MACHINENAME>
    <MACHINECONTROLSTATENAME>Offline</MACHINECONTROLSTATENAME>
    <TRACELEVEL>M</TRACELEVEL>
  </Body>
</Message>
[2019-05-03 16:49:55.701] [DEBUG] [10] [TIBMessageService][createTransport] -Create Transport Deamon[tcp:10.116.111.201:7500], serverice[8200],network[;225.11.11.2]
[2019-05-03 16:49:55.881] [DEBUG] [10] [TIBMessageService][createListener] -Creat Listen subject[TRULY.G5A.EAP.TST.FAB.C1CCL01]
[2019-05-03 16:50:19.648] [INFO ] [10] [TIBMessageService][Send] -Send Message:
<?xml version="1.0" encoding="utf-8"?>
<Message>
  <Header>
    <MESSAGENAME>MachineControlStateChanged</MESSAGENAME>
    <TRANSACTIONID>20190503165019559000</TRANSACTIONID>
    <ORIGINALTRANSACTIONID />
    <EVENTUSER>C1CCL01</EVENTUSER>
    <EVENTCOMMENT />
  </Header>
  <Return>
    <RETURNCODE>0</RETURNCODE>
    <RETURNMESSAGE />
  </Return>
  <Body>
    <MACHINENAME>C1CCL01</MACHINENAME>
    <MACHINECONTROLSTATENAME>Offline</MACHINECONTROLSTATENAME>
    <TRACELEVEL>M</TRACELEVEL>
  </Body>
</Message>
