[2019-10-12 04:28:23.928] [INFO ] [mProtocol_OnEventReceived] [TIBMessageService][Send] -Send Message:
<?xml version="1.0" encoding="utf-8"?>
<Message>
  <Header>
    <MESSAGENAME>PortTransferStateChanged</MESSAGENAME>
    <TRANSACTIONID>20191012042823928000</TRANSACTIONID>
    <ORIGINALTRANSACTIONID />
    <EVENTUSER>C1CCL01</EVENTUSER>
    <EVENTCOMMENT />
  </Header>
  <Return>
    <RETURNCODE>0</RETURNCODE>
    <RETURNMESSAGE />
  </Return>
  <Body>
    <MACHINENAME>C1CCL01</MACHINENAME>
    <PORTLIST>
      <PORT>
        <PORTNAME>PL01</PORTNAME>
        <PORTTRANSFERSTATENAME>LR</PORTTRANSFERSTATENAME>
        <PORTUSETYPE>CF</PORTUSETYPE>
        <CARRIERNAME>  </CARRIERNAME>
        <CARRIERTYPE>NORMAL</CARRIERTYPE>
        <MACHINECONTROLSTATENAME>Offline</MACHINECONTROLSTATENAME>
        <MACHINESTATENAME>Run</MACHINESTATENAME>
      </PORT>
    </PORTLIST>
  </Body>
</Message>
[2019-10-12 08:06:41.513] [INFO ] [mProtocol_OnEventReceived] [TIBMessageService][Send] -Send Message:
<?xml version="1.0" encoding="utf-8"?>
<Message>
  <Header>
    <MESSAGENAME>PortTransferStateChanged</MESSAGENAME>
    <TRANSACTIONID>20191012080641513000</TRANSACTIONID>
    <ORIGINALTRANSACTIONID />
    <EVENTUSER>C1CCL01</EVENTUSER>
    <EVENTCOMMENT />
  </Header>
  <Return>
    <RETURNCODE>0</RETURNCODE>
    <RETURNMESSAGE />
  </Return>
  <Body>
    <MACHINENAME>C1CCL01</MACHINENAME>
    <PORTLIST>
      <PORT>
        <PORTNAME>PL01</PORTNAME>
        <PORTTRANSFERSTATENAME>LR</PORTTRANSFERSTATENAME>
        <PORTUSETYPE>CF</PORTUSETYPE>
        <CARRIERNAME>  </CARRIERNAME>
        <CARRIERTYPE>NORMAL</CARRIERTYPE>
        <MACHINECONTROLSTATENAME>Offline</MACHINECONTROLSTATENAME>
        <MACHINESTATENAME>Run</MACHINESTATENAME>
      </PORT>
    </PORTLIST>
  </Body>
</Message>
[2019-10-12 08:29:15.530] [DEBUG] [10] [TIBMessageService][createTransport] -Create Transport Deamon[tcp:10.116.110.103:7500], serverice[8200],network[;225.11.11.2]
[2019-10-12 08:29:15.538] [DEBUG] [10] [TIBMessageService][createListener] -Creat Listen subject[TRULY.G5A.EAP.PRD.FAB.C1CCL01]
[2019-10-12 08:29:20.195] [INFO ] [mProtocol_OnEventReceived] [TIBMessageService][Send] -Send Message:
<?xml version="1.0" encoding="utf-8"?>
<Message>
  <Header>
    <MESSAGENAME>PortTransferStateChanged</MESSAGENAME>
    <TRANSACTIONID>20191012082920136000</TRANSACTIONID>
    <ORIGINALTRANSACTIONID />
    <EVENTUSER>C1CCL01</EVENTUSER>
    <EVENTCOMMENT />
  </Header>
  <Return>
    <RETURNCODE>0</RETURNCODE>
    <RETURNMESSAGE />
  </Return>
  <Body>
    <MACHINENAME>C1CCL01</MACHINENAME>
    <PORTLIST>
      <PORT>
        <PORTNAME>PU01</PORTNAME>
        <PORTTRANSFERSTATENAME>LC</PORTTRANSFERSTATENAME>
        <PORTUSETYPE>CF</PORTUSETYPE>
        <CARRIERNAME>S517A0556</CARRIERNAME>
        <CARRIERTYPE>NORMAL</CARRIERTYPE>
        <MACHINECONTROLSTATENAME>Offline</MACHINECONTROLSTATENAME>
        <MACHINESTATENAME>Run</MACHINESTATENAME>
      </PORT>
    </PORTLIST>
  </Body>
</Message>
[2019-10-12 08:29:23.335] [INFO ] [mProtocol_OnEventReceived] [TIBMessageService][Send] -Send Message:
<?xml version="1.0" encoding="utf-8"?>
<Message>
  <Header>
    <MESSAGENAME>PortTransferStateChanged</MESSAGENAME>
    <TRANSACTIONID>20191012082923334000</TRANSACTIONID>
    <ORIGINALTRANSACTIONID />
    <EVENTUSER>C1CCL01</EVENTUSER>
    <EVENTCOMMENT />
  </Header>
  <Return>
    <RETURNCODE>0</RETURNCODE>
    <RETURNMESSAGE />
  </Return>
  <Body>
    <MACHINENAME>C1CCL01</MACHINENAME>
    <PORTLIST>
      <PORT>
        <PORTNAME>PU01</PORTNAME>
        <PORTTRANSFERSTATENAME>UR</PORTTRANSFERSTATENAME>
        <PORTUSETYPE>CF</PORTUSETYPE>
        <CARRIERNAME>S517A0556</CARRIERNAME>
        <CARRIERTYPE>NORMAL</CARRIERTYPE>
        <MACHINECONTROLSTATENAME>Offline</MACHINECONTROLSTATENAME>
        <MACHINESTATENAME>Run</MACHINESTATENAME>
      </PORT>
    </PORTLIST>
  </Body>
</Message>
[2019-10-12 08:29:24.135] [INFO ] [mProtocol_OnEventReceived] [TIBMessageService][Send] -Send Message:
<?xml version="1.0" encoding="utf-8"?>
<Message>
  <Header>
    <MESSAGENAME>PortTransferStateChanged</MESSAGENAME>
    <TRANSACTIONID>20191012082924135000</TRANSACTIONID>
    <ORIGINALTRANSACTIONID />
    <EVENTUSER>C1CCL01</EVENTUSER>
    <EVENTCOMMENT />
  </Header>
  <Return>
    <RETURNCODE>0</RETURNCODE>
    <RETURNMESSAGE />
  </Return>
  <Body>
    <MACHINENAME>C1CCL01</MACHINENAME>
    <PORTLIST>
      <PORT>
        <PORTNAME>PL01</PORTNAME>
        <PORTTRANSFERSTATENAME>LR</PORTTRANSFERSTATENAME>
        <PORTUSETYPE>CF</PORTUSETYPE>
        <CARRIERNAME>  </CARRIERNAME>
        <CARRIERTYPE>NORMAL</CARRIERTYPE>
        <MACHINECONTROLSTATENAME>Offline</MACHINECONTROLSTATENAME>
        <MACHINESTATENAME>Run</MACHINESTATENAME>
      </PORT>
    </PORTLIST>
  </Body>
</Message>
[2019-10-12 09:14:58.623] [INFO ] [mProtocol_OnEventReceived] [TIBMessageService][Send] -Send Message:
<?xml version="1.0" encoding="utf-8"?>
<Message>
  <Header>
    <MESSAGENAME>PortTransferStateChanged</MESSAGENAME>
    <TRANSACTIONID>20191012091458623000</TRANSACTIONID>
    <ORIGINALTRANSACTIONID />
    <EVENTUSER>C1CCL01</EVENTUSER>
    <EVENTCOMMENT />
  </Header>
  <Return>
    <RETURNCODE>0</RETURNCODE>
    <RETURNMESSAGE />
  </Return>
  <Body>
    <MACHINENAME>C1CCL01</MACHINENAME>
    <PORTLIST>
      <PORT>
        <PORTNAME>PU01</PORTNAME>
        <PORTTRANSFERSTATENAME>UC</PORTTRANSFERSTATENAME>
        <PORTUSETYPE>CF</PORTUSETYPE>
        <CARRIERNAME>S517A0556</CARRIERNAME>
        <CARRIERTYPE>NORMAL</CARRIERTYPE>
        <MACHINECONTROLSTATENAME>Offline</MACHINECONTROLSTATENAME>
        <MACHINESTATENAME>Run</MACHINESTATENAME>
      </PORT>
    </PORTLIST>
  </Body>
</Message>
[2019-10-12 09:18:23.846] [INFO ] [mProtocol_OnEventReceived] [TIBMessageService][Send] -Send Message:
<?xml version="1.0" encoding="utf-8"?>
<Message>
  <Header>
    <MESSAGENAME>PortTransferStateChanged</MESSAGENAME>
    <TRANSACTIONID>20191012091823846000</TRANSACTIONID>
    <ORIGINALTRANSACTIONID />
    <EVENTUSER>C1CCL01</EVENTUSER>
    <EVENTCOMMENT />
  </Header>
  <Return>
    <RETURNCODE>0</RETURNCODE>
    <RETURNMESSAGE />
  </Return>
  <Body>
    <MACHINENAME>C1CCL01</MACHINENAME>
    <PORTLIST>
      <PORT>
        <PORTNAME>PU01</PORTNAME>
        <PORTTRANSFERSTATENAME>LC</PORTTRANSFERSTATENAME>
        <PORTUSETYPE>CF</PORTUSETYPE>
        <CARRIERNAME>S517A5151</CARRIERNAME>
        <CARRIERTYPE>NORMAL</CARRIERTYPE>
        <MACHINECONTROLSTATENAME>Offline</MACHINECONTROLSTATENAME>
        <MACHINESTATENAME>Run</MACHINESTATENAME>
      </PORT>
    </PORTLIST>
  </Body>
</Message>
[2019-10-12 09:18:27.068] [INFO ] [mProtocol_OnEventReceived] [TIBMessageService][Send] -Send Message:
<?xml version="1.0" encoding="utf-8"?>
<Message>
  <Header>
    <MESSAGENAME>PortTransferStateChanged</MESSAGENAME>
    <TRANSACTIONID>20191012091827068000</TRANSACTIONID>
    <ORIGINALTRANSACTIONID />
    <EVENTUSER>C1CCL01</EVENTUSER>
    <EVENTCOMMENT />
  </Header>
  <Return>
    <RETURNCODE>0</RETURNCODE>
    <RETURNMESSAGE />
  </Return>
  <Body>
    <MACHINENAME>C1CCL01</MACHINENAME>
    <PORTLIST>
      <PORT>
        <PORTNAME>PU01</PORTNAME>
        <PORTTRANSFERSTATENAME>UR</PORTTRANSFERSTATENAME>
        <PORTUSETYPE>CF</PORTUSETYPE>
        <CARRIERNAME>S517A5151</CARRIERNAME>
        <CARRIERTYPE>NORMAL</CARRIERTYPE>
        <MACHINECONTROLSTATENAME>Offline</MACHINECONTROLSTATENAME>
        <MACHINESTATENAME>Run</MACHINESTATENAME>
      </PORT>
    </PORTLIST>
  </Body>
</Message>
[2019-10-12 09:45:26.507] [INFO ] [mProtocol_OnEventReceived] [TIBMessageService][Send] -Send Message:
<?xml version="1.0" encoding="utf-8"?>
<Message>
  <Header>
    <MESSAGENAME>PortTransferStateChanged</MESSAGENAME>
    <TRANSACTIONID>20191012094526507000</TRANSACTIONID>
    <ORIGINALTRANSACTIONID />
    <EVENTUSER>C1CCL01</EVENTUSER>
    <EVENTCOMMENT />
  </Header>
  <Return>
    <RETURNCODE>0</RETURNCODE>
    <RETURNMESSAGE />
  </Return>
  <Body>
    <MACHINENAME>C1CCL01</MACHINENAME>
    <PORTLIST>
      <PORT>
        <PORTNAME>PU01</PORTNAME>
        <PORTTRANSFERSTATENAME>UC</PORTTRANSFERSTATENAME>
        <PORTUSETYPE>CF</PORTUSETYPE>
        <CARRIERNAME>S517A5151</CARRIERNAME>
        <CARRIERTYPE>NORMAL</CARRIERTYPE>
        <MACHINECONTROLSTATENAME>Offline</MACHINECONTROLSTATENAME>
        <MACHINESTATENAME>Run</MACHINESTATENAME>
      </PORT>
    </PORTLIST>
  </Body>
</Message>
[2019-10-12 09:49:01.937] [INFO ] [mProtocol_OnEventReceived] [TIBMessageService][Send] -Send Message:
<?xml version="1.0" encoding="utf-8"?>
<Message>
  <Header>
    <MESSAGENAME>PortTransferStateChanged</MESSAGENAME>
    <TRANSACTIONID>20191012094901937000</TRANSACTIONID>
    <ORIGINALTRANSACTIONID />
    <EVENTUSER>C1CCL01</EVENTUSER>
    <EVENTCOMMENT />
  </Header>
  <Return>
    <RETURNCODE>0</RETURNCODE>
    <RETURNMESSAGE />
  </Return>
  <Body>
    <MACHINENAME>C1CCL01</MACHINENAME>
    <PORTLIST>
      <PORT>
        <PORTNAME>PU01</PORTNAME>
        <PORTTRANSFERSTATENAME>LC</PORTTRANSFERSTATENAME>
        <PORTUSETYPE>CF</PORTUSETYPE>
        <CARRIERNAME>S517A0156</CARRIERNAME>
        <CARRIERTYPE>NORMAL</CARRIERTYPE>
        <MACHINECONTROLSTATENAME>Offline</MACHINECONTROLSTATENAME>
        <MACHINESTATENAME>Run</MACHINESTATENAME>
      </PORT>
    </PORTLIST>
  </Body>
</Message>
[2019-10-12 09:49:05.151] [INFO ] [mProtocol_OnEventReceived] [TIBMessageService][Send] -Send Message:
<?xml version="1.0" encoding="utf-8"?>
<Message>
  <Header>
    <MESSAGENAME>PortTransferStateChanged</MESSAGENAME>
    <TRANSACTIONID>20191012094905150000</TRANSACTIONID>
    <ORIGINALTRANSACTIONID />
    <EVENTUSER>C1CCL01</EVENTUSER>
    <EVENTCOMMENT />
  </Header>
  <Return>
    <RETURNCODE>0</RETURNCODE>
    <RETURNMESSAGE />
  </Return>
  <Body>
    <MACHINENAME>C1CCL01</MACHINENAME>
    <PORTLIST>
      <PORT>
        <PORTNAME>PU01</PORTNAME>
        <PORTTRANSFERSTATENAME>UR</PORTTRANSFERSTATENAME>
        <PORTUSETYPE>CF</PORTUSETYPE>
        <CARRIERNAME>S517A0156</CARRIERNAME>
        <CARRIERTYPE>NORMAL</CARRIERTYPE>
        <MACHINECONTROLSTATENAME>Offline</MACHINECONTROLSTATENAME>
        <MACHINESTATENAME>Run</MACHINESTATENAME>
      </PORT>
    </PORTLIST>
  </Body>
</Message>
[2019-10-12 09:56:04.160] [INFO ] [mProtocol_OnEventReceived] [TIBMessageService][Send] -Send Message:
<?xml version="1.0" encoding="utf-8"?>
<Message>
  <Header>
    <MESSAGENAME>PortTransferStateChanged</MESSAGENAME>
    <TRANSACTIONID>20191012095604160000</TRANSACTIONID>
    <ORIGINALTRANSACTIONID />
    <EVENTUSER>C1CCL01</EVENTUSER>
    <EVENTCOMMENT />
  </Header>
  <Return>
    <RETURNCODE>0</RETURNCODE>
    <RETURNMESSAGE />
  </Return>
  <Body>
    <MACHINENAME>C1CCL01</MACHINENAME>
    <PORTLIST>
      <PORT>
        <PORTNAME>PL01</PORTNAME>
        <PORTTRANSFERSTATENAME>LR</PORTTRANSFERSTATENAME>
        <PORTUSETYPE>CF</PORTUSETYPE>
        <CARRIERNAME>  </CARRIERNAME>
        <CARRIERTYPE>NORMAL</CARRIERTYPE>
        <MACHINECONTROLSTATENAME>Offline</MACHINECONTROLSTATENAME>
        <MACHINESTATENAME>Run</MACHINESTATENAME>
      </PORT>
    </PORTLIST>
  </Body>
</Message>
[2019-10-12 09:58:37.564] [INFO ] [mProtocol_OnEventReceived] [TIBMessageService][Send] -Send Message:
<?xml version="1.0" encoding="utf-8"?>
<Message>
  <Header>
    <MESSAGENAME>PortTransferStateChanged</MESSAGENAME>
    <TRANSACTIONID>20191012095837564000</TRANSACTIONID>
    <ORIGINALTRANSACTIONID />
    <EVENTUSER>C1CCL01</EVENTUSER>
    <EVENTCOMMENT />
  </Header>
  <Return>
    <RETURNCODE>0</RETURNCODE>
    <RETURNMESSAGE />
  </Return>
  <Body>
    <MACHINENAME>C1CCL01</MACHINENAME>
    <PORTLIST>
      <PORT>
        <PORTNAME>PU01</PORTNAME>
        <PORTTRANSFERSTATENAME>UC</PORTTRANSFERSTATENAME>
        <PORTUSETYPE>CF</PORTUSETYPE>
        <CARRIERNAME>S517A0156</CARRIERNAME>
        <CARRIERTYPE>NORMAL</CARRIERTYPE>
        <MACHINECONTROLSTATENAME>Offline</MACHINECONTROLSTATENAME>
        <MACHINESTATENAME>Run</MACHINESTATENAME>
      </PORT>
    </PORTLIST>
  </Body>
</Message>
[2019-10-12 09:59:53.168] [INFO ] [mProtocol_OnEventReceived] [TIBMessageService][Send] -Send Message:
<?xml version="1.0" encoding="utf-8"?>
<Message>
  <Header>
    <MESSAGENAME>PortTransferStateChanged</MESSAGENAME>
    <TRANSACTIONID>20191012095953168000</TRANSACTIONID>
    <ORIGINALTRANSACTIONID />
    <EVENTUSER>C1CCL01</EVENTUSER>
    <EVENTCOMMENT />
  </Header>
  <Return>
    <RETURNCODE>0</RETURNCODE>
    <RETURNMESSAGE />
  </Return>
  <Body>
    <MACHINENAME>C1CCL01</MACHINENAME>
    <PORTLIST>
      <PORT>
        <PORTNAME>PL01</PORTNAME>
        <PORTTRANSFERSTATENAME>LR</PORTTRANSFERSTATENAME>
        <PORTUSETYPE>CF</PORTUSETYPE>
        <CARRIERNAME>  </CARRIERNAME>
        <CARRIERTYPE>NORMAL</CARRIERTYPE>
        <MACHINECONTROLSTATENAME>Offline</MACHINECONTROLSTATENAME>
        <MACHINESTATENAME>Run</MACHINESTATENAME>
      </PORT>
    </PORTLIST>
  </Body>
</Message>
[2019-10-12 10:13:09.966] [INFO ] [mProtocol_OnEventReceived] [TIBMessageService][Send] -Send Message:
<?xml version="1.0" encoding="utf-8"?>
<Message>
  <Header>
    <MESSAGENAME>PortTransferStateChanged</MESSAGENAME>
    <TRANSACTIONID>20191012101309966000</TRANSACTIONID>
    <ORIGINALTRANSACTIONID />
    <EVENTUSER>C1CCL01</EVENTUSER>
    <EVENTCOMMENT />
  </Header>
  <Return>
    <RETURNCODE>0</RETURNCODE>
    <RETURNMESSAGE />
  </Return>
  <Body>
    <MACHINENAME>C1CCL01</MACHINENAME>
    <PORTLIST>
      <PORT>
        <PORTNAME>PU01</PORTNAME>
        <PORTTRANSFERSTATENAME>LC</PORTTRANSFERSTATENAME>
        <PORTUSETYPE>CF</PORTUSETYPE>
        <CARRIERNAME>S517A5406</CARRIERNAME>
        <CARRIERTYPE>NORMAL</CARRIERTYPE>
        <MACHINECONTROLSTATENAME>Offline</MACHINECONTROLSTATENAME>
        <MACHINESTATENAME>Run</MACHINESTATENAME>
      </PORT>
    </PORTLIST>
  </Body>
</Message>
[2019-10-12 10:13:13.204] [INFO ] [mProtocol_OnEventReceived] [TIBMessageService][Send] -Send Message:
<?xml version="1.0" encoding="utf-8"?>
<Message>
  <Header>
    <MESSAGENAME>PortTransferStateChanged</MESSAGENAME>
    <TRANSACTIONID>20191012101313204000</TRANSACTIONID>
    <ORIGINALTRANSACTIONID />
    <EVENTUSER>C1CCL01</EVENTUSER>
    <EVENTCOMMENT />
  </Header>
  <Return>
    <RETURNCODE>0</RETURNCODE>
    <RETURNMESSAGE />
  </Return>
  <Body>
    <MACHINENAME>C1CCL01</MACHINENAME>
    <PORTLIST>
      <PORT>
        <PORTNAME>PU01</PORTNAME>
        <PORTTRANSFERSTATENAME>UR</PORTTRANSFERSTATENAME>
        <PORTUSETYPE>CF</PORTUSETYPE>
        <CARRIERNAME>S517A5406</CARRIERNAME>
        <CARRIERTYPE>NORMAL</CARRIERTYPE>
        <MACHINECONTROLSTATENAME>Offline</MACHINECONTROLSTATENAME>
        <MACHINESTATENAME>Run</MACHINESTATENAME>
      </PORT>
    </PORTLIST>
  </Body>
</Message>
[2019-10-12 10:13:47.571] [INFO ] [mProtocol_OnEventReceived] [TIBMessageService][Send] -Send Message:
<?xml version="1.0" encoding="utf-8"?>
<Message>
  <Header>
    <MESSAGENAME>PortTransferStateChanged</MESSAGENAME>
    <TRANSACTIONID>20191012101347571000</TRANSACTIONID>
    <ORIGINALTRANSACTIONID />
    <EVENTUSER>C1CCL01</EVENTUSER>
    <EVENTCOMMENT />
  </Header>
  <Return>
    <RETURNCODE>0</RETURNCODE>
    <RETURNMESSAGE />
  </Return>
  <Body>
    <MACHINENAME>C1CCL01</MACHINENAME>
    <PORTLIST>
      <PORT>
        <PORTNAME>PU01</PORTNAME>
        <PORTTRANSFERSTATENAME>UC</PORTTRANSFERSTATENAME>
        <PORTUSETYPE>CF</PORTUSETYPE>
        <CARRIERNAME>S517A5406</CARRIERNAME>
        <CARRIERTYPE>NORMAL</CARRIERTYPE>
        <MACHINECONTROLSTATENAME>Offline</MACHINECONTROLSTATENAME>
        <MACHINESTATENAME>Run</MACHINESTATENAME>
      </PORT>
    </PORTLIST>
  </Body>
</Message>
[2019-10-12 10:19:34.974] [INFO ] [mProtocol_OnEventReceived] [TIBMessageService][Send] -Send Message:
<?xml version="1.0" encoding="utf-8"?>
<Message>
  <Header>
    <MESSAGENAME>PortTransferStateChanged</MESSAGENAME>
    <TRANSACTIONID>20191012101934973000</TRANSACTIONID>
    <ORIGINALTRANSACTIONID />
    <EVENTUSER>C1CCL01</EVENTUSER>
    <EVENTCOMMENT />
  </Header>
  <Return>
    <RETURNCODE>0</RETURNCODE>
    <RETURNMESSAGE />
  </Return>
  <Body>
    <MACHINENAME>C1CCL01</MACHINENAME>
    <PORTLIST>
      <PORT>
        <PORTNAME>PU01</PORTNAME>
        <PORTTRANSFERSTATENAME>LC</PORTTRANSFERSTATENAME>
        <PORTUSETYPE>CF</PORTUSETYPE>
        <CARRIERNAME>S517A1348</CARRIERNAME>
        <CARRIERTYPE>NORMAL</CARRIERTYPE>
        <MACHINECONTROLSTATENAME>Offline</MACHINECONTROLSTATENAME>
        <MACHINESTATENAME>Run</MACHINESTATENAME>
      </PORT>
    </PORTLIST>
  </Body>
</Message>
[2019-10-12 10:19:38.198] [INFO ] [mProtocol_OnEventReceived] [TIBMessageService][Send] -Send Message:
<?xml version="1.0" encoding="utf-8"?>
<Message>
  <Header>
    <MESSAGENAME>PortTransferStateChanged</MESSAGENAME>
    <TRANSACTIONID>20191012101938198000</TRANSACTIONID>
    <ORIGINALTRANSACTIONID />
    <EVENTUSER>C1CCL01</EVENTUSER>
    <EVENTCOMMENT />
  </Header>
  <Return>
    <RETURNCODE>0</RETURNCODE>
    <RETURNMESSAGE />
  </Return>
  <Body>
    <MACHINENAME>C1CCL01</MACHINENAME>
    <PORTLIST>
      <PORT>
        <PORTNAME>PU01</PORTNAME>
        <PORTTRANSFERSTATENAME>UR</PORTTRANSFERSTATENAME>
        <PORTUSETYPE>CF</PORTUSETYPE>
        <CARRIERNAME>S517A1348</CARRIERNAME>
        <CARRIERTYPE>NORMAL</CARRIERTYPE>
        <MACHINECONTROLSTATENAME>Offline</MACHINECONTROLSTATENAME>
        <MACHINESTATENAME>Run</MACHINESTATENAME>
      </PORT>
    </PORTLIST>
  </Body>
</Message>
[2019-10-12 10:21:07.595] [INFO ] [mProtocol_OnEventReceived] [TIBMessageService][Send] -Send Message:
<?xml version="1.0" encoding="utf-8"?>
<Message>
  <Header>
    <MESSAGENAME>PortTransferStateChanged</MESSAGENAME>
    <TRANSACTIONID>20191012102107594000</TRANSACTIONID>
    <ORIGINALTRANSACTIONID />
    <EVENTUSER>C1CCL01</EVENTUSER>
    <EVENTCOMMENT />
  </Header>
  <Return>
    <RETURNCODE>0</RETURNCODE>
    <RETURNMESSAGE />
  </Return>
  <Body>
    <MACHINENAME>C1CCL01</MACHINENAME>
    <PORTLIST>
      <PORT>
        <PORTNAME>PU01</PORTNAME>
        <PORTTRANSFERSTATENAME>UC</PORTTRANSFERSTATENAME>
        <PORTUSETYPE>CF</PORTUSETYPE>
        <CARRIERNAME>S517A1348</CARRIERNAME>
        <CARRIERTYPE>NORMAL</CARRIERTYPE>
        <MACHINECONTROLSTATENAME>Offline</MACHINECONTROLSTATENAME>
        <MACHINESTATENAME>Run</MACHINESTATENAME>
      </PORT>
    </PORTLIST>
  </Body>
</Message>
[2019-10-12 11:18:31.270] [INFO ] [mProtocol_OnEventReceived] [TIBMessageService][Send] -Send Message:
<?xml version="1.0" encoding="utf-8"?>
<Message>
  <Header>
    <MESSAGENAME>PortTransferStateChanged</MESSAGENAME>
    <TRANSACTIONID>20191012111831270000</TRANSACTIONID>
    <ORIGINALTRANSACTIONID />
    <EVENTUSER>C1CCL01</EVENTUSER>
    <EVENTCOMMENT />
  </Header>
  <Return>
    <RETURNCODE>0</RETURNCODE>
    <RETURNMESSAGE />
  </Return>
  <Body>
    <MACHINENAME>C1CCL01</MACHINENAME>
    <PORTLIST>
      <PORT>
        <PORTNAME>PL01</PORTNAME>
        <PORTTRANSFERSTATENAME>LR</PORTTRANSFERSTATENAME>
        <PORTUSETYPE>CF</PORTUSETYPE>
        <CARRIERNAME>  </CARRIERNAME>
        <CARRIERTYPE>NORMAL</CARRIERTYPE>
        <MACHINECONTROLSTATENAME>Offline</MACHINECONTROLSTATENAME>
        <MACHINESTATENAME>Run</MACHINESTATENAME>
      </PORT>
    </PORTLIST>
  </Body>
</Message>
[2019-10-12 12:40:29.861] [INFO ] [mProtocol_OnEventReceived] [TIBMessageService][Send] -Send Message:
<?xml version="1.0" encoding="utf-8"?>
<Message>
  <Header>
    <MESSAGENAME>PortTransferStateChanged</MESSAGENAME>
    <TRANSACTIONID>20191012124029860000</TRANSACTIONID>
    <ORIGINALTRANSACTIONID />
    <EVENTUSER>C1CCL01</EVENTUSER>
    <EVENTCOMMENT />
  </Header>
  <Return>
    <RETURNCODE>0</RETURNCODE>
    <RETURNMESSAGE />
  </Return>
  <Body>
    <MACHINENAME>C1CCL01</MACHINENAME>
    <PORTLIST>
      <PORT>
        <PORTNAME>PL01</PORTNAME>
        <PORTTRANSFERSTATENAME>LR</PORTTRANSFERSTATENAME>
        <PORTUSETYPE>CF</PORTUSETYPE>
        <CARRIERNAME>  </CARRIERNAME>
        <CARRIERTYPE>NORMAL</CARRIERTYPE>
        <MACHINECONTROLSTATENAME>Offline</MACHINECONTROLSTATENAME>
        <MACHINESTATENAME>Run</MACHINESTATENAME>
      </PORT>
    </PORTLIST>
  </Body>
</Message>
