[2019-09-18 10:01:51.452] [INFO ] [mProtocol_OnEventReceived] [TIBMessageService][Send] -Send Message:
<?xml version="1.0" encoding="utf-8"?>
<Message>
  <Header>
    <MESSAGENAME>PortTransferStateChanged</MESSAGENAME>
    <TRANSACTIONID>20190918100151451000</TRANSACTIONID>
    <ORIGINALTRANSACTIONID />
    <EVENTUSER>C1CCL01</EVENTUSER>
    <EVENTCOMMENT />
  </Header>
  <Return>
    <RETURNCODE>0</RETURNCODE>
    <RETURNMESSAGE />
  </Return>
  <Body>
    <MACHINENAME>C1CCL01</MACHINENAME>
    <PORTLIST>
      <PORT>
        <PORTNAME>PL01</PORTNAME>
        <PORTTRANSFERSTATENAME>LR</PORTTRANSFERSTATENAME>
        <PORTUSETYPE>CF</PORTUSETYPE>
        <CARRIERNAME>  </CARRIERNAME>
        <CARRIERTYPE>NORMAL</CARRIERTYPE>
        <MACHINECONTROLSTATENAME>Offline</MACHINECONTROLSTATENAME>
        <MACHINESTATENAME>Run</MACHINESTATENAME>
      </PORT>
    </PORTLIST>
  </Body>
</Message>
[2019-09-18 10:10:40.135] [INFO ] [mProtocol_OnEventReceived] [TIBMessageService][Send] -Send Message:
<?xml version="1.0" encoding="utf-8"?>
<Message>
  <Header>
    <MESSAGENAME>PortTransferStateChanged</MESSAGENAME>
    <TRANSACTIONID>20190918101040134000</TRANSACTIONID>
    <ORIGINALTRANSACTIONID />
    <EVENTUSER>C1CCL01</EVENTUSER>
    <EVENTCOMMENT />
  </Header>
  <Return>
    <RETURNCODE>0</RETURNCODE>
    <RETURNMESSAGE />
  </Return>
  <Body>
    <MACHINENAME>C1CCL01</MACHINENAME>
    <PORTLIST>
      <PORT>
        <PORTNAME>PL01</PORTNAME>
        <PORTTRANSFERSTATENAME>LR</PORTTRANSFERSTATENAME>
        <PORTUSETYPE>CF</PORTUSETYPE>
        <CARRIERNAME>  </CARRIERNAME>
        <CARRIERTYPE>NORMAL</CARRIERTYPE>
        <MACHINECONTROLSTATENAME>Offline</MACHINECONTROLSTATENAME>
        <MACHINESTATENAME>Run</MACHINESTATENAME>
      </PORT>
    </PORTLIST>
  </Body>
</Message>
[2019-09-18 10:15:57.741] [INFO ] [mProtocol_OnEventReceived] [TIBMessageService][Send] -Send Message:
<?xml version="1.0" encoding="utf-8"?>
<Message>
  <Header>
    <MESSAGENAME>PortTransferStateChanged</MESSAGENAME>
    <TRANSACTIONID>20190918101557740000</TRANSACTIONID>
    <ORIGINALTRANSACTIONID />
    <EVENTUSER>C1CCL01</EVENTUSER>
    <EVENTCOMMENT />
  </Header>
  <Return>
    <RETURNCODE>0</RETURNCODE>
    <RETURNMESSAGE />
  </Return>
  <Body>
    <MACHINENAME>C1CCL01</MACHINENAME>
    <PORTLIST>
      <PORT>
        <PORTNAME>PL01</PORTNAME>
        <PORTTRANSFERSTATENAME>LR</PORTTRANSFERSTATENAME>
        <PORTUSETYPE>CF</PORTUSETYPE>
        <CARRIERNAME>  </CARRIERNAME>
        <CARRIERTYPE>NORMAL</CARRIERTYPE>
        <MACHINECONTROLSTATENAME>Offline</MACHINECONTROLSTATENAME>
        <MACHINESTATENAME>Run</MACHINESTATENAME>
      </PORT>
    </PORTLIST>
  </Body>
</Message>
[2019-09-18 10:32:55.360] [INFO ] [mProtocol_OnEventReceived] [TIBMessageService][Send] -Send Message:
<?xml version="1.0" encoding="utf-8"?>
<Message>
  <Header>
    <MESSAGENAME>PortTransferStateChanged</MESSAGENAME>
    <TRANSACTIONID>20190918103255360000</TRANSACTIONID>
    <ORIGINALTRANSACTIONID />
    <EVENTUSER>C1CCL01</EVENTUSER>
    <EVENTCOMMENT />
  </Header>
  <Return>
    <RETURNCODE>0</RETURNCODE>
    <RETURNMESSAGE />
  </Return>
  <Body>
    <MACHINENAME>C1CCL01</MACHINENAME>
    <PORTLIST>
      <PORT>
        <PORTNAME>PL01</PORTNAME>
        <PORTTRANSFERSTATENAME>LR</PORTTRANSFERSTATENAME>
        <PORTUSETYPE>CF</PORTUSETYPE>
        <CARRIERNAME>  </CARRIERNAME>
        <CARRIERTYPE>NORMAL</CARRIERTYPE>
        <MACHINECONTROLSTATENAME>Offline</MACHINECONTROLSTATENAME>
        <MACHINESTATENAME>Run</MACHINESTATENAME>
      </PORT>
    </PORTLIST>
  </Body>
</Message>
[2019-09-18 10:34:13.768] [INFO ] [mProtocol_OnEventReceived] [TIBMessageService][Send] -Send Message:
<?xml version="1.0" encoding="utf-8"?>
<Message>
  <Header>
    <MESSAGENAME>PortTransferStateChanged</MESSAGENAME>
    <TRANSACTIONID>20190918103413768000</TRANSACTIONID>
    <ORIGINALTRANSACTIONID />
    <EVENTUSER>C1CCL01</EVENTUSER>
    <EVENTCOMMENT />
  </Header>
  <Return>
    <RETURNCODE>0</RETURNCODE>
    <RETURNMESSAGE />
  </Return>
  <Body>
    <MACHINENAME>C1CCL01</MACHINENAME>
    <PORTLIST>
      <PORT>
        <PORTNAME>PL01</PORTNAME>
        <PORTTRANSFERSTATENAME>LR</PORTTRANSFERSTATENAME>
        <PORTUSETYPE>CF</PORTUSETYPE>
        <CARRIERNAME>  </CARRIERNAME>
        <CARRIERTYPE>NORMAL</CARRIERTYPE>
        <MACHINECONTROLSTATENAME>Offline</MACHINECONTROLSTATENAME>
        <MACHINESTATENAME>Run</MACHINESTATENAME>
      </PORT>
    </PORTLIST>
  </Body>
</Message>
[2019-09-18 10:40:33.855] [INFO ] [mProtocol_OnEventReceived] [TIBMessageService][Send] -Send Message:
<?xml version="1.0" encoding="utf-8"?>
<Message>
  <Header>
    <MESSAGENAME>PortTransferStateChanged</MESSAGENAME>
    <TRANSACTIONID>20190918104033855000</TRANSACTIONID>
    <ORIGINALTRANSACTIONID />
    <EVENTUSER>C1CCL01</EVENTUSER>
    <EVENTCOMMENT />
  </Header>
  <Return>
    <RETURNCODE>0</RETURNCODE>
    <RETURNMESSAGE />
  </Return>
  <Body>
    <MACHINENAME>C1CCL01</MACHINENAME>
    <PORTLIST>
      <PORT>
        <PORTNAME>PL01</PORTNAME>
        <PORTTRANSFERSTATENAME>LR</PORTTRANSFERSTATENAME>
        <PORTUSETYPE>CF</PORTUSETYPE>
        <CARRIERNAME>  </CARRIERNAME>
        <CARRIERTYPE>NORMAL</CARRIERTYPE>
        <MACHINECONTROLSTATENAME>Offline</MACHINECONTROLSTATENAME>
        <MACHINESTATENAME>Run</MACHINESTATENAME>
      </PORT>
    </PORTLIST>
  </Body>
</Message>
[2019-09-18 10:54:53.902] [INFO ] [mProtocol_OnEventReceived] [TIBMessageService][Send] -Send Message:
<?xml version="1.0" encoding="utf-8"?>
<Message>
  <Header>
    <MESSAGENAME>PortTransferStateChanged</MESSAGENAME>
    <TRANSACTIONID>20190918105453902000</TRANSACTIONID>
    <ORIGINALTRANSACTIONID />
    <EVENTUSER>C1CCL01</EVENTUSER>
    <EVENTCOMMENT />
  </Header>
  <Return>
    <RETURNCODE>0</RETURNCODE>
    <RETURNMESSAGE />
  </Return>
  <Body>
    <MACHINENAME>C1CCL01</MACHINENAME>
    <PORTLIST>
      <PORT>
        <PORTNAME>PL01</PORTNAME>
        <PORTTRANSFERSTATENAME>LR</PORTTRANSFERSTATENAME>
        <PORTUSETYPE>CF</PORTUSETYPE>
        <CARRIERNAME>  </CARRIERNAME>
        <CARRIERTYPE>NORMAL</CARRIERTYPE>
        <MACHINECONTROLSTATENAME>Offline</MACHINECONTROLSTATENAME>
        <MACHINESTATENAME>Run</MACHINESTATENAME>
      </PORT>
    </PORTLIST>
  </Body>
</Message>
[2019-09-18 11:03:13.919] [INFO ] [mProtocol_OnEventReceived] [TIBMessageService][Send] -Send Message:
<?xml version="1.0" encoding="utf-8"?>
<Message>
  <Header>
    <MESSAGENAME>PortTransferStateChanged</MESSAGENAME>
    <TRANSACTIONID>20190918110313919000</TRANSACTIONID>
    <ORIGINALTRANSACTIONID />
    <EVENTUSER>C1CCL01</EVENTUSER>
    <EVENTCOMMENT />
  </Header>
  <Return>
    <RETURNCODE>0</RETURNCODE>
    <RETURNMESSAGE />
  </Return>
  <Body>
    <MACHINENAME>C1CCL01</MACHINENAME>
    <PORTLIST>
      <PORT>
        <PORTNAME>PL01</PORTNAME>
        <PORTTRANSFERSTATENAME>LR</PORTTRANSFERSTATENAME>
        <PORTUSETYPE>CF</PORTUSETYPE>
        <CARRIERNAME>  </CARRIERNAME>
        <CARRIERTYPE>NORMAL</CARRIERTYPE>
        <MACHINECONTROLSTATENAME>Offline</MACHINECONTROLSTATENAME>
        <MACHINESTATENAME>Run</MACHINESTATENAME>
      </PORT>
    </PORTLIST>
  </Body>
</Message>
[2019-09-18 11:13:01.785] [INFO ] [mProtocol_OnEventReceived] [TIBMessageService][Send] -Send Message:
<?xml version="1.0" encoding="utf-8"?>
<Message>
  <Header>
    <MESSAGENAME>PortTransferStateChanged</MESSAGENAME>
    <TRANSACTIONID>20190918111301785000</TRANSACTIONID>
    <ORIGINALTRANSACTIONID />
    <EVENTUSER>C1CCL01</EVENTUSER>
    <EVENTCOMMENT />
  </Header>
  <Return>
    <RETURNCODE>0</RETURNCODE>
    <RETURNMESSAGE />
  </Return>
  <Body>
    <MACHINENAME>C1CCL01</MACHINENAME>
    <PORTLIST>
      <PORT>
        <PORTNAME>PL01</PORTNAME>
        <PORTTRANSFERSTATENAME>LR</PORTTRANSFERSTATENAME>
        <PORTUSETYPE>CF</PORTUSETYPE>
        <CARRIERNAME>  </CARRIERNAME>
        <CARRIERTYPE>NORMAL</CARRIERTYPE>
        <MACHINECONTROLSTATENAME>Offline</MACHINECONTROLSTATENAME>
        <MACHINESTATENAME>Run</MACHINESTATENAME>
      </PORT>
    </PORTLIST>
  </Body>
</Message>
[2019-09-18 13:56:23.627] [DEBUG] [9] [TIBMessageService][createTransport] -Create Transport Deamon[tcp:10.116.111.201:7500], serverice[8200],network[;225.11.11.2]
[2019-09-18 13:56:23.635] [DEBUG] [9] [TIBMessageService][createListener] -Creat Listen subject[TRULY.G5A.EAP.TST.FAB.C1CCL01]
[2019-09-18 13:59:07.100] [DEBUG] [10] [TIBMessageService][createTransport] -Create Transport Deamon[tcp:10.116.111.201:7500], serverice[8200],network[;225.11.11.2]
[2019-09-18 13:59:07.110] [DEBUG] [10] [TIBMessageService][createListener] -Creat Listen subject[TRULY.G5A.EAP.TST.FAB.C1CCL01]
[2019-09-18 15:24:53.497] [DEBUG] [10] [TIBMessageService][createTransport] -Create Transport Deamon[tcp:10.116.111.201:7500], serverice[8200],network[;225.11.11.2]
[2019-09-18 15:24:53.513] [DEBUG] [10] [TIBMessageService][createListener] -Creat Listen subject[TRULY.G5A.EAP.TST.FAB.C1CCL01]
[2019-09-18 15:29:09.868] [DEBUG] [9] [TIBMessageService][createTransport] -Create Transport Deamon[tcp:10.116.111.201:7500], serverice[8200],network[;225.11.11.2]
[2019-09-18 15:29:10.044] [DEBUG] [9] [TIBMessageService][createListener] -Creat Listen subject[TRULY.G5A.EAP.TST.FAB.C1CCL01]
[2019-09-18 15:29:14.134] [INFO ] [mProtocol_OnEventReceived] [TIBMessageService][Send] -Send Message:
<?xml version="1.0" encoding="utf-8"?>
<Message>
  <Header>
    <MESSAGENAME>PortTransferStateChanged</MESSAGENAME>
    <TRANSACTIONID>20190918152914038000</TRANSACTIONID>
    <ORIGINALTRANSACTIONID />
    <EVENTUSER>C1CCL01</EVENTUSER>
    <EVENTCOMMENT />
  </Header>
  <Return>
    <RETURNCODE>0</RETURNCODE>
    <RETURNMESSAGE />
  </Return>
  <Body>
    <MACHINENAME>C1CCL01</MACHINENAME>
    <PORTLIST>
      <PORT>
        <PORTNAME>PL01</PORTNAME>
        <PORTTRANSFERSTATENAME>LR</PORTTRANSFERSTATENAME>
        <PORTUSETYPE>CF</PORTUSETYPE>
        <CARRIERNAME>  </CARRIERNAME>
        <CARRIERTYPE>NORMAL</CARRIERTYPE>
        <MACHINECONTROLSTATENAME>Offline</MACHINECONTROLSTATENAME>
        <MACHINESTATENAME>Run</MACHINESTATENAME>
      </PORT>
    </PORTLIST>
  </Body>
</Message>
[2019-09-18 16:13:35.845] [INFO ] [mProtocol_OnEventReceived] [TIBMessageService][Send] -Send Message:
<?xml version="1.0" encoding="utf-8"?>
<Message>
  <Header>
    <MESSAGENAME>PortTransferStateChanged</MESSAGENAME>
    <TRANSACTIONID>20190918161335845000</TRANSACTIONID>
    <ORIGINALTRANSACTIONID />
    <EVENTUSER>C1CCL01</EVENTUSER>
    <EVENTCOMMENT />
  </Header>
  <Return>
    <RETURNCODE>0</RETURNCODE>
    <RETURNMESSAGE />
  </Return>
  <Body>
    <MACHINENAME>C1CCL01</MACHINENAME>
    <PORTLIST>
      <PORT>
        <PORTNAME>PL01</PORTNAME>
        <PORTTRANSFERSTATENAME>LR</PORTTRANSFERSTATENAME>
        <PORTUSETYPE>CF</PORTUSETYPE>
        <CARRIERNAME>  </CARRIERNAME>
        <CARRIERTYPE>NORMAL</CARRIERTYPE>
        <MACHINECONTROLSTATENAME>Offline</MACHINECONTROLSTATENAME>
        <MACHINESTATENAME>Run</MACHINESTATENAME>
      </PORT>
    </PORTLIST>
  </Body>
</Message>
[2019-09-18 16:29:40.711] [INFO ] [mProtocol_OnEventReceived] [TIBMessageService][Send] -Send Message:
<?xml version="1.0" encoding="utf-8"?>
<Message>
  <Header>
    <MESSAGENAME>PortTransferStateChanged</MESSAGENAME>
    <TRANSACTIONID>20190918162940711000</TRANSACTIONID>
    <ORIGINALTRANSACTIONID />
    <EVENTUSER>C1CCL01</EVENTUSER>
    <EVENTCOMMENT />
  </Header>
  <Return>
    <RETURNCODE>0</RETURNCODE>
    <RETURNMESSAGE />
  </Return>
  <Body>
    <MACHINENAME>C1CCL01</MACHINENAME>
    <PORTLIST>
      <PORT>
        <PORTNAME>PU01</PORTNAME>
        <PORTTRANSFERSTATENAME>LC</PORTTRANSFERSTATENAME>
        <PORTUSETYPE>CF</PORTUSETYPE>
        <CARRIERNAME />
        <CARRIERTYPE>NORMAL</CARRIERTYPE>
        <MACHINECONTROLSTATENAME>Offline</MACHINECONTROLSTATENAME>
        <MACHINESTATENAME>Run</MACHINESTATENAME>
      </PORT>
    </PORTLIST>
  </Body>
</Message>
[2019-09-18 16:29:43.942] [INFO ] [mProtocol_OnEventReceived] [TIBMessageService][Send] -Send Message:
<?xml version="1.0" encoding="utf-8"?>
<Message>
  <Header>
    <MESSAGENAME>PortTransferStateChanged</MESSAGENAME>
    <TRANSACTIONID>20190918162943942000</TRANSACTIONID>
    <ORIGINALTRANSACTIONID />
    <EVENTUSER>C1CCL01</EVENTUSER>
    <EVENTCOMMENT />
  </Header>
  <Return>
    <RETURNCODE>0</RETURNCODE>
    <RETURNMESSAGE />
  </Return>
  <Body>
    <MACHINENAME>C1CCL01</MACHINENAME>
    <PORTLIST>
      <PORT>
        <PORTNAME>PU01</PORTNAME>
        <PORTTRANSFERSTATENAME>UR</PORTTRANSFERSTATENAME>
        <PORTUSETYPE>CF</PORTUSETYPE>
        <CARRIERNAME />
        <CARRIERTYPE>NORMAL</CARRIERTYPE>
        <MACHINECONTROLSTATENAME>Offline</MACHINECONTROLSTATENAME>
        <MACHINESTATENAME>Run</MACHINESTATENAME>
      </PORT>
    </PORTLIST>
  </Body>
</Message>
[2019-09-18 17:09:54.108] [INFO ] [mProtocol_OnEventReceived] [TIBMessageService][Send] -Send Message:
<?xml version="1.0" encoding="utf-8"?>
<Message>
  <Header>
    <MESSAGENAME>PortTransferStateChanged</MESSAGENAME>
    <TRANSACTIONID>20190918170954108000</TRANSACTIONID>
    <ORIGINALTRANSACTIONID />
    <EVENTUSER>C1CCL01</EVENTUSER>
    <EVENTCOMMENT />
  </Header>
  <Return>
    <RETURNCODE>0</RETURNCODE>
    <RETURNMESSAGE />
  </Return>
  <Body>
    <MACHINENAME>C1CCL01</MACHINENAME>
    <PORTLIST>
      <PORT>
        <PORTNAME>PL01</PORTNAME>
        <PORTTRANSFERSTATENAME>LR</PORTTRANSFERSTATENAME>
        <PORTUSETYPE>CF</PORTUSETYPE>
        <CARRIERNAME>  </CARRIERNAME>
        <CARRIERTYPE>NORMAL</CARRIERTYPE>
        <MACHINECONTROLSTATENAME>Offline</MACHINECONTROLSTATENAME>
        <MACHINESTATENAME>Run</MACHINESTATENAME>
      </PORT>
    </PORTLIST>
  </Body>
</Message>
[2019-09-18 17:17:15.632] [DEBUG] [10] [TIBMessageService][createTransport] -Create Transport Deamon[tcp:10.116.110.103:7500], serverice[8200],network[;225.11.11.2]
[2019-09-18 17:17:15.642] [DEBUG] [10] [TIBMessageService][createListener] -Creat Listen subject[TRULY.G5A.EAP.PRD.FAB.C1CCL01]
[2019-09-18 17:17:19.011] [INFO ] [mProtocol_OnEventReceived] [TIBMessageService][Send] -Send Message:
<?xml version="1.0" encoding="utf-8"?>
<Message>
  <Header>
    <MESSAGENAME>PortTransferStateChanged</MESSAGENAME>
    <TRANSACTIONID>20190918171718967000</TRANSACTIONID>
    <ORIGINALTRANSACTIONID />
    <EVENTUSER>C1CCL01</EVENTUSER>
    <EVENTCOMMENT />
  </Header>
  <Return>
    <RETURNCODE>0</RETURNCODE>
    <RETURNMESSAGE />
  </Return>
  <Body>
    <MACHINENAME>C1CCL01</MACHINENAME>
    <PORTLIST>
      <PORT>
        <PORTNAME>PL01</PORTNAME>
        <PORTTRANSFERSTATENAME>LR</PORTTRANSFERSTATENAME>
        <PORTUSETYPE>CF</PORTUSETYPE>
        <CARRIERNAME>  </CARRIERNAME>
        <CARRIERTYPE>NORMAL</CARRIERTYPE>
        <MACHINECONTROLSTATENAME>Offline</MACHINECONTROLSTATENAME>
        <MACHINESTATENAME>Run</MACHINESTATENAME>
      </PORT>
    </PORTLIST>
  </Body>
</Message>
[2019-09-18 17:25:59.079] [INFO ] [mProtocol_OnEventReceived] [TIBMessageService][Send] -Send Message:
<?xml version="1.0" encoding="utf-8"?>
<Message>
  <Header>
    <MESSAGENAME>PortTransferStateChanged</MESSAGENAME>
    <TRANSACTIONID>20190918172559079000</TRANSACTIONID>
    <ORIGINALTRANSACTIONID />
    <EVENTUSER>C1CCL01</EVENTUSER>
    <EVENTCOMMENT />
  </Header>
  <Return>
    <RETURNCODE>0</RETURNCODE>
    <RETURNMESSAGE />
  </Return>
  <Body>
    <MACHINENAME>C1CCL01</MACHINENAME>
    <PORTLIST>
      <PORT>
        <PORTNAME>PU01</PORTNAME>
        <PORTTRANSFERSTATENAME>LC</PORTTRANSFERSTATENAME>
        <PORTUSETYPE>CF</PORTUSETYPE>
        <CARRIERNAME>S517A1393</CARRIERNAME>
        <CARRIERTYPE>NORMAL</CARRIERTYPE>
        <MACHINECONTROLSTATENAME>Offline</MACHINECONTROLSTATENAME>
        <MACHINESTATENAME>Run</MACHINESTATENAME>
      </PORT>
    </PORTLIST>
  </Body>
</Message>
[2019-09-18 17:26:02.287] [INFO ] [mProtocol_OnEventReceived] [TIBMessageService][Send] -Send Message:
<?xml version="1.0" encoding="utf-8"?>
<Message>
  <Header>
    <MESSAGENAME>PortTransferStateChanged</MESSAGENAME>
    <TRANSACTIONID>20190918172602287000</TRANSACTIONID>
    <ORIGINALTRANSACTIONID />
    <EVENTUSER>C1CCL01</EVENTUSER>
    <EVENTCOMMENT />
  </Header>
  <Return>
    <RETURNCODE>0</RETURNCODE>
    <RETURNMESSAGE />
  </Return>
  <Body>
    <MACHINENAME>C1CCL01</MACHINENAME>
    <PORTLIST>
      <PORT>
        <PORTNAME>PU01</PORTNAME>
        <PORTTRANSFERSTATENAME>UR</PORTTRANSFERSTATENAME>
        <PORTUSETYPE>CF</PORTUSETYPE>
        <CARRIERNAME>S517A1393</CARRIERNAME>
        <CARRIERTYPE>NORMAL</CARRIERTYPE>
        <MACHINECONTROLSTATENAME>Offline</MACHINECONTROLSTATENAME>
        <MACHINESTATENAME>Run</MACHINESTATENAME>
      </PORT>
    </PORTLIST>
  </Body>
</Message>
[2019-09-18 17:48:09.940] [INFO ] [mProtocol_OnEventReceived] [TIBMessageService][Send] -Send Message:
<?xml version="1.0" encoding="utf-8"?>
<Message>
  <Header>
    <MESSAGENAME>PortTransferStateChanged</MESSAGENAME>
    <TRANSACTIONID>20190918174809940000</TRANSACTIONID>
    <ORIGINALTRANSACTIONID />
    <EVENTUSER>C1CCL01</EVENTUSER>
    <EVENTCOMMENT />
  </Header>
  <Return>
    <RETURNCODE>0</RETURNCODE>
    <RETURNMESSAGE />
  </Return>
  <Body>
    <MACHINENAME>C1CCL01</MACHINENAME>
    <PORTLIST>
      <PORT>
        <PORTNAME>PU01</PORTNAME>
        <PORTTRANSFERSTATENAME>UC</PORTTRANSFERSTATENAME>
        <PORTUSETYPE>CF</PORTUSETYPE>
        <CARRIERNAME>S517A1393</CARRIERNAME>
        <CARRIERTYPE>NORMAL</CARRIERTYPE>
        <MACHINECONTROLSTATENAME>Offline</MACHINECONTROLSTATENAME>
        <MACHINESTATENAME>Run</MACHINESTATENAME>
      </PORT>
    </PORTLIST>
  </Body>
</Message>
[2019-09-18 17:54:30.377] [INFO ] [mProtocol_OnEventReceived] [TIBMessageService][Send] -Send Message:
<?xml version="1.0" encoding="utf-8"?>
<Message>
  <Header>
    <MESSAGENAME>PortTransferStateChanged</MESSAGENAME>
    <TRANSACTIONID>20190918175430377000</TRANSACTIONID>
    <ORIGINALTRANSACTIONID />
    <EVENTUSER>C1CCL01</EVENTUSER>
    <EVENTCOMMENT />
  </Header>
  <Return>
    <RETURNCODE>0</RETURNCODE>
    <RETURNMESSAGE />
  </Return>
  <Body>
    <MACHINENAME>C1CCL01</MACHINENAME>
    <PORTLIST>
      <PORT>
        <PORTNAME>PL01</PORTNAME>
        <PORTTRANSFERSTATENAME>LR</PORTTRANSFERSTATENAME>
        <PORTUSETYPE>CF</PORTUSETYPE>
        <CARRIERNAME>  </CARRIERNAME>
        <CARRIERTYPE>NORMAL</CARRIERTYPE>
        <MACHINECONTROLSTATENAME>Offline</MACHINECONTROLSTATENAME>
        <MACHINESTATENAME>Run</MACHINESTATENAME>
      </PORT>
    </PORTLIST>
  </Body>
</Message>
[2019-09-18 18:10:35.240] [INFO ] [mProtocol_OnEventReceived] [TIBMessageService][Send] -Send Message:
<?xml version="1.0" encoding="utf-8"?>
<Message>
  <Header>
    <MESSAGENAME>PortTransferStateChanged</MESSAGENAME>
    <TRANSACTIONID>20190918181035240000</TRANSACTIONID>
    <ORIGINALTRANSACTIONID />
    <EVENTUSER>C1CCL01</EVENTUSER>
    <EVENTCOMMENT />
  </Header>
  <Return>
    <RETURNCODE>0</RETURNCODE>
    <RETURNMESSAGE />
  </Return>
  <Body>
    <MACHINENAME>C1CCL01</MACHINENAME>
    <PORTLIST>
      <PORT>
        <PORTNAME>PU01</PORTNAME>
        <PORTTRANSFERSTATENAME>LC</PORTTRANSFERSTATENAME>
        <PORTUSETYPE>CF</PORTUSETYPE>
        <CARRIERNAME>S517A1393</CARRIERNAME>
        <CARRIERTYPE>NORMAL</CARRIERTYPE>
        <MACHINECONTROLSTATENAME>Offline</MACHINECONTROLSTATENAME>
        <MACHINESTATENAME>Run</MACHINESTATENAME>
      </PORT>
    </PORTLIST>
  </Body>
</Message>
[2019-09-18 18:10:38.466] [INFO ] [mProtocol_OnEventReceived] [TIBMessageService][Send] -Send Message:
<?xml version="1.0" encoding="utf-8"?>
<Message>
  <Header>
    <MESSAGENAME>PortTransferStateChanged</MESSAGENAME>
    <TRANSACTIONID>20190918181038465000</TRANSACTIONID>
    <ORIGINALTRANSACTIONID />
    <EVENTUSER>C1CCL01</EVENTUSER>
    <EVENTCOMMENT />
  </Header>
  <Return>
    <RETURNCODE>0</RETURNCODE>
    <RETURNMESSAGE />
  </Return>
  <Body>
    <MACHINENAME>C1CCL01</MACHINENAME>
    <PORTLIST>
      <PORT>
        <PORTNAME>PU01</PORTNAME>
        <PORTTRANSFERSTATENAME>UR</PORTTRANSFERSTATENAME>
        <PORTUSETYPE>CF</PORTUSETYPE>
        <CARRIERNAME>S517A1393</CARRIERNAME>
        <CARRIERTYPE>NORMAL</CARRIERTYPE>
        <MACHINECONTROLSTATENAME>Offline</MACHINECONTROLSTATENAME>
        <MACHINESTATENAME>Run</MACHINESTATENAME>
      </PORT>
    </PORTLIST>
  </Body>
</Message>
[2019-09-18 18:16:47.648] [INFO ] [mProtocol_OnEventReceived] [TIBMessageService][Send] -Send Message:
<?xml version="1.0" encoding="utf-8"?>
<Message>
  <Header>
    <MESSAGENAME>PortTransferStateChanged</MESSAGENAME>
    <TRANSACTIONID>20190918181647648000</TRANSACTIONID>
    <ORIGINALTRANSACTIONID />
    <EVENTUSER>C1CCL01</EVENTUSER>
    <EVENTCOMMENT />
  </Header>
  <Return>
    <RETURNCODE>0</RETURNCODE>
    <RETURNMESSAGE />
  </Return>
  <Body>
    <MACHINENAME>C1CCL01</MACHINENAME>
    <PORTLIST>
      <PORT>
        <PORTNAME>PU01</PORTNAME>
        <PORTTRANSFERSTATENAME>UC</PORTTRANSFERSTATENAME>
        <PORTUSETYPE>CF</PORTUSETYPE>
        <CARRIERNAME>S517A1393</CARRIERNAME>
        <CARRIERTYPE>NORMAL</CARRIERTYPE>
        <MACHINECONTROLSTATENAME>Offline</MACHINECONTROLSTATENAME>
        <MACHINESTATENAME>Run</MACHINESTATENAME>
      </PORT>
    </PORTLIST>
  </Body>
</Message>
