[2019-07-30 16:11:31.773] [INFO ] [10] [ControlManager][Init] -Init ControlManager
[2019-07-30 16:11:32.157] [INFO ] [10] [MProtocolProxy][InitByInnerResource] -MProtocolProxy : InitXxml
[2019-07-30 16:11:32.163] [INFO ] [10] [MProtocolProxy][InitMEthernet] -MProtocolProxy : InitMEthernet
[2019-07-30 16:11:32.223] [INFO ] [10] [MNet3EUnit][Connect] -[Connection] Melsec Connect Address : 192.168.51.9 , PortNo : 7006
[2019-07-30 16:11:32.227] [INFO ] [10] [MProtocolProxy][Unit_OnConnected] -MelsecEthernet OnConnected : L2 
[2019-07-30 16:11:32.234] [INFO ] [10] [MNet3EScanUnit][Connect] -[Connection] Melsec Connect Address : 192.168.51.9 , PortNo : 7007
[2019-07-30 16:11:32.257] [INFO ] [10] [ControlManager][PLCWriteLog] -{
, ==========================================
, Message Name     : Connection 
, Transaction Name : 2019-07-30 16:11-32_1 
, MessageType      : MelsecEthernet 
, MachineName      : L2 
, Event Time       :  
, Event Name       :  
, Event Value      :  
, Return Code      : 0 
, Return Message   :  
}
[2019-07-30 16:11:32.260] [INFO ] [10] [MProtocolProxy][mPScanUnit_OnConnected] -Scan MelsecEthernet OnConnected : L2 
[2019-07-30 16:11:32.345] [INFO ] [ScanThreadProc] [MNet3EScanUnit][ScanBit] -[L2_B_LTM_H] Block Scan Started...
[2019-07-30 16:17:24.402] [INFO ] [9] [ControlManager][Init] -Init ControlManager
[2019-07-30 16:17:24.747] [INFO ] [9] [MProtocolProxy][InitByInnerResource] -MProtocolProxy : InitXxml
[2019-07-30 16:17:24.753] [INFO ] [9] [MProtocolProxy][InitMEthernet] -MProtocolProxy : InitMEthernet
[2019-07-30 16:17:24.757] [INFO ] [9] [MNet3EUnit][Connect] -[Connection] Melsec Connect Address : 192.168.51.9 , PortNo : 7006
[2019-07-30 16:17:24.759] [INFO ] [9] [MProtocolProxy][Unit_OnConnected] -MelsecEthernet OnConnected : L2 
[2019-07-30 16:17:24.762] [INFO ] [9] [MNet3EScanUnit][Connect] -[Connection] Melsec Connect Address : 192.168.51.9 , PortNo : 7007
[2019-07-30 16:17:24.772] [INFO ] [9] [ControlManager][PLCWriteLog] -{
, ==========================================
, Message Name     : Connection 
, Transaction Name : 2019-07-30 16:17-24_1 
, MessageType      : MelsecEthernet 
, MachineName      : L2 
, Event Time       :  
, Event Name       :  
, Event Value      :  
, Return Code      : 0 
, Return Message   :  
}
[2019-07-30 16:17:24.776] [INFO ] [9] [MProtocolProxy][mPScanUnit_OnConnected] -Scan MelsecEthernet OnConnected : L2 
[2019-07-30 16:17:24.783] [INFO ] [ScanThreadProc] [MNet3EScanUnit][ScanBit] -[L2_B_LTM_H] Block Scan Started...
[2019-07-30 16:21:02.476] [INFO ] [10] [ControlManager][Init] -Init ControlManager
[2019-07-30 16:21:02.804] [INFO ] [10] [MProtocolProxy][InitByInnerResource] -MProtocolProxy : InitXxml
[2019-07-30 16:21:02.811] [INFO ] [10] [MProtocolProxy][InitMEthernet] -MProtocolProxy : InitMEthernet
[2019-07-30 16:21:02.816] [INFO ] [10] [MNet3EUnit][Connect] -[Connection] Melsec Connect Address : 192.168.51.9 , PortNo : 7006
[2019-07-30 16:21:02.817] [INFO ] [10] [MProtocolProxy][Unit_OnConnected] -MelsecEthernet OnConnected : L2 
[2019-07-30 16:21:02.820] [INFO ] [10] [MNet3EScanUnit][Connect] -[Connection] Melsec Connect Address : 192.168.51.9 , PortNo : 7007
[2019-07-30 16:21:02.837] [INFO ] [10] [ControlManager][PLCWriteLog] -{
, ==========================================
, Message Name     : Connection 
, Transaction Name : 2019-07-30 16:21-02_1 
, MessageType      : MelsecEthernet 
, MachineName      : L2 
, Event Time       :  
, Event Name       :  
, Event Value      :  
, Return Code      : 0 
, Return Message   :  
}
[2019-07-30 16:21:02.842] [INFO ] [10] [MProtocolProxy][mPScanUnit_OnConnected] -Scan MelsecEthernet OnConnected : L2 
[2019-07-30 16:21:02.849] [INFO ] [ScanThreadProc] [MNet3EScanUnit][ScanBit] -[L2_B_LTM_H] Block Scan Started...
[2019-07-30 16:23:42.476] [INFO ] [9] [ControlManager][Init] -Init ControlManager
[2019-07-30 16:23:42.863] [INFO ] [9] [MProtocolProxy][InitByInnerResource] -MProtocolProxy : InitXxml
[2019-07-30 16:23:42.868] [INFO ] [9] [MProtocolProxy][InitMEthernet] -MProtocolProxy : InitMEthernet
[2019-07-30 16:23:42.873] [INFO ] [9] [MNet3EUnit][Connect] -[Connection] Melsec Connect Address : 192.168.51.9 , PortNo : 7006
[2019-07-30 16:23:42.874] [INFO ] [9] [MProtocolProxy][Unit_OnConnected] -MelsecEthernet OnConnected : L2 
[2019-07-30 16:23:42.877] [INFO ] [9] [MNet3EScanUnit][Connect] -[Connection] Melsec Connect Address : 192.168.51.9 , PortNo : 7007
[2019-07-30 16:23:42.887] [INFO ] [9] [ControlManager][PLCWriteLog] -{
, ==========================================
, Message Name     : Connection 
, Transaction Name : 2019-07-30 16:23-42_1 
, MessageType      : MelsecEthernet 
, MachineName      : L2 
, Event Time       :  
, Event Name       :  
, Event Value      :  
, Return Code      : 0 
, Return Message   :  
}
[2019-07-30 16:23:42.889] [INFO ] [9] [MProtocolProxy][mPScanUnit_OnConnected] -Scan MelsecEthernet OnConnected : L2 
[2019-07-30 16:23:42.897] [INFO ] [ScanThreadProc] [MNet3EScanUnit][ScanBit] -[L2_B_LTM_H] Block Scan Started...
[2019-07-30 16:25:41.804] [INFO ] [9] [ControlManager][Init] -Init ControlManager
[2019-07-30 16:25:42.147] [INFO ] [9] [MProtocolProxy][InitByInnerResource] -MProtocolProxy : InitXxml
[2019-07-30 16:25:42.153] [INFO ] [9] [MProtocolProxy][InitMEthernet] -MProtocolProxy : InitMEthernet
[2019-07-30 16:25:42.158] [INFO ] [9] [MNet3EUnit][Connect] -[Connection] Melsec Connect Address : 192.168.51.9 , PortNo : 7006
[2019-07-30 16:25:42.160] [INFO ] [9] [MProtocolProxy][Unit_OnConnected] -MelsecEthernet OnConnected : L2 
[2019-07-30 16:25:42.162] [INFO ] [9] [MNet3EScanUnit][Connect] -[Connection] Melsec Connect Address : 192.168.51.9 , PortNo : 7007
[2019-07-30 16:25:42.179] [INFO ] [9] [ControlManager][PLCWriteLog] -{
, ==========================================
, Message Name     : Connection 
, Transaction Name : 2019-07-30 16:25-42_1 
, MessageType      : MelsecEthernet 
, MachineName      : L2 
, Event Time       :  
, Event Name       :  
, Event Value      :  
, Return Code      : 0 
, Return Message   :  
}
[2019-07-30 16:25:42.181] [INFO ] [9] [MProtocolProxy][mPScanUnit_OnConnected] -Scan MelsecEthernet OnConnected : L2 
[2019-07-30 16:25:42.190] [INFO ] [ScanThreadProc] [MNet3EScanUnit][ScanBit] -[L2_B_LTM_H] Block Scan Started...
[2019-07-30 16:29:35.019] [INFO ] [10] [ControlManager][Init] -Init ControlManager
[2019-07-30 16:29:35.426] [INFO ] [10] [MProtocolProxy][InitByInnerResource] -MProtocolProxy : InitXxml
[2019-07-30 16:29:35.434] [INFO ] [10] [MProtocolProxy][InitMEthernet] -MProtocolProxy : InitMEthernet
[2019-07-30 16:29:35.438] [INFO ] [10] [MNet3EUnit][Connect] -[Connection] Melsec Connect Address : 192.168.51.9 , PortNo : 7006
[2019-07-30 16:29:35.440] [INFO ] [10] [MProtocolProxy][Unit_OnConnected] -MelsecEthernet OnConnected : L2 
[2019-07-30 16:29:35.443] [INFO ] [10] [MNet3EScanUnit][Connect] -[Connection] Melsec Connect Address : 192.168.51.9 , PortNo : 7007
[2019-07-30 16:29:35.457] [INFO ] [10] [ControlManager][PLCWriteLog] -{
, ==========================================
, Message Name     : Connection 
, Transaction Name : 2019-07-30 16:29-35_1 
, MessageType      : MelsecEthernet 
, MachineName      : L2 
, Event Time       :  
, Event Name       :  
, Event Value      :  
, Return Code      : 0 
, Return Message   :  
}
[2019-07-30 16:29:35.460] [INFO ] [10] [MProtocolProxy][mPScanUnit_OnConnected] -Scan MelsecEthernet OnConnected : L2 
[2019-07-30 16:29:35.464] [INFO ] [ScanThreadProc] [MNet3EScanUnit][ScanBit] -[L2_B_LTM_H] Block Scan Started...
[2019-07-30 16:37:12.462] [INFO ] [10] [ControlManager][Init] -Init ControlManager
[2019-07-30 16:37:12.827] [INFO ] [10] [MProtocolProxy][InitByInnerResource] -MProtocolProxy : InitXxml
[2019-07-30 16:37:12.832] [INFO ] [10] [MProtocolProxy][InitMEthernet] -MProtocolProxy : InitMEthernet
[2019-07-30 16:37:12.837] [INFO ] [10] [MNet3EUnit][Connect] -[Connection] Melsec Connect Address : 192.168.51.9 , PortNo : 7006
[2019-07-30 16:37:12.839] [INFO ] [10] [MProtocolProxy][Unit_OnConnected] -MelsecEthernet OnConnected : L2 
[2019-07-30 16:37:12.842] [INFO ] [10] [MNet3EScanUnit][Connect] -[Connection] Melsec Connect Address : 192.168.51.9 , PortNo : 7007
[2019-07-30 16:37:12.855] [INFO ] [10] [ControlManager][PLCWriteLog] -{
, ==========================================
, Message Name     : Connection 
, Transaction Name : 2019-07-30 16:37-12_1 
, MessageType      : MelsecEthernet 
, MachineName      : L2 
, Event Time       :  
, Event Name       :  
, Event Value      :  
, Return Code      : 0 
, Return Message   :  
}
[2019-07-30 16:37:12.857] [INFO ] [10] [MProtocolProxy][mPScanUnit_OnConnected] -Scan MelsecEthernet OnConnected : L2 
[2019-07-30 16:37:12.866] [INFO ] [ScanThreadProc] [MNet3EScanUnit][ScanBit] -[L2_B_LTM_H] Block Scan Started...
[2019-07-30 16:39:00.123] [INFO ] [8] [ControlManager][Init] -Init ControlManager
[2019-07-30 16:39:00.498] [INFO ] [8] [MProtocolProxy][InitByInnerResource] -MProtocolProxy : InitXxml
[2019-07-30 16:39:00.503] [INFO ] [8] [MProtocolProxy][InitMEthernet] -MProtocolProxy : InitMEthernet
[2019-07-30 16:39:00.508] [INFO ] [8] [MNet3EUnit][Connect] -[Connection] Melsec Connect Address : 192.168.51.9 , PortNo : 7006
[2019-07-30 16:39:00.509] [INFO ] [8] [MProtocolProxy][Unit_OnConnected] -MelsecEthernet OnConnected : L2 
[2019-07-30 16:39:00.512] [INFO ] [8] [MNet3EScanUnit][Connect] -[Connection] Melsec Connect Address : 192.168.51.9 , PortNo : 7007
[2019-07-30 16:39:00.527] [INFO ] [8] [ControlManager][PLCWriteLog] -{
, ==========================================
, Message Name     : Connection 
, Transaction Name : 2019-07-30 16:39-00_1 
, MessageType      : MelsecEthernet 
, MachineName      : L2 
, Event Time       :  
, Event Name       :  
, Event Value      :  
, Return Code      : 0 
, Return Message   :  
}
[2019-07-30 16:39:00.535] [INFO ] [8] [MProtocolProxy][mPScanUnit_OnConnected] -Scan MelsecEthernet OnConnected : L2 
[2019-07-30 16:39:00.536] [INFO ] [ScanThreadProc] [MNet3EScanUnit][ScanBit] -[L2_B_LTM_H] Block Scan Started...
[2019-07-30 16:43:58.023] [INFO ] [9] [ControlManager][Init] -Init ControlManager
[2019-07-30 16:43:58.419] [INFO ] [9] [MProtocolProxy][InitByInnerResource] -MProtocolProxy : InitXxml
[2019-07-30 16:43:58.428] [INFO ] [9] [MProtocolProxy][InitMEthernet] -MProtocolProxy : InitMEthernet
[2019-07-30 16:43:58.432] [INFO ] [9] [MNet3EUnit][Connect] -[Connection] Melsec Connect Address : 192.168.51.9 , PortNo : 7006
[2019-07-30 16:43:58.434] [INFO ] [9] [MProtocolProxy][Unit_OnConnected] -MelsecEthernet OnConnected : L2 
[2019-07-30 16:43:58.437] [INFO ] [9] [MNet3EScanUnit][Connect] -[Connection] Melsec Connect Address : 192.168.51.9 , PortNo : 7007
[2019-07-30 16:43:58.448] [INFO ] [9] [ControlManager][PLCWriteLog] -{
, ==========================================
, Message Name     : Connection 
, Transaction Name : 2019-07-30 16:43-58_1 
, MessageType      : MelsecEthernet 
, MachineName      : L2 
, Event Time       :  
, Event Name       :  
, Event Value      :  
, Return Code      : 0 
, Return Message   :  
}
[2019-07-30 16:43:58.450] [INFO ] [9] [MProtocolProxy][mPScanUnit_OnConnected] -Scan MelsecEthernet OnConnected : L2 
[2019-07-30 16:43:58.459] [INFO ] [ScanThreadProc] [MNet3EScanUnit][ScanBit] -[L2_B_LTM_H] Block Scan Started...
[2019-07-30 16:49:37.493] [INFO ] [9] [ControlManager][Init] -Init ControlManager
[2019-07-30 16:49:37.887] [INFO ] [9] [MProtocolProxy][InitByInnerResource] -MProtocolProxy : InitXxml
[2019-07-30 16:49:37.892] [INFO ] [9] [MProtocolProxy][InitMEthernet] -MProtocolProxy : InitMEthernet
[2019-07-30 16:49:37.897] [INFO ] [9] [MNet3EUnit][Connect] -[Connection] Melsec Connect Address : 192.168.51.9 , PortNo : 7006
[2019-07-30 16:49:37.899] [INFO ] [9] [MProtocolProxy][Unit_OnConnected] -MelsecEthernet OnConnected : L2 
[2019-07-30 16:49:37.902] [INFO ] [9] [MNet3EScanUnit][Connect] -[Connection] Melsec Connect Address : 192.168.51.9 , PortNo : 7007
[2019-07-30 16:49:37.912] [INFO ] [9] [ControlManager][PLCWriteLog] -{
, ==========================================
, Message Name     : Connection 
, Transaction Name : 2019-07-30 16:49-37_1 
, MessageType      : MelsecEthernet 
, MachineName      : L2 
, Event Time       :  
, Event Name       :  
, Event Value      :  
, Return Code      : 0 
, Return Message   :  
}
[2019-07-30 16:49:37.915] [INFO ] [9] [MProtocolProxy][mPScanUnit_OnConnected] -Scan MelsecEthernet OnConnected : L2 
[2019-07-30 16:49:37.925] [INFO ] [ScanThreadProc] [MNet3EScanUnit][ScanBit] -[L2_B_LTM_H] Block Scan Started...
[2019-07-30 16:54:05.790] [INFO ] [9] [ControlManager][Init] -Init ControlManager
[2019-07-30 16:54:06.184] [INFO ] [9] [MProtocolProxy][InitByInnerResource] -MProtocolProxy : InitXxml
[2019-07-30 16:54:06.192] [INFO ] [9] [MProtocolProxy][InitMEthernet] -MProtocolProxy : InitMEthernet
[2019-07-30 16:54:06.197] [INFO ] [9] [MNet3EUnit][Connect] -[Connection] Melsec Connect Address : 192.168.51.9 , PortNo : 7006
[2019-07-30 16:54:06.199] [INFO ] [9] [MProtocolProxy][Unit_OnConnected] -MelsecEthernet OnConnected : L2 
[2019-07-30 16:54:06.201] [INFO ] [9] [MNet3EScanUnit][Connect] -[Connection] Melsec Connect Address : 192.168.51.9 , PortNo : 7007
[2019-07-30 16:54:06.211] [INFO ] [9] [ControlManager][PLCWriteLog] -{
, ==========================================
, Message Name     : Connection 
, Transaction Name : 2019-07-30 16:54-06_1 
, MessageType      : MelsecEthernet 
, MachineName      : L2 
, Event Time       :  
, Event Name       :  
, Event Value      :  
, Return Code      : 0 
, Return Message   :  
}
[2019-07-30 16:54:06.213] [INFO ] [9] [MProtocolProxy][mPScanUnit_OnConnected] -Scan MelsecEthernet OnConnected : L2 
[2019-07-30 16:54:06.224] [INFO ] [ScanThreadProc] [MNet3EScanUnit][ScanBit] -[L2_B_LTM_H] Block Scan Started...
[2019-07-30 17:01:28.666] [INFO ] [9] [ControlManager][Init] -Init ControlManager
[2019-07-30 17:01:29.047] [INFO ] [9] [MProtocolProxy][InitByInnerResource] -MProtocolProxy : InitXxml
[2019-07-30 17:01:29.054] [INFO ] [9] [MProtocolProxy][InitMEthernet] -MProtocolProxy : InitMEthernet
[2019-07-30 17:01:29.059] [INFO ] [9] [MNet3EUnit][Connect] -[Connection] Melsec Connect Address : 192.168.51.9 , PortNo : 7006
[2019-07-30 17:01:29.061] [INFO ] [9] [MProtocolProxy][Unit_OnConnected] -MelsecEthernet OnConnected : L2 
[2019-07-30 17:01:29.064] [INFO ] [9] [MNet3EScanUnit][Connect] -[Connection] Melsec Connect Address : 192.168.51.9 , PortNo : 7007
[2019-07-30 17:01:29.076] [INFO ] [9] [ControlManager][PLCWriteLog] -{
, ==========================================
, Message Name     : Connection 
, Transaction Name : 2019-07-30 17:01-29_1 
, MessageType      : MelsecEthernet 
, MachineName      : L2 
, Event Time       :  
, Event Name       :  
, Event Value      :  
, Return Code      : 0 
, Return Message   :  
}
[2019-07-30 17:01:29.085] [INFO ] [ScanThreadProc] [MNet3EScanUnit][ScanBit] -[L2_B_LTM_H] Block Scan Started...
[2019-07-30 17:01:29.088] [INFO ] [9] [MProtocolProxy][mPScanUnit_OnConnected] -Scan MelsecEthernet OnConnected : L2 
[2019-07-30 17:04:50.855] [INFO ] [9] [ControlManager][Init] -Init ControlManager
[2019-07-30 17:04:51.258] [INFO ] [9] [MProtocolProxy][InitByInnerResource] -MProtocolProxy : InitXxml
[2019-07-30 17:04:51.264] [INFO ] [9] [MProtocolProxy][InitMEthernet] -MProtocolProxy : InitMEthernet
[2019-07-30 17:04:51.268] [INFO ] [9] [MNet3EUnit][Connect] -[Connection] Melsec Connect Address : 192.168.51.9 , PortNo : 7006
[2019-07-30 17:04:51.270] [INFO ] [9] [MProtocolProxy][Unit_OnConnected] -MelsecEthernet OnConnected : L2 
[2019-07-30 17:04:51.273] [INFO ] [9] [MNet3EScanUnit][Connect] -[Connection] Melsec Connect Address : 192.168.51.9 , PortNo : 7007
[2019-07-30 17:04:51.282] [INFO ] [9] [ControlManager][PLCWriteLog] -{
, ==========================================
, Message Name     : Connection 
, Transaction Name : 2019-07-30 17:04-51_1 
, MessageType      : MelsecEthernet 
, MachineName      : L2 
, Event Time       :  
, Event Name       :  
, Event Value      :  
, Return Code      : 0 
, Return Message   :  
}
[2019-07-30 17:04:51.290] [INFO ] [9] [MProtocolProxy][mPScanUnit_OnConnected] -Scan MelsecEthernet OnConnected : L2 
[2019-07-30 17:04:51.294] [INFO ] [ScanThreadProc] [MNet3EScanUnit][ScanBit] -[L2_B_LTM_H] Block Scan Started...
[2019-07-30 17:16:26.751] [INFO ] [10] [ControlManager][Init] -Init ControlManager
[2019-07-30 17:16:27.176] [INFO ] [10] [MProtocolProxy][InitByInnerResource] -MProtocolProxy : InitXxml
[2019-07-30 17:16:27.183] [INFO ] [10] [MProtocolProxy][InitMEthernet] -MProtocolProxy : InitMEthernet
[2019-07-30 17:16:27.188] [INFO ] [10] [MNet3EUnit][Connect] -[Connection] Melsec Connect Address : 192.168.51.9 , PortNo : 7006
[2019-07-30 17:16:27.189] [INFO ] [10] [MProtocolProxy][Unit_OnConnected] -MelsecEthernet OnConnected : L2 
[2019-07-30 17:16:27.192] [INFO ] [10] [MNet3EScanUnit][Connect] -[Connection] Melsec Connect Address : 192.168.51.9 , PortNo : 7007
[2019-07-30 17:16:27.204] [INFO ] [10] [ControlManager][PLCWriteLog] -{
, ==========================================
, Message Name     : Connection 
, Transaction Name : 2019-07-30 17:16-27_1 
, MessageType      : MelsecEthernet 
, MachineName      : L2 
, Event Time       :  
, Event Name       :  
, Event Value      :  
, Return Code      : 0 
, Return Message   :  
}
[2019-07-30 17:16:27.209] [INFO ] [10] [MProtocolProxy][mPScanUnit_OnConnected] -Scan MelsecEthernet OnConnected : L2 
[2019-07-30 17:16:27.215] [INFO ] [ScanThreadProc] [MNet3EScanUnit][ScanBit] -[L2_B_LTM_H] Block Scan Started...
[2019-07-30 17:23:37.160] [INFO ] [10] [ControlManager][Init] -Init ControlManager
[2019-07-30 17:23:37.522] [INFO ] [10] [MProtocolProxy][InitByInnerResource] -MProtocolProxy : InitXxml
[2019-07-30 17:23:37.527] [INFO ] [10] [MProtocolProxy][InitMEthernet] -MProtocolProxy : InitMEthernet
[2019-07-30 17:23:37.532] [INFO ] [10] [MNet3EUnit][Connect] -[Connection] Melsec Connect Address : 192.168.51.9 , PortNo : 7006
[2019-07-30 17:23:37.533] [INFO ] [10] [MProtocolProxy][Unit_OnConnected] -MelsecEthernet OnConnected : L2 
[2019-07-30 17:23:37.536] [INFO ] [10] [MNet3EScanUnit][Connect] -[Connection] Melsec Connect Address : 192.168.51.9 , PortNo : 7007
[2019-07-30 17:23:37.548] [INFO ] [10] [ControlManager][PLCWriteLog] -{
, ==========================================
, Message Name     : Connection 
, Transaction Name : 2019-07-30 17:23-37_1 
, MessageType      : MelsecEthernet 
, MachineName      : L2 
, Event Time       :  
, Event Name       :  
, Event Value      :  
, Return Code      : 0 
, Return Message   :  
}
[2019-07-30 17:23:37.550] [INFO ] [10] [MProtocolProxy][mPScanUnit_OnConnected] -Scan MelsecEthernet OnConnected : L2 
[2019-07-30 17:23:37.559] [INFO ] [ScanThreadProc] [MNet3EScanUnit][ScanBit] -[L2_B_LTM_H] Block Scan Started...
[2019-07-30 17:48:15.882] [INFO ] [9] [ControlManager][Init] -Init ControlManager
[2019-07-30 17:48:16.296] [INFO ] [9] [MProtocolProxy][InitByInnerResource] -MProtocolProxy : InitXxml
[2019-07-30 17:48:16.303] [INFO ] [9] [MProtocolProxy][InitMEthernet] -MProtocolProxy : InitMEthernet
[2019-07-30 17:48:16.308] [INFO ] [9] [MNet3EUnit][Connect] -[Connection] Melsec Connect Address : 192.168.51.9 , PortNo : 7006
[2019-07-30 17:48:16.310] [INFO ] [9] [MProtocolProxy][Unit_OnConnected] -MelsecEthernet OnConnected : L2 
[2019-07-30 17:48:16.313] [INFO ] [9] [MNet3EScanUnit][Connect] -[Connection] Melsec Connect Address : 192.168.51.9 , PortNo : 7007
[2019-07-30 17:48:16.322] [INFO ] [9] [ControlManager][PLCWriteLog] -{
, ==========================================
, Message Name     : Connection 
, Transaction Name : 2019-07-30 17:48-16_1 
, MessageType      : MelsecEthernet 
, MachineName      : L2 
, Event Time       :  
, Event Name       :  
, Event Value      :  
, Return Code      : 0 
, Return Message   :  
}
[2019-07-30 17:48:16.331] [INFO ] [9] [MProtocolProxy][mPScanUnit_OnConnected] -Scan MelsecEthernet OnConnected : L2 
[2019-07-30 17:48:16.336] [INFO ] [ScanThreadProc] [MNet3EScanUnit][ScanBit] -[L2_B_LTM_H] Block Scan Started...
[2019-07-30 17:50:33.498] [INFO ] [9] [ControlManager][Init] -Init ControlManager
[2019-07-30 17:50:33.864] [INFO ] [9] [MProtocolProxy][InitByInnerResource] -MProtocolProxy : InitXxml
[2019-07-30 17:50:33.870] [INFO ] [9] [MProtocolProxy][InitMEthernet] -MProtocolProxy : InitMEthernet
[2019-07-30 17:50:33.874] [INFO ] [9] [MNet3EUnit][Connect] -[Connection] Melsec Connect Address : 192.168.51.9 , PortNo : 7006
[2019-07-30 17:50:33.876] [INFO ] [9] [MProtocolProxy][Unit_OnConnected] -MelsecEthernet OnConnected : L2 
[2019-07-30 17:50:33.879] [INFO ] [9] [MNet3EScanUnit][Connect] -[Connection] Melsec Connect Address : 192.168.51.9 , PortNo : 7007
[2019-07-30 17:50:33.892] [INFO ] [9] [ControlManager][PLCWriteLog] -{
, ==========================================
, Message Name     : Connection 
, Transaction Name : 2019-07-30 17:50-33_1 
, MessageType      : MelsecEthernet 
, MachineName      : L2 
, Event Time       :  
, Event Name       :  
, Event Value      :  
, Return Code      : 0 
, Return Message   :  
}
[2019-07-30 17:50:33.894] [INFO ] [9] [MProtocolProxy][mPScanUnit_OnConnected] -Scan MelsecEthernet OnConnected : L2 
[2019-07-30 17:50:33.902] [INFO ] [ScanThreadProc] [MNet3EScanUnit][ScanBit] -[L2_B_LTM_H] Block Scan Started...
