[2019-07-25 16:21:38.053] [INFO ] [9] [ControlManager][Init] -Init ControlManager
[2019-07-25 16:21:42.971] [INFO ] [9] [MProtocolProxy][InitByInnerResource] -MProtocolProxy : InitXxml
[2019-07-25 16:21:42.977] [INFO ] [9] [MProtocolProxy][InitMEthernet] -MProtocolProxy : InitMEthernet
[2019-07-25 16:21:42.981] [INFO ] [9] [MNet3EUnit][Connect] -[Connection] Melsec Connect Address : 192.168.51.9 , PortNo : 7006
[2019-07-25 16:21:42.983] [INFO ] [9] [MProtocolProxy][Unit_OnConnected] -MelsecEthernet OnConnected : L2 
[2019-07-25 16:21:45.397] [INFO ] [9] [MNet3EScanUnit][Connect] -[Connection] Melsec Connect Address : 192.168.51.9 , PortNo : 7007
[2019-07-25 16:22:04.816] [ERROR] [9] [ControlManager][InitMEthernet] -InitMEthernet Error : 未将对象引用设置到对象的实例。
[2019-07-25 16:22:04.816] [ERROR] [9] [ControlManagerFactory][getControlManager] -ControlManager Init MEthernet Error : InitMEthernet Error
[2019-07-25 16:22:04.859] [INFO ] [ScanThreadProc] [MNet3EScanUnit][ScanBit] -[L2_B_LTM_H] Block Scan Started...
[2019-07-25 16:22:28.601] [INFO ] [10] [ControlManager][Init] -Init ControlManager
[2019-07-25 16:22:32.123] [INFO ] [10] [MProtocolProxy][InitByInnerResource] -MProtocolProxy : InitXxml
[2019-07-25 16:22:32.129] [INFO ] [10] [MProtocolProxy][InitMEthernet] -MProtocolProxy : InitMEthernet
[2019-07-25 16:22:32.133] [INFO ] [10] [MNet3EUnit][Connect] -[Connection] Melsec Connect Address : 192.168.51.9 , PortNo : 7006
[2019-07-25 16:22:32.134] [INFO ] [10] [MProtocolProxy][Unit_OnConnected] -MelsecEthernet OnConnected : L2 
[2019-07-25 16:22:33.460] [INFO ] [10] [MNet3EScanUnit][Connect] -[Connection] Melsec Connect Address : 192.168.51.9 , PortNo : 7007
[2019-07-25 16:22:36.740] [INFO ] [ScanThreadProc] [MNet3EScanUnit][ScanBit] -[L2_B_LTM_H] Block Scan Started...
[2019-07-25 16:22:39.491] [ERROR] [10] [ControlManager][InitMEthernet] -InitMEthernet Error : 未将对象引用设置到对象的实例。
[2019-07-25 16:22:39.492] [ERROR] [10] [ControlManagerFactory][getControlManager] -ControlManager Init MEthernet Error : InitMEthernet Error
[2019-07-25 16:23:53.241] [INFO ] [8] [ControlManager][Init] -Init ControlManager
[2019-07-25 16:24:20.334] [INFO ] [8] [MProtocolProxy][InitByInnerResource] -MProtocolProxy : InitXxml
[2019-07-25 16:24:20.342] [INFO ] [8] [MProtocolProxy][InitMEthernet] -MProtocolProxy : InitMEthernet
[2019-07-25 16:24:20.346] [INFO ] [8] [MNet3EUnit][Connect] -[Connection] Melsec Connect Address : 192.168.51.9 , PortNo : 7006
[2019-07-25 16:24:20.348] [INFO ] [8] [MProtocolProxy][Unit_OnConnected] -MelsecEthernet OnConnected : L2 
[2019-07-25 16:24:23.871] [INFO ] [8] [MNet3EScanUnit][Connect] -[Connection] Melsec Connect Address : 192.168.51.9 , PortNo : 7007
[2019-07-25 16:24:29.626] [INFO ] [ScanThreadProc] [MNet3EScanUnit][ScanBit] -[L2_B_LTM_H] Block Scan Started...
[2019-07-25 16:24:42.461] [ERROR] [8] [ControlManager][InitMEthernet] -InitMEthernet Error : 未将对象引用设置到对象的实例。
[2019-07-25 16:24:42.472] [ERROR] [8] [ControlManagerFactory][getControlManager] -ControlManager Init MEthernet Error : InitMEthernet Error
[2019-07-25 16:24:56.999] [INFO ] [10] [ControlManager][Init] -Init ControlManager
[2019-07-25 16:25:00.704] [INFO ] [10] [MProtocolProxy][InitByInnerResource] -MProtocolProxy : InitXxml
[2019-07-25 16:25:00.710] [INFO ] [10] [MProtocolProxy][InitMEthernet] -MProtocolProxy : InitMEthernet
[2019-07-25 16:25:00.713] [INFO ] [10] [MNet3EUnit][Connect] -[Connection] Melsec Connect Address : 192.168.51.9 , PortNo : 7006
[2019-07-25 16:25:00.715] [INFO ] [10] [MProtocolProxy][Unit_OnConnected] -MelsecEthernet OnConnected : L2 
[2019-07-25 16:25:03.000] [INFO ] [10] [MNet3EScanUnit][Connect] -[Connection] Melsec Connect Address : 192.168.51.9 , PortNo : 7007
[2019-07-25 16:25:06.593] [INFO ] [ScanThreadProc] [MNet3EScanUnit][ScanBit] -[L2_B_LTM_H] Block Scan Started...
[2019-07-25 16:25:45.830] [ERROR] [10] [ControlManager][InitMEthernet] -InitMEthernet Error : 未将对象引用设置到对象的实例。
[2019-07-25 16:25:45.832] [ERROR] [10] [ControlManagerFactory][getControlManager] -ControlManager Init MEthernet Error : InitMEthernet Error
[2019-07-25 16:28:12.806] [INFO ] [9] [ControlManager][Init] -Init ControlManager
[2019-07-25 16:28:15.968] [INFO ] [9] [MProtocolProxy][InitByInnerResource] -MProtocolProxy : InitXxml
[2019-07-25 16:28:15.974] [INFO ] [9] [MProtocolProxy][InitMEthernet] -MProtocolProxy : InitMEthernet
[2019-07-25 16:28:15.979] [INFO ] [9] [MNet3EUnit][Connect] -[Connection] Melsec Connect Address : 192.168.51.9 , PortNo : 7006
[2019-07-25 16:28:15.981] [INFO ] [9] [MProtocolProxy][Unit_OnConnected] -MelsecEthernet OnConnected : L2 
[2019-07-25 16:28:16.833] [INFO ] [9] [MNet3EScanUnit][Connect] -[Connection] Melsec Connect Address : 192.168.51.9 , PortNo : 7007
[2019-07-25 16:28:19.972] [INFO ] [ScanThreadProc] [MNet3EScanUnit][ScanBit] -[L2_B_LTM_H] Block Scan Started...
[2019-07-25 16:28:22.874] [ERROR] [9] [ControlManager][InitMEthernet] -InitMEthernet Error : 未将对象引用设置到对象的实例。
[2019-07-25 16:28:22.874] [ERROR] [9] [ControlManagerFactory][getControlManager] -ControlManager Init MEthernet Error : InitMEthernet Error
[2019-07-25 16:28:35.014] [INFO ] [10] [ControlManager][Init] -Init ControlManager
[2019-07-25 16:28:40.152] [INFO ] [10] [MProtocolProxy][InitByInnerResource] -MProtocolProxy : InitXxml
[2019-07-25 16:28:40.158] [INFO ] [10] [MProtocolProxy][InitMEthernet] -MProtocolProxy : InitMEthernet
[2019-07-25 16:28:40.161] [INFO ] [10] [MNet3EUnit][Connect] -[Connection] Melsec Connect Address : 192.168.51.9 , PortNo : 7006
[2019-07-25 16:28:40.163] [INFO ] [10] [MProtocolProxy][Unit_OnConnected] -MelsecEthernet OnConnected : L2 
[2019-07-25 16:28:41.738] [INFO ] [10] [MNet3EScanUnit][Connect] -[Connection] Melsec Connect Address : 192.168.51.9 , PortNo : 7007
[2019-07-25 16:28:47.025] [INFO ] [ScanThreadProc] [MNet3EScanUnit][ScanBit] -[L2_B_LTM_H] Block Scan Started...
[2019-07-25 16:29:11.141] [ERROR] [10] [ControlManager][InitMEthernet] -InitMEthernet Error : 未将对象引用设置到对象的实例。
[2019-07-25 16:29:11.142] [ERROR] [10] [ControlManagerFactory][getControlManager] -ControlManager Init MEthernet Error : InitMEthernet Error
[2019-07-25 16:29:25.215] [INFO ] [9] [ControlManager][Init] -Init ControlManager
[2019-07-25 16:29:28.680] [INFO ] [9] [MProtocolProxy][InitByInnerResource] -MProtocolProxy : InitXxml
[2019-07-25 16:29:28.686] [INFO ] [9] [MProtocolProxy][InitMEthernet] -MProtocolProxy : InitMEthernet
[2019-07-25 16:29:28.689] [INFO ] [9] [MNet3EUnit][Connect] -[Connection] Melsec Connect Address : 192.168.51.9 , PortNo : 7006
[2019-07-25 16:29:28.691] [INFO ] [9] [MProtocolProxy][Unit_OnConnected] -MelsecEthernet OnConnected : L2 
[2019-07-25 16:29:30.874] [INFO ] [9] [MNet3EScanUnit][Connect] -[Connection] Melsec Connect Address : 192.168.51.9 , PortNo : 7007
[2019-07-25 16:30:27.463] [INFO ] [ScanThreadProc] [MNet3EScanUnit][ScanBit] -[L2_B_LTM_H] Block Scan Started...
[2019-07-25 16:31:26.775] [ERROR] [9] [ControlManager][InitMEthernet] -InitMEthernet Error : 未将对象引用设置到对象的实例。
[2019-07-25 16:31:26.777] [ERROR] [9] [ControlManagerFactory][getControlManager] -ControlManager Init MEthernet Error : InitMEthernet Error
[2019-07-25 16:33:45.608] [INFO ] [10] [ControlManager][Init] -Init ControlManager
[2019-07-25 16:33:49.277] [INFO ] [10] [MProtocolProxy][InitByInnerResource] -MProtocolProxy : InitXxml
[2019-07-25 16:33:49.284] [INFO ] [10] [MProtocolProxy][InitMEthernet] -MProtocolProxy : InitMEthernet
[2019-07-25 16:33:49.290] [INFO ] [10] [MNet3EUnit][Connect] -[Connection] Melsec Connect Address : 192.168.51.9 , PortNo : 7006
[2019-07-25 16:33:49.292] [INFO ] [10] [MProtocolProxy][Unit_OnConnected] -MelsecEthernet OnConnected : L2 
[2019-07-25 16:34:44.395] [INFO ] [10] [MNet3EScanUnit][Connect] -[Connection] Melsec Connect Address : 192.168.51.9 , PortNo : 7007
[2019-07-25 16:34:46.535] [INFO ] [ScanThreadProc] [MNet3EScanUnit][ScanBit] -[L2_B_LTM_H] Block Scan Started...
[2019-07-25 16:35:20.204] [ERROR] [10] [ControlManager][InitMEthernet] -InitMEthernet Error : 未将对象引用设置到对象的实例。
[2019-07-25 16:35:20.204] [ERROR] [10] [ControlManagerFactory][getControlManager] -ControlManager Init MEthernet Error : InitMEthernet Error
[2019-07-25 16:36:42.693] [INFO ] [9] [ControlManager][Init] -Init ControlManager
[2019-07-25 16:36:47.416] [INFO ] [9] [MProtocolProxy][InitByInnerResource] -MProtocolProxy : InitXxml
[2019-07-25 16:36:47.424] [INFO ] [9] [MProtocolProxy][InitMEthernet] -MProtocolProxy : InitMEthernet
[2019-07-25 16:36:47.428] [INFO ] [9] [MNet3EUnit][Connect] -[Connection] Melsec Connect Address : 192.168.51.9 , PortNo : 7006
[2019-07-25 16:36:47.430] [INFO ] [9] [MProtocolProxy][Unit_OnConnected] -MelsecEthernet OnConnected : L2 
[2019-07-25 16:36:48.628] [INFO ] [9] [MNet3EScanUnit][Connect] -[Connection] Melsec Connect Address : 192.168.51.9 , PortNo : 7007
[2019-07-25 16:36:52.106] [INFO ] [ScanThreadProc] [MNet3EScanUnit][ScanBit] -[L2_B_LTM_H] Block Scan Started...
[2019-07-25 16:37:26.487] [ERROR] [9] [ControlManager][InitMEthernet] -InitMEthernet Error : 未将对象引用设置到对象的实例。
[2019-07-25 16:37:26.512] [ERROR] [9] [ControlManagerFactory][getControlManager] -ControlManager Init MEthernet Error : InitMEthernet Error
[2019-07-25 16:38:19.886] [INFO ] [8] [ControlManager][Init] -Init ControlManager
[2019-07-25 16:38:22.790] [INFO ] [8] [MProtocolProxy][InitByInnerResource] -MProtocolProxy : InitXxml
[2019-07-25 16:38:22.796] [INFO ] [8] [MProtocolProxy][InitMEthernet] -MProtocolProxy : InitMEthernet
[2019-07-25 16:38:22.800] [INFO ] [8] [MNet3EUnit][Connect] -[Connection] Melsec Connect Address : 192.168.51.9 , PortNo : 7006
[2019-07-25 16:38:22.801] [INFO ] [8] [MProtocolProxy][Unit_OnConnected] -MelsecEthernet OnConnected : L2 
[2019-07-25 16:38:23.637] [INFO ] [8] [MNet3EScanUnit][Connect] -[Connection] Melsec Connect Address : 192.168.51.9 , PortNo : 7007
[2019-07-25 16:38:26.576] [INFO ] [ScanThreadProc] [MNet3EScanUnit][ScanBit] -[L2_B_LTM_H] Block Scan Started...
[2019-07-25 16:38:40.035] [ERROR] [8] [ControlManager][InitMEthernet] -InitMEthernet Error : 未将对象引用设置到对象的实例。
[2019-07-25 16:38:40.036] [ERROR] [8] [ControlManagerFactory][getControlManager] -ControlManager Init MEthernet Error : InitMEthernet Error
[2019-07-25 16:39:17.612] [INFO ] [8] [ControlManager][Init] -Init ControlManager
[2019-07-25 16:39:21.653] [INFO ] [8] [MProtocolProxy][InitByInnerResource] -MProtocolProxy : InitXxml
[2019-07-25 16:39:21.658] [INFO ] [8] [MProtocolProxy][InitMEthernet] -MProtocolProxy : InitMEthernet
[2019-07-25 16:39:21.662] [INFO ] [8] [MNet3EUnit][Connect] -[Connection] Melsec Connect Address : 192.168.51.9 , PortNo : 7006
[2019-07-25 16:39:21.664] [INFO ] [8] [MProtocolProxy][Unit_OnConnected] -MelsecEthernet OnConnected : L2 
[2019-07-25 16:39:29.065] [INFO ] [8] [MNet3EScanUnit][Connect] -[Connection] Melsec Connect Address : 192.168.51.9 , PortNo : 7007
[2019-07-25 16:39:34.249] [INFO ] [ScanThreadProc] [MNet3EScanUnit][ScanBit] -[L2_B_LTM_H] Block Scan Started...
[2019-07-25 16:41:58.359] [ERROR] [8] [ControlManager][InitMEthernet] -InitMEthernet Error : 未将对象引用设置到对象的实例。
[2019-07-25 16:41:58.361] [ERROR] [8] [ControlManagerFactory][getControlManager] -ControlManager Init MEthernet Error : InitMEthernet Error
[2019-07-25 16:43:16.824] [INFO ] [9] [ControlManager][Init] -Init ControlManager
[2019-07-25 16:43:22.335] [INFO ] [9] [MProtocolProxy][InitByInnerResource] -MProtocolProxy : InitXxml
[2019-07-25 16:43:22.342] [INFO ] [9] [MProtocolProxy][InitMEthernet] -MProtocolProxy : InitMEthernet
[2019-07-25 16:43:22.347] [INFO ] [9] [MNet3EUnit][Connect] -[Connection] Melsec Connect Address : 192.168.51.9 , PortNo : 7006
[2019-07-25 16:43:22.349] [INFO ] [9] [MProtocolProxy][Unit_OnConnected] -MelsecEthernet OnConnected : L2 
[2019-07-25 16:43:23.625] [INFO ] [9] [MNet3EScanUnit][Connect] -[Connection] Melsec Connect Address : 192.168.51.9 , PortNo : 7007
[2019-07-25 16:43:26.538] [INFO ] [9] [ControlManager][PLCWriteLog] -{
, ==========================================
, Message Name     : Connection 
, Transaction Name : 2019-07-25 16:43-26_1 
, MessageType      : MelsecEthernet 
, MachineName      : L2 
, Event Time       :  
, Event Name       :  
, Event Value      :  
, Return Code      : 0 
, Return Message   :  
}
[2019-07-25 16:43:26.540] [INFO ] [9] [MProtocolProxy][mPScanUnit_OnConnected] -Scan MelsecEthernet OnConnected : L2 
[2019-07-25 16:43:28.342] [INFO ] [ScanThreadProc] [MNet3EScanUnit][ScanBit] -[L2_B_LTM_H] Block Scan Started...
[2019-07-25 17:12:23.276] [INFO ] [9] [ControlManager][Init] -Init ControlManager
[2019-07-25 17:12:23.640] [INFO ] [9] [MProtocolProxy][InitByInnerResource] -MProtocolProxy : InitXxml
[2019-07-25 17:12:23.647] [INFO ] [9] [MProtocolProxy][InitMEthernet] -MProtocolProxy : InitMEthernet
[2019-07-25 17:12:23.653] [INFO ] [9] [MNet3EUnit][Connect] -[Connection] Melsec Connect Address : 192.168.51.9 , PortNo : 7006
[2019-07-25 17:12:23.654] [INFO ] [9] [MProtocolProxy][Unit_OnConnected] -MelsecEthernet OnConnected : L2 
[2019-07-25 17:12:23.657] [INFO ] [9] [MNet3EScanUnit][Connect] -[Connection] Melsec Connect Address : 192.168.51.9 , PortNo : 7007
[2019-07-25 17:12:31.190] [INFO ] [9] [ControlManager][PLCWriteLog] -{
, ==========================================
, Message Name     : Connection 
, Transaction Name : 2019-07-25 17:12-31_1 
, MessageType      : MelsecEthernet 
, MachineName      : L2 
, Event Time       :  
, Event Name       :  
, Event Value      :  
, Return Code      : 0 
, Return Message   :  
}
[2019-07-25 17:12:31.213] [INFO ] [9] [MProtocolProxy][mPScanUnit_OnConnected] -Scan MelsecEthernet OnConnected : L2 
[2019-07-25 17:12:31.212] [INFO ] [ScanThreadProc] [MNet3EScanUnit][ScanBit] -[L2_B_LTM_H] Block Scan Started...
[2019-07-25 17:17:38.783] [INFO ] [10] [ControlManager][Init] -Init ControlManager
[2019-07-25 17:17:39.159] [INFO ] [10] [MProtocolProxy][InitByInnerResource] -MProtocolProxy : InitXxml
[2019-07-25 17:17:39.165] [INFO ] [10] [MProtocolProxy][InitMEthernet] -MProtocolProxy : InitMEthernet
[2019-07-25 17:17:39.169] [INFO ] [10] [MNet3EUnit][Connect] -[Connection] Melsec Connect Address : 192.168.51.9 , PortNo : 7006
[2019-07-25 17:17:39.171] [INFO ] [10] [MProtocolProxy][Unit_OnConnected] -MelsecEthernet OnConnected : L2 
[2019-07-25 17:17:39.174] [INFO ] [10] [MNet3EScanUnit][Connect] -[Connection] Melsec Connect Address : 192.168.51.9 , PortNo : 7007
[2019-07-25 17:17:39.188] [INFO ] [10] [ControlManager][PLCWriteLog] -{
, ==========================================
, Message Name     : Connection 
, Transaction Name : 2019-07-25 17:17-39_1 
, MessageType      : MelsecEthernet 
, MachineName      : L2 
, Event Time       :  
, Event Name       :  
, Event Value      :  
, Return Code      : 0 
, Return Message   :  
}
[2019-07-25 17:17:39.191] [INFO ] [10] [MProtocolProxy][mPScanUnit_OnConnected] -Scan MelsecEthernet OnConnected : L2 
[2019-07-25 17:17:39.196] [INFO ] [ScanThreadProc] [MNet3EScanUnit][ScanBit] -[L2_B_LTM_H] Block Scan Started...
[2019-07-25 17:46:14.258] [INFO ] [9] [ControlManager][Init] -Init ControlManager
[2019-07-25 17:46:14.629] [INFO ] [9] [MProtocolProxy][InitByInnerResource] -MProtocolProxy : InitXxml
[2019-07-25 17:46:14.635] [INFO ] [9] [MProtocolProxy][InitMEthernet] -MProtocolProxy : InitMEthernet
[2019-07-25 17:46:14.639] [INFO ] [9] [MNet3EUnit][Connect] -[Connection] Melsec Connect Address : 192.168.51.9 , PortNo : 7006
[2019-07-25 17:46:14.641] [INFO ] [9] [MProtocolProxy][Unit_OnConnected] -MelsecEthernet OnConnected : L2 
[2019-07-25 17:46:14.644] [INFO ] [9] [MNet3EScanUnit][Connect] -[Connection] Melsec Connect Address : 192.168.51.9 , PortNo : 7007
[2019-07-25 17:46:14.659] [INFO ] [9] [ControlManager][PLCWriteLog] -{
, ==========================================
, Message Name     : Connection 
, Transaction Name : 2019-07-25 17:46-14_1 
, MessageType      : MelsecEthernet 
, MachineName      : L2 
, Event Time       :  
, Event Name       :  
, Event Value      :  
, Return Code      : 0 
, Return Message   :  
}
[2019-07-25 17:46:14.662] [INFO ] [9] [MProtocolProxy][mPScanUnit_OnConnected] -Scan MelsecEthernet OnConnected : L2 
[2019-07-25 17:46:14.682] [INFO ] [ScanThreadProc] [MNet3EScanUnit][ScanBit] -[L2_B_LTM_H] Block Scan Started...
[2019-07-25 17:48:35.948] [INFO ] [ScanThreadProc] [Make3EProtocol][GetItemReadWord] -[Int:offset <= 1, point =1] Item Name : ControlState, Data : 2
[2019-07-25 17:48:35.984] [INFO ] [ScanThreadProc] [MNet3EUnit][WriteBit] -[WriteBit] Item Name : ControlStateChangeRequestReply, Data : 1
[2019-07-25 17:48:35.986] [INFO ] [ScanThreadProc] [MProtocolProxy][WriteTransactionData] -Write TransactionData
[2019-07-25 17:48:35.987] [INFO ] [ScanThreadProc] [ControlManager][PLCWriteLog] -{
, ==========================================
, Message Name     : Event 
, Transaction Name : 2019-07-25 17:48-35_2 
, MessageType      : MelsecEthernet 
, MachineName      : L2 
, Event Time       : 20190725174835923 
, Event Name       : L2_ControlStateChangeRequest 
, Event Value      : 1 
, Return Code      : 0 
, Return Message   :  
, Read BlockName : L2_W_ControlStateChangeRequestBlock 
, ==Read Item List== 
, Read ItemName : ControlState, Value : 2 
, Write BlockName : L2_B_ControlStateChangeRequestReply 
, ==Write Item List== 
, Write ItemName : ControlStateChangeRequestReply, Value : 1 
}
[2019-07-25 17:48:35.988] [INFO ] [ScanThreadProc] [MNet3EScanUnit][ScanBit] -[EVENT] Local Name : L2 , Item Name: ControlStateChangeRequest, Item Value : 1, index : 1
[2019-07-25 17:48:35.999] [INFO ] [EventProcessingProc] [ControlManager][EventProcessingProc] -EventQ.Dequeue! As soon as mqProxy will be Sending, Remind EventQ Size : 1
[2019-07-25 17:50:34.137] [INFO ] [10] [ControlManager][Init] -Init ControlManager
[2019-07-25 17:50:34.583] [INFO ] [10] [MProtocolProxy][InitByInnerResource] -MProtocolProxy : InitXxml
[2019-07-25 17:50:34.588] [INFO ] [10] [MProtocolProxy][InitMEthernet] -MProtocolProxy : InitMEthernet
[2019-07-25 17:50:34.594] [INFO ] [10] [MNet3EUnit][Connect] -[Connection] Melsec Connect Address : 192.168.51.9 , PortNo : 7006
[2019-07-25 17:50:34.595] [INFO ] [10] [MProtocolProxy][Unit_OnConnected] -MelsecEthernet OnConnected : L2 
[2019-07-25 17:50:34.598] [INFO ] [10] [MNet3EScanUnit][Connect] -[Connection] Melsec Connect Address : 192.168.51.9 , PortNo : 7007
[2019-07-25 17:50:34.612] [INFO ] [10] [ControlManager][PLCWriteLog] -{
, ==========================================
, Message Name     : Connection 
, Transaction Name : 2019-07-25 17:50-34_1 
, MessageType      : MelsecEthernet 
, MachineName      : L2 
, Event Time       :  
, Event Name       :  
, Event Value      :  
, Return Code      : 0 
, Return Message   :  
}
[2019-07-25 17:50:34.614] [INFO ] [10] [MProtocolProxy][mPScanUnit_OnConnected] -Scan MelsecEthernet OnConnected : L2 
[2019-07-25 17:50:34.638] [INFO ] [ScanThreadProc] [MNet3EScanUnit][ScanBit] -[L2_B_LTM_H] Block Scan Started...
[2019-07-25 17:50:36.041] [INFO ] [ScanThreadProc] [MNet3EUnit][WriteBit] -[WriteBit] Item Name : ControlStateChangeRequestReply, Data : 0
[2019-07-25 17:50:36.205] [INFO ] [ScanThreadProc] [MProtocolProxy][WriteTransactionData] -Write TransactionData
[2019-07-25 17:50:36.205] [INFO ] [ScanThreadProc] [MProtocolProxy][unit_EventScanReceived] -BitOffEventReport is false, Trx : L2_ControlStateChangeRequest
[2019-07-25 17:50:36.206] [INFO ] [ScanThreadProc] [MNet3EScanUnit][ScanBit] -[EVENT] Local Name : L2 , Item Name: ControlStateChangeRequest, Item Value : 0, index : 1
[2019-07-25 17:50:50.462] [INFO ] [ScanThreadProc] [Make3EProtocol][GetItemReadWord] -[Int:offset <= 1, point =1] Item Name : ControlState, Data : 2
[2019-07-25 17:50:50.477] [INFO ] [ScanThreadProc] [MNet3EUnit][WriteBit] -[WriteBit] Item Name : ControlStateChangeRequestReply, Data : 1
[2019-07-25 17:50:50.478] [INFO ] [ScanThreadProc] [MProtocolProxy][WriteTransactionData] -Write TransactionData
[2019-07-25 17:50:50.479] [INFO ] [ScanThreadProc] [ControlManager][PLCWriteLog] -{
, ==========================================
, Message Name     : Event 
, Transaction Name : 2019-07-25 17:50-50_2 
, MessageType      : MelsecEthernet 
, MachineName      : L2 
, Event Time       : 20190725175050441 
, Event Name       : L2_ControlStateChangeRequest 
, Event Value      : 1 
, Return Code      : 0 
, Return Message   :  
, Read BlockName : L2_W_ControlStateChangeRequestBlock 
, ==Read Item List== 
, Read ItemName : ControlState, Value : 2 
, Write BlockName : L2_B_ControlStateChangeRequestReply 
, ==Write Item List== 
, Write ItemName : ControlStateChangeRequestReply, Value : 1 
}
[2019-07-25 17:50:50.480] [INFO ] [ScanThreadProc] [MNet3EScanUnit][ScanBit] -[EVENT] Local Name : L2 , Item Name: ControlStateChangeRequest, Item Value : 1, index : 1
[2019-07-25 17:50:50.488] [INFO ] [EventProcessingProc] [ControlManager][EventProcessingProc] -EventQ.Dequeue! As soon as mqProxy will be Sending, Remind EventQ Size : 1
[2019-07-25 17:51:13.810] [INFO ] [ScanThreadProc] [MNet3EUnit][WriteBit] -[WriteBit] Item Name : ControlStateChangeRequestReply, Data : 0
[2019-07-25 17:51:13.811] [INFO ] [ScanThreadProc] [MProtocolProxy][WriteTransactionData] -Write TransactionData
[2019-07-25 17:51:13.812] [INFO ] [ScanThreadProc] [MProtocolProxy][unit_EventScanReceived] -BitOffEventReport is false, Trx : L2_ControlStateChangeRequest
[2019-07-25 17:51:13.812] [INFO ] [ScanThreadProc] [MNet3EScanUnit][ScanBit] -[EVENT] Local Name : L2 , Item Name: ControlStateChangeRequest, Item Value : 0, index : 1
[2019-07-25 17:51:55.047] [INFO ] [ScanThreadProc] [Make3EProtocol][GetItemReadWord] -[Int:offset <= 1, point =1] Item Name : ControlState, Data : 2
[2019-07-25 17:51:55.063] [INFO ] [ScanThreadProc] [MNet3EUnit][WriteBit] -[WriteBit] Item Name : ControlStateChangeRequestReply, Data : 1
[2019-07-25 17:51:55.064] [INFO ] [ScanThreadProc] [MProtocolProxy][WriteTransactionData] -Write TransactionData
[2019-07-25 17:51:55.064] [INFO ] [ScanThreadProc] [ControlManager][PLCWriteLog] -{
, ==========================================
, Message Name     : Event 
, Transaction Name : 2019-07-25 17:51-55_3 
, MessageType      : MelsecEthernet 
, MachineName      : L2 
, Event Time       : 20190725175155035 
, Event Name       : L2_ControlStateChangeRequest 
, Event Value      : 1 
, Return Code      : 0 
, Return Message   :  
, Read BlockName : L2_W_ControlStateChangeRequestBlock 
, ==Read Item List== 
, Read ItemName : ControlState, Value : 2 
, Write BlockName : L2_B_ControlStateChangeRequestReply 
, ==Write Item List== 
, Write ItemName : ControlStateChangeRequestReply, Value : 1 
}
[2019-07-25 17:51:55.065] [INFO ] [ScanThreadProc] [MNet3EScanUnit][ScanBit] -[EVENT] Local Name : L2 , Item Name: ControlStateChangeRequest, Item Value : 1, index : 1
[2019-07-25 17:51:55.070] [INFO ] [EventProcessingProc] [ControlManager][EventProcessingProc] -EventQ.Dequeue! As soon as mqProxy will be Sending, Remind EventQ Size : 1
[2019-07-25 17:57:38.525] [INFO ] [10] [ControlManager][Init] -Init ControlManager
[2019-07-25 17:57:38.898] [INFO ] [10] [MProtocolProxy][InitByInnerResource] -MProtocolProxy : InitXxml
[2019-07-25 17:57:38.904] [INFO ] [10] [MProtocolProxy][InitMEthernet] -MProtocolProxy : InitMEthernet
[2019-07-25 17:57:38.908] [INFO ] [10] [MNet3EUnit][Connect] -[Connection] Melsec Connect Address : 192.168.51.9 , PortNo : 7006
[2019-07-25 17:57:38.910] [INFO ] [10] [MProtocolProxy][Unit_OnConnected] -MelsecEthernet OnConnected : L2 
[2019-07-25 17:57:38.913] [INFO ] [10] [MNet3EScanUnit][Connect] -[Connection] Melsec Connect Address : 192.168.51.9 , PortNo : 7007
[2019-07-25 17:57:38.922] [INFO ] [10] [ControlManager][PLCWriteLog] -{
, ==========================================
, Message Name     : Connection 
, Transaction Name : 2019-07-25 17:57-38_1 
, MessageType      : MelsecEthernet 
, MachineName      : L2 
, Event Time       :  
, Event Name       :  
, Event Value      :  
, Return Code      : 0 
, Return Message   :  
}
[2019-07-25 17:57:38.929] [INFO ] [10] [MProtocolProxy][mPScanUnit_OnConnected] -Scan MelsecEthernet OnConnected : L2 
[2019-07-25 17:57:38.933] [INFO ] [ScanThreadProc] [MNet3EScanUnit][ScanBit] -[L2_B_LTM_H] Block Scan Started...
[2019-07-25 17:57:55.771] [INFO ] [ScanThreadProc] [Make3EProtocol][GetItemReadWord] -[Int:offset <= 1, point =1] Item Name : ControlState, Data : 2
[2019-07-25 17:57:55.792] [INFO ] [ScanThreadProc] [MNet3EUnit][WriteBit] -[WriteBit] Item Name : ControlStateChangeRequestReply, Data : 1
[2019-07-25 17:57:55.793] [INFO ] [ScanThreadProc] [MProtocolProxy][WriteTransactionData] -Write TransactionData
[2019-07-25 17:57:55.794] [INFO ] [ScanThreadProc] [ControlManager][PLCWriteLog] -{
, ==========================================
, Message Name     : Event 
, Transaction Name : 2019-07-25 17:57-55_2 
, MessageType      : MelsecEthernet 
, MachineName      : L2 
, Event Time       : 20190725175755756 
, Event Name       : L2_ControlStateChangeRequest 
, Event Value      : 1 
, Return Code      : 0 
, Return Message   :  
, Read BlockName : L2_W_ControlStateChangeRequestBlock 
, ==Read Item List== 
, Read ItemName : ControlState, Value : 2 
, Write BlockName : L2_B_ControlStateChangeRequestReply 
, ==Write Item List== 
, Write ItemName : ControlStateChangeRequestReply, Value : 1 
}
[2019-07-25 17:57:55.794] [INFO ] [ScanThreadProc] [MNet3EScanUnit][ScanBit] -[EVENT] Local Name : L2 , Item Name: ControlStateChangeRequest, Item Value : 1, index : 1
[2019-07-25 17:57:55.797] [INFO ] [EventProcessingProc] [ControlManager][EventProcessingProc] -EventQ.Dequeue! As soon as mqProxy will be Sending, Remind EventQ Size : 1
[2019-07-25 17:58:47.712] [INFO ] [ScanThreadProc] [MNet3EUnit][WriteBit] -[WriteBit] Item Name : ControlStateChangeRequestReply, Data : 0
[2019-07-25 17:58:47.713] [INFO ] [ScanThreadProc] [MProtocolProxy][WriteTransactionData] -Write TransactionData
[2019-07-25 17:58:47.713] [INFO ] [ScanThreadProc] [MProtocolProxy][unit_EventScanReceived] -BitOffEventReport is false, Trx : L2_ControlStateChangeRequest
[2019-07-25 17:58:47.714] [INFO ] [ScanThreadProc] [MNet3EScanUnit][ScanBit] -[EVENT] Local Name : L2 , Item Name: ControlStateChangeRequest, Item Value : 0, index : 1
[2019-07-25 17:58:49.115] [INFO ] [ScanThreadProc] [Make3EProtocol][GetItemReadWord] -[Int:offset <= 1, point =1] Item Name : ControlState, Data : 2
[2019-07-25 17:58:49.127] [INFO ] [ScanThreadProc] [MNet3EUnit][WriteBit] -[WriteBit] Item Name : ControlStateChangeRequestReply, Data : 1
[2019-07-25 17:58:49.127] [INFO ] [ScanThreadProc] [MProtocolProxy][WriteTransactionData] -Write TransactionData
[2019-07-25 17:58:49.128] [INFO ] [ScanThreadProc] [ControlManager][PLCWriteLog] -{
, ==========================================
, Message Name     : Event 
, Transaction Name : 2019-07-25 17:58-49_3 
, MessageType      : MelsecEthernet 
, MachineName      : L2 
, Event Time       : 20190725175849104 
, Event Name       : L2_ControlStateChangeRequest 
, Event Value      : 1 
, Return Code      : 0 
, Return Message   :  
, Read BlockName : L2_W_ControlStateChangeRequestBlock 
, ==Read Item List== 
, Read ItemName : ControlState, Value : 2 
, Write BlockName : L2_B_ControlStateChangeRequestReply 
, ==Write Item List== 
, Write ItemName : ControlStateChangeRequestReply, Value : 1 
}
[2019-07-25 17:58:49.128] [INFO ] [ScanThreadProc] [MNet3EScanUnit][ScanBit] -[EVENT] Local Name : L2 , Item Name: ControlStateChangeRequest, Item Value : 1, index : 1
[2019-07-25 17:58:49.135] [INFO ] [EventProcessingProc] [ControlManager][EventProcessingProc] -EventQ.Dequeue! As soon as mqProxy will be Sending, Remind EventQ Size : 1
[2019-07-25 18:13:36.657] [INFO ] [10] [ControlManager][Init] -Init ControlManager
[2019-07-25 18:13:37.088] [INFO ] [10] [MProtocolProxy][InitByInnerResource] -MProtocolProxy : InitXxml
[2019-07-25 18:13:37.094] [INFO ] [10] [MProtocolProxy][InitMEthernet] -MProtocolProxy : InitMEthernet
[2019-07-25 18:13:37.098] [INFO ] [10] [MNet3EUnit][Connect] -[Connection] Melsec Connect Address : 192.168.51.9 , PortNo : 7006
[2019-07-25 18:13:37.100] [INFO ] [10] [MProtocolProxy][Unit_OnConnected] -MelsecEthernet OnConnected : L2 
[2019-07-25 18:13:37.103] [INFO ] [10] [MNet3EScanUnit][Connect] -[Connection] Melsec Connect Address : 192.168.51.9 , PortNo : 7007
[2019-07-25 18:13:37.116] [INFO ] [10] [ControlManager][PLCWriteLog] -{
, ==========================================
, Message Name     : Connection 
, Transaction Name : 2019-07-25 18:13-37_1 
, MessageType      : MelsecEthernet 
, MachineName      : L2 
, Event Time       :  
, Event Name       :  
, Event Value      :  
, Return Code      : 0 
, Return Message   :  
}
[2019-07-25 18:13:37.120] [INFO ] [10] [MProtocolProxy][mPScanUnit_OnConnected] -Scan MelsecEthernet OnConnected : L2 
[2019-07-25 18:13:37.135] [INFO ] [ScanThreadProc] [MNet3EScanUnit][ScanBit] -[L2_B_LTM_H] Block Scan Started...
[2019-07-25 18:14:07.992] [INFO ] [ScanThreadProc] [Make3EProtocol][GetItemReadWord] -[Int:offset <= 1, point =1] Item Name : ControlState, Data : 2
[2019-07-25 18:14:08.009] [INFO ] [ScanThreadProc] [MNet3EUnit][WriteBit] -[WriteBit] Item Name : ControlStateChangeRequestReply, Data : 1
[2019-07-25 18:14:08.010] [INFO ] [ScanThreadProc] [MProtocolProxy][WriteTransactionData] -Write TransactionData
[2019-07-25 18:14:08.014] [INFO ] [ScanThreadProc] [ControlManager][PLCWriteLog] -{
, ==========================================
, Message Name     : Event 
, Transaction Name : 2019-07-25 18:14-08_2 
, MessageType      : MelsecEthernet 
, MachineName      : L2 
, Event Time       : 20190725181407977 
, Event Name       : L2_ControlStateChangeRequest 
, Event Value      : 1 
, Return Code      : 0 
, Return Message   :  
, Read BlockName : L2_W_ControlStateChangeRequestBlock 
, ==Read Item List== 
, Read ItemName : ControlState, Value : 2 
, Write BlockName : L2_B_ControlStateChangeRequestReply 
, ==Write Item List== 
, Write ItemName : ControlStateChangeRequestReply, Value : 1 
}
[2019-07-25 18:14:08.015] [INFO ] [ScanThreadProc] [MNet3EScanUnit][ScanBit] -[EVENT] Local Name : L2 , Item Name: ControlStateChangeRequest, Item Value : 1, index : 1
[2019-07-25 18:14:08.019] [INFO ] [EventProcessingProc] [ControlManager][EventProcessingProc] -EventQ.Dequeue! As soon as mqProxy will be Sending, Remind EventQ Size : 1
[2019-07-25 18:15:24.262] [INFO ] [ScanThreadProc] [MNet3EUnit][WriteBit] -[WriteBit] Item Name : ControlStateChangeRequestReply, Data : 0
[2019-07-25 18:15:24.264] [INFO ] [ScanThreadProc] [MProtocolProxy][WriteTransactionData] -Write TransactionData
[2019-07-25 18:15:24.265] [INFO ] [ScanThreadProc] [MProtocolProxy][unit_EventScanReceived] -BitOffEventReport is false, Trx : L2_ControlStateChangeRequest
[2019-07-25 18:15:24.266] [INFO ] [ScanThreadProc] [MNet3EScanUnit][ScanBit] -[EVENT] Local Name : L2 , Item Name: ControlStateChangeRequest, Item Value : 0, index : 1
[2019-07-25 18:15:31.888] [INFO ] [ScanThreadProc] [Make3EProtocol][GetItemReadWord] -[Int:offset <= 1, point =1] Item Name : ControlState, Data : 2
[2019-07-25 18:15:31.909] [INFO ] [ScanThreadProc] [MNet3EUnit][WriteBit] -[WriteBit] Item Name : ControlStateChangeRequestReply, Data : 1
[2019-07-25 18:15:31.910] [INFO ] [ScanThreadProc] [MProtocolProxy][WriteTransactionData] -Write TransactionData
[2019-07-25 18:15:31.910] [INFO ] [ScanThreadProc] [ControlManager][PLCWriteLog] -{
, ==========================================
, Message Name     : Event 
, Transaction Name : 2019-07-25 18:15-31_3 
, MessageType      : MelsecEthernet 
, MachineName      : L2 
, Event Time       : 20190725181531875 
, Event Name       : L2_ControlStateChangeRequest 
, Event Value      : 1 
, Return Code      : 0 
, Return Message   :  
, Read BlockName : L2_W_ControlStateChangeRequestBlock 
, ==Read Item List== 
, Read ItemName : ControlState, Value : 2 
, Write BlockName : L2_B_ControlStateChangeRequestReply 
, ==Write Item List== 
, Write ItemName : ControlStateChangeRequestReply, Value : 1 
}
[2019-07-25 18:15:31.911] [INFO ] [ScanThreadProc] [MNet3EScanUnit][ScanBit] -[EVENT] Local Name : L2 , Item Name: ControlStateChangeRequest, Item Value : 1, index : 1
[2019-07-25 18:15:31.918] [INFO ] [EventProcessingProc] [ControlManager][EventProcessingProc] -EventQ.Dequeue! As soon as mqProxy will be Sending, Remind EventQ Size : 1
[2019-07-25 18:15:33.529] [INFO ] [ScanThreadProc] [MNet3EUnit][WriteBit] -[WriteBit] Item Name : ControlStateChangeRequestReply, Data : 0
[2019-07-25 18:15:33.529] [INFO ] [ScanThreadProc] [MProtocolProxy][WriteTransactionData] -Write TransactionData
[2019-07-25 18:15:33.530] [INFO ] [ScanThreadProc] [MProtocolProxy][unit_EventScanReceived] -BitOffEventReport is false, Trx : L2_ControlStateChangeRequest
[2019-07-25 18:15:33.530] [INFO ] [ScanThreadProc] [MNet3EScanUnit][ScanBit] -[EVENT] Local Name : L2 , Item Name: ControlStateChangeRequest, Item Value : 0, index : 1
[2019-07-25 18:34:21.612] [INFO ] [10] [ControlManager][Init] -Init ControlManager
[2019-07-25 18:34:22.050] [INFO ] [10] [MProtocolProxy][InitByInnerResource] -MProtocolProxy : InitXxml
[2019-07-25 18:34:22.056] [INFO ] [10] [MProtocolProxy][InitMEthernet] -MProtocolProxy : InitMEthernet
[2019-07-25 18:34:22.060] [INFO ] [10] [MNet3EUnit][Connect] -[Connection] Melsec Connect Address : 192.168.51.9 , PortNo : 7006
[2019-07-25 18:34:22.062] [INFO ] [10] [MProtocolProxy][Unit_OnConnected] -MelsecEthernet OnConnected : L2 
[2019-07-25 18:34:22.065] [INFO ] [10] [MNet3EScanUnit][Connect] -[Connection] Melsec Connect Address : 192.168.51.9 , PortNo : 7007
[2019-07-25 18:34:22.077] [INFO ] [10] [ControlManager][PLCWriteLog] -{
, ==========================================
, Message Name     : Connection 
, Transaction Name : 2019-07-25 18:34-22_1 
, MessageType      : MelsecEthernet 
, MachineName      : L2 
, Event Time       :  
, Event Name       :  
, Event Value      :  
, Return Code      : 0 
, Return Message   :  
}
[2019-07-25 18:34:22.080] [INFO ] [10] [MProtocolProxy][mPScanUnit_OnConnected] -Scan MelsecEthernet OnConnected : L2 
[2019-07-25 18:34:22.100] [INFO ] [ScanThreadProc] [MNet3EScanUnit][ScanBit] -[L2_B_LTM_H] Block Scan Started...
[2019-07-25 18:34:29.931] [INFO ] [ScanThreadProc] [Make3EProtocol][GetItemReadWord] -[Int:offset <= 1, point =1] Item Name : ControlState, Data : 2
[2019-07-25 18:34:29.949] [INFO ] [ScanThreadProc] [MNet3EUnit][WriteBit] -[WriteBit] Item Name : ControlStateChangeRequestReply, Data : 1
[2019-07-25 18:34:29.950] [INFO ] [ScanThreadProc] [MProtocolProxy][WriteTransactionData] -Write TransactionData
[2019-07-25 18:34:29.950] [INFO ] [ScanThreadProc] [ControlManager][PLCWriteLog] -{
, ==========================================
, Message Name     : Event 
, Transaction Name : 2019-07-25 18:34-29_2 
, MessageType      : MelsecEthernet 
, MachineName      : L2 
, Event Time       : 20190725183429917 
, Event Name       : L2_ControlStateChangeRequest 
, Event Value      : 1 
, Return Code      : 0 
, Return Message   :  
, Read BlockName : L2_W_ControlStateChangeRequestBlock 
, ==Read Item List== 
, Read ItemName : ControlState, Value : 2 
, Write BlockName : L2_B_ControlStateChangeRequestReply 
, ==Write Item List== 
, Write ItemName : ControlStateChangeRequestReply, Value : 1 
}
[2019-07-25 18:34:29.951] [INFO ] [ScanThreadProc] [MNet3EScanUnit][ScanBit] -[EVENT] Local Name : L2 , Item Name: ControlStateChangeRequest, Item Value : 1, index : 1
[2019-07-25 18:34:29.953] [INFO ] [EventProcessingProc] [ControlManager][EventProcessingProc] -EventQ.Dequeue! As soon as mqProxy will be Sending, Remind EventQ Size : 1
[2019-07-25 18:34:51.789] [INFO ] [ScanThreadProc] [MNet3EUnit][WriteBit] -[WriteBit] Item Name : ControlStateChangeRequestReply, Data : 0
[2019-07-25 18:34:51.789] [INFO ] [ScanThreadProc] [MProtocolProxy][WriteTransactionData] -Write TransactionData
[2019-07-25 18:34:51.789] [INFO ] [ScanThreadProc] [MProtocolProxy][unit_EventScanReceived] -BitOffEventReport is false, Trx : L2_ControlStateChangeRequest
[2019-07-25 18:34:51.790] [INFO ] [ScanThreadProc] [MNet3EScanUnit][ScanBit] -[EVENT] Local Name : L2 , Item Name: ControlStateChangeRequest, Item Value : 0, index : 1
[2019-07-25 18:37:10.184] [INFO ] [10] [ControlManager][Init] -Init ControlManager
[2019-07-25 18:37:10.510] [INFO ] [10] [MProtocolProxy][InitByInnerResource] -MProtocolProxy : InitXxml
[2019-07-25 18:37:10.516] [INFO ] [10] [MProtocolProxy][InitMEthernet] -MProtocolProxy : InitMEthernet
[2019-07-25 18:37:10.520] [INFO ] [10] [MNet3EUnit][Connect] -[Connection] Melsec Connect Address : 192.168.51.9 , PortNo : 7006
[2019-07-25 18:37:10.522] [INFO ] [10] [MProtocolProxy][Unit_OnConnected] -MelsecEthernet OnConnected : L2 
[2019-07-25 18:37:10.525] [INFO ] [10] [MNet3EScanUnit][Connect] -[Connection] Melsec Connect Address : 192.168.51.9 , PortNo : 7007
[2019-07-25 18:37:10.538] [INFO ] [10] [ControlManager][PLCWriteLog] -{
, ==========================================
, Message Name     : Connection 
, Transaction Name : 2019-07-25 18:37-10_1 
, MessageType      : MelsecEthernet 
, MachineName      : L2 
, Event Time       :  
, Event Name       :  
, Event Value      :  
, Return Code      : 0 
, Return Message   :  
}
[2019-07-25 18:37:10.541] [INFO ] [10] [MProtocolProxy][mPScanUnit_OnConnected] -Scan MelsecEthernet OnConnected : L2 
[2019-07-25 18:37:10.557] [INFO ] [ScanThreadProc] [MNet3EScanUnit][ScanBit] -[L2_B_LTM_H] Block Scan Started...
[2019-07-25 18:37:21.416] [INFO ] [ScanThreadProc] [Make3EProtocol][GetItemReadWord] -[Int:offset <= 1, point =1] Item Name : ControlState, Data : 2
[2019-07-25 18:37:21.462] [INFO ] [ScanThreadProc] [MNet3EUnit][WriteBit] -[WriteBit] Item Name : ControlStateChangeRequestReply, Data : 1
[2019-07-25 18:37:21.463] [INFO ] [ScanThreadProc] [MProtocolProxy][WriteTransactionData] -Write TransactionData
[2019-07-25 18:37:21.464] [INFO ] [ScanThreadProc] [ControlManager][PLCWriteLog] -{
, ==========================================
, Message Name     : Event 
, Transaction Name : 2019-07-25 18:37-21_2 
, MessageType      : MelsecEthernet 
, MachineName      : L2 
, Event Time       : 20190725183721394 
, Event Name       : L2_ControlStateChangeRequest 
, Event Value      : 1 
, Return Code      : 0 
, Return Message   :  
, Read BlockName : L2_W_ControlStateChangeRequestBlock 
, ==Read Item List== 
, Read ItemName : ControlState, Value : 2 
, Write BlockName : L2_B_ControlStateChangeRequestReply 
, ==Write Item List== 
, Write ItemName : ControlStateChangeRequestReply, Value : 1 
}
[2019-07-25 18:37:21.464] [INFO ] [ScanThreadProc] [MNet3EScanUnit][ScanBit] -[EVENT] Local Name : L2 , Item Name: ControlStateChangeRequest, Item Value : 1, index : 1
[2019-07-25 18:37:21.473] [INFO ] [EventProcessingProc] [ControlManager][EventProcessingProc] -EventQ.Dequeue! As soon as mqProxy will be Sending, Remind EventQ Size : 1
[2019-07-25 18:37:21.839] [INFO ] [CallBackActor] [ControlManager][PLCWriteLog] -{
, ==========================================
, Message Name     : WriteRequest 
, Transaction Name :  
, MessageType      : ETHERNET 
, MachineName      : L2 
, Event Time       : 20190725183721838 
, Event Name       : L2_ControlStateChangeCommand 
, Event Value      :  
, Return Code      : 0 
, Return Message   :  
, Write BlockName : L2_W_ControlStateChangeCommandBlock 
, ==Write Item List== 
, Write ItemName : ControlState, Value : 2 
, Write BlockName : L2_B_ControlStateChangeCommand 
, ==Write Item List== 
, Write ItemName : ControlStateChangeCommand, Value : 1 
}
[2019-07-25 18:37:22.055] [INFO ] [CallBackActor] [MNet3EUnit][WriteWord] -[WriteWord] Int Item Name : ControlState, Data : 2
[2019-07-25 18:37:22.069] [INFO ] [CallBackActor] [MNet3EUnit][WriteBit] -[WriteBit] Item Name : ControlStateChangeCommand, Data : 1
[2019-07-25 18:37:22.070] [INFO ] [CallBackActor] [MProtocolProxy][WriteTransactionData] -Write TransactionData
[2019-07-25 18:37:22.070] [INFO ] [CallBackActor] [ControlManager][PLCWriteLog] -{
, ==========================================
, Message Name     : WriteReply 
, Transaction Name :  
, MessageType      : ETHERNET 
, MachineName      : L2 
, Event Time       : 20190725183721838 
, Event Name       : L2_ControlStateChangeCommand 
, Event Value      :  
, Return Code      : 0 
, Return Message   : Write Success 
, Write BlockName : L2_W_ControlStateChangeCommandBlock 
, ==Write Item List== 
, Write ItemName : ControlState, Value : 2 
, Write BlockName : L2_B_ControlStateChangeCommand 
, ==Write Item List== 
, Write ItemName : ControlStateChangeCommand, Value : 1 
}
[2019-07-25 18:37:22.071] [INFO ] [EventProcessingProc] [ControlManager][EventProcessingProc] -EventQ.Dequeue! As soon as mqProxy will be Sending, Remind EventQ Size : 1
