[2019-07-18 09:53:22.524] [DEBUG] [9] [TIBMessageService][createTransport] -Create Transport Deamon[tcp:10.116.111.201:7500], serverice[8200],network[;225.11.11.2]
[2019-07-18 09:53:22.556] [DEBUG] [9] [TIBMessageService][createListener] -Creat Listen subject[TRULY.G5A.EAP.TST.FAB.C1CCL01]
[2019-07-18 09:55:08.645] [INFO ] [9] [TIBMessageService][Send] -Send Message:
<?xml version="1.0" encoding="utf-8"?>
<Message>
  <Header>
    <MESSAGENAME>MachineControlStateChanged</MESSAGENAME>
    <TRANSACTIONID>20190718095508540400</TRANSACTIONID>
    <ORIGINALTRANSACTIONID />
    <EVENTUSER>C1CCL01</EVENTUSER>
    <EVENTCOMMENT />
  </Header>
  <Return>
    <RETURNCODE>0</RETURNCODE>
    <RETURNMESSAGE />
  </Return>
  <Body>
    <MACHINENAME>C1CCL01</MACHINENAME>
    <MACHINECONTROLSTATENAME>Offline</MACHINECONTROLSTATENAME>
    <TRACELEVEL>M</TRACELEVEL>
  </Body>
</Message>
[2019-07-18 09:56:22.393] [DEBUG] [9] [TIBMessageService][createTransport] -Create Transport Deamon[tcp:10.116.111.201:7500], serverice[8200],network[;225.11.11.2]
[2019-07-18 09:56:22.402] [DEBUG] [9] [TIBMessageService][createListener] -Creat Listen subject[TRULY.G5A.EAP.TST.FAB.C1CCL01]
[2019-07-18 09:57:09.988] [INFO ] [9] [TIBMessageService][Send] -Send Message:
<?xml version="1.0" encoding="utf-8"?>
<Message>
  <Header>
    <MESSAGENAME>MachineControlStateChanged</MESSAGENAME>
    <TRANSACTIONID>20190718095709927400</TRANSACTIONID>
    <ORIGINALTRANSACTIONID />
    <EVENTUSER>C1CCL01</EVENTUSER>
    <EVENTCOMMENT />
  </Header>
  <Return>
    <RETURNCODE>0</RETURNCODE>
    <RETURNMESSAGE />
  </Return>
  <Body>
    <MACHINENAME>C1CCL01</MACHINENAME>
    <MACHINECONTROLSTATENAME>Offline</MACHINECONTROLSTATENAME>
    <TRACELEVEL>M</TRACELEVEL>
  </Body>
</Message>
[2019-07-18 09:59:41.270] [DEBUG] [8] [TIBMessageService][createTransport] -Create Transport Deamon[tcp:10.116.111.201:7500], serverice[8200],network[;225.11.11.2]
[2019-07-18 09:59:41.280] [DEBUG] [8] [TIBMessageService][createListener] -Creat Listen subject[TRULY.G5A.EAP.TST.FAB.C1CCL01]
[2019-07-18 10:00:23.006] [INFO ] [8] [TIBMessageService][Send] -Send Message:
<?xml version="1.0" encoding="utf-8"?>
<Message>
  <Header>
    <MESSAGENAME>MachineControlStateChanged</MESSAGENAME>
    <TRANSACTIONID>20190718100022909400</TRANSACTIONID>
    <ORIGINALTRANSACTIONID />
    <EVENTUSER>C1CCL01</EVENTUSER>
    <EVENTCOMMENT />
  </Header>
  <Return>
    <RETURNCODE>0</RETURNCODE>
    <RETURNMESSAGE />
  </Return>
  <Body>
    <MACHINENAME>C1CCL01</MACHINENAME>
    <MACHINECONTROLSTATENAME>Offline</MACHINECONTROLSTATENAME>
    <TRACELEVEL>M</TRACELEVEL>
  </Body>
</Message>
[2019-07-18 10:46:46.112] [DEBUG] [9] [TIBMessageService][createTransport] -Create Transport Deamon[tcp:10.116.111.201:7500], serverice[8200],network[;225.11.11.2]
[2019-07-18 10:46:46.130] [DEBUG] [9] [TIBMessageService][createListener] -Creat Listen subject[TRULY.G5A.EAP.TST.FAB.C1CCL01]
[2019-07-18 10:47:21.233] [INFO ] [9] [TIBMessageService][Send] -Send Message:
<?xml version="1.0" encoding="utf-8"?>
<Message>
  <Header>
    <MESSAGENAME>MachineControlStateChanged</MESSAGENAME>
    <TRANSACTIONID>20190718104721144400</TRANSACTIONID>
    <ORIGINALTRANSACTIONID />
    <EVENTUSER>C1CCL01</EVENTUSER>
    <EVENTCOMMENT />
  </Header>
  <Return>
    <RETURNCODE>0</RETURNCODE>
    <RETURNMESSAGE />
  </Return>
  <Body>
    <MACHINENAME>C1CCL01</MACHINENAME>
    <MACHINECONTROLSTATENAME>Offline</MACHINECONTROLSTATENAME>
    <TRACELEVEL>M</TRACELEVEL>
  </Body>
</Message>
[2019-07-18 10:49:59.916] [DEBUG] [10] [TIBMessageService][createTransport] -Create Transport Deamon[tcp:10.116.111.201:7500], serverice[8200],network[;225.11.11.2]
[2019-07-18 10:49:59.958] [DEBUG] [10] [TIBMessageService][createListener] -Creat Listen subject[TRULY.G5A.EAP.TST.FAB.C1CCL01]
[2019-07-18 10:50:24.519] [INFO ] [10] [TIBMessageService][Send] -Send Message:
<?xml version="1.0" encoding="utf-8"?>
<Message>
  <Header>
    <MESSAGENAME>MachineControlStateChanged</MESSAGENAME>
    <TRANSACTIONID>20190718105024413400</TRANSACTIONID>
    <ORIGINALTRANSACTIONID />
    <EVENTUSER>C1CCL01</EVENTUSER>
    <EVENTCOMMENT />
  </Header>
  <Return>
    <RETURNCODE>0</RETURNCODE>
    <RETURNMESSAGE />
  </Return>
  <Body>
    <MACHINENAME>C1CCL01</MACHINENAME>
    <MACHINECONTROLSTATENAME>Offline</MACHINECONTROLSTATENAME>
    <TRACELEVEL>M</TRACELEVEL>
  </Body>
</Message>
[2019-07-18 11:06:00.969] [DEBUG] [10] [TIBMessageService][createTransport] -Create Transport Deamon[tcp:10.116.111.201:7500], serverice[8200],network[;225.11.11.2]
[2019-07-18 11:06:00.984] [DEBUG] [10] [TIBMessageService][createListener] -Creat Listen subject[TRULY.G5A.EAP.TST.FAB.C1CCL01]
[2019-07-18 11:47:18.848] [DEBUG] [9] [TIBMessageService][createTransport] -Create Transport Deamon[tcp:10.116.111.201:7500], serverice[8200],network[;225.11.11.2]
[2019-07-18 11:47:18.862] [DEBUG] [9] [TIBMessageService][createListener] -Creat Listen subject[TRULY.G5A.EAP.TST.FAB.C1CCL01]
[2019-07-18 11:48:13.374] [INFO ] [9] [TIBMessageService][Send] -Send Message:
<?xml version="1.0" encoding="utf-8"?>
<Message>
  <Header>
    <MESSAGENAME>MachineControlStateChanged</MESSAGENAME>
    <TRANSACTIONID>20190718114813268400</TRANSACTIONID>
    <ORIGINALTRANSACTIONID />
    <EVENTUSER>C1CCL01</EVENTUSER>
    <EVENTCOMMENT />
  </Header>
  <Return>
    <RETURNCODE>0</RETURNCODE>
    <RETURNMESSAGE />
  </Return>
  <Body>
    <MACHINENAME>C1CCL01</MACHINENAME>
    <MACHINECONTROLSTATENAME>Offline</MACHINECONTROLSTATENAME>
    <TRACELEVEL>M</TRACELEVEL>
  </Body>
</Message>
[2019-07-18 11:49:26.302] [DEBUG] [9] [TIBMessageService][createTransport] -Create Transport Deamon[tcp:10.116.111.201:7500], serverice[8200],network[;225.11.11.2]
[2019-07-18 11:49:26.314] [DEBUG] [9] [TIBMessageService][createListener] -Creat Listen subject[TRULY.G5A.EAP.TST.FAB.C1CCL01]
[2019-07-18 11:50:37.025] [INFO ] [9] [TIBMessageService][Send] -Send Message:
<?xml version="1.0" encoding="utf-8"?>
<Message>
  <Header>
    <MESSAGENAME>MachineControlStateChanged</MESSAGENAME>
    <TRANSACTIONID>20190718115036948400</TRANSACTIONID>
    <ORIGINALTRANSACTIONID />
    <EVENTUSER>C1CCL01</EVENTUSER>
    <EVENTCOMMENT />
  </Header>
  <Return>
    <RETURNCODE>0</RETURNCODE>
    <RETURNMESSAGE />
  </Return>
  <Body>
    <MACHINENAME>C1CCL01</MACHINENAME>
    <MACHINECONTROLSTATENAME>Offline</MACHINECONTROLSTATENAME>
    <TRACELEVEL>M</TRACELEVEL>
  </Body>
</Message>
[2019-07-18 11:52:32.438] [DEBUG] [9] [TIBMessageService][createTransport] -Create Transport Deamon[tcp:10.116.111.201:7500], serverice[8200],network[;225.11.11.2]
[2019-07-18 11:52:32.447] [DEBUG] [9] [TIBMessageService][createListener] -Creat Listen subject[TRULY.G5A.EAP.TST.FAB.C1CCL01]
[2019-07-18 11:52:48.899] [INFO ] [9] [TIBMessageService][Send] -Send Message:
<?xml version="1.0" encoding="utf-8"?>
<Message>
  <Header>
    <MESSAGENAME>MachineControlStateChanged</MESSAGENAME>
    <TRANSACTIONID>20190718115248836400</TRANSACTIONID>
    <ORIGINALTRANSACTIONID />
    <EVENTUSER>C1CCL01</EVENTUSER>
    <EVENTCOMMENT />
  </Header>
  <Return>
    <RETURNCODE>0</RETURNCODE>
    <RETURNMESSAGE />
  </Return>
  <Body>
    <MACHINENAME>C1CCL01</MACHINENAME>
    <MACHINECONTROLSTATENAME>Offline</MACHINECONTROLSTATENAME>
    <TRACELEVEL>M</TRACELEVEL>
  </Body>
</Message>
[2019-07-18 15:33:04.348] [DEBUG] [9] [TIBMessageService][createTransport] -Create Transport Deamon[tcp:10.116.111.201:7500], serverice[8200],network[;225.11.11.2]
[2019-07-18 15:33:04.358] [DEBUG] [9] [TIBMessageService][createListener] -Creat Listen subject[TRULY.G5A.EAP.TST.FAB.C1CCL01]
[2019-07-18 15:33:18.613] [INFO ] [9] [TIBMessageService][Send] -Send Message:
<?xml version="1.0" encoding="utf-8"?>
<Message>
  <Header>
    <MESSAGENAME>MachineControlStateChanged</MESSAGENAME>
    <TRANSACTIONID>20190718153318515400</TRANSACTIONID>
    <ORIGINALTRANSACTIONID />
    <EVENTUSER>C1CCL01</EVENTUSER>
    <EVENTCOMMENT />
  </Header>
  <Return>
    <RETURNCODE>0</RETURNCODE>
    <RETURNMESSAGE />
  </Return>
  <Body>
    <MACHINENAME>C1CCL01</MACHINENAME>
    <MACHINECONTROLSTATENAME>Offline</MACHINECONTROLSTATENAME>
    <TRACELEVEL>M</TRACELEVEL>
  </Body>
</Message>
[2019-07-18 15:35:02.856] [DEBUG] [9] [TIBMessageService][createTransport] -Create Transport Deamon[tcp:10.116.111.201:7500], serverice[8200],network[;225.11.11.2]
[2019-07-18 15:35:02.867] [DEBUG] [9] [TIBMessageService][createListener] -Creat Listen subject[TRULY.G5A.EAP.TST.FAB.C1CCL01]
[2019-07-18 15:35:09.919] [INFO ] [9] [TIBMessageService][Send] -Send Message:
<?xml version="1.0" encoding="utf-8"?>
<Message>
  <Header>
    <MESSAGENAME>MachineControlStateChanged</MESSAGENAME>
    <TRANSACTIONID>20190718153509824400</TRANSACTIONID>
    <ORIGINALTRANSACTIONID />
    <EVENTUSER>C1CCL01</EVENTUSER>
    <EVENTCOMMENT />
  </Header>
  <Return>
    <RETURNCODE>0</RETURNCODE>
    <RETURNMESSAGE />
  </Return>
  <Body>
    <MACHINENAME>C1CCL01</MACHINENAME>
    <MACHINECONTROLSTATENAME>Offline</MACHINECONTROLSTATENAME>
    <TRACELEVEL>M</TRACELEVEL>
  </Body>
</Message>
[2019-07-18 15:39:20.226] [DEBUG] [9] [TIBMessageService][createTransport] -Create Transport Deamon[tcp:10.116.111.201:7500], serverice[8200],network[;225.11.11.2]
[2019-07-18 15:39:20.237] [DEBUG] [9] [TIBMessageService][createListener] -Creat Listen subject[TRULY.G5A.EAP.TST.FAB.C1CCL01]
[2019-07-18 15:39:26.728] [INFO ] [9] [TIBMessageService][Send] -Send Message:
<?xml version="1.0" encoding="utf-8"?>
<Message>
  <Header>
    <MESSAGENAME>MachineControlStateChanged</MESSAGENAME>
    <TRANSACTIONID>20190718153926626400</TRANSACTIONID>
    <ORIGINALTRANSACTIONID />
    <EVENTUSER>C1CCL01</EVENTUSER>
    <EVENTCOMMENT />
  </Header>
  <Return>
    <RETURNCODE>0</RETURNCODE>
    <RETURNMESSAGE />
  </Return>
  <Body>
    <MACHINENAME>C1CCL01</MACHINENAME>
    <MACHINECONTROLSTATENAME>Offline</MACHINECONTROLSTATENAME>
    <TRACELEVEL>M</TRACELEVEL>
  </Body>
</Message>
[2019-07-18 17:17:41.233] [DEBUG] [10] [TIBMessageService][createTransport] -Create Transport Deamon[tcp:10.116.111.201:7500], serverice[8200],network[;225.11.11.2]
[2019-07-18 17:17:41.245] [DEBUG] [10] [TIBMessageService][createListener] -Creat Listen subject[TRULY.G5A.EAP.TST.FAB.C1CCL01]
[2019-07-18 17:17:57.780] [INFO ] [10] [TIBMessageService][Send] -Send Message:
<?xml version="1.0" encoding="utf-8"?>
<Message>
  <Header>
    <MESSAGENAME>MachineControlStateChanged</MESSAGENAME>
    <TRANSACTIONID>20190718171757690400</TRANSACTIONID>
    <ORIGINALTRANSACTIONID />
    <EVENTUSER>C1CCL01</EVENTUSER>
    <EVENTCOMMENT />
  </Header>
  <Return>
    <RETURNCODE>0</RETURNCODE>
    <RETURNMESSAGE />
  </Return>
  <Body>
    <MACHINENAME>C1CCL01</MACHINENAME>
    <MACHINECONTROLSTATENAME>Offline</MACHINECONTROLSTATENAME>
    <TRACELEVEL>M</TRACELEVEL>
  </Body>
</Message>
