[2019-07-31 08:55:08.950] [DEBUG] [10] [SQLiteHelper][OpenConnection] -DB connection Open.
[2019-07-31 08:56:49.888] [DEBUG] [10] [SQLiteHelper][ExecuteNonQuery] -Pre Excute sql [UPDATE  EQUIPMENT   SET  EQUIPMENTNAME = 'C1CCL01' ,  RMSUSEFLAG = 'N' ,  CURRENTSTATUSTIME = '2019-04-24 16:02:47.924' ,  EQUIPMENTSTATUS = 'Run' ,  EQUIPMENTTYPE = 'Cassette Cleaner' ,  OLDEQUIPMENTSTATUS = 'Run' ,  ONLINECONTROLSTATUS = 'Offline' ,  SHOP = 'Array' ,  PROJECTTYPE = 'New' ,  STATUSCODE = '' ,  DESCRIPTION = 'Cassette Cleaner'   WHERE  EQUIPMENTNAME = 'C1CCL01' ]
[2019-07-31 08:56:50.199] [DEBUG] [10] [SQLiteHelper][CloseConnection] -DB connection Close.
[2019-07-31 09:20:17.763] [DEBUG] [9] [SQLiteHelper][OpenConnection] -DB connection Open.
[2019-07-31 09:21:06.780] [DEBUG] [mProtocol_OnEventReceived] [SQLiteHelper][ExecuteNonQuery] -Pre Excute sql [UPDATE  PORT   SET  EQUIPMENTNAME = 'C1CCL01' ,  PORTNAME = 'PL01' ,  BCREXIST = 0 ,  CAPACITY = 0 ,  CASSETTESEQNO = 0 ,  CASSETTETYPE = 'NORMAL' ,  CURRENTSTATUSTIME = '2019-04-29 12:11:47.275' ,  GRADEPRIORITY = 0 ,  HIGHLIMIT = 0 ,  LOCALNO = 2 ,  LOWLIMIT = 0 ,  MAPPINGUNITEXIST = 0 ,  PORTENABLEMODE = 'Enable' ,  PORTGRADE = '' ,  PORTMODE = 'TFT' ,  PORTNO = 1 ,  PORTQTIME = 10 ,  PORTSTATUS = 'UnloadRequest' ,  PORTTRANSFERMODE = 'StockerInline' ,  PORTTYPE = 'Loader' ,  PORTTYPEAUTOMODE = 'Disable' ,  PORTUSETYPE = '' ,  DESCRIPTION = 'PORT#1'   WHERE  EQUIPMENTNAME = 'C1CCL01' AND  PORTNAME = 'PL01' ]
[2019-07-31 09:21:06.926] [DEBUG] [mProtocol_OnEventReceived] [SQLiteHelper][ExecuteNonQuery] -Pre Excute sql [INSERT INTO PORTHISTORY  ( OBJECTNO , EVENTNAME , HISTORYTIME , MACHINENAME , PORTNAME , BCREXIST , CAPACITY , CASSETTESEQNO , CASSETTETYPE , CURRENTSTATUSTIME , GRADEPRIORITY , HIGHLIMIT , LOCALNO , LOWLIMIT , MAPPINGUNITEXIST , PORTENABLEMODE , PORTGRADE , PORTMODE , PORTNO , PORTQTIME , PORTSTATUS , PORTTRANSFERMODE , PORTTYPE , PORTTYPEAUTOMODE , PORTUSETYPE )  VALUES ( 'S_20190731092106782' , 'UnloadRequest' , '2019-07-31 09:21:06.782' , 'C1CCL01' , 'PL01' , 0 , 0 , 0 , 'NORMAL' , '2019-04-29 12:11:47.275' , 0 , 0 , 0 , 0 , 0 , 'Enable' , '' , 'TFT' , 1 , 10 , 'UnloadRequest' , 'StockerInline' , 'Loader' , 'Disable' , '' ) ]
[2019-07-31 09:22:29.393] [DEBUG] [mProtocol_OnEventReceived] [SQLiteHelper][ExecuteNonQuery] -Pre Excute sql [UPDATE  PORT   SET  EQUIPMENTNAME = 'C1CCL01' ,  PORTNAME = 'PL01' ,  BCREXIST = 0 ,  CAPACITY = 0 ,  CASSETTESEQNO = 0 ,  CASSETTETYPE = 'NORMAL' ,  CURRENTSTATUSTIME = '2019-04-29 12:11:47.275' ,  GRADEPRIORITY = 0 ,  HIGHLIMIT = 0 ,  LOCALNO = 2 ,  LOWLIMIT = 0 ,  MAPPINGUNITEXIST = 0 ,  PORTENABLEMODE = 'Enable' ,  PORTGRADE = '' ,  PORTMODE = 'TFT' ,  PORTNO = 1 ,  PORTQTIME = 10 ,  PORTSTATUS = 'UnloadRequest' ,  PORTTRANSFERMODE = 'StockerInline' ,  PORTTYPE = 'Loader' ,  PORTTYPEAUTOMODE = 'Disable' ,  PORTUSETYPE = '' ,  DESCRIPTION = 'PORT#1'   WHERE  EQUIPMENTNAME = 'C1CCL01' AND  PORTNAME = 'PL01' ]
[2019-07-31 09:22:29.550] [DEBUG] [mProtocol_OnEventReceived] [SQLiteHelper][ExecuteNonQuery] -Pre Excute sql [INSERT INTO PORTHISTORY  ( OBJECTNO , EVENTNAME , HISTORYTIME , MACHINENAME , PORTNAME , BCREXIST , CAPACITY , CASSETTESEQNO , CASSETTETYPE , CURRENTSTATUSTIME , GRADEPRIORITY , HIGHLIMIT , LOCALNO , LOWLIMIT , MAPPINGUNITEXIST , PORTENABLEMODE , PORTGRADE , PORTMODE , PORTNO , PORTQTIME , PORTSTATUS , PORTTRANSFERMODE , PORTTYPE , PORTTYPEAUTOMODE , PORTUSETYPE )  VALUES ( 'S_20190731092229394' , 'UnloadRequest' , '2019-07-31 09:22:29.394' , 'C1CCL01' , 'PL01' , 0 , 0 , 0 , 'NORMAL' , '2019-04-29 12:11:47.275' , 0 , 0 , 0 , 0 , 0 , 'Enable' , '' , 'TFT' , 1 , 10 , 'UnloadRequest' , 'StockerInline' , 'Loader' , 'Disable' , '' ) ]
[2019-07-31 09:23:57.853] [DEBUG] [mProtocol_OnEventReceived] [SQLiteHelper][ExecuteNonQuery] -Pre Excute sql [UPDATE  PORT   SET  EQUIPMENTNAME = 'C1CCL01' ,  PORTNAME = 'PL01' ,  BCREXIST = 0 ,  CAPACITY = 0 ,  CASSETTESEQNO = 0 ,  CASSETTETYPE = 'NORMAL' ,  CURRENTSTATUSTIME = '2019-04-29 12:11:47.275' ,  GRADEPRIORITY = 0 ,  HIGHLIMIT = 0 ,  LOCALNO = 2 ,  LOWLIMIT = 0 ,  MAPPINGUNITEXIST = 0 ,  PORTENABLEMODE = 'Enable' ,  PORTGRADE = '' ,  PORTMODE = 'TFT' ,  PORTNO = 1 ,  PORTQTIME = 10 ,  PORTSTATUS = 'UnloadRequest' ,  PORTTRANSFERMODE = 'StockerInline' ,  PORTTYPE = 'Loader' ,  PORTTYPEAUTOMODE = 'Disable' ,  PORTUSETYPE = '' ,  DESCRIPTION = 'PORT#1'   WHERE  EQUIPMENTNAME = 'C1CCL01' AND  PORTNAME = 'PL01' ]
[2019-07-31 09:23:58.007] [DEBUG] [mProtocol_OnEventReceived] [SQLiteHelper][ExecuteNonQuery] -Pre Excute sql [INSERT INTO PORTHISTORY  ( OBJECTNO , EVENTNAME , HISTORYTIME , MACHINENAME , PORTNAME , BCREXIST , CAPACITY , CASSETTESEQNO , CASSETTETYPE , CURRENTSTATUSTIME , GRADEPRIORITY , HIGHLIMIT , LOCALNO , LOWLIMIT , MAPPINGUNITEXIST , PORTENABLEMODE , PORTGRADE , PORTMODE , PORTNO , PORTQTIME , PORTSTATUS , PORTTRANSFERMODE , PORTTYPE , PORTTYPEAUTOMODE , PORTUSETYPE )  VALUES ( 'S_20190731092357854' , 'UnloadRequest' , '2019-07-31 09:23:57.854' , 'C1CCL01' , 'PL01' , 0 , 0 , 0 , 'NORMAL' , '2019-04-29 12:11:47.275' , 0 , 0 , 0 , 0 , 0 , 'Enable' , '' , 'TFT' , 1 , 10 , 'UnloadRequest' , 'StockerInline' , 'Loader' , 'Disable' , '' ) ]
[2019-07-31 09:24:14.050] [DEBUG] [mProtocol_OnEventReceived] [SQLiteHelper][ExecuteNonQuery] -Pre Excute sql [UPDATE  PORT   SET  EQUIPMENTNAME = 'C1CCL01' ,  PORTNAME = 'PL01' ,  BCREXIST = 0 ,  CAPACITY = 0 ,  CASSETTESEQNO = 0 ,  CASSETTETYPE = 'NORMAL' ,  CURRENTSTATUSTIME = '2019-04-29 12:11:47.275' ,  GRADEPRIORITY = 0 ,  HIGHLIMIT = 0 ,  LOCALNO = 2 ,  LOWLIMIT = 0 ,  MAPPINGUNITEXIST = 0 ,  PORTENABLEMODE = 'Enable' ,  PORTGRADE = '' ,  PORTMODE = 'TFT' ,  PORTNO = 1 ,  PORTQTIME = 10 ,  PORTSTATUS = 'UnloadRequest' ,  PORTTRANSFERMODE = 'StockerInline' ,  PORTTYPE = 'Loader' ,  PORTTYPEAUTOMODE = 'Disable' ,  PORTUSETYPE = '' ,  DESCRIPTION = 'PORT#1'   WHERE  EQUIPMENTNAME = 'C1CCL01' AND  PORTNAME = 'PL01' ]
[2019-07-31 09:24:14.172] [DEBUG] [mProtocol_OnEventReceived] [SQLiteHelper][ExecuteNonQuery] -Pre Excute sql [INSERT INTO PORTHISTORY  ( OBJECTNO , EVENTNAME , HISTORYTIME , MACHINENAME , PORTNAME , BCREXIST , CAPACITY , CASSETTESEQNO , CASSETTETYPE , CURRENTSTATUSTIME , GRADEPRIORITY , HIGHLIMIT , LOCALNO , LOWLIMIT , MAPPINGUNITEXIST , PORTENABLEMODE , PORTGRADE , PORTMODE , PORTNO , PORTQTIME , PORTSTATUS , PORTTRANSFERMODE , PORTTYPE , PORTTYPEAUTOMODE , PORTUSETYPE )  VALUES ( 'S_20190731092414051' , 'UnloadRequest' , '2019-07-31 09:24:14.051' , 'C1CCL01' , 'PL01' , 0 , 0 , 0 , 'NORMAL' , '2019-04-29 12:11:47.275' , 0 , 0 , 0 , 0 , 0 , 'Enable' , '' , 'TFT' , 1 , 10 , 'UnloadRequest' , 'StockerInline' , 'Loader' , 'Disable' , '' ) ]
[2019-07-31 09:26:23.951] [DEBUG] [mProtocol_OnEventReceived] [SQLiteHelper][ExecuteNonQuery] -Pre Excute sql [UPDATE  PORT   SET  EQUIPMENTNAME = 'C1CCL01' ,  PORTNAME = 'PL01' ,  BCREXIST = 0 ,  CAPACITY = 0 ,  CASSETTESEQNO = 0 ,  CASSETTETYPE = 'NORMAL' ,  CURRENTSTATUSTIME = '2019-04-29 12:11:47.275' ,  GRADEPRIORITY = 0 ,  HIGHLIMIT = 0 ,  LOCALNO = 2 ,  LOWLIMIT = 0 ,  MAPPINGUNITEXIST = 0 ,  PORTENABLEMODE = 'Enable' ,  PORTGRADE = '' ,  PORTMODE = 'TFT' ,  PORTNO = 1 ,  PORTQTIME = 10 ,  PORTSTATUS = 'UnloadRequest' ,  PORTTRANSFERMODE = 'StockerInline' ,  PORTTYPE = 'Loader' ,  PORTTYPEAUTOMODE = 'Disable' ,  PORTUSETYPE = '' ,  DESCRIPTION = 'PORT#1'   WHERE  EQUIPMENTNAME = 'C1CCL01' AND  PORTNAME = 'PL01' ]
[2019-07-31 09:26:29.037] [DEBUG] [mProtocol_OnEventReceived] [SQLiteHelper][ExecuteNonQuery] -Pre Excute sql [INSERT INTO PORTHISTORY  ( OBJECTNO , EVENTNAME , HISTORYTIME , MACHINENAME , PORTNAME , BCREXIST , CAPACITY , CASSETTESEQNO , CASSETTETYPE , CURRENTSTATUSTIME , GRADEPRIORITY , HIGHLIMIT , LOCALNO , LOWLIMIT , MAPPINGUNITEXIST , PORTENABLEMODE , PORTGRADE , PORTMODE , PORTNO , PORTQTIME , PORTSTATUS , PORTTRANSFERMODE , PORTTYPE , PORTTYPEAUTOMODE , PORTUSETYPE )  VALUES ( 'S_20190731092628858' , 'UnloadRequest' , '2019-07-31 09:26:28.858' , 'C1CCL01' , 'PL01' , 0 , 0 , 0 , 'NORMAL' , '2019-04-29 12:11:47.275' , 0 , 0 , 0 , 0 , 0 , 'Enable' , '' , 'TFT' , 1 , 10 , 'UnloadRequest' , 'StockerInline' , 'Loader' , 'Disable' , '' ) ]
[2019-07-31 09:28:19.594] [DEBUG] [mProtocol_OnEventReceived] [SQLiteHelper][ExecuteNonQuery] -Pre Excute sql [UPDATE  PORT   SET  EQUIPMENTNAME = 'C1CCL01' ,  PORTNAME = 'PL01' ,  BCREXIST = 0 ,  CAPACITY = 0 ,  CASSETTESEQNO = 0 ,  CASSETTETYPE = 'NORMAL' ,  CURRENTSTATUSTIME = '2019-04-29 12:11:47.275' ,  GRADEPRIORITY = 0 ,  HIGHLIMIT = 0 ,  LOCALNO = 2 ,  LOWLIMIT = 0 ,  MAPPINGUNITEXIST = 0 ,  PORTENABLEMODE = 'Enable' ,  PORTGRADE = '' ,  PORTMODE = 'TFT' ,  PORTNO = 1 ,  PORTQTIME = 10 ,  PORTSTATUS = 'UnloadRequest' ,  PORTTRANSFERMODE = 'StockerInline' ,  PORTTYPE = 'Loader' ,  PORTTYPEAUTOMODE = 'Disable' ,  PORTUSETYPE = '' ,  DESCRIPTION = 'PORT#1'   WHERE  EQUIPMENTNAME = 'C1CCL01' AND  PORTNAME = 'PL01' ]
[2019-07-31 09:28:19.706] [DEBUG] [mProtocol_OnEventReceived] [SQLiteHelper][ExecuteNonQuery] -Pre Excute sql [INSERT INTO PORTHISTORY  ( OBJECTNO , EVENTNAME , HISTORYTIME , MACHINENAME , PORTNAME , BCREXIST , CAPACITY , CASSETTESEQNO , CASSETTETYPE , CURRENTSTATUSTIME , GRADEPRIORITY , HIGHLIMIT , LOCALNO , LOWLIMIT , MAPPINGUNITEXIST , PORTENABLEMODE , PORTGRADE , PORTMODE , PORTNO , PORTQTIME , PORTSTATUS , PORTTRANSFERMODE , PORTTYPE , PORTTYPEAUTOMODE , PORTUSETYPE )  VALUES ( 'S_20190731092819595' , 'UnloadRequest' , '2019-07-31 09:28:19.595' , 'C1CCL01' , 'PL01' , 0 , 0 , 0 , 'NORMAL' , '2019-04-29 12:11:47.275' , 0 , 0 , 0 , 0 , 0 , 'Enable' , '' , 'TFT' , 1 , 10 , 'UnloadRequest' , 'StockerInline' , 'Loader' , 'Disable' , '' ) ]
[2019-07-31 09:29:10.391] [DEBUG] [mProtocol_OnEventReceived] [SQLiteHelper][ExecuteNonQuery] -Pre Excute sql [UPDATE  PORT   SET  EQUIPMENTNAME = 'C1CCL01' ,  PORTNAME = 'PL01' ,  BCREXIST = 0 ,  CAPACITY = 0 ,  CASSETTESEQNO = 0 ,  CASSETTETYPE = 'NORMAL' ,  CURRENTSTATUSTIME = '2019-04-29 12:11:47.275' ,  GRADEPRIORITY = 0 ,  HIGHLIMIT = 0 ,  LOCALNO = 2 ,  LOWLIMIT = 0 ,  MAPPINGUNITEXIST = 0 ,  PORTENABLEMODE = 'Enable' ,  PORTGRADE = '' ,  PORTMODE = 'TFT' ,  PORTNO = 1 ,  PORTQTIME = 10 ,  PORTSTATUS = 'UnloadRequest' ,  PORTTRANSFERMODE = 'StockerInline' ,  PORTTYPE = 'Loader' ,  PORTTYPEAUTOMODE = 'Disable' ,  PORTUSETYPE = '' ,  DESCRIPTION = 'PORT#1'   WHERE  EQUIPMENTNAME = 'C1CCL01' AND  PORTNAME = 'PL01' ]
[2019-07-31 09:29:10.555] [DEBUG] [mProtocol_OnEventReceived] [SQLiteHelper][ExecuteNonQuery] -Pre Excute sql [INSERT INTO PORTHISTORY  ( OBJECTNO , EVENTNAME , HISTORYTIME , MACHINENAME , PORTNAME , BCREXIST , CAPACITY , CASSETTESEQNO , CASSETTETYPE , CURRENTSTATUSTIME , GRADEPRIORITY , HIGHLIMIT , LOCALNO , LOWLIMIT , MAPPINGUNITEXIST , PORTENABLEMODE , PORTGRADE , PORTMODE , PORTNO , PORTQTIME , PORTSTATUS , PORTTRANSFERMODE , PORTTYPE , PORTTYPEAUTOMODE , PORTUSETYPE )  VALUES ( 'S_20190731092910392' , 'UnloadRequest' , '2019-07-31 09:29:10.392' , 'C1CCL01' , 'PL01' , 0 , 0 , 0 , 'NORMAL' , '2019-04-29 12:11:47.275' , 0 , 0 , 0 , 0 , 0 , 'Enable' , '' , 'TFT' , 1 , 10 , 'UnloadRequest' , 'StockerInline' , 'Loader' , 'Disable' , '' ) ]
[2019-07-31 09:29:42.872] [DEBUG] [mProtocol_OnEventReceived] [SQLiteHelper][ExecuteNonQuery] -Pre Excute sql [UPDATE  PORT   SET  EQUIPMENTNAME = 'C1CCL01' ,  PORTNAME = 'PL01' ,  BCREXIST = 0 ,  CAPACITY = 0 ,  CASSETTESEQNO = 0 ,  CASSETTETYPE = 'NORMAL' ,  CURRENTSTATUSTIME = '2019-04-29 12:11:47.275' ,  GRADEPRIORITY = 0 ,  HIGHLIMIT = 0 ,  LOCALNO = 2 ,  LOWLIMIT = 0 ,  MAPPINGUNITEXIST = 0 ,  PORTENABLEMODE = 'Enable' ,  PORTGRADE = '' ,  PORTMODE = 'TFT' ,  PORTNO = 1 ,  PORTQTIME = 10 ,  PORTSTATUS = 'UnloadRequest' ,  PORTTRANSFERMODE = 'StockerInline' ,  PORTTYPE = 'Loader' ,  PORTTYPEAUTOMODE = 'Disable' ,  PORTUSETYPE = '' ,  DESCRIPTION = 'PORT#1'   WHERE  EQUIPMENTNAME = 'C1CCL01' AND  PORTNAME = 'PL01' ]
[2019-07-31 09:29:42.996] [DEBUG] [mProtocol_OnEventReceived] [SQLiteHelper][ExecuteNonQuery] -Pre Excute sql [INSERT INTO PORTHISTORY  ( OBJECTNO , EVENTNAME , HISTORYTIME , MACHINENAME , PORTNAME , BCREXIST , CAPACITY , CASSETTESEQNO , CASSETTETYPE , CURRENTSTATUSTIME , GRADEPRIORITY , HIGHLIMIT , LOCALNO , LOWLIMIT , MAPPINGUNITEXIST , PORTENABLEMODE , PORTGRADE , PORTMODE , PORTNO , PORTQTIME , PORTSTATUS , PORTTRANSFERMODE , PORTTYPE , PORTTYPEAUTOMODE , PORTUSETYPE )  VALUES ( 'S_20190731092942874' , 'UnloadRequest' , '2019-07-31 09:29:42.874' , 'C1CCL01' , 'PL01' , 0 , 0 , 0 , 'NORMAL' , '2019-04-29 12:11:47.275' , 0 , 0 , 0 , 0 , 0 , 'Enable' , '' , 'TFT' , 1 , 10 , 'UnloadRequest' , 'StockerInline' , 'Loader' , 'Disable' , '' ) ]
[2019-07-31 09:32:22.997] [DEBUG] [mProtocol_OnEventReceived] [SQLiteHelper][ExecuteNonQuery] -Pre Excute sql [UPDATE  PORT   SET  EQUIPMENTNAME = 'C1CCL01' ,  PORTNAME = 'PL01' ,  BCREXIST = 0 ,  CAPACITY = 0 ,  CASSETTESEQNO = 0 ,  CASSETTETYPE = 'NORMAL' ,  CURRENTSTATUSTIME = '2019-04-29 12:11:47.275' ,  GRADEPRIORITY = 0 ,  HIGHLIMIT = 0 ,  LOCALNO = 2 ,  LOWLIMIT = 0 ,  MAPPINGUNITEXIST = 0 ,  PORTENABLEMODE = 'Enable' ,  PORTGRADE = '' ,  PORTMODE = 'TFT' ,  PORTNO = 1 ,  PORTQTIME = 10 ,  PORTSTATUS = 'UnloadRequest' ,  PORTTRANSFERMODE = 'StockerInline' ,  PORTTYPE = 'Loader' ,  PORTTYPEAUTOMODE = 'Disable' ,  PORTUSETYPE = '' ,  DESCRIPTION = 'PORT#1'   WHERE  EQUIPMENTNAME = 'C1CCL01' AND  PORTNAME = 'PL01' ]
[2019-07-31 09:32:23.195] [DEBUG] [mProtocol_OnEventReceived] [SQLiteHelper][ExecuteNonQuery] -Pre Excute sql [INSERT INTO PORTHISTORY  ( OBJECTNO , EVENTNAME , HISTORYTIME , MACHINENAME , PORTNAME , BCREXIST , CAPACITY , CASSETTESEQNO , CASSETTETYPE , CURRENTSTATUSTIME , GRADEPRIORITY , HIGHLIMIT , LOCALNO , LOWLIMIT , MAPPINGUNITEXIST , PORTENABLEMODE , PORTGRADE , PORTMODE , PORTNO , PORTQTIME , PORTSTATUS , PORTTRANSFERMODE , PORTTYPE , PORTTYPEAUTOMODE , PORTUSETYPE )  VALUES ( 'S_20190731093223012' , 'UnloadRequest' , '2019-07-31 09:32:23.012' , 'C1CCL01' , 'PL01' , 0 , 0 , 0 , 'NORMAL' , '2019-04-29 12:11:47.275' , 0 , 0 , 0 , 0 , 0 , 'Enable' , '' , 'TFT' , 1 , 10 , 'UnloadRequest' , 'StockerInline' , 'Loader' , 'Disable' , '' ) ]
[2019-07-31 09:42:56.699] [DEBUG] [mProtocol_OnEventReceived] [SQLiteHelper][ExecuteNonQuery] -Pre Excute sql [UPDATE  PORT   SET  EQUIPMENTNAME = 'C1CCL01' ,  PORTNAME = 'PL01' ,  BCREXIST = 0 ,  CAPACITY = 0 ,  CASSETTESEQNO = 0 ,  CASSETTETYPE = 'NORMAL' ,  CURRENTSTATUSTIME = '2019-04-29 12:11:47.275' ,  GRADEPRIORITY = 0 ,  HIGHLIMIT = 0 ,  LOCALNO = 2 ,  LOWLIMIT = 0 ,  MAPPINGUNITEXIST = 0 ,  PORTENABLEMODE = 'Enable' ,  PORTGRADE = '' ,  PORTMODE = 'TFT' ,  PORTNO = 1 ,  PORTQTIME = 10 ,  PORTSTATUS = 'UnloadRequest' ,  PORTTRANSFERMODE = 'StockerInline' ,  PORTTYPE = 'Loader' ,  PORTTYPEAUTOMODE = 'Disable' ,  PORTUSETYPE = '' ,  DESCRIPTION = 'PORT#1'   WHERE  EQUIPMENTNAME = 'C1CCL01' AND  PORTNAME = 'PL01' ]
[2019-07-31 09:42:56.834] [DEBUG] [mProtocol_OnEventReceived] [SQLiteHelper][ExecuteNonQuery] -Pre Excute sql [INSERT INTO PORTHISTORY  ( OBJECTNO , EVENTNAME , HISTORYTIME , MACHINENAME , PORTNAME , BCREXIST , CAPACITY , CASSETTESEQNO , CASSETTETYPE , CURRENTSTATUSTIME , GRADEPRIORITY , HIGHLIMIT , LOCALNO , LOWLIMIT , MAPPINGUNITEXIST , PORTENABLEMODE , PORTGRADE , PORTMODE , PORTNO , PORTQTIME , PORTSTATUS , PORTTRANSFERMODE , PORTTYPE , PORTTYPEAUTOMODE , PORTUSETYPE )  VALUES ( 'S_20190731094256700' , 'UnloadRequest' , '2019-07-31 09:42:56.700' , 'C1CCL01' , 'PL01' , 0 , 0 , 0 , 'NORMAL' , '2019-04-29 12:11:47.275' , 0 , 0 , 0 , 0 , 0 , 'Enable' , '' , 'TFT' , 1 , 10 , 'UnloadRequest' , 'StockerInline' , 'Loader' , 'Disable' , '' ) ]
[2019-07-31 09:47:51.757] [DEBUG] [mProtocol_OnEventReceived] [SQLiteHelper][ExecuteNonQuery] -Pre Excute sql [UPDATE  PORT   SET  EQUIPMENTNAME = 'C1CCL01' ,  PORTNAME = 'PL01' ,  BCREXIST = 0 ,  CAPACITY = 0 ,  CASSETTESEQNO = 0 ,  CASSETTETYPE = 'NORMAL' ,  CURRENTSTATUSTIME = '2019-04-29 12:11:47.275' ,  GRADEPRIORITY = 0 ,  HIGHLIMIT = 0 ,  LOCALNO = 2 ,  LOWLIMIT = 0 ,  MAPPINGUNITEXIST = 0 ,  PORTENABLEMODE = 'Enable' ,  PORTGRADE = '' ,  PORTMODE = 'TFT' ,  PORTNO = 1 ,  PORTQTIME = 10 ,  PORTSTATUS = 'UnloadRequest' ,  PORTTRANSFERMODE = 'StockerInline' ,  PORTTYPE = 'Loader' ,  PORTTYPEAUTOMODE = 'Disable' ,  PORTUSETYPE = '' ,  DESCRIPTION = 'PORT#1'   WHERE  EQUIPMENTNAME = 'C1CCL01' AND  PORTNAME = 'PL01' ]
[2019-07-31 09:47:51.898] [DEBUG] [mProtocol_OnEventReceived] [SQLiteHelper][ExecuteNonQuery] -Pre Excute sql [INSERT INTO PORTHISTORY  ( OBJECTNO , EVENTNAME , HISTORYTIME , MACHINENAME , PORTNAME , BCREXIST , CAPACITY , CASSETTESEQNO , CASSETTETYPE , CURRENTSTATUSTIME , GRADEPRIORITY , HIGHLIMIT , LOCALNO , LOWLIMIT , MAPPINGUNITEXIST , PORTENABLEMODE , PORTGRADE , PORTMODE , PORTNO , PORTQTIME , PORTSTATUS , PORTTRANSFERMODE , PORTTYPE , PORTTYPEAUTOMODE , PORTUSETYPE )  VALUES ( 'S_20190731094751758' , 'UnloadRequest' , '2019-07-31 09:47:51.758' , 'C1CCL01' , 'PL01' , 0 , 0 , 0 , 'NORMAL' , '2019-04-29 12:11:47.275' , 0 , 0 , 0 , 0 , 0 , 'Enable' , '' , 'TFT' , 1 , 10 , 'UnloadRequest' , 'StockerInline' , 'Loader' , 'Disable' , '' ) ]
[2019-07-31 09:50:51.145] [DEBUG] [mProtocol_OnEventReceived] [SQLiteHelper][ExecuteNonQuery] -Pre Excute sql [UPDATE  PORT   SET  EQUIPMENTNAME = 'C1CCL01' ,  PORTNAME = 'PL01' ,  BCREXIST = 0 ,  CAPACITY = 0 ,  CASSETTESEQNO = 0 ,  CASSETTETYPE = 'NORMAL' ,  CURRENTSTATUSTIME = '2019-04-29 12:11:47.275' ,  GRADEPRIORITY = 0 ,  HIGHLIMIT = 0 ,  LOCALNO = 2 ,  LOWLIMIT = 0 ,  MAPPINGUNITEXIST = 0 ,  PORTENABLEMODE = 'Enable' ,  PORTGRADE = '' ,  PORTMODE = 'TFT' ,  PORTNO = 1 ,  PORTQTIME = 10 ,  PORTSTATUS = 'UnloadRequest' ,  PORTTRANSFERMODE = 'StockerInline' ,  PORTTYPE = 'Loader' ,  PORTTYPEAUTOMODE = 'Disable' ,  PORTUSETYPE = '' ,  DESCRIPTION = 'PORT#1'   WHERE  EQUIPMENTNAME = 'C1CCL01' AND  PORTNAME = 'PL01' ]
[2019-07-31 09:51:35.516] [DEBUG] [mProtocol_OnEventReceived] [SQLiteHelper][ExecuteNonQuery] -Pre Excute sql [INSERT INTO PORTHISTORY  ( OBJECTNO , EVENTNAME , HISTORYTIME , MACHINENAME , PORTNAME , BCREXIST , CAPACITY , CASSETTESEQNO , CASSETTETYPE , CURRENTSTATUSTIME , GRADEPRIORITY , HIGHLIMIT , LOCALNO , LOWLIMIT , MAPPINGUNITEXIST , PORTENABLEMODE , PORTGRADE , PORTMODE , PORTNO , PORTQTIME , PORTSTATUS , PORTTRANSFERMODE , PORTTYPE , PORTTYPEAUTOMODE , PORTUSETYPE )  VALUES ( 'S_20190731095135358' , 'UnloadRequest' , '2019-07-31 09:51:35.358' , 'C1CCL01' , 'PL01' , 0 , 0 , 0 , 'NORMAL' , '2019-04-29 12:11:47.275' , 0 , 0 , 0 , 0 , 0 , 'Enable' , '' , 'TFT' , 1 , 10 , 'UnloadRequest' , 'StockerInline' , 'Loader' , 'Disable' , '' ) ]
[2019-07-31 09:51:47.716] [DEBUG] [9] [SQLiteHelper][ExecuteNonQuery] -Pre Excute sql [UPDATE  EQUIPMENT   SET  EQUIPMENTNAME = 'C1CCL01' ,  RMSUSEFLAG = 'N' ,  CURRENTSTATUSTIME = '2019-04-24 16:02:47.924' ,  EQUIPMENTSTATUS = 'Run' ,  EQUIPMENTTYPE = 'Cassette Cleaner' ,  OLDEQUIPMENTSTATUS = 'Run' ,  ONLINECONTROLSTATUS = 'Offline' ,  SHOP = 'Array' ,  PROJECTTYPE = 'New' ,  STATUSCODE = '' ,  DESCRIPTION = 'Cassette Cleaner'   WHERE  EQUIPMENTNAME = 'C1CCL01' ]
[2019-07-31 09:51:48.220] [DEBUG] [9] [SQLiteHelper][CloseConnection] -DB connection Close.
[2019-07-31 09:52:49.748] [DEBUG] [9] [SQLiteHelper][OpenConnection] -DB connection Open.
[2019-07-31 09:53:05.268] [DEBUG] [mProtocol_OnEventReceived] [SQLiteHelper][ExecuteNonQuery] -Pre Excute sql [UPDATE  PORT   SET  EQUIPMENTNAME = 'C1CCL01' ,  PORTNAME = 'PU01' ,  BCREXIST = 0 ,  CAPACITY = 0 ,  CASSETTESEQNO = 0 ,  CASSETTETYPE = 'NORMAL' ,  CURRENTSTATUSTIME = '2019-04-29 10:53:45.401' ,  GRADEPRIORITY = 0 ,  HIGHLIMIT = 0 ,  LOCALNO = 2 ,  LOWLIMIT = 0 ,  MAPPINGUNITEXIST = 0 ,  PORTENABLEMODE = 'Enable' ,  PORTGRADE = '' ,  PORTMODE = 'TFT' ,  PORTNO = 1 ,  PORTQTIME = 10 ,  PORTSTATUS = 'UnloadRequest' ,  PORTTRANSFERMODE = 'StockerInline' ,  PORTTYPE = 'Unloader' ,  PORTTYPEAUTOMODE = 'Disable' ,  PORTUSETYPE = '' ,  DESCRIPTION = 'PORT#2'   WHERE  EQUIPMENTNAME = 'C1CCL01' AND  PORTNAME = 'PU01' ]
[2019-07-31 09:53:13.863] [DEBUG] [mProtocol_OnEventReceived] [SQLiteHelper][ExecuteNonQuery] -Pre Excute sql [INSERT INTO PORTHISTORY  ( OBJECTNO , EVENTNAME , HISTORYTIME , MACHINENAME , PORTNAME , BCREXIST , CAPACITY , CASSETTESEQNO , CASSETTETYPE , CURRENTSTATUSTIME , GRADEPRIORITY , HIGHLIMIT , LOCALNO , LOWLIMIT , MAPPINGUNITEXIST , PORTENABLEMODE , PORTGRADE , PORTMODE , PORTNO , PORTQTIME , PORTSTATUS , PORTTRANSFERMODE , PORTTYPE , PORTTYPEAUTOMODE , PORTUSETYPE )  VALUES ( 'S_20190731095313655' , 'UnloadRequest' , '2019-07-31 09:53:13.655' , 'C1CCL01' , 'PU01' , 0 , 0 , 0 , 'NORMAL' , '2019-04-29 10:53:45.401' , 0 , 0 , 0 , 0 , 0 , 'Enable' , '' , 'TFT' , 1 , 10 , 'UnloadRequest' , 'StockerInline' , 'Unloader' , 'Disable' , '' ) ]
[2019-07-31 10:08:51.055] [DEBUG] [mProtocol_OnEventReceived] [SQLiteHelper][ExecuteNonQuery] -Pre Excute sql [UPDATE  PORT   SET  EQUIPMENTNAME = 'C1CCL01' ,  PORTNAME = 'PL01' ,  BCREXIST = 0 ,  CAPACITY = 0 ,  CASSETTESEQNO = 0 ,  CASSETTETYPE = 'NORMAL' ,  CURRENTSTATUSTIME = '2019-04-29 12:11:47.275' ,  GRADEPRIORITY = 0 ,  HIGHLIMIT = 0 ,  LOCALNO = 2 ,  LOWLIMIT = 0 ,  MAPPINGUNITEXIST = 0 ,  PORTENABLEMODE = 'Enable' ,  PORTGRADE = '' ,  PORTMODE = 'TFT' ,  PORTNO = 1 ,  PORTQTIME = 10 ,  PORTSTATUS = 'UnloadRequest' ,  PORTTRANSFERMODE = 'StockerInline' ,  PORTTYPE = 'Loader' ,  PORTTYPEAUTOMODE = 'Disable' ,  PORTUSETYPE = '' ,  DESCRIPTION = 'PORT#1'   WHERE  EQUIPMENTNAME = 'C1CCL01' AND  PORTNAME = 'PL01' ]
[2019-07-31 10:08:51.189] [DEBUG] [mProtocol_OnEventReceived] [SQLiteHelper][ExecuteNonQuery] -Pre Excute sql [INSERT INTO PORTHISTORY  ( OBJECTNO , EVENTNAME , HISTORYTIME , MACHINENAME , PORTNAME , BCREXIST , CAPACITY , CASSETTESEQNO , CASSETTETYPE , CURRENTSTATUSTIME , GRADEPRIORITY , HIGHLIMIT , LOCALNO , LOWLIMIT , MAPPINGUNITEXIST , PORTENABLEMODE , PORTGRADE , PORTMODE , PORTNO , PORTQTIME , PORTSTATUS , PORTTRANSFERMODE , PORTTYPE , PORTTYPEAUTOMODE , PORTUSETYPE )  VALUES ( 'S_20190731100851056' , 'UnloadRequest' , '2019-07-31 10:08:51.056' , 'C1CCL01' , 'PL01' , 0 , 0 , 0 , 'NORMAL' , '2019-04-29 12:11:47.275' , 0 , 0 , 0 , 0 , 0 , 'Enable' , '' , 'TFT' , 1 , 10 , 'UnloadRequest' , 'StockerInline' , 'Loader' , 'Disable' , '' ) ]
[2019-07-31 10:18:41.710] [DEBUG] [mProtocol_OnEventReceived] [SQLiteHelper][ExecuteNonQuery] -Pre Excute sql [UPDATE  PORT   SET  EQUIPMENTNAME = 'C1CCL01' ,  PORTNAME = 'PL01' ,  BCREXIST = 0 ,  CAPACITY = 0 ,  CASSETTESEQNO = 0 ,  CASSETTETYPE = 'NORMAL' ,  CURRENTSTATUSTIME = '2019-04-29 12:11:47.275' ,  GRADEPRIORITY = 0 ,  HIGHLIMIT = 0 ,  LOCALNO = 2 ,  LOWLIMIT = 0 ,  MAPPINGUNITEXIST = 0 ,  PORTENABLEMODE = 'Enable' ,  PORTGRADE = '' ,  PORTMODE = 'TFT' ,  PORTNO = 1 ,  PORTQTIME = 10 ,  PORTSTATUS = 'LoadRequest' ,  PORTTRANSFERMODE = 'StockerInline' ,  PORTTYPE = 'Loader' ,  PORTTYPEAUTOMODE = 'Disable' ,  PORTUSETYPE = '' ,  DESCRIPTION = 'PORT#1'   WHERE  EQUIPMENTNAME = 'C1CCL01' AND  PORTNAME = 'PL01' ]
[2019-07-31 10:18:41.843] [DEBUG] [mProtocol_OnEventReceived] [SQLiteHelper][ExecuteNonQuery] -Pre Excute sql [INSERT INTO PORTHISTORY  ( OBJECTNO , EVENTNAME , HISTORYTIME , MACHINENAME , PORTNAME , BCREXIST , CAPACITY , CASSETTESEQNO , CASSETTETYPE , CURRENTSTATUSTIME , GRADEPRIORITY , HIGHLIMIT , LOCALNO , LOWLIMIT , MAPPINGUNITEXIST , PORTENABLEMODE , PORTGRADE , PORTMODE , PORTNO , PORTQTIME , PORTSTATUS , PORTTRANSFERMODE , PORTTYPE , PORTTYPEAUTOMODE , PORTUSETYPE )  VALUES ( 'S_20190731101841711' , 'LoadRequest' , '2019-07-31 10:18:41.711' , 'C1CCL01' , 'PL01' , 0 , 0 , 0 , 'NORMAL' , '2019-04-29 12:11:47.275' , 0 , 0 , 0 , 0 , 0 , 'Enable' , '' , 'TFT' , 1 , 10 , 'LoadRequest' , 'StockerInline' , 'Loader' , 'Disable' , '' ) ]
[2019-07-31 10:24:17.026] [DEBUG] [9] [SQLiteHelper][ExecuteNonQuery] -Pre Excute sql [UPDATE  EQUIPMENT   SET  EQUIPMENTNAME = 'C1CCL01' ,  RMSUSEFLAG = 'N' ,  CURRENTSTATUSTIME = '2019-04-24 16:02:47.924' ,  EQUIPMENTSTATUS = 'Run' ,  EQUIPMENTTYPE = 'Cassette Cleaner' ,  OLDEQUIPMENTSTATUS = 'Run' ,  ONLINECONTROLSTATUS = 'Offline' ,  SHOP = 'Array' ,  PROJECTTYPE = 'New' ,  STATUSCODE = '' ,  DESCRIPTION = 'Cassette Cleaner'   WHERE  EQUIPMENTNAME = 'C1CCL01' ]
[2019-07-31 10:24:17.335] [DEBUG] [9] [SQLiteHelper][CloseConnection] -DB connection Close.
[2019-07-31 11:09:23.485] [DEBUG] [10] [SQLiteHelper][OpenConnection] -DB connection Open.
[2019-07-31 11:09:28.970] [ERROR] [mProtocol_OnEventReceived] [SQLiteHelper][ExecuteSqlGetDt] -未能启用约束。一行或多行中包含违反非空、唯一或外键约束的值。
[2019-07-31 11:09:28.975] [DEBUG] [mProtocol_OnEventReceived] [SQLiteHelper][ExecuteNonQuery] -Pre Excute sql []
[2019-07-31 11:09:28.995] [ERROR] [mProtocol_OnEventReceived] [SQLiteHelper][ExecuteNonQuery] -未将对象引用设置到对象的实例。
[2019-07-31 11:10:29.142] [DEBUG] [10] [SQLiteHelper][ExecuteNonQuery] -Pre Excute sql [UPDATE  EQUIPMENT   SET  EQUIPMENTNAME = 'C1CCL01' ,  RMSUSEFLAG = 'N' ,  CURRENTSTATUSTIME = '2019-04-24 16:02:47.924' ,  EQUIPMENTSTATUS = 'Run' ,  EQUIPMENTTYPE = 'Cassette Cleaner' ,  OLDEQUIPMENTSTATUS = 'Run' ,  ONLINECONTROLSTATUS = 'Offline' ,  SHOP = 'Array' ,  PROJECTTYPE = 'New' ,  STATUSCODE = '' ,  DESCRIPTION = 'Cassette Cleaner'   WHERE  EQUIPMENTNAME = 'C1CCL01' ]
[2019-07-31 11:10:29.645] [DEBUG] [10] [SQLiteHelper][CloseConnection] -DB connection Close.
[2019-07-31 11:13:11.383] [DEBUG] [9] [SQLiteHelper][OpenConnection] -DB connection Open.
[2019-07-31 11:13:29.492] [ERROR] [mProtocol_OnEventReceived] [SQLiteHelper][ExecuteSqlGetDt] -未能启用约束。一行或多行中包含违反非空、唯一或外键约束的值。
[2019-07-31 11:13:29.497] [DEBUG] [mProtocol_OnEventReceived] [SQLiteHelper][ExecuteNonQuery] -Pre Excute sql []
[2019-07-31 11:13:29.529] [ERROR] [mProtocol_OnEventReceived] [SQLiteHelper][ExecuteNonQuery] -未将对象引用设置到对象的实例。
[2019-07-31 11:13:36.247] [ERROR] [mProtocol_OnEventReceived] [SQLiteHelper][ExecuteSqlGetDt] -未能启用约束。一行或多行中包含违反非空、唯一或外键约束的值。
[2019-07-31 11:13:36.248] [DEBUG] [mProtocol_OnEventReceived] [SQLiteHelper][ExecuteNonQuery] -Pre Excute sql []
[2019-07-31 11:13:36.274] [ERROR] [mProtocol_OnEventReceived] [SQLiteHelper][ExecuteNonQuery] -未将对象引用设置到对象的实例。
[2019-07-31 11:14:12.479] [ERROR] [mProtocol_OnEventReceived] [SQLiteHelper][ExecuteSqlGetDt] -未能启用约束。一行或多行中包含违反非空、唯一或外键约束的值。
[2019-07-31 11:14:12.480] [DEBUG] [mProtocol_OnEventReceived] [SQLiteHelper][ExecuteNonQuery] -Pre Excute sql []
[2019-07-31 11:14:12.523] [ERROR] [mProtocol_OnEventReceived] [SQLiteHelper][ExecuteNonQuery] -未将对象引用设置到对象的实例。
[2019-07-31 11:14:17.055] [ERROR] [mProtocol_OnEventReceived] [SQLiteHelper][ExecuteSqlGetDt] -未能启用约束。一行或多行中包含违反非空、唯一或外键约束的值。
[2019-07-31 11:14:17.055] [DEBUG] [mProtocol_OnEventReceived] [SQLiteHelper][ExecuteNonQuery] -Pre Excute sql []
[2019-07-31 11:14:17.073] [ERROR] [mProtocol_OnEventReceived] [SQLiteHelper][ExecuteNonQuery] -未将对象引用设置到对象的实例。
[2019-07-31 11:15:09.488] [DEBUG] [9] [SQLiteHelper][ExecuteNonQuery] -Pre Excute sql [UPDATE  EQUIPMENT   SET  EQUIPMENTNAME = 'C1CCL01' ,  RMSUSEFLAG = 'N' ,  CURRENTSTATUSTIME = '2019-04-24 16:02:47.924' ,  EQUIPMENTSTATUS = 'Run' ,  EQUIPMENTTYPE = 'Cassette Cleaner' ,  OLDEQUIPMENTSTATUS = 'Run' ,  ONLINECONTROLSTATUS = 'Offline' ,  SHOP = 'Array' ,  PROJECTTYPE = 'New' ,  STATUSCODE = '' ,  DESCRIPTION = 'Cassette Cleaner'   WHERE  EQUIPMENTNAME = 'C1CCL01' ]
[2019-07-31 11:15:09.823] [DEBUG] [9] [SQLiteHelper][CloseConnection] -DB connection Close.
[2019-07-31 11:17:46.761] [DEBUG] [8] [SQLiteHelper][OpenConnection] -DB connection Open.
[2019-07-31 11:18:23.719] [ERROR] [mProtocol_OnEventReceived] [SQLiteHelper][ExecuteSqlGetDt] -未能启用约束。一行或多行中包含违反非空、唯一或外键约束的值。
[2019-07-31 11:18:23.722] [DEBUG] [mProtocol_OnEventReceived] [SQLiteHelper][ExecuteNonQuery] -Pre Excute sql []
[2019-07-31 11:18:23.742] [ERROR] [mProtocol_OnEventReceived] [SQLiteHelper][ExecuteNonQuery] -未将对象引用设置到对象的实例。
[2019-07-31 11:19:16.025] [ERROR] [mProtocol_OnEventReceived] [SQLiteHelper][ExecuteSqlGetDt] -未能启用约束。一行或多行中包含违反非空、唯一或外键约束的值。
[2019-07-31 11:19:27.533] [DEBUG] [mProtocol_OnEventReceived] [SQLiteHelper][ExecuteNonQuery] -Pre Excute sql []
[2019-07-31 11:19:27.585] [ERROR] [mProtocol_OnEventReceived] [SQLiteHelper][ExecuteNonQuery] -未将对象引用设置到对象的实例。
[2019-07-31 11:19:59.065] [ERROR] [mProtocol_OnEventReceived] [SQLiteHelper][ExecuteSqlGetDt] -未能启用约束。一行或多行中包含违反非空、唯一或外键约束的值。
[2019-07-31 11:20:47.651] [DEBUG] [mProtocol_OnEventReceived] [SQLiteHelper][ExecuteNonQuery] -Pre Excute sql []
[2019-07-31 11:20:47.695] [ERROR] [mProtocol_OnEventReceived] [SQLiteHelper][ExecuteNonQuery] -未将对象引用设置到对象的实例。
[2019-07-31 11:20:50.693] [DEBUG] [8] [SQLiteHelper][CloseConnection] -DB connection Close.
[2019-07-31 11:21:29.892] [DEBUG] [9] [SQLiteHelper][OpenConnection] -DB connection Open.
[2019-07-31 11:21:53.750] [ERROR] [mProtocol_OnEventReceived] [SQLiteHelper][ExecuteSqlGetDt] -未能启用约束。一行或多行中包含违反非空、唯一或外键约束的值。
[2019-07-31 11:22:45.469] [DEBUG] [mProtocol_OnEventReceived] [SQLiteHelper][ExecuteNonQuery] -Pre Excute sql []
[2019-07-31 11:22:45.520] [ERROR] [mProtocol_OnEventReceived] [SQLiteHelper][ExecuteNonQuery] -未将对象引用设置到对象的实例。
[2019-07-31 11:23:57.917] [ERROR] [mProtocol_OnEventReceived] [SQLiteHelper][ExecuteSqlGetDt] -未能启用约束。一行或多行中包含违反非空、唯一或外键约束的值。
[2019-07-31 11:26:42.853] [DEBUG] [mProtocol_OnEventReceived] [SQLiteHelper][ExecuteNonQuery] -Pre Excute sql []
[2019-07-31 11:26:42.920] [ERROR] [mProtocol_OnEventReceived] [SQLiteHelper][ExecuteNonQuery] -未将对象引用设置到对象的实例。
[2019-07-31 11:28:49.801] [ERROR] [mProtocol_OnEventReceived] [SQLiteHelper][ExecuteSqlGetDt] -未能启用约束。一行或多行中包含违反非空、唯一或外键约束的值。
[2019-07-31 11:29:07.503] [DEBUG] [mProtocol_OnEventReceived] [SQLiteHelper][ExecuteNonQuery] -Pre Excute sql []
[2019-07-31 11:29:07.556] [ERROR] [mProtocol_OnEventReceived] [SQLiteHelper][ExecuteNonQuery] -未将对象引用设置到对象的实例。
[2019-07-31 11:30:05.636] [ERROR] [mProtocol_OnEventReceived] [SQLiteHelper][ExecuteSqlGetDt] -未能启用约束。一行或多行中包含违反非空、唯一或外键约束的值。
[2019-07-31 11:30:25.386] [DEBUG] [mProtocol_OnEventReceived] [SQLiteHelper][ExecuteNonQuery] -Pre Excute sql []
[2019-07-31 11:30:25.433] [ERROR] [mProtocol_OnEventReceived] [SQLiteHelper][ExecuteNonQuery] -未将对象引用设置到对象的实例。
[2019-07-31 11:30:28.523] [DEBUG] [9] [SQLiteHelper][CloseConnection] -DB connection Close.
[2019-07-31 11:31:53.014] [DEBUG] [9] [SQLiteHelper][OpenConnection] -DB connection Open.
[2019-07-31 11:32:48.945] [ERROR] [mProtocol_OnEventReceived] [SQLiteHelper][ExecuteSqlGetDt] -未能启用约束。一行或多行中包含违反非空、唯一或外键约束的值。
[2019-07-31 11:32:51.871] [DEBUG] [mProtocol_OnEventReceived] [SQLiteHelper][ExecuteNonQuery] -Pre Excute sql []
[2019-07-31 11:32:51.893] [ERROR] [mProtocol_OnEventReceived] [SQLiteHelper][ExecuteNonQuery] -未将对象引用设置到对象的实例。
[2019-07-31 11:33:26.835] [DEBUG] [9] [SQLiteHelper][CloseConnection] -DB connection Close.
[2019-07-31 11:33:53.193] [DEBUG] [9] [SQLiteHelper][OpenConnection] -DB connection Open.
[2019-07-31 11:35:26.990] [ERROR] [mProtocol_OnEventReceived] [SQLiteHelper][ExecuteSqlGetDt] -未能启用约束。一行或多行中包含违反非空、唯一或外键约束的值。
[2019-07-31 11:35:29.458] [DEBUG] [mProtocol_OnEventReceived] [SQLiteHelper][ExecuteNonQuery] -Pre Excute sql []
[2019-07-31 11:35:29.482] [ERROR] [mProtocol_OnEventReceived] [SQLiteHelper][ExecuteNonQuery] -未将对象引用设置到对象的实例。
[2019-07-31 11:36:09.885] [ERROR] [mProtocol_OnEventReceived] [SQLiteHelper][ExecuteSqlGetDt] -未能启用约束。一行或多行中包含违反非空、唯一或外键约束的值。
[2019-07-31 11:36:12.480] [DEBUG] [mProtocol_OnEventReceived] [SQLiteHelper][ExecuteNonQuery] -Pre Excute sql []
[2019-07-31 11:36:12.510] [ERROR] [mProtocol_OnEventReceived] [SQLiteHelper][ExecuteNonQuery] -未将对象引用设置到对象的实例。
[2019-07-31 11:38:30.913] [ERROR] [mProtocol_OnEventReceived] [SQLiteHelper][ExecuteSqlGetDt] -未能启用约束。一行或多行中包含违反非空、唯一或外键约束的值。
[2019-07-31 11:38:35.914] [DEBUG] [mProtocol_OnEventReceived] [SQLiteHelper][ExecuteNonQuery] -Pre Excute sql []
[2019-07-31 11:38:35.943] [ERROR] [mProtocol_OnEventReceived] [SQLiteHelper][ExecuteNonQuery] -未将对象引用设置到对象的实例。
[2019-07-31 11:38:39.240] [DEBUG] [9] [SQLiteHelper][CloseConnection] -DB connection Close.
[2019-07-31 11:40:04.381] [DEBUG] [10] [SQLiteHelper][OpenConnection] -DB connection Open.
[2019-07-31 11:40:11.544] [DEBUG] [10] [SQLiteHelper][ExecuteSqlGetDt] -Pre Ecute sql [SELECT  EQUIPMENTNAME , RMSUSEFLAG , CURRENTSTATUSTIME , EQUIPMENTSTATUS , EQUIPMENTTYPE , OLDEQUIPMENTSTATUS , ONLINECONTROLSTATUS , SHOP , PROJECTTYPE , STATUSCODE , DESCRIPTION FROM EQUIPMENT]
[2019-07-31 11:40:27.224] [DEBUG] [mProtocol_OnEventReceived] [SQLiteHelper][ExecuteSqlGetDt] -Pre Ecute sql [SELECT  EQUIPMENTNAME , PORTNAME , BCREXIST , CAPACITY , CASSETTESEQNO , CASSETTETYPE , CURRENTSTATUSTIME , GRADEPRIORITY , HIGHLIMIT , LOCALNO , LOWLIMIT , MAPPINGUNITEXIST , PORTENABLEMODE , PORTGRADE , PORTMODE , PORTNO , PORTQTIME , PORTSTATUS , PORTTRANSFERMODE , PORTTYPE , PORTTYPEAUTOMODE , PORTUSETYPE , DESCRIPTION FROM PORT WHERE  EQUIPMENTNAME='C1CCL01' AND  PORTNAME='PL01']
[2019-07-31 11:41:43.466] [ERROR] [mProtocol_OnEventReceived] [SQLiteHelper][ExecuteSqlGetDt] -未能启用约束。一行或多行中包含违反非空、唯一或外键约束的值。
[2019-07-31 11:41:46.320] [DEBUG] [mProtocol_OnEventReceived] [SQLiteHelper][ExecuteNonQuery] -Pre Excute sql []
[2019-07-31 11:41:46.352] [ERROR] [mProtocol_OnEventReceived] [SQLiteHelper][ExecuteNonQuery] -未将对象引用设置到对象的实例。
[2019-07-31 11:42:18.790] [DEBUG] [mProtocol_OnEventReceived] [SQLiteHelper][ExecuteSqlGetDt] -Pre Ecute sql [SELECT  EQUIPMENTNAME , PORTNAME , BCREXIST , CAPACITY , CASSETTESEQNO , CASSETTETYPE , CURRENTSTATUSTIME , GRADEPRIORITY , HIGHLIMIT , LOCALNO , LOWLIMIT , MAPPINGUNITEXIST , PORTENABLEMODE , PORTGRADE , PORTMODE , PORTNO , PORTQTIME , PORTSTATUS , PORTTRANSFERMODE , PORTTYPE , PORTTYPEAUTOMODE , PORTUSETYPE , DESCRIPTION FROM PORT WHERE  EQUIPMENTNAME='C1CCL01' AND  PORTNAME='PU01']
[2019-07-31 11:42:26.911] [ERROR] [mProtocol_OnEventReceived] [SQLiteHelper][ExecuteSqlGetDt] -未能启用约束。一行或多行中包含违反非空、唯一或外键约束的值。
[2019-07-31 11:44:27.001] [DEBUG] [10] [SQLiteHelper][OpenConnection] -DB connection Open.
[2019-07-31 11:44:33.849] [DEBUG] [10] [SQLiteHelper][ExecuteSqlGetDt] -Pre Ecute sql [SELECT  EQUIPMENTNAME , RMSUSEFLAG , CURRENTSTATUSTIME , EQUIPMENTSTATUS , EQUIPMENTTYPE , OLDEQUIPMENTSTATUS , ONLINECONTROLSTATUS , SHOP , PROJECTTYPE , STATUSCODE , DESCRIPTION FROM EQUIPMENT]
[2019-07-31 11:44:48.713] [DEBUG] [mProtocol_OnEventReceived] [SQLiteHelper][ExecuteSqlGetDt] -Pre Ecute sql [SELECT  EQUIPMENTNAME , PORTNAME , BCREXIST , CAPACITY , CASSETTESEQNO , CASSETTETYPE , CURRENTSTATUSTIME , GRADEPRIORITY , HIGHLIMIT , LOCALNO , LOWLIMIT , MAPPINGUNITEXIST , PORTENABLEMODE , PORTGRADE , PORTMODE , PORTNO , PORTQTIME , PORTSTATUS , PORTTRANSFERMODE , PORTTYPE , PORTTYPEAUTOMODE , PORTUSETYPE , DESCRIPTION FROM PORT WHERE  EQUIPMENTNAME='C1CCL01' AND  PORTNAME='PU01']
[2019-07-31 11:45:00.624] [ERROR] [mProtocol_OnEventReceived] [SQLiteHelper][ExecuteSqlGetDt] -未能启用约束。一行或多行中包含违反非空、唯一或外键约束的值。
[2019-07-31 11:45:03.658] [DEBUG] [mProtocol_OnEventReceived] [SQLiteHelper][ExecuteNonQuery] -Pre Excute sql []
[2019-07-31 11:45:03.710] [ERROR] [mProtocol_OnEventReceived] [SQLiteHelper][ExecuteNonQuery] -未将对象引用设置到对象的实例。
[2019-07-31 11:45:06.849] [DEBUG] [10] [SQLiteHelper][CloseConnection] -DB connection Close.
[2019-07-31 11:46:32.001] [DEBUG] [9] [SQLiteHelper][OpenConnection] -DB connection Open.
[2019-07-31 11:46:38.990] [DEBUG] [9] [SQLiteHelper][ExecuteSqlGetDt] -Pre Excute sql [SELECT  EQUIPMENTNAME , RMSUSEFLAG , CURRENTSTATUSTIME , EQUIPMENTSTATUS , EQUIPMENTTYPE , OLDEQUIPMENTSTATUS , ONLINECONTROLSTATUS , SHOP , PROJECTTYPE , STATUSCODE , DESCRIPTION FROM EQUIPMENT]
[2019-07-31 11:47:05.561] [DEBUG] [9] [SQLiteHelper][CloseConnection] -DB connection Close.
[2019-07-31 11:53:28.892] [DEBUG] [9] [SQLiteHelper][OpenConnection] -DB connection Open.
[2019-07-31 11:53:37.302] [DEBUG] [9] [SQLiteHelper][ExecuteSqlGetDt] -Pre Excute sql [SELECT  EQUIPMENTNAME , RMSUSEFLAG , CURRENTSTATUSTIME , EQUIPMENTSTATUS , EQUIPMENTTYPE , OLDEQUIPMENTSTATUS , ONLINECONTROLSTATUS , SHOP , PROJECTTYPE , STATUSCODE , DESCRIPTION FROM EQUIPMENT]
[2019-07-31 11:56:25.372] [DEBUG] [mProtocol_OnEventReceived] [SQLiteHelper][ExecuteSqlGetDt] -Pre Excute sql [SELECT  EQUIPMENTNAME , PORTNAME , BCREXIST , CAPACITY , CASSETTESEQNO , CASSETTETYPE , CURRENTSTATUSTIME , GRADEPRIORITY , HIGHLIMIT , LOCALNO , LOWLIMIT , MAPPINGUNITEXIST , PORTENABLEMODE , PORTGRADE , PORTMODE , PORTNO , PORTQTIME , PORTSTATUS , PORTTRANSFERMODE , PORTTYPE , PORTTYPEAUTOMODE , PORTUSETYPE , DESCRIPTION FROM PORT WHERE  EQUIPMENTNAME='C1CCL01' AND  PORTNAME='PU01']
[2019-07-31 11:57:44.708] [ERROR] [mProtocol_OnEventReceived] [SQLiteHelper][ExecuteSqlGetDt] -未能启用约束。一行或多行中包含违反非空、唯一或外键约束的值。
[2019-07-31 11:57:46.904] [DEBUG] [mProtocol_OnEventReceived] [SQLiteHelper][ExecuteNonQuery] -Pre Excute sql []
[2019-07-31 11:57:46.929] [ERROR] [mProtocol_OnEventReceived] [SQLiteHelper][ExecuteNonQuery] -未将对象引用设置到对象的实例。
[2019-07-31 11:57:49.574] [DEBUG] [9] [SQLiteHelper][CloseConnection] -DB connection Close.
[2019-07-31 13:40:14.658] [DEBUG] [9] [SQLiteHelper][OpenConnection] -DB connection Open.
[2019-07-31 13:40:18.453] [DEBUG] [9] [SQLiteHelper][ExecuteSqlGetDt] -Pre Excute sql [SELECT  EQUIPMENTNAME , RMSUSEFLAG , CURRENTSTATUSTIME , EQUIPMENTSTATUS , EQUIPMENTTYPE , OLDEQUIPMENTSTATUS , ONLINECONTROLSTATUS , SHOP , PROJECTTYPE , STATUSCODE , DESCRIPTION FROM EQUIPMENT]
[2019-07-31 13:40:29.819] [DEBUG] [mProtocol_OnEventReceived] [SQLiteHelper][ExecuteSqlGetDt] -Pre Excute sql [SELECT  EQUIPMENTNAME , PORTNAME , BCREXIST , CAPACITY , CASSETTESEQNO , CASSETTETYPE , CURRENTSTATUSTIME , GRADEPRIORITY , HIGHLIMIT , LOCALNO , LOWLIMIT , MAPPINGUNITEXIST , PORTENABLEMODE , PORTGRADE , PORTMODE , PORTNO , PORTQTIME , PORTSTATUS , PORTTRANSFERMODE , PORTTYPE , PORTTYPEAUTOMODE , PORTUSETYPE , DESCRIPTION FROM PORT WHERE  EQUIPMENTNAME='C1CCL01' AND  PORTNAME='PU01']
[2019-07-31 13:40:37.208] [DEBUG] [mProtocol_OnEventReceived] [SQLiteHelper][ExecuteNonQuery] -Pre Excute sql [UPDATE  PORT   SET  EQUIPMENTNAME = 'C1CCL01' ,  PORTNAME = 'PU01' ,  BCREXIST = 0 ,  CAPACITY = 0 ,  CASSETTESEQNO = 0 ,  CASSETTETYPE = 'NORMAL' ,  CURRENTSTATUSTIME = '2019-04-29 10:53:45.401' ,  GRADEPRIORITY = 0 ,  HIGHLIMIT = 0 ,  LOCALNO = 2 ,  LOWLIMIT = 0 ,  MAPPINGUNITEXIST = 0 ,  PORTENABLEMODE = 'Enable' ,  PORTGRADE = '' ,  PORTMODE = 'TFT' ,  PORTNO = 1 ,  PORTQTIME = 10 ,  PORTSTATUS = 'UnloadRequest' ,  PORTTRANSFERMODE = 'StockerInline' ,  PORTTYPE = 'PU' ,  PORTTYPEAUTOMODE = 'Disable' ,  PORTUSETYPE = 'CF' ,  DESCRIPTION = 'PORT#2'   WHERE  EQUIPMENTNAME = 'C1CCL01' AND  PORTNAME = 'PU01' ]
[2019-07-31 13:40:37.415] [DEBUG] [mProtocol_OnEventReceived] [SQLiteHelper][ExecuteNonQuery] -Pre Excute sql [INSERT INTO PORTHISTORY  ( OBJECTNO , EVENTNAME , HISTORYTIME , MACHINENAME , PORTNAME , BCREXIST , CAPACITY , CASSETTESEQNO , CASSETTETYPE , CURRENTSTATUSTIME , GRADEPRIORITY , HIGHLIMIT , LOCALNO , LOWLIMIT , MAPPINGUNITEXIST , PORTENABLEMODE , PORTGRADE , PORTMODE , PORTNO , PORTQTIME , PORTSTATUS , PORTTRANSFERMODE , PORTTYPE , PORTTYPEAUTOMODE , PORTUSETYPE )  VALUES ( 'S_20190731134037230' , 'UnloadRequest' , '2019-07-31 13:40:37.231' , 'C1CCL01' , 'PU01' , 0 , 0 , 0 , 'NORMAL' , '2019-04-29 10:53:45.401' , 0 , 0 , 0 , 0 , 0 , 'Enable' , '' , 'TFT' , 1 , 10 , 'UnloadRequest' , 'StockerInline' , 'PU' , 'Disable' , 'CF' ) ]
[2019-07-31 13:40:42.067] [DEBUG] [mProtocol_OnEventReceived] [SQLiteHelper][ExecuteSqlGetDt] -Pre Excute sql [SELECT  EQUIPMENTNAME , PORTNAME , BCREXIST , CAPACITY , CASSETTESEQNO , CASSETTETYPE , CURRENTSTATUSTIME , GRADEPRIORITY , HIGHLIMIT , LOCALNO , LOWLIMIT , MAPPINGUNITEXIST , PORTENABLEMODE , PORTGRADE , PORTMODE , PORTNO , PORTQTIME , PORTSTATUS , PORTTRANSFERMODE , PORTTYPE , PORTTYPEAUTOMODE , PORTUSETYPE , DESCRIPTION FROM PORT]
[2019-07-31 13:40:45.827] [DEBUG] [mProtocol_OnEventReceived] [SQLiteHelper][ExecuteSqlGetDt] -Pre Excute sql [SELECT  EQUIPMENTNAME , RMSUSEFLAG , CURRENTSTATUSTIME , EQUIPMENTSTATUS , EQUIPMENTTYPE , OLDEQUIPMENTSTATUS , ONLINECONTROLSTATUS , SHOP , PROJECTTYPE , STATUSCODE , DESCRIPTION FROM EQUIPMENT]
[2019-07-31 13:42:27.471] [DEBUG] [mProtocol_OnEventReceived] [SQLiteHelper][ExecuteSqlGetDt] -Pre Excute sql [SELECT  EQUIPMENTNAME , PORTNAME , BCREXIST , CAPACITY , CASSETTESEQNO , CASSETTETYPE , CURRENTSTATUSTIME , GRADEPRIORITY , HIGHLIMIT , LOCALNO , LOWLIMIT , MAPPINGUNITEXIST , PORTENABLEMODE , PORTGRADE , PORTMODE , PORTNO , PORTQTIME , PORTSTATUS , PORTTRANSFERMODE , PORTTYPE , PORTTYPEAUTOMODE , PORTUSETYPE , DESCRIPTION FROM PORT WHERE  EQUIPMENTNAME='C1CCL01' AND  PORTNAME='PL01']
[2019-07-31 13:42:27.616] [DEBUG] [mProtocol_OnEventReceived] [SQLiteHelper][ExecuteNonQuery] -Pre Excute sql [UPDATE  PORT   SET  EQUIPMENTNAME = 'C1CCL01' ,  PORTNAME = 'PL01' ,  BCREXIST = 0 ,  CAPACITY = 0 ,  CASSETTESEQNO = 0 ,  CASSETTETYPE = 'NORMAL' ,  CURRENTSTATUSTIME = '2019-04-29 12:11:47.275' ,  GRADEPRIORITY = 0 ,  HIGHLIMIT = 0 ,  LOCALNO = 2 ,  LOWLIMIT = 0 ,  MAPPINGUNITEXIST = 0 ,  PORTENABLEMODE = 'Enable' ,  PORTGRADE = '' ,  PORTMODE = 'TFT' ,  PORTNO = 1 ,  PORTQTIME = 10 ,  PORTSTATUS = 'UnloadRequest' ,  PORTTRANSFERMODE = 'StockerInline' ,  PORTTYPE = 'PL' ,  PORTTYPEAUTOMODE = 'Disable' ,  PORTUSETYPE = 'CF' ,  DESCRIPTION = 'PORT#1'   WHERE  EQUIPMENTNAME = 'C1CCL01' AND  PORTNAME = 'PL01' ]
[2019-07-31 13:42:27.827] [DEBUG] [mProtocol_OnEventReceived] [SQLiteHelper][ExecuteNonQuery] -Pre Excute sql [INSERT INTO PORTHISTORY  ( OBJECTNO , EVENTNAME , HISTORYTIME , MACHINENAME , PORTNAME , BCREXIST , CAPACITY , CASSETTESEQNO , CASSETTETYPE , CURRENTSTATUSTIME , GRADEPRIORITY , HIGHLIMIT , LOCALNO , LOWLIMIT , MAPPINGUNITEXIST , PORTENABLEMODE , PORTGRADE , PORTMODE , PORTNO , PORTQTIME , PORTSTATUS , PORTTRANSFERMODE , PORTTYPE , PORTTYPEAUTOMODE , PORTUSETYPE )  VALUES ( 'S_20190731134227676' , 'UnloadRequest' , '2019-07-31 13:42:27.676' , 'C1CCL01' , 'PL01' , 0 , 0 , 0 , 'NORMAL' , '2019-04-29 12:11:47.275' , 0 , 0 , 0 , 0 , 0 , 'Enable' , '' , 'TFT' , 1 , 10 , 'UnloadRequest' , 'StockerInline' , 'PL' , 'Disable' , 'CF' ) ]
[2019-07-31 13:42:27.966] [DEBUG] [mProtocol_OnEventReceived] [SQLiteHelper][ExecuteSqlGetDt] -Pre Excute sql [SELECT  EQUIPMENTNAME , PORTNAME , BCREXIST , CAPACITY , CASSETTESEQNO , CASSETTETYPE , CURRENTSTATUSTIME , GRADEPRIORITY , HIGHLIMIT , LOCALNO , LOWLIMIT , MAPPINGUNITEXIST , PORTENABLEMODE , PORTGRADE , PORTMODE , PORTNO , PORTQTIME , PORTSTATUS , PORTTRANSFERMODE , PORTTYPE , PORTTYPEAUTOMODE , PORTUSETYPE , DESCRIPTION FROM PORT]
[2019-07-31 13:42:27.974] [DEBUG] [mProtocol_OnEventReceived] [SQLiteHelper][ExecuteSqlGetDt] -Pre Excute sql [SELECT  EQUIPMENTNAME , RMSUSEFLAG , CURRENTSTATUSTIME , EQUIPMENTSTATUS , EQUIPMENTTYPE , OLDEQUIPMENTSTATUS , ONLINECONTROLSTATUS , SHOP , PROJECTTYPE , STATUSCODE , DESCRIPTION FROM EQUIPMENT]
[2019-07-31 13:43:48.265] [DEBUG] [mProtocol_OnEventReceived] [SQLiteHelper][ExecuteSqlGetDt] -Pre Excute sql [SELECT  EQUIPMENTNAME , PORTNAME , BCREXIST , CAPACITY , CASSETTESEQNO , CASSETTETYPE , CURRENTSTATUSTIME , GRADEPRIORITY , HIGHLIMIT , LOCALNO , LOWLIMIT , MAPPINGUNITEXIST , PORTENABLEMODE , PORTGRADE , PORTMODE , PORTNO , PORTQTIME , PORTSTATUS , PORTTRANSFERMODE , PORTTYPE , PORTTYPEAUTOMODE , PORTUSETYPE , DESCRIPTION FROM PORT WHERE  EQUIPMENTNAME='C1CCL01' AND  PORTNAME='PL01']
[2019-07-31 13:43:48.402] [DEBUG] [mProtocol_OnEventReceived] [SQLiteHelper][ExecuteNonQuery] -Pre Excute sql [UPDATE  PORT   SET  EQUIPMENTNAME = 'C1CCL01' ,  PORTNAME = 'PL01' ,  BCREXIST = 0 ,  CAPACITY = 0 ,  CASSETTESEQNO = 0 ,  CASSETTETYPE = 'NORMAL' ,  CURRENTSTATUSTIME = '2019-04-29 12:11:47.275' ,  GRADEPRIORITY = 0 ,  HIGHLIMIT = 0 ,  LOCALNO = 2 ,  LOWLIMIT = 0 ,  MAPPINGUNITEXIST = 0 ,  PORTENABLEMODE = 'Enable' ,  PORTGRADE = '' ,  PORTMODE = 'TFT' ,  PORTNO = 1 ,  PORTQTIME = 10 ,  PORTSTATUS = 'LoadRequest' ,  PORTTRANSFERMODE = 'StockerInline' ,  PORTTYPE = 'PL' ,  PORTTYPEAUTOMODE = 'Disable' ,  PORTUSETYPE = 'CF' ,  DESCRIPTION = 'PORT#1'   WHERE  EQUIPMENTNAME = 'C1CCL01' AND  PORTNAME = 'PL01' ]
[2019-07-31 13:43:48.605] [DEBUG] [mProtocol_OnEventReceived] [SQLiteHelper][ExecuteNonQuery] -Pre Excute sql [INSERT INTO PORTHISTORY  ( OBJECTNO , EVENTNAME , HISTORYTIME , MACHINENAME , PORTNAME , BCREXIST , CAPACITY , CASSETTESEQNO , CASSETTETYPE , CURRENTSTATUSTIME , GRADEPRIORITY , HIGHLIMIT , LOCALNO , LOWLIMIT , MAPPINGUNITEXIST , PORTENABLEMODE , PORTGRADE , PORTMODE , PORTNO , PORTQTIME , PORTSTATUS , PORTTRANSFERMODE , PORTTYPE , PORTTYPEAUTOMODE , PORTUSETYPE )  VALUES ( 'S_20190731134348459' , 'LoadRequest' , '2019-07-31 13:43:48.459' , 'C1CCL01' , 'PL01' , 0 , 0 , 0 , 'NORMAL' , '2019-04-29 12:11:47.275' , 0 , 0 , 0 , 0 , 0 , 'Enable' , '' , 'TFT' , 1 , 10 , 'LoadRequest' , 'StockerInline' , 'PL' , 'Disable' , 'CF' ) ]
[2019-07-31 13:43:48.736] [DEBUG] [mProtocol_OnEventReceived] [SQLiteHelper][ExecuteSqlGetDt] -Pre Excute sql [SELECT  EQUIPMENTNAME , PORTNAME , BCREXIST , CAPACITY , CASSETTESEQNO , CASSETTETYPE , CURRENTSTATUSTIME , GRADEPRIORITY , HIGHLIMIT , LOCALNO , LOWLIMIT , MAPPINGUNITEXIST , PORTENABLEMODE , PORTGRADE , PORTMODE , PORTNO , PORTQTIME , PORTSTATUS , PORTTRANSFERMODE , PORTTYPE , PORTTYPEAUTOMODE , PORTUSETYPE , DESCRIPTION FROM PORT]
[2019-07-31 13:43:48.767] [DEBUG] [mProtocol_OnEventReceived] [SQLiteHelper][ExecuteSqlGetDt] -Pre Excute sql [SELECT  EQUIPMENTNAME , RMSUSEFLAG , CURRENTSTATUSTIME , EQUIPMENTSTATUS , EQUIPMENTTYPE , OLDEQUIPMENTSTATUS , ONLINECONTROLSTATUS , SHOP , PROJECTTYPE , STATUSCODE , DESCRIPTION FROM EQUIPMENT]
[2019-07-31 13:45:53.294] [DEBUG] [9] [SQLiteHelper][CloseConnection] -DB connection Close.
