[2019-08-07 11:05:18.080] [DEBUG] [10] [SQLiteHelper][OpenConnection] -DB connection Open.
[2019-08-07 11:05:18.084] [DEBUG] [10] [SQLiteHelper][ExecuteSqlGetDt] -Pre Excute sql [SELECT  EQUIPMENTNAME , RMSUSEFLAG , CURRENTSTATUSTIME , EQUIPMENTSTATUS , EQUIPMENTTYPE , OLDEQUIPMENTSTATUS , ONLINECONTROLSTATUS , SHOP , PROJECTTYPE , STATUSCODE , DESCRIPTION FROM EQUIPMENT]
[2019-08-07 11:05:22.505] [DEBUG] [10] [SQLiteHelper][CloseConnection] -DB connection Close.
[2019-08-07 11:05:47.177] [DEBUG] [10] [SQLiteHelper][OpenConnection] -DB connection Open.
[2019-08-07 11:05:47.181] [DEBUG] [10] [SQLiteHelper][ExecuteSqlGetDt] -Pre Excute sql [SELECT  EQUIPMENTNAME , RMSUSEFLAG , CURRENTSTATUSTIME , EQUIPMENTSTATUS , EQUIPMENTTYPE , OLDEQUIPMENTSTATUS , ONLINECONTROLSTATUS , SHOP , PROJECTTYPE , STATUSCODE , DESCRIPTION FROM EQUIPMENT]
[2019-08-07 11:10:11.970] [DEBUG] [10] [SQLiteHelper][OpenConnection] -DB connection Open.
[2019-08-07 11:10:11.974] [DEBUG] [10] [SQLiteHelper][ExecuteSqlGetDt] -Pre Excute sql [SELECT  EQUIPMENTNAME , RMSUSEFLAG , CURRENTSTATUSTIME , EQUIPMENTSTATUS , EQUIPMENTTYPE , OLDEQUIPMENTSTATUS , ONLINECONTROLSTATUS , SHOP , PROJECTTYPE , STATUSCODE , DESCRIPTION FROM EQUIPMENT]
[2019-08-07 11:12:06.811] [DEBUG] [9] [SQLiteHelper][OpenConnection] -DB connection Open.
[2019-08-07 11:12:06.816] [DEBUG] [9] [SQLiteHelper][ExecuteSqlGetDt] -Pre Excute sql [SELECT  EQUIPMENTNAME , RMSUSEFLAG , CURRENTSTATUSTIME , EQUIPMENTSTATUS , EQUIPMENTTYPE , OLDEQUIPMENTSTATUS , ONLINECONTROLSTATUS , SHOP , PROJECTTYPE , STATUSCODE , DESCRIPTION FROM EQUIPMENT]
[2019-08-07 11:14:47.253] [DEBUG] [10] [SQLiteHelper][OpenConnection] -DB connection Open.
[2019-08-07 11:14:47.257] [DEBUG] [10] [SQLiteHelper][ExecuteSqlGetDt] -Pre Excute sql [SELECT  EQUIPMENTNAME , RMSUSEFLAG , CURRENTSTATUSTIME , EQUIPMENTSTATUS , EQUIPMENTTYPE , OLDEQUIPMENTSTATUS , ONLINECONTROLSTATUS , SHOP , PROJECTTYPE , STATUSCODE , DESCRIPTION FROM EQUIPMENT]
[2019-08-07 11:35:53.520] [DEBUG] [10] [SQLiteHelper][OpenConnection] -DB connection Open.
[2019-08-07 11:35:53.523] [DEBUG] [10] [SQLiteHelper][ExecuteSqlGetDt] -Pre Excute sql [SELECT  EQUIPMENTNAME , RMSUSEFLAG , CURRENTSTATUSTIME , EQUIPMENTSTATUS , EQUIPMENTTYPE , OLDEQUIPMENTSTATUS , ONLINECONTROLSTATUS , SHOP , PROJECTTYPE , STATUSCODE , DESCRIPTION FROM EQUIPMENT]
[2019-08-07 11:37:24.725] [DEBUG] [8] [SQLiteHelper][OpenConnection] -DB connection Open.
[2019-08-07 11:37:24.730] [DEBUG] [8] [SQLiteHelper][ExecuteSqlGetDt] -Pre Excute sql [SELECT  EQUIPMENTNAME , RMSUSEFLAG , CURRENTSTATUSTIME , EQUIPMENTSTATUS , EQUIPMENTTYPE , OLDEQUIPMENTSTATUS , ONLINECONTROLSTATUS , SHOP , PROJECTTYPE , STATUSCODE , DESCRIPTION FROM EQUIPMENT]
[2019-08-07 11:41:06.793] [DEBUG] [10] [SQLiteHelper][OpenConnection] -DB connection Open.
[2019-08-07 11:41:06.799] [DEBUG] [10] [SQLiteHelper][ExecuteSqlGetDt] -Pre Excute sql [SELECT  EQUIPMENTNAME , RMSUSEFLAG , CURRENTSTATUSTIME , EQUIPMENTSTATUS , EQUIPMENTTYPE , OLDEQUIPMENTSTATUS , ONLINECONTROLSTATUS , SHOP , PROJECTTYPE , STATUSCODE , DESCRIPTION FROM EQUIPMENT]
[2019-08-07 11:47:19.993] [DEBUG] [10] [SQLiteHelper][OpenConnection] -DB connection Open.
[2019-08-07 11:47:19.997] [DEBUG] [10] [SQLiteHelper][ExecuteSqlGetDt] -Pre Excute sql [SELECT  EQUIPMENTNAME , RMSUSEFLAG , CURRENTSTATUSTIME , EQUIPMENTSTATUS , EQUIPMENTTYPE , OLDEQUIPMENTSTATUS , ONLINECONTROLSTATUS , SHOP , PROJECTTYPE , STATUSCODE , DESCRIPTION FROM EQUIPMENT]
[2019-08-07 11:50:33.932] [DEBUG] [10] [SQLiteHelper][CloseConnection] -DB connection Close.
[2019-08-07 12:06:47.327] [DEBUG] [8] [SQLiteHelper][OpenConnection] -DB connection Open.
[2019-08-07 12:06:47.677] [DEBUG] [8] [SQLiteHelper][ExecuteSqlGetDt] -Pre Excute sql [SELECT  EQUIPMENTNAME , RMSUSEFLAG , CURRENTSTATUSTIME , EQUIPMENTSTATUS , EQUIPMENTTYPE , OLDEQUIPMENTSTATUS , ONLINECONTROLSTATUS , SHOP , PROJECTTYPE , STATUSCODE , DESCRIPTION FROM EQUIPMENT]
[2019-08-07 12:08:01.859] [DEBUG] [8] [SQLiteHelper][CloseConnection] -DB connection Close.
[2019-08-07 12:10:11.520] [DEBUG] [10] [SQLiteHelper][OpenConnection] -DB connection Open.
[2019-08-07 12:10:11.654] [DEBUG] [10] [SQLiteHelper][ExecuteSqlGetDt] -Pre Excute sql [SELECT  EQUIPMENTNAME , RMSUSEFLAG , CURRENTSTATUSTIME , EQUIPMENTSTATUS , EQUIPMENTTYPE , OLDEQUIPMENTSTATUS , ONLINECONTROLSTATUS , SHOP , PROJECTTYPE , STATUSCODE , DESCRIPTION FROM EQUIPMENT]
[2019-08-07 12:10:28.340] [DEBUG] [10] [SQLiteHelper][CloseConnection] -DB connection Close.
[2019-08-07 14:21:07.767] [DEBUG] [9] [SQLiteHelper][OpenConnection] -DB connection Open.
[2019-08-07 14:21:07.905] [DEBUG] [9] [SQLiteHelper][ExecuteSqlGetDt] -Pre Excute sql [SELECT  EQUIPMENTNAME , RMSUSEFLAG , CURRENTSTATUSTIME , EQUIPMENTSTATUS , EQUIPMENTTYPE , OLDEQUIPMENTSTATUS , ONLINECONTROLSTATUS , SHOP , PROJECTTYPE , STATUSCODE , DESCRIPTION FROM EQUIPMENT]
[2019-08-07 14:24:06.745] [DEBUG] [10] [SQLiteHelper][OpenConnection] -DB connection Open.
[2019-08-07 14:24:06.888] [DEBUG] [10] [SQLiteHelper][ExecuteSqlGetDt] -Pre Excute sql [SELECT  EQUIPMENTNAME , RMSUSEFLAG , CURRENTSTATUSTIME , EQUIPMENTSTATUS , EQUIPMENTTYPE , OLDEQUIPMENTSTATUS , ONLINECONTROLSTATUS , SHOP , PROJECTTYPE , STATUSCODE , DESCRIPTION FROM EQUIPMENT]
[2019-08-07 14:24:27.838] [DEBUG] [mProtocol_OnEventReceived] [SQLiteHelper][ExecuteSqlGetDt] -Pre Excute sql [SELECT  EQUIPMENTNAME , PORTNAME , BCREXIST , CAPACITY , CASSETTESEQNO , CASSETTETYPE , CURRENTSTATUSTIME , GRADEPRIORITY , HIGHLIMIT , LOCALNO , LOWLIMIT , MAPPINGUNITEXIST , PORTENABLEMODE , PORTGRADE , PORTMODE , PORTNO , PORTQTIME , PORTSTATUS , PORTTRANSFERMODE , PORTTYPE , PORTTYPEAUTOMODE , PORTUSETYPE , DESCRIPTION FROM PORT]
[2019-08-07 14:24:27.855] [DEBUG] [mProtocol_OnEventReceived] [SQLiteHelper][ExecuteSqlGetDt] -Pre Excute sql [SELECT  EQUIPMENTNAME , RMSUSEFLAG , CURRENTSTATUSTIME , EQUIPMENTSTATUS , EQUIPMENTTYPE , OLDEQUIPMENTSTATUS , ONLINECONTROLSTATUS , SHOP , PROJECTTYPE , STATUSCODE , DESCRIPTION FROM EQUIPMENT]
[2019-08-07 14:30:07.532] [DEBUG] [10] [SQLiteHelper][CloseConnection] -DB connection Close.
