[2019-12-24 14:57:11.536] [INFO ] [11] [ControlManager][Init] -Init ControlManager
[2019-12-24 14:57:11.943] [INFO ] [11] [MProtocolProxy][InitXml] -MProtocolProxy : InitXxml
[2019-12-24 14:57:11.950] [INFO ] [11] [MProtocolProxy][InitMEthernet] -MProtocolProxy : InitMEthernet
[2019-12-24 14:57:11.954] [INFO ] [11] [MNet3EUnit][Connect] -[Connection] Melsec Connect Address : 192.168.51.9 , PortNo : 7012
[2019-12-24 14:57:11.962] [INFO ] [11] [ControlManager][PLCWriteLog] -{
, ==========================================
, Message Name     : Connection 
, Transaction Name : 2019-12-24 14:57-11_1 
, MessageType      : MelsecEthernet 
, MachineName      : L2 
, Event Time       :  
, Event Name       : UnitOnConnected 
, Event Value      :  
, Return Code      : 0 
, Return Message   :  
}
[2019-12-24 14:57:11.965] [INFO ] [11] [MProtocolProxy][Unit_OnConnected] -MelsecEthernet OnConnected : L2 
[2019-12-24 14:57:11.969] [INFO ] [11] [MNet3EScanUnit][Connect] -[Connection] Melsec Connect Address : 192.168.51.9 , PortNo : 7013
[2019-12-24 14:57:11.983] [INFO ] [11] [ControlManager][PLCWriteLog] -{
, ==========================================
, Message Name     : Connection 
, Transaction Name : 2019-12-24 14:57-11_2 
, MessageType      : MelsecEthernet 
, MachineName      : L2 
, Event Time       :  
, Event Name       : ScanUnitOnConnected 
, Event Value      :  
, Return Code      : 0 
, Return Message   :  
}
[2019-12-24 14:57:11.985] [INFO ] [11] [MProtocolProxy][mPScanUnit_OnConnected] -Scan MelsecEthernet OnConnected : L2 
[2019-12-24 14:57:11.994] [INFO ] [ScanThreadProc] [MNet3EScanUnit][ScanBit] -[L2_B_LTM_H] Block Scan Started...
[2019-12-24 14:57:15.217] [INFO ] [mProtocol_OnEventReceived] [ControlManager][PLCWriteLog] -{
, ==========================================
, Message Name     : ReadRequest 
, Transaction Name : 20191224145715216_Server 
, MessageType      : ETHERNET 
, MachineName      : L2 
, Event Time       :  
, Event Name       : L2_BIT_AllPortState 
, Event Value      :  
, Return Code      : 0 
, Return Message   :  
, Read BlockName : L2_B_LTM_H 
, ==Read Item List== 
, Read ItemName : Port#2LoadRequestReport, Value :  
, Read ItemName : Port#2UnloadRequestReport, Value :  
, Read ItemName : Port#1LoadRequestReport, Value :  
, Read ItemName : Port#1UnloadRequestReport, Value :  
, Read BlockName : L2_W_Port#1UnloadRequestReportBlock 
, ==Read Item List== 
, Read ItemName : CassetteId, Value :  
, Read BlockName : L2_W_Port#2UnloadRequestReportBlock 
, ==Read Item List== 
, Read ItemName : CassetteId, Value :  
}
[2019-12-24 14:57:15.219] [INFO ] [mProtocol_OnEventReceived] [ControlManager][PLCWriteLog] -{
, ==========================================
, Message Name     : ReadRequest 
, Transaction Name : 20191224145715219_Server 
, MessageType      : ETHERNET 
, MachineName      : L2 
, Event Time       :  
, Event Name       : L2_BIT_AllPortState 
, Event Value      :  
, Return Code      : 0 
, Return Message   :  
, Read BlockName : L2_B_LTM_H 
, ==Read Item List== 
, Read ItemName : Port#2LoadRequestReport, Value :  
, Read ItemName : Port#2UnloadRequestReport, Value :  
, Read ItemName : Port#1LoadRequestReport, Value :  
, Read ItemName : Port#1UnloadRequestReport, Value :  
, Read BlockName : L2_W_Port#1UnloadRequestReportBlock 
, ==Read Item List== 
, Read ItemName : CassetteId, Value :  
, Read BlockName : L2_W_Port#2UnloadRequestReportBlock 
, ==Read Item List== 
, Read ItemName : CassetteId, Value :  
}
[2019-12-24 14:57:15.378] [INFO ] [mProtocol_OnEventReceived] [MNet3EUnit][ReadBit] -[ReadBit] Item Name : Port#2LoadRequestReport, Data : 0
[2019-12-24 14:57:15.566] [INFO ] [mProtocol_OnEventReceived] [MNet3EUnit][ReadBit] -[ReadBit] Item Name : Port#2UnloadRequestReport, Data : 0
[2019-12-24 14:57:15.571] [INFO ] [mProtocol_OnEventReceived] [MNet3EUnit][ReadBit] -[ReadBit] Item Name : Port#1LoadRequestReport, Data : 0
[2019-12-24 14:57:15.763] [INFO ] [mProtocol_OnEventReceived] [MNet3EUnit][ReadBit] -[ReadBit] Item Name : Port#1UnloadRequestReport, Data : 0
[2019-12-24 14:57:15.576] [INFO ] [mProtocol_OnEventReceived] [MNet3EUnit][ReadBit] -[ReadBit] Item Name : Port#2LoadRequestReport, Data : 0
[2019-12-24 14:57:15.765] [INFO ] [mProtocol_OnEventReceived] [MNet3EUnit][ReadBit] -[ReadBit] Item Name : Port#2UnloadRequestReport, Data : 0
[2019-12-24 14:57:15.766] [INFO ] [mProtocol_OnEventReceived] [MNet3EUnit][ReadBit] -[ReadBit] Item Name : Port#1LoadRequestReport, Data : 0
[2019-12-24 14:57:15.767] [INFO ] [mProtocol_OnEventReceived] [MNet3EUnit][ReadBit] -[ReadBit] Item Name : Port#1UnloadRequestReport, Data : 0
[2019-12-24 14:57:16.567] [INFO ] [mProtocol_OnEventReceived] [Make3EProtocol][GetItemReadWord] -[ASCII] Item Name : CassetteId, Data : 
[2019-12-24 14:57:17.365] [INFO ] [mProtocol_OnEventReceived] [Make3EProtocol][GetItemReadWord] -[ASCII] Item Name : CassetteId, Data : 
[2019-12-24 14:57:18.165] [INFO ] [mProtocol_OnEventReceived] [Make3EProtocol][GetItemReadWord] -[ASCII] Item Name : CassetteId, Data : 
[2019-12-24 14:57:18.167] [INFO ] [mProtocol_OnEventReceived] [MProtocolProxy][ReadData] -ReadData
[2019-12-24 14:57:18.169] [INFO ] [mProtocol_OnEventReceived] [ControlManager][PLCWriteLog] -{
, ==========================================
, Message Name     : ReadReply 
, Transaction Name : 20191224145715216_Server 
, MessageType      : ETHERNET 
, MachineName      : L2 
, Event Time       :  
, Event Name       : L2_BIT_AllPortState 
, Event Value      :  
, Return Code      : 0 
, Return Message   :  
, Read BlockName : L2_B_LTM_H 
, ==Read Item List== 
, Read ItemName : Port#2LoadRequestReport, Value : 0 
, Read ItemName : Port#2UnloadRequestReport, Value : 0 
, Read ItemName : Port#1LoadRequestReport, Value : 0 
, Read ItemName : Port#1UnloadRequestReport, Value : 0 
, Read BlockName : L2_W_Port#1UnloadRequestReportBlock 
, ==Read Item List== 
, Read ItemName : CassetteId, Value :  
, Read BlockName : L2_W_Port#2UnloadRequestReportBlock 
, ==Read Item List== 
, Read ItemName : CassetteId, Value :  
}
[2019-12-24 14:57:18.176] [INFO ] [EventProcessingProc] [ControlManager][EventProcessingProc] -EventQ.Dequeue! As soon as mqProxy will be Sending, Remind EventQ Size : 1
[2019-12-24 14:57:18.965] [INFO ] [mProtocol_OnEventReceived] [Make3EProtocol][GetItemReadWord] -[ASCII] Item Name : CassetteId, Data : 
[2019-12-24 14:57:18.965] [INFO ] [mProtocol_OnEventReceived] [MProtocolProxy][ReadData] -ReadData
[2019-12-24 14:57:18.966] [INFO ] [mProtocol_OnEventReceived] [ControlManager][PLCWriteLog] -{
, ==========================================
, Message Name     : ReadReply 
, Transaction Name : 20191224145715219_Server 
, MessageType      : ETHERNET 
, MachineName      : L2 
, Event Time       :  
, Event Name       : L2_BIT_AllPortState 
, Event Value      :  
, Return Code      : 0 
, Return Message   :  
, Read BlockName : L2_B_LTM_H 
, ==Read Item List== 
, Read ItemName : Port#2LoadRequestReport, Value : 0 
, Read ItemName : Port#2UnloadRequestReport, Value : 0 
, Read ItemName : Port#1LoadRequestReport, Value : 0 
, Read ItemName : Port#1UnloadRequestReport, Value : 0 
, Read BlockName : L2_W_Port#1UnloadRequestReportBlock 
, ==Read Item List== 
, Read ItemName : CassetteId, Value :  
, Read BlockName : L2_W_Port#2UnloadRequestReportBlock 
, ==Read Item List== 
, Read ItemName : CassetteId, Value :  
}
[2019-12-24 14:57:18.970] [INFO ] [EventProcessingProc] [ControlManager][EventProcessingProc] -EventQ.Dequeue! As soon as mqProxy will be Sending, Remind EventQ Size : 1
[2019-12-24 14:57:55.543] [ERROR] [ScanThreadProc] [MNet3EScanUnit][Reader] -IOException Error : 无法从传输连接中读取数据: 由于连接方在一段时间后没有正确答复或连接的主机没有反应，连接尝试失败。。
[2019-12-24 14:58:12.169] [INFO ] [ScanThreadProc] [ControlManager][PLCWriteLog] -{
, ==========================================
, Message Name     : Disconnection 
, Transaction Name : 2019-12-24 14:58-12_3 
, MessageType      : MelsecEthernet 
, MachineName      : L2 
, Event Time       :  
, Event Name       :  
, Event Value      :  
, Return Code      : 0 
, Return Message   :  
}
[2019-12-24 14:58:13.639] [INFO ] [ScanThreadProc] [MProtocolProxy][mPScanUnit_OnDisconnected] -Scan MelsecEthernet OnDisconnected : L2 
[2019-12-24 14:58:34.709] [ERROR] [ReConnectThreadProc] [MNet3EScanUnit][Connect] -[Connection] Ethernet SocketException : 由于连接方在一段时间后没有正确答复或连接的主机没有反应，连接尝试失败。 192.168.51.9:7013
[2019-12-24 14:58:56.759] [ERROR] [ReConnectThreadProc] [MNet3EScanUnit][Connect] -[Connection] Ethernet SocketException : 由于连接方在一段时间后没有正确答复或连接的主机没有反应，连接尝试失败。 192.168.51.9:7013
[2019-12-24 15:01:22.770] [INFO ] [9] [ControlManager][Init] -Init ControlManager
[2019-12-24 15:01:23.207] [INFO ] [9] [MProtocolProxy][InitXml] -MProtocolProxy : InitXxml
[2019-12-24 15:01:23.214] [INFO ] [9] [MProtocolProxy][InitMEthernet] -MProtocolProxy : InitMEthernet
[2019-12-24 15:01:23.220] [INFO ] [9] [MNet3EUnit][Connect] -[Connection] Melsec Connect Address : 192.168.51.9 , PortNo : 7012
[2019-12-24 15:01:23.229] [INFO ] [9] [ControlManager][PLCWriteLog] -{
, ==========================================
, Message Name     : Connection 
, Transaction Name : 2019-12-24 15:01-23_1 
, MessageType      : MelsecEthernet 
, MachineName      : L2 
, Event Time       :  
, Event Name       : UnitOnConnected 
, Event Value      :  
, Return Code      : 0 
, Return Message   :  
}
[2019-12-24 15:01:23.232] [INFO ] [9] [MProtocolProxy][Unit_OnConnected] -MelsecEthernet OnConnected : L2 
[2019-12-24 15:01:23.236] [INFO ] [9] [MNet3EScanUnit][Connect] -[Connection] Melsec Connect Address : 192.168.51.9 , PortNo : 7013
[2019-12-24 15:01:23.253] [INFO ] [9] [ControlManager][PLCWriteLog] -{
, ==========================================
, Message Name     : Connection 
, Transaction Name : 2019-12-24 15:01-23_2 
, MessageType      : MelsecEthernet 
, MachineName      : L2 
, Event Time       :  
, Event Name       : ScanUnitOnConnected 
, Event Value      :  
, Return Code      : 0 
, Return Message   :  
}
[2019-12-24 15:01:23.254] [INFO ] [9] [MProtocolProxy][mPScanUnit_OnConnected] -Scan MelsecEthernet OnConnected : L2 
[2019-12-24 15:01:23.338] [INFO ] [ScanThreadProc] [MNet3EScanUnit][ScanBit] -[L2_B_LTM_H] Block Scan Started...
[2019-12-24 15:01:26.475] [INFO ] [mProtocol_OnEventReceived] [ControlManager][PLCWriteLog] -{
, ==========================================
, Message Name     : ReadRequest 
, Transaction Name : 20191224150126475_Server 
, MessageType      : ETHERNET 
, MachineName      : L2 
, Event Time       :  
, Event Name       : L2_BIT_AllPortState 
, Event Value      :  
, Return Code      : 0 
, Return Message   :  
, Read BlockName : L2_B_LTM_H 
, ==Read Item List== 
, Read ItemName : Port#2LoadRequestReport, Value :  
, Read ItemName : Port#2UnloadRequestReport, Value :  
, Read ItemName : Port#1LoadRequestReport, Value :  
, Read ItemName : Port#1UnloadRequestReport, Value :  
, Read BlockName : L2_W_Port#1UnloadRequestReportBlock 
, ==Read Item List== 
, Read ItemName : CassetteId, Value :  
, Read BlockName : L2_W_Port#2UnloadRequestReportBlock 
, ==Read Item List== 
, Read ItemName : CassetteId, Value :  
}
[2019-12-24 15:01:26.475] [INFO ] [mProtocol_OnEventReceived] [ControlManager][PLCWriteLog] -{
, ==========================================
, Message Name     : ReadRequest 
, Transaction Name : 20191224150126474_Server 
, MessageType      : ETHERNET 
, MachineName      : L2 
, Event Time       :  
, Event Name       : L2_BIT_AllPortState 
, Event Value      :  
, Return Code      : 0 
, Return Message   :  
, Read BlockName : L2_B_LTM_H 
, ==Read Item List== 
, Read ItemName : Port#2LoadRequestReport, Value :  
, Read ItemName : Port#2UnloadRequestReport, Value :  
, Read ItemName : Port#1LoadRequestReport, Value :  
, Read ItemName : Port#1UnloadRequestReport, Value :  
, Read BlockName : L2_W_Port#1UnloadRequestReportBlock 
, ==Read Item List== 
, Read ItemName : CassetteId, Value :  
, Read BlockName : L2_W_Port#2UnloadRequestReportBlock 
, ==Read Item List== 
, Read ItemName : CassetteId, Value :  
}
[2019-12-24 15:01:26.645] [INFO ] [mProtocol_OnEventReceived] [MNet3EUnit][ReadBit] -[ReadBit] Item Name : Port#2LoadRequestReport, Data : 0
[2019-12-24 15:01:26.831] [INFO ] [mProtocol_OnEventReceived] [MNet3EUnit][ReadBit] -[ReadBit] Item Name : Port#2UnloadRequestReport, Data : 0
[2019-12-24 15:01:26.832] [INFO ] [mProtocol_OnEventReceived] [MNet3EUnit][ReadBit] -[ReadBit] Item Name : Port#1LoadRequestReport, Data : 0
[2019-12-24 15:01:27.028] [INFO ] [mProtocol_OnEventReceived] [MNet3EUnit][ReadBit] -[ReadBit] Item Name : Port#1UnloadRequestReport, Data : 0
[2019-12-24 15:01:26.842] [INFO ] [mProtocol_OnEventReceived] [MNet3EUnit][ReadBit] -[ReadBit] Item Name : Port#2LoadRequestReport, Data : 0
[2019-12-24 15:01:27.030] [INFO ] [mProtocol_OnEventReceived] [MNet3EUnit][ReadBit] -[ReadBit] Item Name : Port#2UnloadRequestReport, Data : 0
[2019-12-24 15:01:27.035] [INFO ] [mProtocol_OnEventReceived] [MNet3EUnit][ReadBit] -[ReadBit] Item Name : Port#1LoadRequestReport, Data : 0
[2019-12-24 15:01:27.036] [INFO ] [mProtocol_OnEventReceived] [MNet3EUnit][ReadBit] -[ReadBit] Item Name : Port#1UnloadRequestReport, Data : 0
[2019-12-24 15:01:27.832] [INFO ] [mProtocol_OnEventReceived] [Make3EProtocol][GetItemReadWord] -[ASCII] Item Name : CassetteId, Data : 
[2019-12-24 15:01:28.630] [INFO ] [mProtocol_OnEventReceived] [Make3EProtocol][GetItemReadWord] -[ASCII] Item Name : CassetteId, Data : 
[2019-12-24 15:01:29.430] [INFO ] [mProtocol_OnEventReceived] [Make3EProtocol][GetItemReadWord] -[ASCII] Item Name : CassetteId, Data : 
[2019-12-24 15:01:29.431] [INFO ] [mProtocol_OnEventReceived] [MProtocolProxy][ReadData] -ReadData
[2019-12-24 15:01:29.432] [INFO ] [mProtocol_OnEventReceived] [ControlManager][PLCWriteLog] -{
, ==========================================
, Message Name     : ReadReply 
, Transaction Name : 20191224150126475_Server 
, MessageType      : ETHERNET 
, MachineName      : L2 
, Event Time       :  
, Event Name       : L2_BIT_AllPortState 
, Event Value      :  
, Return Code      : 0 
, Return Message   :  
, Read BlockName : L2_B_LTM_H 
, ==Read Item List== 
, Read ItemName : Port#2LoadRequestReport, Value : 0 
, Read ItemName : Port#2UnloadRequestReport, Value : 0 
, Read ItemName : Port#1LoadRequestReport, Value : 0 
, Read ItemName : Port#1UnloadRequestReport, Value : 0 
, Read BlockName : L2_W_Port#1UnloadRequestReportBlock 
, ==Read Item List== 
, Read ItemName : CassetteId, Value :  
, Read BlockName : L2_W_Port#2UnloadRequestReportBlock 
, ==Read Item List== 
, Read ItemName : CassetteId, Value :  
}
[2019-12-24 15:01:29.440] [INFO ] [EventProcessingProc] [ControlManager][EventProcessingProc] -EventQ.Dequeue! As soon as mqProxy will be Sending, Remind EventQ Size : 1
[2019-12-24 15:01:30.230] [INFO ] [mProtocol_OnEventReceived] [Make3EProtocol][GetItemReadWord] -[ASCII] Item Name : CassetteId, Data : 
[2019-12-24 15:01:30.231] [INFO ] [mProtocol_OnEventReceived] [MProtocolProxy][ReadData] -ReadData
[2019-12-24 15:01:30.232] [INFO ] [mProtocol_OnEventReceived] [ControlManager][PLCWriteLog] -{
, ==========================================
, Message Name     : ReadReply 
, Transaction Name : 20191224150126474_Server 
, MessageType      : ETHERNET 
, MachineName      : L2 
, Event Time       :  
, Event Name       : L2_BIT_AllPortState 
, Event Value      :  
, Return Code      : 0 
, Return Message   :  
, Read BlockName : L2_B_LTM_H 
, ==Read Item List== 
, Read ItemName : Port#2LoadRequestReport, Value : 0 
, Read ItemName : Port#2UnloadRequestReport, Value : 0 
, Read ItemName : Port#1LoadRequestReport, Value : 0 
, Read ItemName : Port#1UnloadRequestReport, Value : 0 
, Read BlockName : L2_W_Port#1UnloadRequestReportBlock 
, ==Read Item List== 
, Read ItemName : CassetteId, Value :  
, Read BlockName : L2_W_Port#2UnloadRequestReportBlock 
, ==Read Item List== 
, Read ItemName : CassetteId, Value :  
}
[2019-12-24 15:01:30.240] [INFO ] [EventProcessingProc] [ControlManager][EventProcessingProc] -EventQ.Dequeue! As soon as mqProxy will be Sending, Remind EventQ Size : 1
[2019-12-24 15:05:42.824] [ERROR] [ScanThreadProc] [MNet3EScanUnit][Reader] -IOException Error : 无法从传输连接中读取数据: 由于连接方在一段时间后没有正确答复或连接的主机没有反应，连接尝试失败。。
[2019-12-24 15:06:50.339] [INFO ] [ScanThreadProc] [ControlManager][PLCWriteLog] -{
, ==========================================
, Message Name     : Disconnection 
, Transaction Name : 2019-12-24 15:06-50_3 
, MessageType      : MelsecEthernet 
, MachineName      : L2 
, Event Time       :  
, Event Name       :  
, Event Value      :  
, Return Code      : 0 
, Return Message   :  
}
[2019-12-24 15:06:57.185] [INFO ] [ScanThreadProc] [MProtocolProxy][mPScanUnit_OnDisconnected] -Scan MelsecEthernet OnDisconnected : L2 
[2019-12-24 15:07:18.237] [ERROR] [ReConnectThreadProc] [MNet3EScanUnit][Connect] -[Connection] Ethernet SocketException : 由于连接方在一段时间后没有正确答复或连接的主机没有反应，连接尝试失败。 192.168.51.9:7013
[2019-12-24 16:08:25.209] [INFO ] [8] [ControlManager][Init] -Init ControlManager
[2019-12-24 16:08:25.640] [INFO ] [8] [MProtocolProxy][InitXml] -MProtocolProxy : InitXxml
[2019-12-24 16:08:25.648] [INFO ] [8] [MProtocolProxy][InitMEthernet] -MProtocolProxy : InitMEthernet
[2019-12-24 16:08:46.724] [ERROR] [8] [MNet3EUnit][Connect] -[Connection] Ethernet SocketException : 由于连接方在一段时间后没有正确答复或连接的主机没有反应，连接尝试失败。 192.168.51.9:7012
[2019-12-24 16:09:07.830] [ERROR] [12] [MNet3EUnit][Connect] -[Connection] Ethernet SocketException : 由于连接方在一段时间后没有正确答复或连接的主机没有反应，连接尝试失败。 192.168.51.9:7012
[2019-12-24 16:09:07.852] [ERROR] [8] [MNet3EScanUnit][Connect] -[Connection] Ethernet SocketException : 由于连接方在一段时间后没有正确答复或连接的主机没有反应，连接尝试失败。 192.168.51.9:7013
[2019-12-24 16:09:07.859] [INFO ] [ReConnectThreadProc] [MNet3EScanUnit][Connect] -[Connection] Melsec Connect Address : 192.168.51.9 , PortNo : 7013
[2019-12-24 16:09:07.880] [INFO ] [ReConnectThreadProc] [ControlManager][PLCWriteLog] -{
, ==========================================
, Message Name     : Connection 
, Transaction Name : 2019-12-24 16:09-07_1 
, MessageType      : MelsecEthernet 
, MachineName      : L2 
, Event Time       :  
, Event Name       : ScanUnitOnConnected 
, Event Value      :  
, Return Code      : 0 
, Return Message   :  
}
[2019-12-24 16:09:08.050] [INFO ] [ReConnectThreadProc] [MProtocolProxy][mPScanUnit_OnConnected] -Scan MelsecEthernet OnConnected : L2 
[2019-12-24 16:09:07.958] [INFO ] [ScanThreadProc] [MNet3EScanUnit][ScanBit] -[L2_B_LTM_H] Block Scan Started...
[2019-12-24 16:09:08.855] [INFO ] [12] [MNet3EUnit][Connect] -[Connection] Melsec Connect Address : 192.168.51.9 , PortNo : 7012
[2019-12-24 16:09:08.856] [INFO ] [12] [ControlManager][PLCWriteLog] -{
, ==========================================
, Message Name     : Connection 
, Transaction Name : 2019-12-24 16:09-08_2 
, MessageType      : MelsecEthernet 
, MachineName      : L2 
, Event Time       :  
, Event Name       : UnitOnConnected 
, Event Value      :  
, Return Code      : 0 
, Return Message   :  
}
[2019-12-24 16:09:08.858] [INFO ] [12] [MProtocolProxy][Unit_OnConnected] -MelsecEthernet OnConnected : L2 
[2019-12-24 16:09:11.254] [INFO ] [mProtocol_OnEventReceived] [ControlManager][PLCWriteLog] -{
, ==========================================
, Message Name     : ReadRequest 
, Transaction Name : 20191224160911253_Server 
, MessageType      : ETHERNET 
, MachineName      : L2 
, Event Time       :  
, Event Name       : L2_BIT_AllPortState 
, Event Value      :  
, Return Code      : 0 
, Return Message   :  
, Read BlockName : L2_B_LTM_H 
, ==Read Item List== 
, Read ItemName : Port#2LoadRequestReport, Value :  
, Read ItemName : Port#2UnloadRequestReport, Value :  
, Read ItemName : Port#1LoadRequestReport, Value :  
, Read ItemName : Port#1UnloadRequestReport, Value :  
, Read BlockName : L2_W_Port#1UnloadRequestReportBlock 
, ==Read Item List== 
, Read ItemName : CassetteId, Value :  
, Read BlockName : L2_W_Port#2UnloadRequestReportBlock 
, ==Read Item List== 
, Read ItemName : CassetteId, Value :  
}
[2019-12-24 16:09:11.255] [INFO ] [mProtocol_OnEventReceived] [ControlManager][PLCWriteLog] -{
, ==========================================
, Message Name     : ReadRequest 
, Transaction Name : 20191224160911253_Server 
, MessageType      : ETHERNET 
, MachineName      : L2 
, Event Time       :  
, Event Name       : L2_BIT_AllPortState 
, Event Value      :  
, Return Code      : 0 
, Return Message   :  
, Read BlockName : L2_B_LTM_H 
, ==Read Item List== 
, Read ItemName : Port#2LoadRequestReport, Value :  
, Read ItemName : Port#2UnloadRequestReport, Value :  
, Read ItemName : Port#1LoadRequestReport, Value :  
, Read ItemName : Port#1UnloadRequestReport, Value :  
, Read BlockName : L2_W_Port#1UnloadRequestReportBlock 
, ==Read Item List== 
, Read ItemName : CassetteId, Value :  
, Read BlockName : L2_W_Port#2UnloadRequestReportBlock 
, ==Read Item List== 
, Read ItemName : CassetteId, Value :  
}
[2019-12-24 16:09:11.466] [INFO ] [mProtocol_OnEventReceived] [MNet3EUnit][ReadBit] -[ReadBit] Item Name : Port#2LoadRequestReport, Data : 0
[2019-12-24 16:09:11.650] [INFO ] [mProtocol_OnEventReceived] [MNet3EUnit][ReadBit] -[ReadBit] Item Name : Port#2UnloadRequestReport, Data : 0
[2019-12-24 16:09:11.651] [INFO ] [mProtocol_OnEventReceived] [MNet3EUnit][ReadBit] -[ReadBit] Item Name : Port#1LoadRequestReport, Data : 0
[2019-12-24 16:09:11.652] [INFO ] [mProtocol_OnEventReceived] [MNet3EUnit][ReadBit] -[ReadBit] Item Name : Port#1UnloadRequestReport, Data : 0
[2019-12-24 16:09:11.662] [INFO ] [mProtocol_OnEventReceived] [MNet3EUnit][ReadBit] -[ReadBit] Item Name : Port#2LoadRequestReport, Data : 0
[2019-12-24 16:09:11.662] [INFO ] [mProtocol_OnEventReceived] [MNet3EUnit][ReadBit] -[ReadBit] Item Name : Port#2UnloadRequestReport, Data : 0
[2019-12-24 16:09:11.663] [INFO ] [mProtocol_OnEventReceived] [MNet3EUnit][ReadBit] -[ReadBit] Item Name : Port#1LoadRequestReport, Data : 0
[2019-12-24 16:09:11.664] [INFO ] [mProtocol_OnEventReceived] [MNet3EUnit][ReadBit] -[ReadBit] Item Name : Port#1UnloadRequestReport, Data : 0
[2019-12-24 16:09:12.455] [INFO ] [mProtocol_OnEventReceived] [Make3EProtocol][GetItemReadWord] -[ASCII] Item Name : CassetteId, Data : 
[2019-12-24 16:09:13.253] [INFO ] [mProtocol_OnEventReceived] [Make3EProtocol][GetItemReadWord] -[ASCII] Item Name : CassetteId, Data : 
[2019-12-24 16:09:14.053] [INFO ] [mProtocol_OnEventReceived] [Make3EProtocol][GetItemReadWord] -[ASCII] Item Name : CassetteId, Data : 
[2019-12-24 16:09:14.053] [INFO ] [mProtocol_OnEventReceived] [MProtocolProxy][ReadData] -ReadData
[2019-12-24 16:09:14.054] [INFO ] [mProtocol_OnEventReceived] [ControlManager][PLCWriteLog] -{
, ==========================================
, Message Name     : ReadReply 
, Transaction Name : 20191224160911253_Server 
, MessageType      : ETHERNET 
, MachineName      : L2 
, Event Time       :  
, Event Name       : L2_BIT_AllPortState 
, Event Value      :  
, Return Code      : 0 
, Return Message   :  
, Read BlockName : L2_B_LTM_H 
, ==Read Item List== 
, Read ItemName : Port#2LoadRequestReport, Value : 0 
, Read ItemName : Port#2UnloadRequestReport, Value : 0 
, Read ItemName : Port#1LoadRequestReport, Value : 0 
, Read ItemName : Port#1UnloadRequestReport, Value : 0 
, Read BlockName : L2_W_Port#1UnloadRequestReportBlock 
, ==Read Item List== 
, Read ItemName : CassetteId, Value :  
, Read BlockName : L2_W_Port#2UnloadRequestReportBlock 
, ==Read Item List== 
, Read ItemName : CassetteId, Value :  
}
[2019-12-24 16:09:14.062] [INFO ] [EventProcessingProc] [ControlManager][EventProcessingProc] -EventQ.Dequeue! As soon as mqProxy will be Sending, Remind EventQ Size : 1
[2019-12-24 16:09:14.853] [INFO ] [mProtocol_OnEventReceived] [Make3EProtocol][GetItemReadWord] -[ASCII] Item Name : CassetteId, Data : 
[2019-12-24 16:09:14.853] [INFO ] [mProtocol_OnEventReceived] [MProtocolProxy][ReadData] -ReadData
[2019-12-24 16:09:14.854] [INFO ] [mProtocol_OnEventReceived] [ControlManager][PLCWriteLog] -{
, ==========================================
, Message Name     : ReadReply 
, Transaction Name : 20191224160911253_Server 
, MessageType      : ETHERNET 
, MachineName      : L2 
, Event Time       :  
, Event Name       : L2_BIT_AllPortState 
, Event Value      :  
, Return Code      : 0 
, Return Message   :  
, Read BlockName : L2_B_LTM_H 
, ==Read Item List== 
, Read ItemName : Port#2LoadRequestReport, Value : 0 
, Read ItemName : Port#2UnloadRequestReport, Value : 0 
, Read ItemName : Port#1LoadRequestReport, Value : 0 
, Read ItemName : Port#1UnloadRequestReport, Value : 0 
, Read BlockName : L2_W_Port#1UnloadRequestReportBlock 
, ==Read Item List== 
, Read ItemName : CassetteId, Value :  
, Read BlockName : L2_W_Port#2UnloadRequestReportBlock 
, ==Read Item List== 
, Read ItemName : CassetteId, Value :  
}
[2019-12-24 16:09:14.864] [INFO ] [EventProcessingProc] [ControlManager][EventProcessingProc] -EventQ.Dequeue! As soon as mqProxy will be Sending, Remind EventQ Size : 1
